[0.016s] Invoking command in '/home/duybuntu/carrierbot_ws/build/my_robot_base': CMAKE_PREFIX_PATH=${CMAKE_PREFIX_PATH}:/home/duybuntu/ros2_ws_basic/install/my_py_pkg:/home/duybuntu/deli_ws/install/deli_logger:/home/duybuntu/deli_ws/install/mqtt:/home/duybuntu/deli_ws/install/localization:/home/duybuntu/turtlebot3_ws/install/turtlebot3_teleop:/home/duybuntu/turtlebot3_ws/install/turtlebot3_example:/home/duybuntu/carrierbot_ws/install/my_robot_communicate:/opt/ros/humble /usr/bin/cmake --build /home/duybuntu/carrierbot_ws/build/my_robot_base -- -j12 -l12
[0.042s] -- Found ament_cmake: 1.3.12 (/opt/ros/humble/share/ament_cmake/cmake)
[0.170s] -- Found rclcpp: 16.0.17 (/opt/ros/humble/share/rclcpp/cmake)
[0.201s] -- Found rosidl_generator_c: 3.1.8 (/opt/ros/humble/share/rosidl_generator_c/cmake)
[0.204s] -- Found rosidl_adapter: 3.1.8 (/opt/ros/humble/share/rosidl_adapter/cmake)
[0.210s] -- Found rosidl_generator_cpp: 3.1.8 (/opt/ros/humble/share/rosidl_generator_cpp/cmake)
[0.220s] -- Using all available rosidl_typesupport_c: rosidl_typesupport_fastrtps_c;rosidl_typesupport_introspection_c
[0.233s] -- Using all available rosidl_typesupport_cpp: rosidl_typesupport_fastrtps_cpp;rosidl_typesupport_introspection_cpp
[0.264s] -- Found rmw_implementation_cmake: 6.1.2 (/opt/ros/humble/share/rmw_implementation_cmake/cmake)
[0.266s] -- Found rmw_fastrtps_cpp: 6.2.9 (/opt/ros/humble/share/rmw_fastrtps_cpp/cmake)
[0.410s] -- Using RMW implementation 'rmw_fastrtps_cpp' as default
[0.454s] -- Found example_interfaces: 0.9.3 (/opt/ros/humble/share/example_interfaces/cmake)
[0.488s] -- Found my_robot_msgs: 0.0.0 (/home/duybuntu/carrierbot_ws/install/my_robot_msgs/share/my_robot_msgs/cmake)
[0.496s] -- Found ament_lint_auto: 0.12.15 (/opt/ros/humble/share/ament_lint_auto/cmake)
[0.576s] -- Added test 'cppcheck' to perform static code analysis on C / C++ code
[0.576s] -- Configured cppcheck include dirs: /home/duybuntu/carrierbot_ws/src/my_robot_base/include
[0.576s] -- Configured cppcheck exclude dirs and/or files: 
[0.576s] -- Added test 'lint_cmake' to check CMake code style
[0.578s] -- Added test 'uncrustify' to check C / C++ code style
[0.578s] -- Configured uncrustify additional arguments: 
[0.578s] -- Added test 'xmllint' to check XML markup files
[0.580s] -- Configuring done
[0.603s] -- Generating done
[0.612s] -- Build files have been written to: /home/duybuntu/carrierbot_ws/build/my_robot_base
[0.648s] [35m[1mConsolidate compiler generated dependencies of target can_subscriber[0m
[0.649s] [35m[1mConsolidate compiler generated dependencies of target smartphone[0m
[0.649s] [35m[1mConsolidate compiler generated dependencies of target can_publisher[0m
[0.649s] [35m[1mConsolidate compiler generated dependencies of target robot_news_station[0m
[0.670s] [ 25%] [32mBuilding CXX object CMakeFiles/can_publisher.dir/src/can_publisher.cpp.o[0m
[0.670s] [ 37%] Built target smartphone
[0.670s] [ 87%] Built target can_subscriber
[0.670s] [ 87%] Built target robot_news_station
[0.943s] In file included from [01m[K/home/duybuntu/carrierbot_ws/src/my_robot_base/src/can_publisher.cpp:1[m[K:
[0.943s] [01m[K/home/duybuntu/carrierbot_ws/src/my_robot_base/include/my_robot_base/can_publisher.hpp:14:10:[m[K [01;31m[Kfatal error: [m[Kgeometry_msgs/msg/twist.hpp: No such file or directory
[0.943s]    14 | #include [01;31m[K"geometry_msgs/msg/twist.hpp"[m[K  // Thay bằng message type của bạn
[0.943s]       |          [01;31m[K^~~~~~~~~~~~~~~~~~~~~~~~~~~~~[m[K
[0.943s] compilation terminated.
[0.949s] gmake[2]: *** [CMakeFiles/can_publisher.dir/build.make:76: CMakeFiles/can_publisher.dir/src/can_publisher.cpp.o] Error 1
[0.949s] gmake[1]: *** [CMakeFiles/Makefile2:221: CMakeFiles/can_publisher.dir/all] Error 2
[0.949s] gmake: *** [Makefile:146: all] Error 2
[0.952s] Invoked command in '/home/duybuntu/carrierbot_ws/build/my_robot_base' returned '2': CMAKE_PREFIX_PATH=${CMAKE_PREFIX_PATH}:/home/duybuntu/ros2_ws_basic/install/my_py_pkg:/home/duybuntu/deli_ws/install/deli_logger:/home/duybuntu/deli_ws/install/mqtt:/home/duybuntu/deli_ws/install/localization:/home/duybuntu/turtlebot3_ws/install/turtlebot3_teleop:/home/duybuntu/turtlebot3_ws/install/turtlebot3_example:/home/duybuntu/carrierbot_ws/install/my_robot_communicate:/opt/ros/humble /usr/bin/cmake --build /home/duybuntu/carrierbot_ws/build/my_robot_base -- -j12 -l12
