[0.012s] Invoking command in '/home/duybuntu/carrierbot_ws/build/my_robot_msgs': CMAKE_PREFIX_PATH=${CMAKE_PREFIX_PATH}:/home/duybuntu/ros2_ws_basic/install/my_py_pkg:/home/duybuntu/deli_ws/install/deli_logger:/home/duybuntu/deli_ws/install/mqtt:/home/duybuntu/deli_ws/install/localization:/home/duybuntu/turtlebot3_ws/install/turtlebot3_teleop:/home/duybuntu/turtlebot3_ws/install/turtlebot3_example:/home/duybuntu/carrierbot_ws/install/my_robot_communicate:/opt/ros/humble /usr/bin/cmake --build /home/duybuntu/carrierbot_ws/build/my_robot_msgs -- -j12 -l12
[0.073s] [  3%] Built target my_robot_msgs__cpp
[0.073s] [ 12%] Built target my_robot_msgs__rs
[0.073s] [ 15%] Built target my_robot_msgs__rosidl_generator_c
[0.086s] [ 15%] Built target ament_cmake_python_copy_my_robot_msgs
[0.101s] [ 25%] Built target my_robot_msgs__rosidl_typesupport_c
[0.102s] [ 34%] Built target my_robot_msgs__rosidl_typesupport_introspection_c
[0.102s] [ 43%] Built target my_robot_msgs__rosidl_typesupport_fastrtps_c
[0.104s] [ 71%] Built target my_robot_msgs__rosidl_typesupport_fastrtps_cpp
[0.104s] [ 71%] Built target my_robot_msgs__rosidl_typesupport_cpp
[0.104s] [ 71%] Built target my_robot_msgs__rosidl_typesupport_introspection_cpp
[0.128s] [ 71%] Built target my_robot_msgs
[0.155s] [ 75%] Built target my_robot_msgs__py
[0.184s] [ 81%] Built target my_robot_msgs__rosidl_generator_py
[0.214s] [ 93%] Built target my_robot_msgs__rosidl_typesupport_c__pyext
[0.214s] [ 93%] Built target my_robot_msgs__rosidl_typesupport_fastrtps_c__pyext
[0.218s] [100%] Built target my_robot_msgs__rosidl_typesupport_introspection_c__pyext
[0.348s] running egg_info
[0.349s] writing my_robot_msgs.egg-info/PKG-INFO
[0.350s] writing dependency_links to my_robot_msgs.egg-info/dependency_links.txt
[0.350s] writing top-level names to my_robot_msgs.egg-info/top_level.txt
[0.354s] reading manifest file 'my_robot_msgs.egg-info/SOURCES.txt'
[0.354s] writing manifest file 'my_robot_msgs.egg-info/SOURCES.txt'
[0.402s] [100%] Built target ament_cmake_python_build_my_robot_msgs_egg
[0.418s] Invoked command in '/home/duybuntu/carrierbot_ws/build/my_robot_msgs' returned '0': CMAKE_PREFIX_PATH=${CMAKE_PREFIX_PATH}:/home/duybuntu/ros2_ws_basic/install/my_py_pkg:/home/duybuntu/deli_ws/install/deli_logger:/home/duybuntu/deli_ws/install/mqtt:/home/duybuntu/deli_ws/install/localization:/home/duybuntu/turtlebot3_ws/install/turtlebot3_teleop:/home/duybuntu/turtlebot3_ws/install/turtlebot3_example:/home/duybuntu/carrierbot_ws/install/my_robot_communicate:/opt/ros/humble /usr/bin/cmake --build /home/duybuntu/carrierbot_ws/build/my_robot_msgs -- -j12 -l12
[0.431s] Invoking command in '/home/duybuntu/carrierbot_ws/build/my_robot_msgs': CMAKE_PREFIX_PATH=${CMAKE_PREFIX_PATH}:/home/duybuntu/ros2_ws_basic/install/my_py_pkg:/home/duybuntu/deli_ws/install/deli_logger:/home/duybuntu/deli_ws/install/mqtt:/home/duybuntu/deli_ws/install/localization:/home/duybuntu/turtlebot3_ws/install/turtlebot3_teleop:/home/duybuntu/turtlebot3_ws/install/turtlebot3_example:/home/duybuntu/carrierbot_ws/install/my_robot_communicate:/opt/ros/humble /usr/bin/cmake --install /home/duybuntu/carrierbot_ws/build/my_robot_msgs
[0.440s] -- Install configuration: ""
[0.440s] -- Up-to-date: /home/duybuntu/carrierbot_ws/install/my_robot_msgs/share/ament_index/resource_index/rosidl_interfaces/my_robot_msgs
[0.441s] -- Up-to-date: /home/duybuntu/carrierbot_ws/install/my_robot_msgs/include/my_robot_msgs/my_robot_msgs
[0.441s] -- Up-to-date: /home/duybuntu/carrierbot_ws/install/my_robot_msgs/include/my_robot_msgs/my_robot_msgs/msg
[0.441s] -- Up-to-date: /home/duybuntu/carrierbot_ws/install/my_robot_msgs/include/my_robot_msgs/my_robot_msgs/msg/rosidl_generator_c__visibility_control.h
[0.441s] -- Up-to-date: /home/duybuntu/carrierbot_ws/install/my_robot_msgs/include/my_robot_msgs/my_robot_msgs/msg/detail
[0.441s] -- Up-to-date: /home/duybuntu/carrierbot_ws/install/my_robot_msgs/include/my_robot_msgs/my_robot_msgs/msg/detail/can_frame__functions.h
[0.442s] -- Up-to-date: /home/duybuntu/carrierbot_ws/install/my_robot_msgs/include/my_robot_msgs/my_robot_msgs/msg/detail/can_frame__functions.c
[0.442s] -- Up-to-date: /home/duybuntu/carrierbot_ws/install/my_robot_msgs/include/my_robot_msgs/my_robot_msgs/msg/detail/can_frame__type_support.h
[0.442s] -- Up-to-date: /home/duybuntu/carrierbot_ws/install/my_robot_msgs/include/my_robot_msgs/my_robot_msgs/msg/detail/can_frame__struct.h
[0.442s] -- Up-to-date: /home/duybuntu/carrierbot_ws/install/my_robot_msgs/include/my_robot_msgs/my_robot_msgs/msg/can_frame.h
[0.442s] -- Up-to-date: /home/duybuntu/carrierbot_ws/install/my_robot_msgs/share/my_robot_msgs/environment/library_path.sh
[0.442s] -- Installing: /home/duybuntu/carrierbot_ws/install/my_robot_msgs/share/my_robot_msgs/environment/library_path.dsv
[0.442s] -- Up-to-date: /home/duybuntu/carrierbot_ws/install/my_robot_msgs/lib/libmy_robot_msgs__rosidl_generator_c.so
[0.442s] -- Up-to-date: /home/duybuntu/carrierbot_ws/install/my_robot_msgs/include/my_robot_msgs/my_robot_msgs
[0.442s] -- Up-to-date: /home/duybuntu/carrierbot_ws/install/my_robot_msgs/include/my_robot_msgs/my_robot_msgs/msg
[0.442s] -- Up-to-date: /home/duybuntu/carrierbot_ws/install/my_robot_msgs/include/my_robot_msgs/my_robot_msgs/msg/rosidl_typesupport_fastrtps_c__visibility_control.h
[0.442s] -- Up-to-date: /home/duybuntu/carrierbot_ws/install/my_robot_msgs/include/my_robot_msgs/my_robot_msgs/msg/detail
[0.442s] -- Up-to-date: /home/duybuntu/carrierbot_ws/install/my_robot_msgs/include/my_robot_msgs/my_robot_msgs/msg/detail/can_frame__rosidl_typesupport_fastrtps_c.h
[0.442s] -- Up-to-date: /home/duybuntu/carrierbot_ws/install/my_robot_msgs/lib/libmy_robot_msgs__rosidl_typesupport_fastrtps_c.so
[0.442s] -- Up-to-date: /home/duybuntu/carrierbot_ws/install/my_robot_msgs/include/my_robot_msgs/my_robot_msgs
[0.442s] -- Up-to-date: /home/duybuntu/carrierbot_ws/install/my_robot_msgs/include/my_robot_msgs/my_robot_msgs/msg
[0.443s] -- Up-to-date: /home/duybuntu/carrierbot_ws/install/my_robot_msgs/include/my_robot_msgs/my_robot_msgs/msg/rosidl_typesupport_introspection_c__visibility_control.h
[0.443s] -- Up-to-date: /home/duybuntu/carrierbot_ws/install/my_robot_msgs/include/my_robot_msgs/my_robot_msgs/msg/detail
[0.443s] -- Up-to-date: /home/duybuntu/carrierbot_ws/install/my_robot_msgs/include/my_robot_msgs/my_robot_msgs/msg/detail/can_frame__type_support.c
[0.443s] -- Up-to-date: /home/duybuntu/carrierbot_ws/install/my_robot_msgs/include/my_robot_msgs/my_robot_msgs/msg/detail/can_frame__rosidl_typesupport_introspection_c.h
[0.443s] -- Up-to-date: /home/duybuntu/carrierbot_ws/install/my_robot_msgs/lib/libmy_robot_msgs__rosidl_typesupport_introspection_c.so
[0.443s] -- Up-to-date: /home/duybuntu/carrierbot_ws/install/my_robot_msgs/lib/libmy_robot_msgs__rosidl_typesupport_c.so
[0.443s] -- Up-to-date: /home/duybuntu/carrierbot_ws/install/my_robot_msgs/include/my_robot_msgs/my_robot_msgs
[0.443s] -- Up-to-date: /home/duybuntu/carrierbot_ws/install/my_robot_msgs/include/my_robot_msgs/my_robot_msgs/msg
[0.443s] -- Up-to-date: /home/duybuntu/carrierbot_ws/install/my_robot_msgs/include/my_robot_msgs/my_robot_msgs/msg/rosidl_generator_cpp__visibility_control.hpp
[0.443s] -- Up-to-date: /home/duybuntu/carrierbot_ws/install/my_robot_msgs/include/my_robot_msgs/my_robot_msgs/msg/detail
[0.443s] -- Up-to-date: /home/duybuntu/carrierbot_ws/install/my_robot_msgs/include/my_robot_msgs/my_robot_msgs/msg/detail/can_frame__type_support.hpp
[0.443s] -- Up-to-date: /home/duybuntu/carrierbot_ws/install/my_robot_msgs/include/my_robot_msgs/my_robot_msgs/msg/detail/can_frame__struct.hpp
[0.443s] -- Up-to-date: /home/duybuntu/carrierbot_ws/install/my_robot_msgs/include/my_robot_msgs/my_robot_msgs/msg/detail/can_frame__traits.hpp
[0.443s] -- Up-to-date: /home/duybuntu/carrierbot_ws/install/my_robot_msgs/include/my_robot_msgs/my_robot_msgs/msg/detail/can_frame__builder.hpp
[0.443s] -- Up-to-date: /home/duybuntu/carrierbot_ws/install/my_robot_msgs/include/my_robot_msgs/my_robot_msgs/msg/can_frame.hpp
[0.443s] -- Up-to-date: /home/duybuntu/carrierbot_ws/install/my_robot_msgs/include/my_robot_msgs/my_robot_msgs
[0.443s] -- Up-to-date: /home/duybuntu/carrierbot_ws/install/my_robot_msgs/include/my_robot_msgs/my_robot_msgs/msg
[0.443s] -- Up-to-date: /home/duybuntu/carrierbot_ws/install/my_robot_msgs/include/my_robot_msgs/my_robot_msgs/msg/rosidl_typesupport_fastrtps_cpp__visibility_control.h
[0.443s] -- Up-to-date: /home/duybuntu/carrierbot_ws/install/my_robot_msgs/include/my_robot_msgs/my_robot_msgs/msg/detail
[0.443s] -- Up-to-date: /home/duybuntu/carrierbot_ws/install/my_robot_msgs/include/my_robot_msgs/my_robot_msgs/msg/detail/dds_fastrtps
[0.444s] -- Up-to-date: /home/duybuntu/carrierbot_ws/install/my_robot_msgs/include/my_robot_msgs/my_robot_msgs/msg/detail/can_frame__rosidl_typesupport_fastrtps_cpp.hpp
[0.444s] -- Up-to-date: /home/duybuntu/carrierbot_ws/install/my_robot_msgs/lib/libmy_robot_msgs__rosidl_typesupport_fastrtps_cpp.so
[0.444s] -- Up-to-date: /home/duybuntu/carrierbot_ws/install/my_robot_msgs/include/my_robot_msgs/my_robot_msgs
[0.444s] -- Up-to-date: /home/duybuntu/carrierbot_ws/install/my_robot_msgs/include/my_robot_msgs/my_robot_msgs/msg
[0.444s] -- Up-to-date: /home/duybuntu/carrierbot_ws/install/my_robot_msgs/include/my_robot_msgs/my_robot_msgs/msg/detail
[0.444s] -- Up-to-date: /home/duybuntu/carrierbot_ws/install/my_robot_msgs/include/my_robot_msgs/my_robot_msgs/msg/detail/can_frame__type_support.cpp
[0.444s] -- Up-to-date: /home/duybuntu/carrierbot_ws/install/my_robot_msgs/include/my_robot_msgs/my_robot_msgs/msg/detail/can_frame__rosidl_typesupport_introspection_cpp.hpp
[0.444s] -- Up-to-date: /home/duybuntu/carrierbot_ws/install/my_robot_msgs/lib/libmy_robot_msgs__rosidl_typesupport_introspection_cpp.so
[0.444s] -- Up-to-date: /home/duybuntu/carrierbot_ws/install/my_robot_msgs/lib/libmy_robot_msgs__rosidl_typesupport_cpp.so
[0.444s] -- Up-to-date: /home/duybuntu/carrierbot_ws/install/my_robot_msgs/share/my_robot_msgs/environment/pythonpath.sh
[0.444s] -- Installing: /home/duybuntu/carrierbot_ws/install/my_robot_msgs/share/my_robot_msgs/environment/pythonpath.dsv
[0.444s] -- Up-to-date: /home/duybuntu/carrierbot_ws/install/my_robot_msgs/local/lib/python3.10/dist-packages/my_robot_msgs-0.0.0-py3.10.egg-info
[0.444s] -- Installing: /home/duybuntu/carrierbot_ws/install/my_robot_msgs/local/lib/python3.10/dist-packages/my_robot_msgs-0.0.0-py3.10.egg-info/PKG-INFO
[0.444s] -- Installing: /home/duybuntu/carrierbot_ws/install/my_robot_msgs/local/lib/python3.10/dist-packages/my_robot_msgs-0.0.0-py3.10.egg-info/SOURCES.txt
[0.444s] -- Installing: /home/duybuntu/carrierbot_ws/install/my_robot_msgs/local/lib/python3.10/dist-packages/my_robot_msgs-0.0.0-py3.10.egg-info/dependency_links.txt
[0.444s] -- Installing: /home/duybuntu/carrierbot_ws/install/my_robot_msgs/local/lib/python3.10/dist-packages/my_robot_msgs-0.0.0-py3.10.egg-info/top_level.txt
[0.445s] -- Up-to-date: /home/duybuntu/carrierbot_ws/install/my_robot_msgs/local/lib/python3.10/dist-packages/my_robot_msgs
[0.445s] -- Up-to-date: /home/duybuntu/carrierbot_ws/install/my_robot_msgs/local/lib/python3.10/dist-packages/my_robot_msgs/_my_robot_msgs_s.ep.rosidl_typesupport_introspection_c.c
[0.445s] -- Up-to-date: /home/duybuntu/carrierbot_ws/install/my_robot_msgs/local/lib/python3.10/dist-packages/my_robot_msgs/my_robot_msgs_s__rosidl_typesupport_fastrtps_c.cpython-310-x86_64-linux-gnu.so
[0.445s] -- Up-to-date: /home/duybuntu/carrierbot_ws/install/my_robot_msgs/local/lib/python3.10/dist-packages/my_robot_msgs/my_robot_msgs_s__rosidl_typesupport_c.cpython-310-x86_64-linux-gnu.so
[0.445s] -- Up-to-date: /home/duybuntu/carrierbot_ws/install/my_robot_msgs/local/lib/python3.10/dist-packages/my_robot_msgs/_my_robot_msgs_s.ep.rosidl_typesupport_fastrtps_c.c
[0.445s] -- Up-to-date: /home/duybuntu/carrierbot_ws/install/my_robot_msgs/local/lib/python3.10/dist-packages/my_robot_msgs/my_robot_msgs_s__rosidl_typesupport_introspection_c.cpython-310-x86_64-linux-gnu.so
[0.445s] -- Up-to-date: /home/duybuntu/carrierbot_ws/install/my_robot_msgs/local/lib/python3.10/dist-packages/my_robot_msgs/libmy_robot_msgs__rosidl_generator_py.so
[0.445s] -- Up-to-date: /home/duybuntu/carrierbot_ws/install/my_robot_msgs/local/lib/python3.10/dist-packages/my_robot_msgs/_my_robot_msgs_s.ep.rosidl_typesupport_c.c
[0.445s] -- Installing: /home/duybuntu/carrierbot_ws/install/my_robot_msgs/local/lib/python3.10/dist-packages/my_robot_msgs/__init__.py
[0.445s] -- Up-to-date: /home/duybuntu/carrierbot_ws/install/my_robot_msgs/local/lib/python3.10/dist-packages/my_robot_msgs/msg
[0.445s] -- Up-to-date: /home/duybuntu/carrierbot_ws/install/my_robot_msgs/local/lib/python3.10/dist-packages/my_robot_msgs/msg/_can_frame_s.c
[0.445s] -- Up-to-date: /home/duybuntu/carrierbot_ws/install/my_robot_msgs/local/lib/python3.10/dist-packages/my_robot_msgs/msg/_can_frame.py
[0.445s] -- Up-to-date: /home/duybuntu/carrierbot_ws/install/my_robot_msgs/local/lib/python3.10/dist-packages/my_robot_msgs/msg/__init__.py
[0.481s] Listing '/home/duybuntu/carrierbot_ws/install/my_robot_msgs/local/lib/python3.10/dist-packages/my_robot_msgs'...
[0.481s] Compiling '/home/duybuntu/carrierbot_ws/install/my_robot_msgs/local/lib/python3.10/dist-packages/my_robot_msgs/__init__.py'...
[0.482s] Listing '/home/duybuntu/carrierbot_ws/install/my_robot_msgs/local/lib/python3.10/dist-packages/my_robot_msgs/msg'...
[0.487s] -- Up-to-date: /home/duybuntu/carrierbot_ws/install/my_robot_msgs/local/lib/python3.10/dist-packages/my_robot_msgs/my_robot_msgs_s__rosidl_typesupport_fastrtps_c.cpython-310-x86_64-linux-gnu.so
[0.487s] -- Up-to-date: /home/duybuntu/carrierbot_ws/install/my_robot_msgs/local/lib/python3.10/dist-packages/my_robot_msgs/my_robot_msgs_s__rosidl_typesupport_introspection_c.cpython-310-x86_64-linux-gnu.so
[0.487s] -- Up-to-date: /home/duybuntu/carrierbot_ws/install/my_robot_msgs/local/lib/python3.10/dist-packages/my_robot_msgs/my_robot_msgs_s__rosidl_typesupport_c.cpython-310-x86_64-linux-gnu.so
[0.488s] -- Up-to-date: /home/duybuntu/carrierbot_ws/install/my_robot_msgs/lib/libmy_robot_msgs__rosidl_generator_py.so
[0.488s] -- Up-to-date: /home/duybuntu/carrierbot_ws/install/my_robot_msgs/share/ament_index/resource_index/rust_packages/my_robot_msgs
[0.488s] -- Up-to-date: /home/duybuntu/carrierbot_ws/install/my_robot_msgs/share/my_robot_msgs/rust
[0.488s] -- Up-to-date: /home/duybuntu/carrierbot_ws/install/my_robot_msgs/share/my_robot_msgs/rust/src
[0.488s] -- Up-to-date: /home/duybuntu/carrierbot_ws/install/my_robot_msgs/share/my_robot_msgs/rust/src/lib.rs
[0.488s] -- Up-to-date: /home/duybuntu/carrierbot_ws/install/my_robot_msgs/share/my_robot_msgs/rust/src/msg.rs
[0.489s] -- Up-to-date: /home/duybuntu/carrierbot_ws/install/my_robot_msgs/share/my_robot_msgs/rust/src/msg
[0.489s] -- Up-to-date: /home/duybuntu/carrierbot_ws/install/my_robot_msgs/share/my_robot_msgs/rust/src/msg/rmw.rs
[0.489s] -- Up-to-date: /home/duybuntu/carrierbot_ws/install/my_robot_msgs/share/my_robot_msgs/rust/build.rs
[0.489s] -- Up-to-date: /home/duybuntu/carrierbot_ws/install/my_robot_msgs/share/my_robot_msgs/rust/Cargo.toml
[0.489s] -- Up-to-date: /home/duybuntu/carrierbot_ws/install/my_robot_msgs/share/my_robot_msgs/msg/CanFrame.idl
[0.489s] -- Up-to-date: /home/duybuntu/carrierbot_ws/install/my_robot_msgs/share/my_robot_msgs/msg/CanFrame.msg
[0.489s] -- Up-to-date: /home/duybuntu/carrierbot_ws/install/my_robot_msgs/share/ament_index/resource_index/package_run_dependencies/my_robot_msgs
[0.489s] -- Up-to-date: /home/duybuntu/carrierbot_ws/install/my_robot_msgs/share/ament_index/resource_index/parent_prefix_path/my_robot_msgs
[0.489s] -- Up-to-date: /home/duybuntu/carrierbot_ws/install/my_robot_msgs/share/my_robot_msgs/environment/ament_prefix_path.sh
[0.489s] -- Installing: /home/duybuntu/carrierbot_ws/install/my_robot_msgs/share/my_robot_msgs/environment/ament_prefix_path.dsv
[0.489s] -- Up-to-date: /home/duybuntu/carrierbot_ws/install/my_robot_msgs/share/my_robot_msgs/environment/path.sh
[0.489s] -- Installing: /home/duybuntu/carrierbot_ws/install/my_robot_msgs/share/my_robot_msgs/environment/path.dsv
[0.489s] -- Up-to-date: /home/duybuntu/carrierbot_ws/install/my_robot_msgs/share/my_robot_msgs/local_setup.bash
[0.489s] -- Up-to-date: /home/duybuntu/carrierbot_ws/install/my_robot_msgs/share/my_robot_msgs/local_setup.sh
[0.489s] -- Up-to-date: /home/duybuntu/carrierbot_ws/install/my_robot_msgs/share/my_robot_msgs/local_setup.zsh
[0.489s] -- Installing: /home/duybuntu/carrierbot_ws/install/my_robot_msgs/share/my_robot_msgs/local_setup.dsv
[0.490s] -- Installing: /home/duybuntu/carrierbot_ws/install/my_robot_msgs/share/my_robot_msgs/package.dsv
[0.490s] -- Up-to-date: /home/duybuntu/carrierbot_ws/install/my_robot_msgs/share/ament_index/resource_index/packages/my_robot_msgs
[0.490s] -- Up-to-date: /home/duybuntu/carrierbot_ws/install/my_robot_msgs/share/my_robot_msgs/cmake/export_my_robot_msgs__rosidl_generator_cExport.cmake
[0.490s] -- Up-to-date: /home/duybuntu/carrierbot_ws/install/my_robot_msgs/share/my_robot_msgs/cmake/export_my_robot_msgs__rosidl_generator_cExport-noconfig.cmake
[0.490s] -- Up-to-date: /home/duybuntu/carrierbot_ws/install/my_robot_msgs/share/my_robot_msgs/cmake/export_my_robot_msgs__rosidl_typesupport_fastrtps_cExport.cmake
[0.490s] -- Up-to-date: /home/duybuntu/carrierbot_ws/install/my_robot_msgs/share/my_robot_msgs/cmake/export_my_robot_msgs__rosidl_typesupport_fastrtps_cExport-noconfig.cmake
[0.490s] -- Up-to-date: /home/duybuntu/carrierbot_ws/install/my_robot_msgs/share/my_robot_msgs/cmake/my_robot_msgs__rosidl_typesupport_introspection_cExport.cmake
[0.490s] -- Up-to-date: /home/duybuntu/carrierbot_ws/install/my_robot_msgs/share/my_robot_msgs/cmake/my_robot_msgs__rosidl_typesupport_introspection_cExport-noconfig.cmake
[0.490s] -- Up-to-date: /home/duybuntu/carrierbot_ws/install/my_robot_msgs/share/my_robot_msgs/cmake/my_robot_msgs__rosidl_typesupport_cExport.cmake
[0.490s] -- Up-to-date: /home/duybuntu/carrierbot_ws/install/my_robot_msgs/share/my_robot_msgs/cmake/my_robot_msgs__rosidl_typesupport_cExport-noconfig.cmake
[0.490s] -- Up-to-date: /home/duybuntu/carrierbot_ws/install/my_robot_msgs/share/my_robot_msgs/cmake/export_my_robot_msgs__rosidl_generator_cppExport.cmake
[0.490s] -- Up-to-date: /home/duybuntu/carrierbot_ws/install/my_robot_msgs/share/my_robot_msgs/cmake/export_my_robot_msgs__rosidl_typesupport_fastrtps_cppExport.cmake
[0.490s] -- Up-to-date: /home/duybuntu/carrierbot_ws/install/my_robot_msgs/share/my_robot_msgs/cmake/export_my_robot_msgs__rosidl_typesupport_fastrtps_cppExport-noconfig.cmake
[0.490s] -- Up-to-date: /home/duybuntu/carrierbot_ws/install/my_robot_msgs/share/my_robot_msgs/cmake/my_robot_msgs__rosidl_typesupport_introspection_cppExport.cmake
[0.490s] -- Up-to-date: /home/duybuntu/carrierbot_ws/install/my_robot_msgs/share/my_robot_msgs/cmake/my_robot_msgs__rosidl_typesupport_introspection_cppExport-noconfig.cmake
[0.490s] -- Up-to-date: /home/duybuntu/carrierbot_ws/install/my_robot_msgs/share/my_robot_msgs/cmake/my_robot_msgs__rosidl_typesupport_cppExport.cmake
[0.490s] -- Up-to-date: /home/duybuntu/carrierbot_ws/install/my_robot_msgs/share/my_robot_msgs/cmake/my_robot_msgs__rosidl_typesupport_cppExport-noconfig.cmake
[0.491s] -- Up-to-date: /home/duybuntu/carrierbot_ws/install/my_robot_msgs/share/my_robot_msgs/cmake/export_my_robot_msgs__rosidl_generator_pyExport.cmake
[0.491s] -- Up-to-date: /home/duybuntu/carrierbot_ws/install/my_robot_msgs/share/my_robot_msgs/cmake/export_my_robot_msgs__rosidl_generator_pyExport-noconfig.cmake
[0.491s] -- Up-to-date: /home/duybuntu/carrierbot_ws/install/my_robot_msgs/share/my_robot_msgs/cmake/rosidl_cmake-extras.cmake
[0.491s] -- Up-to-date: /home/duybuntu/carrierbot_ws/install/my_robot_msgs/share/my_robot_msgs/cmake/ament_cmake_export_include_directories-extras.cmake
[0.491s] -- Up-to-date: /home/duybuntu/carrierbot_ws/install/my_robot_msgs/share/my_robot_msgs/cmake/ament_cmake_export_libraries-extras.cmake
[0.491s] -- Up-to-date: /home/duybuntu/carrierbot_ws/install/my_robot_msgs/share/my_robot_msgs/cmake/ament_cmake_export_targets-extras.cmake
[0.491s] -- Up-to-date: /home/duybuntu/carrierbot_ws/install/my_robot_msgs/share/my_robot_msgs/cmake/rosidl_cmake_export_typesupport_targets-extras.cmake
[0.491s] -- Up-to-date: /home/duybuntu/carrierbot_ws/install/my_robot_msgs/share/my_robot_msgs/cmake/ament_cmake_export_dependencies-extras.cmake
[0.491s] -- Up-to-date: /home/duybuntu/carrierbot_ws/install/my_robot_msgs/share/my_robot_msgs/cmake/rosidl_cmake_export_typesupport_libraries-extras.cmake
[0.491s] -- Up-to-date: /home/duybuntu/carrierbot_ws/install/my_robot_msgs/share/my_robot_msgs/cmake/my_robot_msgsConfig.cmake
[0.491s] -- Up-to-date: /home/duybuntu/carrierbot_ws/install/my_robot_msgs/share/my_robot_msgs/cmake/my_robot_msgsConfig-version.cmake
[0.491s] -- Installing: /home/duybuntu/carrierbot_ws/install/my_robot_msgs/share/my_robot_msgs/package.xml
[0.494s] Invoked command in '/home/duybuntu/carrierbot_ws/build/my_robot_msgs' returned '0': CMAKE_PREFIX_PATH=${CMAKE_PREFIX_PATH}:/home/duybuntu/ros2_ws_basic/install/my_py_pkg:/home/duybuntu/deli_ws/install/deli_logger:/home/duybuntu/deli_ws/install/mqtt:/home/duybuntu/deli_ws/install/localization:/home/duybuntu/turtlebot3_ws/install/turtlebot3_teleop:/home/duybuntu/turtlebot3_ws/install/turtlebot3_example:/home/duybuntu/carrierbot_ws/install/my_robot_communicate:/opt/ros/humble /usr/bin/cmake --install /home/duybuntu/carrierbot_ws/build/my_robot_msgs
