[0.321s] Invoking command in '/home/duybuntu/carrierbot_ws/build/my_robot_description': CMAKE_PREFIX_PATH=${CMAKE_PREFIX_PATH}:/home/duybuntu/ros2_ws_basic/install/my_py_pkg:/home/duybuntu/deli_ws/install/deli_logger:/home/duybuntu/deli_ws/install/mqtt:/home/duybuntu/deli_ws/install/localization:/home/duybuntu/turtlebot3_ws/install/turtlebot3_teleop:/home/duybuntu/turtlebot3_ws/install/turtlebot3_example:/home/duybuntu/carrierbot_ws/install/my_robot_communicate:/opt/ros/humble /usr/bin/cmake --build /home/duybuntu/carrierbot_ws/build/my_robot_description -- -j12 -l12
[0.388s] Invoked command in '/home/duybuntu/carrierbot_ws/build/my_robot_description' returned '0': CMAKE_PREFIX_PATH=${CMAKE_PREFIX_PATH}:/home/duybuntu/ros2_ws_basic/install/my_py_pkg:/home/duybuntu/deli_ws/install/deli_logger:/home/duybuntu/deli_ws/install/mqtt:/home/duybuntu/deli_ws/install/localization:/home/duybuntu/turtlebot3_ws/install/turtlebot3_teleop:/home/duybuntu/turtlebot3_ws/install/turtlebot3_example:/home/duybuntu/carrierbot_ws/install/my_robot_communicate:/opt/ros/humble /usr/bin/cmake --build /home/duybuntu/carrierbot_ws/build/my_robot_description -- -j12 -l12
[0.391s] Invoking command in '/home/duybuntu/carrierbot_ws/build/my_robot_description': CMAKE_PREFIX_PATH=${CMAKE_PREFIX_PATH}:/home/duybuntu/ros2_ws_basic/install/my_py_pkg:/home/duybuntu/deli_ws/install/deli_logger:/home/duybuntu/deli_ws/install/mqtt:/home/duybuntu/deli_ws/install/localization:/home/duybuntu/turtlebot3_ws/install/turtlebot3_teleop:/home/duybuntu/turtlebot3_ws/install/turtlebot3_example:/home/duybuntu/carrierbot_ws/install/my_robot_communicate:/opt/ros/humble /usr/bin/cmake --install /home/duybuntu/carrierbot_ws/build/my_robot_description
[0.402s] -- Install configuration: ""
[0.402s] -- Up-to-date: /home/duybuntu/carrierbot_ws/install/my_robot_description/share/my_robot_description//urdf
[0.402s] -- Up-to-date: /home/duybuntu/carrierbot_ws/install/my_robot_description/share/my_robot_description//urdf/mobile_base.xacro
[0.403s] -- Up-to-date: /home/duybuntu/carrierbot_ws/install/my_robot_description/share/my_robot_description//urdf/my_robot.urdf.xacro
[0.403s] -- Up-to-date: /home/duybuntu/carrierbot_ws/install/my_robot_description/share/my_robot_description//urdf/lidar.xacro
[0.403s] -- Up-to-date: /home/duybuntu/carrierbot_ws/install/my_robot_description/share/my_robot_description//urdf/ros2_control.xacro
[0.403s] -- Up-to-date: /home/duybuntu/carrierbot_ws/install/my_robot_description/share/my_robot_description//urdf/common_properties.xacro
[0.403s] -- Up-to-date: /home/duybuntu/carrierbot_ws/install/my_robot_description/share/my_robot_description//urdf/mobile_base_gazebo.xacro
[0.403s] -- Up-to-date: /home/duybuntu/carrierbot_ws/install/my_robot_description/share/my_robot_description//urdf/camera.xacro
[0.403s] -- Up-to-date: /home/duybuntu/carrierbot_ws/install/my_robot_description/share/my_robot_description//launch
[0.404s] -- Up-to-date: /home/duybuntu/carrierbot_ws/install/my_robot_description/share/my_robot_description//launch/display.launch.xml
[0.405s] -- Up-to-date: /home/duybuntu/carrierbot_ws/install/my_robot_description/share/my_robot_description//launch/display.launch.py
[0.406s] -- Up-to-date: /home/duybuntu/carrierbot_ws/install/my_robot_description/share/my_robot_description//rviz
[0.406s] -- Up-to-date: /home/duybuntu/carrierbot_ws/install/my_robot_description/share/my_robot_description//rviz/urdf_config.rviz
[0.406s] -- Up-to-date: /home/duybuntu/carrierbot_ws/install/my_robot_description/share/my_robot_description//meshes
[0.406s] -- Up-to-date: /home/duybuntu/carrierbot_ws/install/my_robot_description/share/my_robot_description//meshes/wheels
[0.406s] -- Up-to-date: /home/duybuntu/carrierbot_ws/install/my_robot_description/share/my_robot_description//meshes/wheels/wheel.stl
[0.406s] -- Up-to-date: /home/duybuntu/carrierbot_ws/install/my_robot_description/share/my_robot_description//meshes/bases
[0.406s] -- Up-to-date: /home/duybuntu/carrierbot_ws/install/my_robot_description/share/my_robot_description//meshes/bases/base.stl
[0.406s] -- Up-to-date: /home/duybuntu/carrierbot_ws/install/my_robot_description/share/ament_index/resource_index/package_run_dependencies/my_robot_description
[0.406s] -- Up-to-date: /home/duybuntu/carrierbot_ws/install/my_robot_description/share/ament_index/resource_index/parent_prefix_path/my_robot_description
[0.406s] -- Up-to-date: /home/duybuntu/carrierbot_ws/install/my_robot_description/share/my_robot_description/environment/ament_prefix_path.sh
[0.406s] -- Up-to-date: /home/duybuntu/carrierbot_ws/install/my_robot_description/share/my_robot_description/environment/ament_prefix_path.dsv
[0.406s] -- Up-to-date: /home/duybuntu/carrierbot_ws/install/my_robot_description/share/my_robot_description/environment/path.sh
[0.406s] -- Up-to-date: /home/duybuntu/carrierbot_ws/install/my_robot_description/share/my_robot_description/environment/path.dsv
[0.406s] -- Up-to-date: /home/duybuntu/carrierbot_ws/install/my_robot_description/share/my_robot_description/local_setup.bash
[0.407s] -- Up-to-date: /home/duybuntu/carrierbot_ws/install/my_robot_description/share/my_robot_description/local_setup.sh
[0.407s] -- Up-to-date: /home/duybuntu/carrierbot_ws/install/my_robot_description/share/my_robot_description/local_setup.zsh
[0.407s] -- Up-to-date: /home/duybuntu/carrierbot_ws/install/my_robot_description/share/my_robot_description/local_setup.dsv
[0.407s] -- Installing: /home/duybuntu/carrierbot_ws/install/my_robot_description/share/my_robot_description/package.dsv
[0.407s] -- Up-to-date: /home/duybuntu/carrierbot_ws/install/my_robot_description/share/ament_index/resource_index/packages/my_robot_description
[0.407s] -- Up-to-date: /home/duybuntu/carrierbot_ws/install/my_robot_description/share/my_robot_description/cmake/my_robot_descriptionConfig.cmake
[0.407s] -- Up-to-date: /home/duybuntu/carrierbot_ws/install/my_robot_description/share/my_robot_description/cmake/my_robot_descriptionConfig-version.cmake
[0.408s] -- Up-to-date: /home/duybuntu/carrierbot_ws/install/my_robot_description/share/my_robot_description/package.xml
[0.426s] Invoked command in '/home/duybuntu/carrierbot_ws/build/my_robot_description' returned '0': CMAKE_PREFIX_PATH=${CMAKE_PREFIX_PATH}:/home/duybuntu/ros2_ws_basic/install/my_py_pkg:/home/duybuntu/deli_ws/install/deli_logger:/home/duybuntu/deli_ws/install/mqtt:/home/duybuntu/deli_ws/install/localization:/home/duybuntu/turtlebot3_ws/install/turtlebot3_teleop:/home/duybuntu/turtlebot3_ws/install/turtlebot3_example:/home/duybuntu/carrierbot_ws/install/my_robot_communicate:/opt/ros/humble /usr/bin/cmake --install /home/duybuntu/carrierbot_ws/build/my_robot_description
