[INFO] [launch]: All log files can be found below /home/duybuntu/.ros/log/2026-04-09-14-53-31-074385-duybuntu-141972
[INFO] [launch]: Default logging verbosity is set to INFO
[INFO] [robot_state_publisher-1]: process started with pid [141975]
[INFO] [ros2_control_node-2]: process started with pid [141977]
[INFO] [velocity_bridge_node-3]: process started with pid [141979]
[velocity_bridge_node-3] [INFO] [1775721211.269982506] [velocity_bridge_node]: VelocityBridgeNode started, listening on /carrierbot_controller/cmd_vel
[robot_state_publisher-1] Parsing robot urdf xml string.
[robot_state_publisher-1] Link base_link had 4 children
[robot_state_publisher-1] Link caster_wheel_link had 0 children
[robot_state_publisher-1] Link left_wheel_link had 0 children
[robot_state_publisher-1] Link right_wheel_link had 0 children
[robot_state_publisher-1] Link upper_base_link had 0 children
[robot_state_publisher-1] [INFO] [1775721211.276601002] [robot_state_publisher]: got segment base_footprint
[robot_state_publisher-1] [INFO] [1775721211.276723072] [robot_state_publisher]: got segment base_link
[robot_state_publisher-1] [INFO] [1775721211.276738435] [robot_state_publisher]: got segment caster_wheel_link
[robot_state_publisher-1] [INFO] [1775721211.276750167] [robot_state_publisher]: got segment left_wheel_link
[robot_state_publisher-1] [INFO] [1775721211.276762668] [robot_state_publisher]: got segment right_wheel_link
[robot_state_publisher-1] [INFO] [1775721211.276771746] [robot_state_publisher]: got segment upper_base_link
[ros2_control_node-2] [INFO] [1775721211.281432452] [CarrierbotInterface]: Starting robot hardware
[ros2_control_node-2] [INFO] [1775721211.296425345] [controller_manager]: update rate is 10 Hz
