[0.299s] Invoking command in '/home/duybuntu/carrierbot_ws/build/my_robot_navigation': CMAKE_PREFIX_PATH=${CMAKE_PREFIX_PATH}:/home/duybuntu/carrierbot_ws/install/my_robot_communicate:/home/duybuntu/ros2_ws_basic/install/my_py_pkg:/home/duybuntu/deli_ws/install/deli_logger:/home/duybuntu/deli_ws/install/mqtt:/home/duybuntu/deli_ws/install/localization:/home/duybuntu/turtlebot3_ws/install/turtlebot3_teleop:/home/duybuntu/turtlebot3_ws/install/turtlebot3_example:/opt/ros/humble /usr/bin/cmake --build /home/duybuntu/carrierbot_ws/build/my_robot_navigation -- -j12 -l12
[0.384s] Invoked command in '/home/duybuntu/carrierbot_ws/build/my_robot_navigation' returned '0': CMAKE_PREFIX_PATH=${CMAKE_PREFIX_PATH}:/home/duybuntu/carrierbot_ws/install/my_robot_communicate:/home/duybuntu/ros2_ws_basic/install/my_py_pkg:/home/duybuntu/deli_ws/install/deli_logger:/home/duybuntu/deli_ws/install/mqtt:/home/duybuntu/deli_ws/install/localization:/home/duybuntu/turtlebot3_ws/install/turtlebot3_teleop:/home/duybuntu/turtlebot3_ws/install/turtlebot3_example:/opt/ros/humble /usr/bin/cmake --build /home/duybuntu/carrierbot_ws/build/my_robot_navigation -- -j12 -l12
[0.386s] Invoking command in '/home/duybuntu/carrierbot_ws/build/my_robot_navigation': CMAKE_PREFIX_PATH=${CMAKE_PREFIX_PATH}:/home/duybuntu/carrierbot_ws/install/my_robot_communicate:/home/duybuntu/ros2_ws_basic/install/my_py_pkg:/home/duybuntu/deli_ws/install/deli_logger:/home/duybuntu/deli_ws/install/mqtt:/home/duybuntu/deli_ws/install/localization:/home/duybuntu/turtlebot3_ws/install/turtlebot3_teleop:/home/duybuntu/turtlebot3_ws/install/turtlebot3_example:/opt/ros/humble /usr/bin/cmake --install /home/duybuntu/carrierbot_ws/build/my_robot_navigation
[0.398s] -- Install configuration: ""
[0.398s] -- Up-to-date: /home/duybuntu/carrierbot_ws/install/my_robot_navigation/share/ament_index/resource_index/package_run_dependencies/my_robot_navigation
[0.398s] -- Up-to-date: /home/duybuntu/carrierbot_ws/install/my_robot_navigation/share/ament_index/resource_index/parent_prefix_path/my_robot_navigation
[0.398s] -- Up-to-date: /home/duybuntu/carrierbot_ws/install/my_robot_navigation/share/my_robot_navigation/environment/ament_prefix_path.sh
[0.398s] -- Up-to-date: /home/duybuntu/carrierbot_ws/install/my_robot_navigation/share/my_robot_navigation/environment/ament_prefix_path.dsv
[0.398s] -- Up-to-date: /home/duybuntu/carrierbot_ws/install/my_robot_navigation/share/my_robot_navigation/environment/path.sh
[0.399s] -- Up-to-date: /home/duybuntu/carrierbot_ws/install/my_robot_navigation/share/my_robot_navigation/environment/path.dsv
[0.399s] -- Up-to-date: /home/duybuntu/carrierbot_ws/install/my_robot_navigation/share/my_robot_navigation/local_setup.bash
[0.399s] -- Up-to-date: /home/duybuntu/carrierbot_ws/install/my_robot_navigation/share/my_robot_navigation/local_setup.sh
[0.399s] -- Up-to-date: /home/duybuntu/carrierbot_ws/install/my_robot_navigation/share/my_robot_navigation/local_setup.zsh
[0.399s] -- Up-to-date: /home/duybuntu/carrierbot_ws/install/my_robot_navigation/share/my_robot_navigation/local_setup.dsv
[0.399s] -- Installing: /home/duybuntu/carrierbot_ws/install/my_robot_navigation/share/my_robot_navigation/package.dsv
[0.399s] -- Up-to-date: /home/duybuntu/carrierbot_ws/install/my_robot_navigation/share/ament_index/resource_index/packages/my_robot_navigation
[0.399s] -- Up-to-date: /home/duybuntu/carrierbot_ws/install/my_robot_navigation/share/my_robot_navigation/cmake/my_robot_navigationConfig.cmake
[0.400s] -- Up-to-date: /home/duybuntu/carrierbot_ws/install/my_robot_navigation/share/my_robot_navigation/cmake/my_robot_navigationConfig-version.cmake
[0.400s] -- Up-to-date: /home/duybuntu/carrierbot_ws/install/my_robot_navigation/share/my_robot_navigation/package.xml
[0.426s] Invoked command in '/home/duybuntu/carrierbot_ws/build/my_robot_navigation' returned '0': CMAKE_PREFIX_PATH=${CMAKE_PREFIX_PATH}:/home/duybuntu/carrierbot_ws/install/my_robot_communicate:/home/duybuntu/ros2_ws_basic/install/my_py_pkg:/home/duybuntu/deli_ws/install/deli_logger:/home/duybuntu/deli_ws/install/mqtt:/home/duybuntu/deli_ws/install/localization:/home/duybuntu/turtlebot3_ws/install/turtlebot3_teleop:/home/duybuntu/turtlebot3_ws/install/turtlebot3_example:/opt/ros/humble /usr/bin/cmake --install /home/duybuntu/carrierbot_ws/build/my_robot_navigation
