-- Found ament_cmake: 1.3.12 (/opt/ros/humble/share/ament_cmake/cmake)
-- Found rclcpp: 16.0.17 (/opt/ros/humble/share/rclcpp/cmake)
-- Found rosidl_generator_c: 3.1.8 (/opt/ros/humble/share/rosidl_generator_c/cmake)
-- Found rosidl_adapter: 3.1.8 (/opt/ros/humble/share/rosidl_adapter/cmake)
-- Found rosidl_generator_cpp: 3.1.8 (/opt/ros/humble/share/rosidl_generator_cpp/cmake)
-- Using all available rosidl_typesupport_c: rosidl_typesupport_fastrtps_c;rosidl_typesupport_introspection_c
-- Using all available rosidl_typesupport_cpp: rosidl_typesupport_fastrtps_cpp;rosidl_typesupport_introspection_cpp
-- Found rmw_implementation_cmake: 6.1.2 (/opt/ros/humble/share/rmw_implementation_cmake/cmake)
-- Found rmw_fastrtps_cpp: 6.2.9 (/opt/ros/humble/share/rmw_fastrtps_cpp/cmake)
-- Using RMW implementation 'rmw_fastrtps_cpp' as default
-- Found example_interfaces: 0.9.3 (/opt/ros/humble/share/example_interfaces/cmake)
-- Found ament_lint_auto: 0.12.15 (/opt/ros/humble/share/ament_lint_auto/cmake)
-- Added test 'cppcheck' to perform static code analysis on C / C++ code
-- Configured cppcheck include dirs: /home/duybuntu/carrierbot_ws/src/my_robot_base/include
-- Configured cppcheck exclude dirs and/or files: 
-- Added test 'lint_cmake' to check CMake code style
-- Added test 'uncrustify' to check C / C++ code style
-- Configured uncrustify additional arguments: 
-- Added test 'xmllint' to check XML markup files
-- Configuring done
-- Generating done
-- Build files have been written to: /home/duybuntu/carrierbot_ws/build/my_robot_base
[35m[1mConsolidate compiler generated dependencies of target robot_news_station[0m
[35m[1mConsolidate compiler generated dependencies of target smartphone[0m
[35m[1mConsolidate compiler generated dependencies of target can_subscriber[0m
[ 16%] [32mBuilding CXX object CMakeFiles/robot_news_station.dir/src/robot_news_station.cpp.o[0m
[ 33%] [32mBuilding CXX object CMakeFiles/smartphone.dir/src/smartphone.cpp.o[0m
[ 50%] [32mBuilding CXX object CMakeFiles/can_subscriber.dir/src/can_subscriber.cpp.o[0m
[01m[K/home/duybuntu/carrierbot_ws/src/my_robot_base/src/can_subscriber.cpp:[m[K In function ‘[01m[Kint main(int, char**)[m[K’:
[01m[K/home/duybuntu/carrierbot_ws/src/my_robot_base/src/can_subscriber.cpp:4:5:[m[K [01;31m[Kerror: [m[K‘[01m[Krclcpp[m[K’ has not been declared
    4 |     [01;31m[Krclcpp[m[K::init(argc, argv);
      |     [01;31m[K^~~~~~[m[K
[01m[K/home/duybuntu/carrierbot_ws/src/my_robot_base/src/can_subscriber.cpp:5:22:[m[K [01;31m[Kerror: [m[K‘[01m[Kmake_shared[m[K’ is not a member of ‘[01m[Kstd[m[K’
    5 |     auto node = std::[01;31m[Kmake_shared[m[K<CanSubscriberNode>();
      |                      [01;31m[K^~~~~~~~~~~[m[K
[01m[K/home/duybuntu/carrierbot_ws/src/my_robot_base/src/can_subscriber.cpp:2:1:[m[K [01;36m[Knote: [m[K‘[01m[Kstd::make_shared[m[K’ is defined in header ‘[01m[K<memory>[m[K’; did you forget to ‘[01m[K#include <memory>[m[K’?
    1 | #include "my_robot_base/can_subscriber.hpp"
  +++ |+[32m[K#include <memory>[m[K
    2 | 
[01m[K/home/duybuntu/carrierbot_ws/src/my_robot_base/src/can_subscriber.cpp:5:34:[m[K [01;31m[Kerror: [m[K‘[01m[KCanSubscriberNode[m[K’ was not declared in this scope
    5 |     auto node = std::make_shared<[01;31m[KCanSubscriberNode[m[K>();
      |                                  [01;31m[K^~~~~~~~~~~~~~~~~[m[K
[01m[K/home/duybuntu/carrierbot_ws/src/my_robot_base/src/can_subscriber.cpp:5:53:[m[K [01;31m[Kerror: [m[Kexpected primary-expression before ‘[01m[K)[m[K’ token
    5 |     auto node = std::make_shared<CanSubscriberNode>([01;31m[K)[m[K;
      |                                                     [01;31m[K^[m[K
[01m[K/home/duybuntu/carrierbot_ws/src/my_robot_base/src/can_subscriber.cpp:6:5:[m[K [01;31m[Kerror: [m[K‘[01m[Krclcpp[m[K’ has not been declared
    6 |     [01;31m[Krclcpp[m[K::spin(node);
      |     [01;31m[K^~~~~~[m[K
[01m[K/home/duybuntu/carrierbot_ws/src/my_robot_base/src/can_subscriber.cpp:7:5:[m[K [01;31m[Kerror: [m[K‘[01m[Krclcpp[m[K’ has not been declared
    7 |     [01;31m[Krclcpp[m[K::shutdown();
      |     [01;31m[K^~~~~~[m[K
gmake[2]: *** [CMakeFiles/can_subscriber.dir/build.make:76: CMakeFiles/can_subscriber.dir/src/can_subscriber.cpp.o] Error 1
gmake[1]: *** [CMakeFiles/Makefile2:193: CMakeFiles/can_subscriber.dir/all] Error 2
gmake[1]: *** Waiting for unfinished jobs....
[ 66%] [32m[1mLinking CXX executable robot_news_station[0m
[ 66%] Built target robot_news_station
[ 83%] [32m[1mLinking CXX executable smartphone[0m
[ 83%] Built target smartphone
gmake: *** [Makefile:146: all] Error 2
