[0.016s] Invoking command in '/home/duybuntu/carrierbot_ws/build/my_robot_base': CMAKE_PREFIX_PATH=${CMAKE_PREFIX_PATH}:/home/duybuntu/carrierbot_ws/install/my_robot_communicate:/home/duybuntu/ros2_ws_basic/install/my_py_pkg:/home/duybuntu/deli_ws/install/deli_logger:/home/duybuntu/deli_ws/install/mqtt:/home/duybuntu/deli_ws/install/localization:/home/duybuntu/turtlebot3_ws/install/turtlebot3_teleop:/home/duybuntu/turtlebot3_ws/install/turtlebot3_example:/opt/ros/humble /usr/bin/cmake --build /home/duybuntu/carrierbot_ws/build/my_robot_base -- -j12 -l12
[0.053s] -- Found ament_cmake: 1.3.12 (/opt/ros/humble/share/ament_cmake/cmake)
[0.225s] -- Found rclcpp: 16.0.17 (/opt/ros/humble/share/rclcpp/cmake)
[0.261s] -- Found rosidl_generator_c: 3.1.8 (/opt/ros/humble/share/rosidl_generator_c/cmake)
[0.264s] -- Found rosidl_adapter: 3.1.8 (/opt/ros/humble/share/rosidl_adapter/cmake)
[0.270s] -- Found rosidl_generator_cpp: 3.1.8 (/opt/ros/humble/share/rosidl_generator_cpp/cmake)
[0.285s] -- Using all available rosidl_typesupport_c: rosidl_typesupport_fastrtps_c;rosidl_typesupport_introspection_c
[0.302s] -- Using all available rosidl_typesupport_cpp: rosidl_typesupport_fastrtps_cpp;rosidl_typesupport_introspection_cpp
[0.342s] -- Found rmw_implementation_cmake: 6.1.2 (/opt/ros/humble/share/rmw_implementation_cmake/cmake)
[0.345s] -- Found rmw_fastrtps_cpp: 6.2.9 (/opt/ros/humble/share/rmw_fastrtps_cpp/cmake)
[0.505s] -- Using RMW implementation 'rmw_fastrtps_cpp' as default
[0.566s] -- Found example_interfaces: 0.9.3 (/opt/ros/humble/share/example_interfaces/cmake)
[0.606s] -- Found ament_lint_auto: 0.12.15 (/opt/ros/humble/share/ament_lint_auto/cmake)
[0.703s] -- Added test 'cppcheck' to perform static code analysis on C / C++ code
[0.703s] -- Configured cppcheck include dirs: /home/duybuntu/carrierbot_ws/src/my_robot_base/include
[0.703s] -- Configured cppcheck exclude dirs and/or files: 
[0.704s] -- Added test 'lint_cmake' to check CMake code style
[0.705s] -- Added test 'uncrustify' to check C / C++ code style
[0.705s] -- Configured uncrustify additional arguments: 
[0.705s] -- Added test 'xmllint' to check XML markup files
[0.706s] -- Configuring done
[0.729s] -- Generating done
[0.739s] -- Build files have been written to: /home/duybuntu/carrierbot_ws/build/my_robot_base
[0.782s] [35m[1mConsolidate compiler generated dependencies of target robot_news_station[0m
[0.782s] [35m[1mConsolidate compiler generated dependencies of target smartphone[0m
[0.784s] [35m[1mConsolidate compiler generated dependencies of target can_subscriber[0m
[0.806s] [ 16%] [32mBuilding CXX object CMakeFiles/robot_news_station.dir/src/robot_news_station.cpp.o[0m
[0.808s] [ 33%] [32mBuilding CXX object CMakeFiles/smartphone.dir/src/smartphone.cpp.o[0m
[0.811s] [ 50%] [32mBuilding CXX object CMakeFiles/can_subscriber.dir/src/can_subscriber.cpp.o[0m
[0.823s] [01m[K/home/duybuntu/carrierbot_ws/src/my_robot_base/src/can_subscriber.cpp:[m[K In function ‘[01m[Kint main(int, char**)[m[K’:
[0.823s] [01m[K/home/duybuntu/carrierbot_ws/src/my_robot_base/src/can_subscriber.cpp:4:5:[m[K [01;31m[Kerror: [m[K‘[01m[Krclcpp[m[K’ has not been declared
[0.823s]     4 |     [01;31m[Krclcpp[m[K::init(argc, argv);
[0.823s]       |     [01;31m[K^~~~~~[m[K
[0.823s] [01m[K/home/duybuntu/carrierbot_ws/src/my_robot_base/src/can_subscriber.cpp:5:22:[m[K [01;31m[Kerror: [m[K‘[01m[Kmake_shared[m[K’ is not a member of ‘[01m[Kstd[m[K’
[0.823s]     5 |     auto node = std::[01;31m[Kmake_shared[m[K<CanSubscriberNode>();
[0.823s]       |                      [01;31m[K^~~~~~~~~~~[m[K
[0.824s] [01m[K/home/duybuntu/carrierbot_ws/src/my_robot_base/src/can_subscriber.cpp:2:1:[m[K [01;36m[Knote: [m[K‘[01m[Kstd::make_shared[m[K’ is defined in header ‘[01m[K<memory>[m[K’; did you forget to ‘[01m[K#include <memory>[m[K’?
[0.824s]     1 | #include "my_robot_base/can_subscriber.hpp"
[0.824s]   +++ |+[32m[K#include <memory>[m[K
[0.824s]     2 | 
[0.824s] [01m[K/home/duybuntu/carrierbot_ws/src/my_robot_base/src/can_subscriber.cpp:5:34:[m[K [01;31m[Kerror: [m[K‘[01m[KCanSubscriberNode[m[K’ was not declared in this scope
[0.824s]     5 |     auto node = std::make_shared<[01;31m[KCanSubscriberNode[m[K>();
[0.824s]       |                                  [01;31m[K^~~~~~~~~~~~~~~~~[m[K
[0.826s] [01m[K/home/duybuntu/carrierbot_ws/src/my_robot_base/src/can_subscriber.cpp:5:53:[m[K [01;31m[Kerror: [m[Kexpected primary-expression before ‘[01m[K)[m[K’ token
[0.826s]     5 |     auto node = std::make_shared<CanSubscriberNode>([01;31m[K)[m[K;
[0.826s]       |                                                     [01;31m[K^[m[K
[0.826s] [01m[K/home/duybuntu/carrierbot_ws/src/my_robot_base/src/can_subscriber.cpp:6:5:[m[K [01;31m[Kerror: [m[K‘[01m[Krclcpp[m[K’ has not been declared
[0.826s]     6 |     [01;31m[Krclcpp[m[K::spin(node);
[0.827s]       |     [01;31m[K^~~~~~[m[K
[0.827s] [01m[K/home/duybuntu/carrierbot_ws/src/my_robot_base/src/can_subscriber.cpp:7:5:[m[K [01;31m[Kerror: [m[K‘[01m[Krclcpp[m[K’ has not been declared
[0.827s]     7 |     [01;31m[Krclcpp[m[K::shutdown();
[0.827s]       |     [01;31m[K^~~~~~[m[K
[0.828s] gmake[2]: *** [CMakeFiles/can_subscriber.dir/build.make:76: CMakeFiles/can_subscriber.dir/src/can_subscriber.cpp.o] Error 1
[0.828s] gmake[1]: *** [CMakeFiles/Makefile2:193: CMakeFiles/can_subscriber.dir/all] Error 2
[0.828s] gmake[1]: *** Waiting for unfinished jobs....
[6.131s] [ 66%] [32m[1mLinking CXX executable robot_news_station[0m
[6.413s] [ 66%] Built target robot_news_station
[10.678s] [ 83%] [32m[1mLinking CXX executable smartphone[0m
[11.284s] [ 83%] Built target smartphone
[11.287s] gmake: *** [Makefile:146: all] Error 2
[11.290s] Invoked command in '/home/duybuntu/carrierbot_ws/build/my_robot_base' returned '2': CMAKE_PREFIX_PATH=${CMAKE_PREFIX_PATH}:/home/duybuntu/carrierbot_ws/install/my_robot_communicate:/home/duybuntu/ros2_ws_basic/install/my_py_pkg:/home/duybuntu/deli_ws/install/deli_logger:/home/duybuntu/deli_ws/install/mqtt:/home/duybuntu/deli_ws/install/localization:/home/duybuntu/turtlebot3_ws/install/turtlebot3_teleop:/home/duybuntu/turtlebot3_ws/install/turtlebot3_example:/opt/ros/humble /usr/bin/cmake --build /home/duybuntu/carrierbot_ws/build/my_robot_base -- -j12 -l12
