[0.054s] Invoking command in '/home/duybuntu/carrierbot_ws/build/my_robot_base': CMAKE_PREFIX_PATH=${CMAKE_PREFIX_PATH}:/home/duybuntu/carrierbot_ws/install/my_robot_communicate:/home/duybuntu/ros2_ws_basic/install/my_py_pkg:/home/duybuntu/deli_ws/install/deli_logger:/home/duybuntu/deli_ws/install/mqtt:/home/duybuntu/deli_ws/install/localization:/home/duybuntu/turtlebot3_ws/install/turtlebot3_teleop:/home/duybuntu/turtlebot3_ws/install/turtlebot3_example:/opt/ros/humble /usr/bin/cmake --build /home/duybuntu/carrierbot_ws/build/my_robot_base -- -j12 -l12
[0.358s] Invoked command in '/home/duybuntu/carrierbot_ws/build/my_robot_base' returned '0': CMAKE_PREFIX_PATH=${CMAKE_PREFIX_PATH}:/home/duybuntu/carrierbot_ws/install/my_robot_communicate:/home/duybuntu/ros2_ws_basic/install/my_py_pkg:/home/duybuntu/deli_ws/install/deli_logger:/home/duybuntu/deli_ws/install/mqtt:/home/duybuntu/deli_ws/install/localization:/home/duybuntu/turtlebot3_ws/install/turtlebot3_teleop:/home/duybuntu/turtlebot3_ws/install/turtlebot3_example:/opt/ros/humble /usr/bin/cmake --build /home/duybuntu/carrierbot_ws/build/my_robot_base -- -j12 -l12
[0.360s] Invoking command in '/home/duybuntu/carrierbot_ws/build/my_robot_base': CMAKE_PREFIX_PATH=${CMAKE_PREFIX_PATH}:/home/duybuntu/carrierbot_ws/install/my_robot_communicate:/home/duybuntu/ros2_ws_basic/install/my_py_pkg:/home/duybuntu/deli_ws/install/deli_logger:/home/duybuntu/deli_ws/install/mqtt:/home/duybuntu/deli_ws/install/localization:/home/duybuntu/turtlebot3_ws/install/turtlebot3_teleop:/home/duybuntu/turtlebot3_ws/install/turtlebot3_example:/opt/ros/humble /usr/bin/cmake --install /home/duybuntu/carrierbot_ws/build/my_robot_base
[0.373s] -- Install configuration: ""
[0.373s] -- Up-to-date: /home/duybuntu/carrierbot_ws/install/my_robot_base/share/ament_index/resource_index/package_run_dependencies/my_robot_base
[0.376s] -- Up-to-date: /home/duybuntu/carrierbot_ws/install/my_robot_base/share/ament_index/resource_index/parent_prefix_path/my_robot_base
[0.376s] -- Up-to-date: /home/duybuntu/carrierbot_ws/install/my_robot_base/share/my_robot_base/environment/ament_prefix_path.sh
[0.376s] -- Up-to-date: /home/duybuntu/carrierbot_ws/install/my_robot_base/share/my_robot_base/environment/ament_prefix_path.dsv
[0.376s] -- Up-to-date: /home/duybuntu/carrierbot_ws/install/my_robot_base/share/my_robot_base/environment/path.sh
[0.376s] -- Up-to-date: /home/duybuntu/carrierbot_ws/install/my_robot_base/share/my_robot_base/environment/path.dsv
[0.376s] -- Up-to-date: /home/duybuntu/carrierbot_ws/install/my_robot_base/share/my_robot_base/local_setup.bash
[0.376s] -- Up-to-date: /home/duybuntu/carrierbot_ws/install/my_robot_base/share/my_robot_base/local_setup.sh
[0.376s] -- Up-to-date: /home/duybuntu/carrierbot_ws/install/my_robot_base/share/my_robot_base/local_setup.zsh
[0.377s] -- Up-to-date: /home/duybuntu/carrierbot_ws/install/my_robot_base/share/my_robot_base/local_setup.dsv
[0.377s] -- Installing: /home/duybuntu/carrierbot_ws/install/my_robot_base/share/my_robot_base/package.dsv
[0.377s] -- Up-to-date: /home/duybuntu/carrierbot_ws/install/my_robot_base/share/ament_index/resource_index/packages/my_robot_base
[0.377s] -- Up-to-date: /home/duybuntu/carrierbot_ws/install/my_robot_base/share/my_robot_base/cmake/my_robot_baseConfig.cmake
[0.377s] -- Up-to-date: /home/duybuntu/carrierbot_ws/install/my_robot_base/share/my_robot_base/cmake/my_robot_baseConfig-version.cmake
[0.377s] -- Up-to-date: /home/duybuntu/carrierbot_ws/install/my_robot_base/share/my_robot_base/package.xml
[0.396s] Invoked command in '/home/duybuntu/carrierbot_ws/build/my_robot_base' returned '0': CMAKE_PREFIX_PATH=${CMAKE_PREFIX_PATH}:/home/duybuntu/carrierbot_ws/install/my_robot_communicate:/home/duybuntu/ros2_ws_basic/install/my_py_pkg:/home/duybuntu/deli_ws/install/deli_logger:/home/duybuntu/deli_ws/install/mqtt:/home/duybuntu/deli_ws/install/localization:/home/duybuntu/turtlebot3_ws/install/turtlebot3_teleop:/home/duybuntu/turtlebot3_ws/install/turtlebot3_example:/opt/ros/humble /usr/bin/cmake --install /home/duybuntu/carrierbot_ws/build/my_robot_base
