[0.051s] Invoking command in '/home/duybuntu/carrierbot_ws/build/my_robot_base': CMAKE_PREFIX_PATH=${CMAKE_PREFIX_PATH}:/home/duybuntu/ros2_ws_basic/install/my_py_pkg:/home/duybuntu/deli_ws/install/deli_logger:/home/duybuntu/deli_ws/install/mqtt:/home/duybuntu/deli_ws/install/localization:/home/duybuntu/turtlebot3_ws/install/turtlebot3_teleop:/home/duybuntu/turtlebot3_ws/install/turtlebot3_example:/opt/ros/humble /usr/bin/cmake /home/duybuntu/carrierbot_ws/src/my_robot_base -DCMAKE_INSTALL_PREFIX=/home/duybuntu/carrierbot_ws/install/my_robot_base
[0.336s] -- The C compiler identification is GNU 11.4.0
[0.336s] -- The CXX compiler identification is GNU 11.4.0
[0.336s] -- Detecting C compiler ABI info
[0.336s] -- Detecting C compiler ABI info - done
[0.336s] -- Check for working C compiler: /usr/bin/cc - skipped
[0.336s] -- Detecting C compile features
[0.336s] -- Detecting C compile features - done
[0.336s] -- Detecting CXX compiler ABI info
[0.372s] -- Detecting CXX compiler ABI info - done
[0.380s] -- Check for working CXX compiler: /usr/bin/c++ - skipped
[0.381s] -- Detecting CXX compile features
[0.381s] -- Detecting CXX compile features - done
[0.386s] -- Found ament_cmake: 1.3.12 (/opt/ros/humble/share/ament_cmake/cmake)
[0.604s] -- Found Python3: /usr/bin/python3 (found version "3.10.12") found components: Interpreter 
[0.784s] -- Found ament_lint_auto: 0.12.15 (/opt/ros/humble/share/ament_lint_auto/cmake)
[0.906s] -- Added test 'lint_cmake' to check CMake code style
[0.909s] -- Added test 'xmllint' to check XML markup files
[0.912s] -- Configuring done
[0.916s] -- Generating done
[0.918s] -- Build files have been written to: /home/duybuntu/carrierbot_ws/build/my_robot_base
[0.926s] Invoked command in '/home/duybuntu/carrierbot_ws/build/my_robot_base' returned '0': CMAKE_PREFIX_PATH=${CMAKE_PREFIX_PATH}:/home/duybuntu/ros2_ws_basic/install/my_py_pkg:/home/duybuntu/deli_ws/install/deli_logger:/home/duybuntu/deli_ws/install/mqtt:/home/duybuntu/deli_ws/install/localization:/home/duybuntu/turtlebot3_ws/install/turtlebot3_teleop:/home/duybuntu/turtlebot3_ws/install/turtlebot3_example:/opt/ros/humble /usr/bin/cmake /home/duybuntu/carrierbot_ws/src/my_robot_base -DCMAKE_INSTALL_PREFIX=/home/duybuntu/carrierbot_ws/install/my_robot_base
[0.929s] Invoking command in '/home/duybuntu/carrierbot_ws/build/my_robot_base': CMAKE_PREFIX_PATH=${CMAKE_PREFIX_PATH}:/home/duybuntu/ros2_ws_basic/install/my_py_pkg:/home/duybuntu/deli_ws/install/deli_logger:/home/duybuntu/deli_ws/install/mqtt:/home/duybuntu/deli_ws/install/localization:/home/duybuntu/turtlebot3_ws/install/turtlebot3_teleop:/home/duybuntu/turtlebot3_ws/install/turtlebot3_example:/opt/ros/humble /usr/bin/cmake --build /home/duybuntu/carrierbot_ws/build/my_robot_base -- -j12 -l12
[0.993s] Invoked command in '/home/duybuntu/carrierbot_ws/build/my_robot_base' returned '0': CMAKE_PREFIX_PATH=${CMAKE_PREFIX_PATH}:/home/duybuntu/ros2_ws_basic/install/my_py_pkg:/home/duybuntu/deli_ws/install/deli_logger:/home/duybuntu/deli_ws/install/mqtt:/home/duybuntu/deli_ws/install/localization:/home/duybuntu/turtlebot3_ws/install/turtlebot3_teleop:/home/duybuntu/turtlebot3_ws/install/turtlebot3_example:/opt/ros/humble /usr/bin/cmake --build /home/duybuntu/carrierbot_ws/build/my_robot_base -- -j12 -l12
[0.995s] Invoking command in '/home/duybuntu/carrierbot_ws/build/my_robot_base': CMAKE_PREFIX_PATH=${CMAKE_PREFIX_PATH}:/home/duybuntu/ros2_ws_basic/install/my_py_pkg:/home/duybuntu/deli_ws/install/deli_logger:/home/duybuntu/deli_ws/install/mqtt:/home/duybuntu/deli_ws/install/localization:/home/duybuntu/turtlebot3_ws/install/turtlebot3_teleop:/home/duybuntu/turtlebot3_ws/install/turtlebot3_example:/opt/ros/humble /usr/bin/cmake --install /home/duybuntu/carrierbot_ws/build/my_robot_base
[1.005s] -- Install configuration: ""
[1.007s] -- Installing: /home/duybuntu/carrierbot_ws/install/my_robot_base/share/ament_index/resource_index/package_run_dependencies/my_robot_base
[1.007s] -- Installing: /home/duybuntu/carrierbot_ws/install/my_robot_base/share/ament_index/resource_index/parent_prefix_path/my_robot_base
[1.010s] -- Installing: /home/duybuntu/carrierbot_ws/install/my_robot_base/share/my_robot_base/environment/ament_prefix_path.sh
[1.010s] -- Installing: /home/duybuntu/carrierbot_ws/install/my_robot_base/share/my_robot_base/environment/ament_prefix_path.dsv
[1.011s] -- Installing: /home/duybuntu/carrierbot_ws/install/my_robot_base/share/my_robot_base/environment/path.sh
[1.011s] -- Installing: /home/duybuntu/carrierbot_ws/install/my_robot_base/share/my_robot_base/environment/path.dsv
[1.011s] -- Installing: /home/duybuntu/carrierbot_ws/install/my_robot_base/share/my_robot_base/local_setup.bash
[1.011s] -- Installing: /home/duybuntu/carrierbot_ws/install/my_robot_base/share/my_robot_base/local_setup.sh
[1.011s] -- Installing: /home/duybuntu/carrierbot_ws/install/my_robot_base/share/my_robot_base/local_setup.zsh
[1.011s] -- Installing: /home/duybuntu/carrierbot_ws/install/my_robot_base/share/my_robot_base/local_setup.dsv
[1.011s] -- Installing: /home/duybuntu/carrierbot_ws/install/my_robot_base/share/my_robot_base/package.dsv
[1.011s] -- Installing: /home/duybuntu/carrierbot_ws/install/my_robot_base/share/ament_index/resource_index/packages/my_robot_base
[1.011s] -- Installing: /home/duybuntu/carrierbot_ws/install/my_robot_base/share/my_robot_base/cmake/my_robot_baseConfig.cmake
[1.011s] -- Installing: /home/duybuntu/carrierbot_ws/install/my_robot_base/share/my_robot_base/cmake/my_robot_baseConfig-version.cmake
[1.011s] -- Installing: /home/duybuntu/carrierbot_ws/install/my_robot_base/share/my_robot_base/package.xml
[1.031s] Invoked command in '/home/duybuntu/carrierbot_ws/build/my_robot_base' returned '0': CMAKE_PREFIX_PATH=${CMAKE_PREFIX_PATH}:/home/duybuntu/ros2_ws_basic/install/my_py_pkg:/home/duybuntu/deli_ws/install/deli_logger:/home/duybuntu/deli_ws/install/mqtt:/home/duybuntu/deli_ws/install/localization:/home/duybuntu/turtlebot3_ws/install/turtlebot3_teleop:/home/duybuntu/turtlebot3_ws/install/turtlebot3_example:/opt/ros/humble /usr/bin/cmake --install /home/duybuntu/carrierbot_ws/build/my_robot_base
