[0.016s] Invoking command in '/home/duybuntu/carrierbot_ws/build/my_robot_base': CMAKE_PREFIX_PATH=${CMAKE_PREFIX_PATH}:/home/duybuntu/carrierbot_ws/install/my_robot_communicate:/home/duybuntu/ros2_ws_basic/install/my_py_pkg:/home/duybuntu/deli_ws/install/deli_logger:/home/duybuntu/deli_ws/install/mqtt:/home/duybuntu/deli_ws/install/localization:/home/duybuntu/turtlebot3_ws/install/turtlebot3_teleop:/home/duybuntu/turtlebot3_ws/install/turtlebot3_example:/opt/ros/humble /usr/bin/cmake --build /home/duybuntu/carrierbot_ws/build/my_robot_base -- -j12 -l12
[0.048s] -- Found ament_cmake: 1.3.12 (/opt/ros/humble/share/ament_cmake/cmake)
[0.226s] -- Found rclcpp: 16.0.17 (/opt/ros/humble/share/rclcpp/cmake)
[0.259s] -- Found rosidl_generator_c: 3.1.8 (/opt/ros/humble/share/rosidl_generator_c/cmake)
[0.261s] -- Found rosidl_adapter: 3.1.8 (/opt/ros/humble/share/rosidl_adapter/cmake)
[0.267s] -- Found rosidl_generator_cpp: 3.1.8 (/opt/ros/humble/share/rosidl_generator_cpp/cmake)
[0.279s] -- Using all available rosidl_typesupport_c: rosidl_typesupport_fastrtps_c;rosidl_typesupport_introspection_c
[0.293s] -- Using all available rosidl_typesupport_cpp: rosidl_typesupport_fastrtps_cpp;rosidl_typesupport_introspection_cpp
[0.331s] -- Found rmw_implementation_cmake: 6.1.2 (/opt/ros/humble/share/rmw_implementation_cmake/cmake)
[0.333s] -- Found rmw_fastrtps_cpp: 6.2.9 (/opt/ros/humble/share/rmw_fastrtps_cpp/cmake)
[0.486s] -- Using RMW implementation 'rmw_fastrtps_cpp' as default
[0.538s] -- Found example_interfaces: 0.9.3 (/opt/ros/humble/share/example_interfaces/cmake)
[0.579s] -- Found ament_lint_auto: 0.12.15 (/opt/ros/humble/share/ament_lint_auto/cmake)
[0.669s] -- Added test 'cppcheck' to perform static code analysis on C / C++ code
[0.669s] -- Configured cppcheck include dirs: /home/duybuntu/carrierbot_ws/src/my_robot_base/include
[0.669s] -- Configured cppcheck exclude dirs and/or files: 
[0.670s] -- Added test 'lint_cmake' to check CMake code style
[0.671s] -- Added test 'uncrustify' to check C / C++ code style
[0.671s] -- Configured uncrustify additional arguments: 
[0.671s] -- Added test 'xmllint' to check XML markup files
[0.672s] -- Configuring done
[0.692s] -- Generating done
[0.701s] -- Build files have been written to: /home/duybuntu/carrierbot_ws/build/my_robot_base
[0.738s] Consolidate compiler generated dependencies of target can_subscriber
[0.745s] Consolidate compiler generated dependencies of target smartphone
[0.745s] Consolidate compiler generated dependencies of target robot_news_station
[0.753s] [ 16%] Building CXX object CMakeFiles/can_subscriber.dir/src/can_subscriber.cpp.o
[0.764s] [ 83%] Built target robot_news_station
[0.764s] [ 83%] Built target smartphone
[0.765s] /home/duybuntu/carrierbot_ws/src/my_robot_base/src/can_subscriber.cpp: In function ‘int main(int, char**)’:
[0.765s] /home/duybuntu/carrierbot_ws/src/my_robot_base/src/can_subscriber.cpp:4:5: error: ‘rclcpp’ has not been declared
[0.766s]     4 |     rclcpp::init(argc, argv);
[0.766s]       |     ^~~~~~
[0.766s] /home/duybuntu/carrierbot_ws/src/my_robot_base/src/can_subscriber.cpp:5:22: error: ‘make_shared’ is not a member of ‘std’
[0.766s]     5 |     auto node = std::make_shared<CanSubscriberNode>();
[0.766s]       |                      ^~~~~~~~~~~
[0.766s] /home/duybuntu/carrierbot_ws/src/my_robot_base/src/can_subscriber.cpp:2:1: note: ‘std::make_shared’ is defined in header ‘<memory>’; did you forget to ‘#include <memory>’?
[0.766s]     1 | #include "my_robot_base/can_subscriber.hpp"
[0.766s]   +++ |+#include <memory>
[0.766s]     2 | 
[0.767s] /home/duybuntu/carrierbot_ws/src/my_robot_base/src/can_subscriber.cpp:5:34: error: ‘CanSubscriberNode’ was not declared in this scope
[0.767s]     5 |     auto node = std::make_shared<CanSubscriberNode>();
[0.767s]       |                                  ^~~~~~~~~~~~~~~~~
[0.767s] /home/duybuntu/carrierbot_ws/src/my_robot_base/src/can_subscriber.cpp:5:53: error: expected primary-expression before ‘)’ token
[0.767s]     5 |     auto node = std::make_shared<CanSubscriberNode>();
[0.767s]       |                                                     ^
[0.767s] /home/duybuntu/carrierbot_ws/src/my_robot_base/src/can_subscriber.cpp:6:5: error: ‘rclcpp’ has not been declared
[0.767s]     6 |     rclcpp::spin(node);
[0.767s]       |     ^~~~~~
[0.767s] /home/duybuntu/carrierbot_ws/src/my_robot_base/src/can_subscriber.cpp:7:5: error: ‘rclcpp’ has not been declared
[0.767s]     7 |     rclcpp::shutdown();
[0.767s]       |     ^~~~~~
[0.768s] gmake[2]: *** [CMakeFiles/can_subscriber.dir/build.make:76: CMakeFiles/can_subscriber.dir/src/can_subscriber.cpp.o] Error 1
[0.769s] gmake[1]: *** [CMakeFiles/Makefile2:193: CMakeFiles/can_subscriber.dir/all] Error 2
[0.769s] gmake: *** [Makefile:146: all] Error 2
[0.772s] Invoked command in '/home/duybuntu/carrierbot_ws/build/my_robot_base' returned '2': CMAKE_PREFIX_PATH=${CMAKE_PREFIX_PATH}:/home/duybuntu/carrierbot_ws/install/my_robot_communicate:/home/duybuntu/ros2_ws_basic/install/my_py_pkg:/home/duybuntu/deli_ws/install/deli_logger:/home/duybuntu/deli_ws/install/mqtt:/home/duybuntu/deli_ws/install/localization:/home/duybuntu/turtlebot3_ws/install/turtlebot3_teleop:/home/duybuntu/turtlebot3_ws/install/turtlebot3_example:/opt/ros/humble /usr/bin/cmake --build /home/duybuntu/carrierbot_ws/build/my_robot_base -- -j12 -l12
