[0.048s] Invoking command in '/home/duybuntu/carrierbot_ws/build/my_robot_bringup': CMAKE_PREFIX_PATH=${CMAKE_PREFIX_PATH}:/home/duybuntu/ros2_ws_basic/install/my_py_pkg:/home/duybuntu/deli_ws/install/deli_logger:/home/duybuntu/deli_ws/install/mqtt:/home/duybuntu/deli_ws/install/localization:/home/duybuntu/turtlebot3_ws/install/turtlebot3_teleop:/home/duybuntu/turtlebot3_ws/install/turtlebot3_example:/home/duybuntu/carrierbot_ws/install/my_robot_communicate:/opt/ros/humble /usr/bin/cmake --build /home/duybuntu/carrierbot_ws/build/my_robot_bringup -- -j12 -l12
[0.334s] Invoked command in '/home/duybuntu/carrierbot_ws/build/my_robot_bringup' returned '0': CMAKE_PREFIX_PATH=${CMAKE_PREFIX_PATH}:/home/duybuntu/ros2_ws_basic/install/my_py_pkg:/home/duybuntu/deli_ws/install/deli_logger:/home/duybuntu/deli_ws/install/mqtt:/home/duybuntu/deli_ws/install/localization:/home/duybuntu/turtlebot3_ws/install/turtlebot3_teleop:/home/duybuntu/turtlebot3_ws/install/turtlebot3_example:/home/duybuntu/carrierbot_ws/install/my_robot_communicate:/opt/ros/humble /usr/bin/cmake --build /home/duybuntu/carrierbot_ws/build/my_robot_bringup -- -j12 -l12
[0.346s] Invoking command in '/home/duybuntu/carrierbot_ws/build/my_robot_bringup': CMAKE_PREFIX_PATH=${CMAKE_PREFIX_PATH}:/home/duybuntu/ros2_ws_basic/install/my_py_pkg:/home/duybuntu/deli_ws/install/deli_logger:/home/duybuntu/deli_ws/install/mqtt:/home/duybuntu/deli_ws/install/localization:/home/duybuntu/turtlebot3_ws/install/turtlebot3_teleop:/home/duybuntu/turtlebot3_ws/install/turtlebot3_example:/home/duybuntu/carrierbot_ws/install/my_robot_communicate:/opt/ros/humble /usr/bin/cmake --install /home/duybuntu/carrierbot_ws/build/my_robot_bringup
[0.357s] -- Install configuration: ""
[0.357s] -- Up-to-date: /home/duybuntu/carrierbot_ws/install/my_robot_bringup/share/my_robot_bringup/launch
[0.357s] -- Up-to-date: /home/duybuntu/carrierbot_ws/install/my_robot_bringup/share/my_robot_bringup/launch/my_robot_gazebo.launch.py
[0.357s] -- Up-to-date: /home/duybuntu/carrierbot_ws/install/my_robot_bringup/share/my_robot_bringup/launch/my_robot_gazebo.launch.xml
[0.357s] -- Up-to-date: /home/duybuntu/carrierbot_ws/install/my_robot_bringup/share/my_robot_bringup/config
[0.357s] -- Up-to-date: /home/duybuntu/carrierbot_ws/install/my_robot_bringup/share/my_robot_bringup/config/mapper_params_online_async.yaml
[0.358s] -- Up-to-date: /home/duybuntu/carrierbot_ws/install/my_robot_bringup/share/my_robot_bringup/config/gazebo_bridge.yaml
[0.358s] -- Up-to-date: /home/duybuntu/carrierbot_ws/install/my_robot_bringup/share/my_robot_bringup/worlds
[0.358s] -- Up-to-date: /home/duybuntu/carrierbot_ws/install/my_robot_bringup/share/my_robot_bringup/worlds/test_world.world
[0.358s] -- Up-to-date: /home/duybuntu/carrierbot_ws/install/my_robot_bringup/share/my_robot_bringup/worlds/test_world.sdf
[0.358s] -- Up-to-date: /home/duybuntu/carrierbot_ws/install/my_robot_bringup/share/my_robot_bringup/worlds/world.world
[0.358s] -- Up-to-date: /home/duybuntu/carrierbot_ws/install/my_robot_bringup/share/ament_index/resource_index/package_run_dependencies/my_robot_bringup
[0.358s] -- Up-to-date: /home/duybuntu/carrierbot_ws/install/my_robot_bringup/share/ament_index/resource_index/parent_prefix_path/my_robot_bringup
[0.358s] -- Up-to-date: /home/duybuntu/carrierbot_ws/install/my_robot_bringup/share/my_robot_bringup/environment/ament_prefix_path.sh
[0.358s] -- Up-to-date: /home/duybuntu/carrierbot_ws/install/my_robot_bringup/share/my_robot_bringup/environment/ament_prefix_path.dsv
[0.358s] -- Up-to-date: /home/duybuntu/carrierbot_ws/install/my_robot_bringup/share/my_robot_bringup/environment/path.sh
[0.358s] -- Up-to-date: /home/duybuntu/carrierbot_ws/install/my_robot_bringup/share/my_robot_bringup/environment/path.dsv
[0.358s] -- Up-to-date: /home/duybuntu/carrierbot_ws/install/my_robot_bringup/share/my_robot_bringup/local_setup.bash
[0.359s] -- Up-to-date: /home/duybuntu/carrierbot_ws/install/my_robot_bringup/share/my_robot_bringup/local_setup.sh
[0.359s] -- Up-to-date: /home/duybuntu/carrierbot_ws/install/my_robot_bringup/share/my_robot_bringup/local_setup.zsh
[0.359s] -- Up-to-date: /home/duybuntu/carrierbot_ws/install/my_robot_bringup/share/my_robot_bringup/local_setup.dsv
[0.359s] -- Installing: /home/duybuntu/carrierbot_ws/install/my_robot_bringup/share/my_robot_bringup/package.dsv
[0.359s] -- Up-to-date: /home/duybuntu/carrierbot_ws/install/my_robot_bringup/share/ament_index/resource_index/packages/my_robot_bringup
[0.359s] -- Up-to-date: /home/duybuntu/carrierbot_ws/install/my_robot_bringup/share/my_robot_bringup/cmake/my_robot_bringupConfig.cmake
[0.359s] -- Up-to-date: /home/duybuntu/carrierbot_ws/install/my_robot_bringup/share/my_robot_bringup/cmake/my_robot_bringupConfig-version.cmake
[0.359s] -- Up-to-date: /home/duybuntu/carrierbot_ws/install/my_robot_bringup/share/my_robot_bringup/package.xml
[0.361s] Invoked command in '/home/duybuntu/carrierbot_ws/build/my_robot_bringup' returned '0': CMAKE_PREFIX_PATH=${CMAKE_PREFIX_PATH}:/home/duybuntu/ros2_ws_basic/install/my_py_pkg:/home/duybuntu/deli_ws/install/deli_logger:/home/duybuntu/deli_ws/install/mqtt:/home/duybuntu/deli_ws/install/localization:/home/duybuntu/turtlebot3_ws/install/turtlebot3_teleop:/home/duybuntu/turtlebot3_ws/install/turtlebot3_example:/home/duybuntu/carrierbot_ws/install/my_robot_communicate:/opt/ros/humble /usr/bin/cmake --install /home/duybuntu/carrierbot_ws/build/my_robot_bringup
