[0.305s] Invoking command in '/home/duybuntu/carrierbot_ws/build/robot_controller': CMAKE_PREFIX_PATH=${CMAKE_PREFIX_PATH}:/home/duybuntu/ros2_ws_basic/install/my_py_pkg:/home/duybuntu/deli_ws/install/deli_logger:/home/duybuntu/deli_ws/install/mqtt:/home/duybuntu/deli_ws/install/localization:/home/duybuntu/turtlebot3_ws/install/turtlebot3_teleop:/home/duybuntu/turtlebot3_ws/install/turtlebot3_example:/opt/ros/humble /usr/bin/cmake /home/duybuntu/carrierbot_ws/src/robot_controller -DCMAKE_INSTALL_PREFIX=/home/duybuntu/carrierbot_ws/install/robot_controller
[0.384s] -- The C compiler identification is GNU 11.4.0
[0.461s] -- The CXX compiler identification is GNU 11.4.0
[0.469s] -- Detecting C compiler ABI info
[0.572s] -- Detecting C compiler ABI info - done
[0.583s] -- Check for working C compiler: /usr/bin/cc - skipped
[0.583s] -- Detecting C compile features
[0.584s] -- Detecting C compile features - done
[0.587s] -- Detecting CXX compiler ABI info
[0.720s] -- Detecting CXX compiler ABI info - done
[0.731s] -- Check for working CXX compiler: /usr/bin/c++ - skipped
[0.731s] -- Detecting CXX compile features
[0.734s] -- Detecting CXX compile features - done
[0.739s] -- Found ament_cmake: 1.3.12 (/opt/ros/humble/share/ament_cmake/cmake)
[0.969s] -- Found Python3: /usr/bin/python3 (found version "3.10.12") found components: Interpreter 
[1.228s] -- Added test 'flake8' to check Python code syntax and style conventions
[1.229s] -- Added test 'lint_cmake' to check CMake code style
[1.230s] -- Added test 'pep257' to check Python code against some of the docstring style conventions in PEP 257
[1.231s] -- Added test 'xmllint' to check XML markup files
[1.234s] -- Configuring done
[1.238s] -- Generating done
[1.240s] -- Build files have been written to: /home/duybuntu/carrierbot_ws/build/robot_controller
[1.245s] Invoked command in '/home/duybuntu/carrierbot_ws/build/robot_controller' returned '0': CMAKE_PREFIX_PATH=${CMAKE_PREFIX_PATH}:/home/duybuntu/ros2_ws_basic/install/my_py_pkg:/home/duybuntu/deli_ws/install/deli_logger:/home/duybuntu/deli_ws/install/mqtt:/home/duybuntu/deli_ws/install/localization:/home/duybuntu/turtlebot3_ws/install/turtlebot3_teleop:/home/duybuntu/turtlebot3_ws/install/turtlebot3_example:/opt/ros/humble /usr/bin/cmake /home/duybuntu/carrierbot_ws/src/robot_controller -DCMAKE_INSTALL_PREFIX=/home/duybuntu/carrierbot_ws/install/robot_controller
[1.247s] Invoking command in '/home/duybuntu/carrierbot_ws/build/robot_controller': CMAKE_PREFIX_PATH=${CMAKE_PREFIX_PATH}:/home/duybuntu/ros2_ws_basic/install/my_py_pkg:/home/duybuntu/deli_ws/install/deli_logger:/home/duybuntu/deli_ws/install/mqtt:/home/duybuntu/deli_ws/install/localization:/home/duybuntu/turtlebot3_ws/install/turtlebot3_teleop:/home/duybuntu/turtlebot3_ws/install/turtlebot3_example:/opt/ros/humble /usr/bin/cmake --build /home/duybuntu/carrierbot_ws/build/robot_controller -- -j12 -l12
[1.295s] Invoked command in '/home/duybuntu/carrierbot_ws/build/robot_controller' returned '0': CMAKE_PREFIX_PATH=${CMAKE_PREFIX_PATH}:/home/duybuntu/ros2_ws_basic/install/my_py_pkg:/home/duybuntu/deli_ws/install/deli_logger:/home/duybuntu/deli_ws/install/mqtt:/home/duybuntu/deli_ws/install/localization:/home/duybuntu/turtlebot3_ws/install/turtlebot3_teleop:/home/duybuntu/turtlebot3_ws/install/turtlebot3_example:/opt/ros/humble /usr/bin/cmake --build /home/duybuntu/carrierbot_ws/build/robot_controller -- -j12 -l12
[1.298s] Invoking command in '/home/duybuntu/carrierbot_ws/build/robot_controller': CMAKE_PREFIX_PATH=${CMAKE_PREFIX_PATH}:/home/duybuntu/ros2_ws_basic/install/my_py_pkg:/home/duybuntu/deli_ws/install/deli_logger:/home/duybuntu/deli_ws/install/mqtt:/home/duybuntu/deli_ws/install/localization:/home/duybuntu/turtlebot3_ws/install/turtlebot3_teleop:/home/duybuntu/turtlebot3_ws/install/turtlebot3_example:/opt/ros/humble /usr/bin/cmake --install /home/duybuntu/carrierbot_ws/build/robot_controller
[1.307s] -- Install configuration: ""
[1.308s] -- Installing: /home/duybuntu/carrierbot_ws/install/robot_controller/share/robot_controller/config
[1.308s] -- Installing: /home/duybuntu/carrierbot_ws/install/robot_controller/share/robot_controller/config/robot_controller.yaml
[1.309s] -- Installing: /home/duybuntu/carrierbot_ws/install/robot_controller/share/robot_controller/launch
[1.310s] -- Installing: /home/duybuntu/carrierbot_ws/install/robot_controller/share/robot_controller/launch/controller.launch.py
[1.310s] -- Installing: /home/duybuntu/carrierbot_ws/install/robot_controller/share/ament_index/resource_index/package_run_dependencies/robot_controller
[1.310s] -- Installing: /home/duybuntu/carrierbot_ws/install/robot_controller/share/ament_index/resource_index/parent_prefix_path/robot_controller
[1.310s] -- Installing: /home/duybuntu/carrierbot_ws/install/robot_controller/share/robot_controller/environment/ament_prefix_path.sh
[1.310s] -- Installing: /home/duybuntu/carrierbot_ws/install/robot_controller/share/robot_controller/environment/ament_prefix_path.dsv
[1.310s] -- Installing: /home/duybuntu/carrierbot_ws/install/robot_controller/share/robot_controller/environment/path.sh
[1.310s] -- Installing: /home/duybuntu/carrierbot_ws/install/robot_controller/share/robot_controller/environment/path.dsv
[1.310s] -- Installing: /home/duybuntu/carrierbot_ws/install/robot_controller/share/robot_controller/local_setup.bash
[1.310s] -- Installing: /home/duybuntu/carrierbot_ws/install/robot_controller/share/robot_controller/local_setup.sh
[1.310s] -- Installing: /home/duybuntu/carrierbot_ws/install/robot_controller/share/robot_controller/local_setup.zsh
[1.311s] -- Installing: /home/duybuntu/carrierbot_ws/install/robot_controller/share/robot_controller/local_setup.dsv
[1.311s] -- Installing: /home/duybuntu/carrierbot_ws/install/robot_controller/share/robot_controller/package.dsv
[1.311s] -- Installing: /home/duybuntu/carrierbot_ws/install/robot_controller/share/ament_index/resource_index/packages/robot_controller
[1.311s] -- Installing: /home/duybuntu/carrierbot_ws/install/robot_controller/share/robot_controller/cmake/robot_controllerConfig.cmake
[1.311s] -- Installing: /home/duybuntu/carrierbot_ws/install/robot_controller/share/robot_controller/cmake/robot_controllerConfig-version.cmake
[1.311s] -- Installing: /home/duybuntu/carrierbot_ws/install/robot_controller/share/robot_controller/package.xml
[1.321s] Invoked command in '/home/duybuntu/carrierbot_ws/build/robot_controller' returned '0': CMAKE_PREFIX_PATH=${CMAKE_PREFIX_PATH}:/home/duybuntu/ros2_ws_basic/install/my_py_pkg:/home/duybuntu/deli_ws/install/deli_logger:/home/duybuntu/deli_ws/install/mqtt:/home/duybuntu/deli_ws/install/localization:/home/duybuntu/turtlebot3_ws/install/turtlebot3_teleop:/home/duybuntu/turtlebot3_ws/install/turtlebot3_example:/opt/ros/humble /usr/bin/cmake --install /home/duybuntu/carrierbot_ws/build/robot_controller
