[0.067s] Invoking command in '/home/duybuntu/carrierbot_ws/build/my_robot_base': CMAKE_PREFIX_PATH=${CMAKE_PREFIX_PATH}:/home/duybuntu/carrierbot_ws/install/my_robot_communicate:/home/duybuntu/ros2_ws_basic/install/my_py_pkg:/home/duybuntu/deli_ws/install/deli_logger:/home/duybuntu/deli_ws/install/mqtt:/home/duybuntu/deli_ws/install/localization:/home/duybuntu/turtlebot3_ws/install/turtlebot3_teleop:/home/duybuntu/turtlebot3_ws/install/turtlebot3_example:/opt/ros/humble /usr/bin/cmake --build /home/duybuntu/carrierbot_ws/build/my_robot_base -- -j12 -l12
[0.438s] -- Found ament_cmake: 1.3.12 (/opt/ros/humble/share/ament_cmake/cmake)
[0.438s] -- Found rclcpp: 16.0.17 (/opt/ros/humble/share/rclcpp/cmake)
[0.439s] -- Found rosidl_generator_c: 3.1.8 (/opt/ros/humble/share/rosidl_generator_c/cmake)
[0.439s] -- Found rosidl_adapter: 3.1.8 (/opt/ros/humble/share/rosidl_adapter/cmake)
[0.440s] -- Found rosidl_generator_cpp: 3.1.8 (/opt/ros/humble/share/rosidl_generator_cpp/cmake)
[0.440s] -- Using all available rosidl_typesupport_c: rosidl_typesupport_fastrtps_c;rosidl_typesupport_introspection_c
[0.441s] -- Using all available rosidl_typesupport_cpp: rosidl_typesupport_fastrtps_cpp;rosidl_typesupport_introspection_cpp
[0.441s] -- Found rmw_implementation_cmake: 6.1.2 (/opt/ros/humble/share/rmw_implementation_cmake/cmake)
[0.441s] -- Found rmw_fastrtps_cpp: 6.2.9 (/opt/ros/humble/share/rmw_fastrtps_cpp/cmake)
[0.607s] -- Using RMW implementation 'rmw_fastrtps_cpp' as default
[0.662s] -- Found example_interfaces: 0.9.3 (/opt/ros/humble/share/example_interfaces/cmake)
[0.703s] -- Found ament_lint_auto: 0.12.15 (/opt/ros/humble/share/ament_lint_auto/cmake)
[0.808s] -- Added test 'cppcheck' to perform static code analysis on C / C++ code
[0.808s] -- Configured cppcheck include dirs: /home/duybuntu/carrierbot_ws/src/my_robot_base/include
[0.808s] -- Configured cppcheck exclude dirs and/or files: 
[0.809s] -- Added test 'lint_cmake' to check CMake code style
[0.811s] -- Added test 'uncrustify' to check C / C++ code style
[0.811s] -- Configured uncrustify additional arguments: 
[0.811s] -- Added test 'xmllint' to check XML markup files
[0.812s] -- Configuring done
[0.834s] -- Generating done
[0.843s] -- Build files have been written to: /home/duybuntu/carrierbot_ws/build/my_robot_base
[0.884s] [35m[1mConsolidate compiler generated dependencies of target smartphone[0m
[0.884s] [35m[1mConsolidate compiler generated dependencies of target robot_news_station[0m
[0.887s] [35m[1mConsolidate compiler generated dependencies of target can_subscriber[0m
[0.914s] [ 33%] Built target smartphone
[0.916s] [ 50%] [32mBuilding CXX object CMakeFiles/can_subscriber.dir/src/can_subscriber.cpp.o[0m
[0.919s] [ 83%] Built target robot_news_station
[4.504s] [100%] [32m[1mLinking CXX executable can_subscriber[0m
[4.699s] [100%] Built target can_subscriber
[4.717s] Invoked command in '/home/duybuntu/carrierbot_ws/build/my_robot_base' returned '0': CMAKE_PREFIX_PATH=${CMAKE_PREFIX_PATH}:/home/duybuntu/carrierbot_ws/install/my_robot_communicate:/home/duybuntu/ros2_ws_basic/install/my_py_pkg:/home/duybuntu/deli_ws/install/deli_logger:/home/duybuntu/deli_ws/install/mqtt:/home/duybuntu/deli_ws/install/localization:/home/duybuntu/turtlebot3_ws/install/turtlebot3_teleop:/home/duybuntu/turtlebot3_ws/install/turtlebot3_example:/opt/ros/humble /usr/bin/cmake --build /home/duybuntu/carrierbot_ws/build/my_robot_base -- -j12 -l12
[4.719s] Invoking command in '/home/duybuntu/carrierbot_ws/build/my_robot_base': CMAKE_PREFIX_PATH=${CMAKE_PREFIX_PATH}:/home/duybuntu/carrierbot_ws/install/my_robot_communicate:/home/duybuntu/ros2_ws_basic/install/my_py_pkg:/home/duybuntu/deli_ws/install/deli_logger:/home/duybuntu/deli_ws/install/mqtt:/home/duybuntu/deli_ws/install/localization:/home/duybuntu/turtlebot3_ws/install/turtlebot3_teleop:/home/duybuntu/turtlebot3_ws/install/turtlebot3_example:/opt/ros/humble /usr/bin/cmake --install /home/duybuntu/carrierbot_ws/build/my_robot_base
[4.728s] -- Install configuration: ""
[4.729s] -- Up-to-date: /home/duybuntu/carrierbot_ws/install/my_robot_base/lib/my_robot_base/robot_news_station
[4.729s] -- Up-to-date: /home/duybuntu/carrierbot_ws/install/my_robot_base/lib/my_robot_base/smartphone
[4.729s] -- Installing: /home/duybuntu/carrierbot_ws/install/my_robot_base/lib/my_robot_base/can_subscriber
[4.730s] -- Set runtime path of "/home/duybuntu/carrierbot_ws/install/my_robot_base/lib/my_robot_base/can_subscriber" to ""
[4.730s] -- Up-to-date: /home/duybuntu/carrierbot_ws/install/my_robot_base/share/ament_index/resource_index/package_run_dependencies/my_robot_base
[4.730s] -- Up-to-date: /home/duybuntu/carrierbot_ws/install/my_robot_base/share/ament_index/resource_index/parent_prefix_path/my_robot_base
[4.730s] -- Up-to-date: /home/duybuntu/carrierbot_ws/install/my_robot_base/share/my_robot_base/environment/ament_prefix_path.sh
[4.731s] -- Installing: /home/duybuntu/carrierbot_ws/install/my_robot_base/share/my_robot_base/environment/ament_prefix_path.dsv
[4.731s] -- Up-to-date: /home/duybuntu/carrierbot_ws/install/my_robot_base/share/my_robot_base/environment/path.sh
[4.731s] -- Installing: /home/duybuntu/carrierbot_ws/install/my_robot_base/share/my_robot_base/environment/path.dsv
[4.731s] -- Up-to-date: /home/duybuntu/carrierbot_ws/install/my_robot_base/share/my_robot_base/local_setup.bash
[4.731s] -- Up-to-date: /home/duybuntu/carrierbot_ws/install/my_robot_base/share/my_robot_base/local_setup.sh
[4.732s] -- Up-to-date: /home/duybuntu/carrierbot_ws/install/my_robot_base/share/my_robot_base/local_setup.zsh
[4.732s] -- Installing: /home/duybuntu/carrierbot_ws/install/my_robot_base/share/my_robot_base/local_setup.dsv
[4.732s] -- Installing: /home/duybuntu/carrierbot_ws/install/my_robot_base/share/my_robot_base/package.dsv
[4.732s] -- Up-to-date: /home/duybuntu/carrierbot_ws/install/my_robot_base/share/ament_index/resource_index/packages/my_robot_base
[4.732s] -- Up-to-date: /home/duybuntu/carrierbot_ws/install/my_robot_base/share/my_robot_base/cmake/my_robot_baseConfig.cmake
[4.732s] -- Up-to-date: /home/duybuntu/carrierbot_ws/install/my_robot_base/share/my_robot_base/cmake/my_robot_baseConfig-version.cmake
[4.732s] -- Up-to-date: /home/duybuntu/carrierbot_ws/install/my_robot_base/share/my_robot_base/package.xml
[4.736s] Invoked command in '/home/duybuntu/carrierbot_ws/build/my_robot_base' returned '0': CMAKE_PREFIX_PATH=${CMAKE_PREFIX_PATH}:/home/duybuntu/carrierbot_ws/install/my_robot_communicate:/home/duybuntu/ros2_ws_basic/install/my_py_pkg:/home/duybuntu/deli_ws/install/deli_logger:/home/duybuntu/deli_ws/install/mqtt:/home/duybuntu/deli_ws/install/localization:/home/duybuntu/turtlebot3_ws/install/turtlebot3_teleop:/home/duybuntu/turtlebot3_ws/install/turtlebot3_example:/opt/ros/humble /usr/bin/cmake --install /home/duybuntu/carrierbot_ws/build/my_robot_base
