[35m[1mConsolidate compiler generated dependencies of target can_publisher[0m
[ 12%] [32mBuilding CXX object CMakeFiles/can_publisher.dir/src/can_publisher.cpp.o[0m
[ 50%] [32mBuilding CXX object CMakeFiles/can_subscriber.dir/src/can_subscriber.cpp.o[0m
[ 50%] Built target smartphone
[ 75%] Built target robot_news_station
[01m[K/home/duybuntu/carrierbot_ws/src/my_robot_base/src/can_publisher.cpp:[m[K In function ‘[01m[Kint main(int, char**)[m[K’:
[01m[K/home/duybuntu/carrierbot_ws/src/my_robot_base/src/can_publisher.cpp:5:5:[m[K [01;31m[Kerror: [m[K‘[01m[Krclcpp[m[K’ has not been declared
    5 |     [01;31m[Krclcpp[m[K::init(argc, argv);
      |     [01;31m[K^~~~~~[m[K
[01m[K/home/duybuntu/carrierbot_ws/src/my_robot_base/src/can_publisher.cpp:6:34:[m[K [01;31m[Kerror: [m[K‘[01m[KCanPublisherNode[m[K’ was not declared in this scope
    6 |     auto node = std::make_shared<[01;31m[KCanPublisherNode[m[K>();
      |                                  [01;31m[K^~~~~~~~~~~~~~~~[m[K
[01m[K/home/duybuntu/carrierbot_ws/src/my_robot_base/src/can_publisher.cpp:6:51:[m[K [01;31m[Kerror: [m[Kno matching function for call to ‘[01m[Kmake_shared<<expression error> >()[m[K’
    6 |     auto node = [01;31m[Kstd::make_shared<CanPublisherNode>()[m[K;
      |                 [01;31m[K~~~~~~~~~~~~~~~~~~~~~~~~~~~~~~~~~~^~[m[K
In file included from [01m[K/usr/include/c++/11/memory:77[m[K,
                 from [01m[K/home/duybuntu/carrierbot_ws/src/my_robot_base/src/can_publisher.cpp:2[m[K:
[01m[K/usr/include/c++/11/bits/shared_ptr.h:875:5:[m[K [01;36m[Knote: [m[Kcandidate: ‘[01m[Ktemplate<class _Tp, class ... _Args> std::shared_ptr<_Tp> std::make_shared(_Args&& ...)[m[K’
  875 |     [01;36m[Kmake_shared[m[K(_Args&&... __args)
      |     [01;36m[K^~~~~~~~~~~[m[K
[01m[K/usr/include/c++/11/bits/shared_ptr.h:875:5:[m[K [01;36m[Knote: [m[K  template argument deduction/substitution failed:
[01m[K/home/duybuntu/carrierbot_ws/src/my_robot_base/src/can_publisher.cpp:6:51:[m[K [01;31m[Kerror: [m[Ktemplate argument 1 is invalid
    6 |     auto node = [01;31m[Kstd::make_shared<CanPublisherNode>()[m[K;
      |                 [01;31m[K~~~~~~~~~~~~~~~~~~~~~~~~~~~~~~~~~~^~[m[K
[01m[K/home/duybuntu/carrierbot_ws/src/my_robot_base/src/can_publisher.cpp:7:5:[m[K [01;31m[Kerror: [m[K‘[01m[Krclcpp[m[K’ has not been declared
    7 |     [01;31m[Krclcpp[m[K::spin(node);
      |     [01;31m[K^~~~~~[m[K
[01m[K/home/duybuntu/carrierbot_ws/src/my_robot_base/src/can_publisher.cpp:8:5:[m[K [01;31m[Kerror: [m[K‘[01m[Krclcpp[m[K’ has not been declared
    8 |     [01;31m[Krclcpp[m[K::shutdown();
      |     [01;31m[K^~~~~~[m[K
gmake[2]: *** [CMakeFiles/can_publisher.dir/build.make:76: CMakeFiles/can_publisher.dir/src/can_publisher.cpp.o] Error 1
gmake[1]: *** [CMakeFiles/Makefile2:221: CMakeFiles/can_publisher.dir/all] Error 2
gmake[1]: *** Waiting for unfinished jobs....
[ 87%] [32m[1mLinking CXX executable can_subscriber[0m
[ 87%] Built target can_subscriber
gmake: *** [Makefile:146: all] Error 2
