[0.014s] Invoking command in '/home/duybuntu/carrierbot_ws/build/my_robot_base': CMAKE_PREFIX_PATH=${CMAKE_PREFIX_PATH}:/home/duybuntu/carrierbot_ws/install/my_robot_communicate:/home/duybuntu/ros2_ws_basic/install/my_py_pkg:/home/duybuntu/deli_ws/install/deli_logger:/home/duybuntu/deli_ws/install/mqtt:/home/duybuntu/deli_ws/install/localization:/home/duybuntu/turtlebot3_ws/install/turtlebot3_teleop:/home/duybuntu/turtlebot3_ws/install/turtlebot3_example:/opt/ros/humble /usr/bin/cmake --build /home/duybuntu/carrierbot_ws/build/my_robot_base -- -j12 -l12
[0.075s] [35m[1mConsolidate compiler generated dependencies of target can_publisher[0m
[0.093s] [ 12%] [32mBuilding CXX object CMakeFiles/can_publisher.dir/src/can_publisher.cpp.o[0m
[0.094s] [ 50%] [32mBuilding CXX object CMakeFiles/can_subscriber.dir/src/can_subscriber.cpp.o[0m
[0.094s] [ 50%] Built target smartphone
[0.095s] [ 75%] Built target robot_news_station
[0.263s] [01m[K/home/duybuntu/carrierbot_ws/src/my_robot_base/src/can_publisher.cpp:[m[K In function ‘[01m[Kint main(int, char**)[m[K’:
[0.264s] [01m[K/home/duybuntu/carrierbot_ws/src/my_robot_base/src/can_publisher.cpp:5:5:[m[K [01;31m[Kerror: [m[K‘[01m[Krclcpp[m[K’ has not been declared
[0.264s]     5 |     [01;31m[Krclcpp[m[K::init(argc, argv);
[0.264s]       |     [01;31m[K^~~~~~[m[K
[0.265s] [01m[K/home/duybuntu/carrierbot_ws/src/my_robot_base/src/can_publisher.cpp:6:34:[m[K [01;31m[Kerror: [m[K‘[01m[KCanPublisherNode[m[K’ was not declared in this scope
[0.265s]     6 |     auto node = std::make_shared<[01;31m[KCanPublisherNode[m[K>();
[0.265s]       |                                  [01;31m[K^~~~~~~~~~~~~~~~[m[K
[0.265s] [01m[K/home/duybuntu/carrierbot_ws/src/my_robot_base/src/can_publisher.cpp:6:51:[m[K [01;31m[Kerror: [m[Kno matching function for call to ‘[01m[Kmake_shared<<expression error> >()[m[K’
[0.265s]     6 |     auto node = [01;31m[Kstd::make_shared<CanPublisherNode>()[m[K;
[0.266s]       |                 [01;31m[K~~~~~~~~~~~~~~~~~~~~~~~~~~~~~~~~~~^~[m[K
[0.266s] In file included from [01m[K/usr/include/c++/11/memory:77[m[K,
[0.266s]                  from [01m[K/home/duybuntu/carrierbot_ws/src/my_robot_base/src/can_publisher.cpp:2[m[K:
[0.266s] [01m[K/usr/include/c++/11/bits/shared_ptr.h:875:5:[m[K [01;36m[Knote: [m[Kcandidate: ‘[01m[Ktemplate<class _Tp, class ... _Args> std::shared_ptr<_Tp> std::make_shared(_Args&& ...)[m[K’
[0.266s]   875 |     [01;36m[Kmake_shared[m[K(_Args&&... __args)
[0.266s]       |     [01;36m[K^~~~~~~~~~~[m[K
[0.266s] [01m[K/usr/include/c++/11/bits/shared_ptr.h:875:5:[m[K [01;36m[Knote: [m[K  template argument deduction/substitution failed:
[0.266s] [01m[K/home/duybuntu/carrierbot_ws/src/my_robot_base/src/can_publisher.cpp:6:51:[m[K [01;31m[Kerror: [m[Ktemplate argument 1 is invalid
[0.266s]     6 |     auto node = [01;31m[Kstd::make_shared<CanPublisherNode>()[m[K;
[0.266s]       |                 [01;31m[K~~~~~~~~~~~~~~~~~~~~~~~~~~~~~~~~~~^~[m[K
[0.266s] [01m[K/home/duybuntu/carrierbot_ws/src/my_robot_base/src/can_publisher.cpp:7:5:[m[K [01;31m[Kerror: [m[K‘[01m[Krclcpp[m[K’ has not been declared
[0.266s]     7 |     [01;31m[Krclcpp[m[K::spin(node);
[0.266s]       |     [01;31m[K^~~~~~[m[K
[0.266s] [01m[K/home/duybuntu/carrierbot_ws/src/my_robot_base/src/can_publisher.cpp:8:5:[m[K [01;31m[Kerror: [m[K‘[01m[Krclcpp[m[K’ has not been declared
[0.267s]     8 |     [01;31m[Krclcpp[m[K::shutdown();
[0.267s]       |     [01;31m[K^~~~~~[m[K
[0.275s] gmake[2]: *** [CMakeFiles/can_publisher.dir/build.make:76: CMakeFiles/can_publisher.dir/src/can_publisher.cpp.o] Error 1
[0.275s] gmake[1]: *** [CMakeFiles/Makefile2:221: CMakeFiles/can_publisher.dir/all] Error 2
[0.276s] gmake[1]: *** Waiting for unfinished jobs....
[3.356s] [ 87%] [32m[1mLinking CXX executable can_subscriber[0m
[3.557s] [ 87%] Built target can_subscriber
[3.560s] gmake: *** [Makefile:146: all] Error 2
[3.565s] Invoked command in '/home/duybuntu/carrierbot_ws/build/my_robot_base' returned '2': CMAKE_PREFIX_PATH=${CMAKE_PREFIX_PATH}:/home/duybuntu/carrierbot_ws/install/my_robot_communicate:/home/duybuntu/ros2_ws_basic/install/my_py_pkg:/home/duybuntu/deli_ws/install/deli_logger:/home/duybuntu/deli_ws/install/mqtt:/home/duybuntu/deli_ws/install/localization:/home/duybuntu/turtlebot3_ws/install/turtlebot3_teleop:/home/duybuntu/turtlebot3_ws/install/turtlebot3_example:/opt/ros/humble /usr/bin/cmake --build /home/duybuntu/carrierbot_ws/build/my_robot_base -- -j12 -l12
