[0.120s] DEBUG:colcon:Command line arguments: ['/usr/bin/colcon', 'build']
[0.120s] DEBUG:colcon:Parsed command line arguments: Namespace(log_base=None, log_level=None, verb_name='build', build_base='build', install_base='install', merge_install=False, symlink_install=False, test_result_base=None, continue_on_error=False, executor='parallel', parallel_workers=12, event_handlers=None, ignore_user_meta=False, metas=['./colcon.meta'], base_paths=['.'], packages_ignore=None, packages_ignore_regex=None, paths=None, packages_up_to=None, packages_up_to_regex=None, packages_above=None, packages_above_and_dependencies=None, packages_above_depth=None, packages_select_by_dep=None, packages_skip_by_dep=None, packages_skip_up_to=None, packages_select_build_failed=False, packages_skip_build_finished=False, packages_select_test_failures=False, packages_skip_test_passed=False, packages_select=None, packages_skip=None, packages_select_regex=None, packages_skip_regex=None, packages_start=None, packages_end=None, allow_overriding=[], cmake_args=None, cmake_target=None, cmake_target_skip_unavailable=False, cmake_clean_cache=False, cmake_clean_first=False, cmake_force_configure=False, ament_cmake_args=None, catkin_cmake_args=None, catkin_skip_building_tests=False, mixin_files=None, mixin=None, verb_parser=<colcon_mixin.mixin.mixin_argument.MixinArgumentDecorator object at 0x733ef0e476a0>, verb_extension=<colcon_core.verb.build.BuildVerb object at 0x733ef0e47190>, main=<bound method BuildVerb.main of <colcon_core.verb.build.BuildVerb object at 0x733ef0e47190>>, mixin_verb=('build',))
[0.302s] Level 1:colcon.colcon_core.package_discovery:discover_packages(colcon_meta) check parameters
[0.302s] Level 1:colcon.colcon_core.package_discovery:discover_packages(recursive) check parameters
[0.302s] Level 1:colcon.colcon_core.package_discovery:discover_packages(ignore) check parameters
[0.302s] Level 1:colcon.colcon_core.package_discovery:discover_packages(path) check parameters
[0.302s] Level 1:colcon.colcon_core.package_discovery:discover_packages(colcon_meta) discover
[0.302s] Level 1:colcon.colcon_core.package_discovery:discover_packages(recursive) discover
[0.302s] INFO:colcon.colcon_core.package_discovery:Crawling recursively for packages in '/home/duybuntu/carrierbot_ws'
[0.302s] Level 1:colcon.colcon_core.package_identification:_identify(.) by extensions ['ignore', 'ignore_ament_install']
[0.302s] Level 1:colcon.colcon_core.package_identification:_identify(.) by extension 'ignore'
[0.303s] Level 1:colcon.colcon_core.package_identification:_identify(.) by extension 'ignore_ament_install'
[0.303s] Level 1:colcon.colcon_core.package_identification:_identify(.) by extensions ['colcon_pkg']
[0.303s] Level 1:colcon.colcon_core.package_identification:_identify(.) by extension 'colcon_pkg'
[0.303s] Level 1:colcon.colcon_core.package_identification:_identify(.) by extensions ['colcon_meta']
[0.303s] Level 1:colcon.colcon_core.package_identification:_identify(.) by extension 'colcon_meta'
[0.303s] Level 1:colcon.colcon_core.package_identification:_identify(.) by extensions ['ros']
[0.303s] Level 1:colcon.colcon_core.package_identification:_identify(.) by extension 'ros'
[0.314s] Level 1:colcon.colcon_core.package_identification:_identify(.) by extensions ['cmake', 'python']
[0.314s] Level 1:colcon.colcon_core.package_identification:_identify(.) by extension 'cmake'
[0.314s] Level 1:colcon.colcon_core.package_identification:_identify(.) by extension 'python'
[0.314s] Level 1:colcon.colcon_core.package_identification:_identify(.) by extensions ['python_setup_py']
[0.314s] Level 1:colcon.colcon_core.package_identification:_identify(.) by extension 'python_setup_py'
[0.314s] Level 1:colcon.colcon_core.package_identification:_identify(build) by extensions ['ignore', 'ignore_ament_install']
[0.314s] Level 1:colcon.colcon_core.package_identification:_identify(build) by extension 'ignore'
[0.314s] Level 1:colcon.colcon_core.package_identification:_identify(build) ignored
[0.315s] Level 1:colcon.colcon_core.package_identification:_identify(install) by extensions ['ignore', 'ignore_ament_install']
[0.315s] Level 1:colcon.colcon_core.package_identification:_identify(install) by extension 'ignore'
[0.315s] Level 1:colcon.colcon_core.package_identification:_identify(install) ignored
[0.315s] Level 1:colcon.colcon_core.package_identification:_identify(log) by extensions ['ignore', 'ignore_ament_install']
[0.315s] Level 1:colcon.colcon_core.package_identification:_identify(log) by extension 'ignore'
[0.315s] Level 1:colcon.colcon_core.package_identification:_identify(log) ignored
[0.315s] Level 1:colcon.colcon_core.package_identification:_identify(src) by extensions ['ignore', 'ignore_ament_install']
[0.315s] Level 1:colcon.colcon_core.package_identification:_identify(src) by extension 'ignore'
[0.315s] Level 1:colcon.colcon_core.package_identification:_identify(src) by extension 'ignore_ament_install'
[0.315s] Level 1:colcon.colcon_core.package_identification:_identify(src) by extensions ['colcon_pkg']
[0.315s] Level 1:colcon.colcon_core.package_identification:_identify(src) by extension 'colcon_pkg'
[0.315s] Level 1:colcon.colcon_core.package_identification:_identify(src) by extensions ['colcon_meta']
[0.315s] Level 1:colcon.colcon_core.package_identification:_identify(src) by extension 'colcon_meta'
[0.315s] Level 1:colcon.colcon_core.package_identification:_identify(src) by extensions ['ros']
[0.315s] Level 1:colcon.colcon_core.package_identification:_identify(src) by extension 'ros'
[0.315s] Level 1:colcon.colcon_core.package_identification:_identify(src) by extensions ['cmake', 'python']
[0.316s] Level 1:colcon.colcon_core.package_identification:_identify(src) by extension 'cmake'
[0.316s] Level 1:colcon.colcon_core.package_identification:_identify(src) by extension 'python'
[0.316s] Level 1:colcon.colcon_core.package_identification:_identify(src) by extensions ['python_setup_py']
[0.316s] Level 1:colcon.colcon_core.package_identification:_identify(src) by extension 'python_setup_py'
[0.316s] Level 1:colcon.colcon_core.package_identification:_identify(src/config) by extensions ['ignore', 'ignore_ament_install']
[0.316s] Level 1:colcon.colcon_core.package_identification:_identify(src/config) by extension 'ignore'
[0.316s] Level 1:colcon.colcon_core.package_identification:_identify(src/config) by extension 'ignore_ament_install'
[0.316s] Level 1:colcon.colcon_core.package_identification:_identify(src/config) by extensions ['colcon_pkg']
[0.316s] Level 1:colcon.colcon_core.package_identification:_identify(src/config) by extension 'colcon_pkg'
[0.316s] Level 1:colcon.colcon_core.package_identification:_identify(src/config) by extensions ['colcon_meta']
[0.316s] Level 1:colcon.colcon_core.package_identification:_identify(src/config) by extension 'colcon_meta'
[0.316s] Level 1:colcon.colcon_core.package_identification:_identify(src/config) by extensions ['ros']
[0.316s] Level 1:colcon.colcon_core.package_identification:_identify(src/config) by extension 'ros'
[0.316s] Level 1:colcon.colcon_core.package_identification:_identify(src/config) by extensions ['cmake', 'python']
[0.316s] Level 1:colcon.colcon_core.package_identification:_identify(src/config) by extension 'cmake'
[0.316s] Level 1:colcon.colcon_core.package_identification:_identify(src/config) by extension 'python'
[0.316s] Level 1:colcon.colcon_core.package_identification:_identify(src/config) by extensions ['python_setup_py']
[0.316s] Level 1:colcon.colcon_core.package_identification:_identify(src/config) by extension 'python_setup_py'
[0.316s] Level 1:colcon.colcon_core.package_identification:_identify(src/my_robot_base) by extensions ['ignore', 'ignore_ament_install']
[0.316s] Level 1:colcon.colcon_core.package_identification:_identify(src/my_robot_base) by extension 'ignore'
[0.317s] Level 1:colcon.colcon_core.package_identification:_identify(src/my_robot_base) by extension 'ignore_ament_install'
[0.317s] Level 1:colcon.colcon_core.package_identification:_identify(src/my_robot_base) by extensions ['colcon_pkg']
[0.317s] Level 1:colcon.colcon_core.package_identification:_identify(src/my_robot_base) by extension 'colcon_pkg'
[0.317s] Level 1:colcon.colcon_core.package_identification:_identify(src/my_robot_base) by extensions ['colcon_meta']
[0.317s] Level 1:colcon.colcon_core.package_identification:_identify(src/my_robot_base) by extension 'colcon_meta'
[0.317s] Level 1:colcon.colcon_core.package_identification:_identify(src/my_robot_base) by extensions ['ros']
[0.317s] Level 1:colcon.colcon_core.package_identification:_identify(src/my_robot_base) by extension 'ros'
[0.320s] DEBUG:colcon.colcon_core.package_identification:Package 'src/my_robot_base' with type 'ros.ament_cmake' and name 'my_robot_base'
[0.321s] Level 1:colcon.colcon_core.package_identification:_identify(src/my_robot_bringup) by extensions ['ignore', 'ignore_ament_install']
[0.321s] Level 1:colcon.colcon_core.package_identification:_identify(src/my_robot_bringup) by extension 'ignore'
[0.321s] Level 1:colcon.colcon_core.package_identification:_identify(src/my_robot_bringup) by extension 'ignore_ament_install'
[0.321s] Level 1:colcon.colcon_core.package_identification:_identify(src/my_robot_bringup) by extensions ['colcon_pkg']
[0.321s] Level 1:colcon.colcon_core.package_identification:_identify(src/my_robot_bringup) by extension 'colcon_pkg'
[0.321s] Level 1:colcon.colcon_core.package_identification:_identify(src/my_robot_bringup) by extensions ['colcon_meta']
[0.321s] Level 1:colcon.colcon_core.package_identification:_identify(src/my_robot_bringup) by extension 'colcon_meta'
[0.321s] Level 1:colcon.colcon_core.package_identification:_identify(src/my_robot_bringup) by extensions ['ros']
[0.321s] Level 1:colcon.colcon_core.package_identification:_identify(src/my_robot_bringup) by extension 'ros'
[0.324s] DEBUG:colcon.colcon_core.package_identification:Package 'src/my_robot_bringup' with type 'ros.ament_cmake' and name 'my_robot_bringup'
[0.325s] Level 1:colcon.colcon_core.package_identification:_identify(src/my_robot_communicate) by extensions ['ignore', 'ignore_ament_install']
[0.325s] Level 1:colcon.colcon_core.package_identification:_identify(src/my_robot_communicate) by extension 'ignore'
[0.325s] Level 1:colcon.colcon_core.package_identification:_identify(src/my_robot_communicate) by extension 'ignore_ament_install'
[0.325s] Level 1:colcon.colcon_core.package_identification:_identify(src/my_robot_communicate) by extensions ['colcon_pkg']
[0.325s] Level 1:colcon.colcon_core.package_identification:_identify(src/my_robot_communicate) by extension 'colcon_pkg'
[0.325s] Level 1:colcon.colcon_core.package_identification:_identify(src/my_robot_communicate) by extensions ['colcon_meta']
[0.325s] Level 1:colcon.colcon_core.package_identification:_identify(src/my_robot_communicate) by extension 'colcon_meta'
[0.325s] Level 1:colcon.colcon_core.package_identification:_identify(src/my_robot_communicate) by extensions ['ros']
[0.325s] Level 1:colcon.colcon_core.package_identification:_identify(src/my_robot_communicate) by extension 'ros'
[0.326s] DEBUG:colcon.colcon_core.package_identification:Package 'src/my_robot_communicate' with type 'ros.ament_python' and name 'my_robot_communicate'
[0.326s] Level 1:colcon.colcon_core.package_identification:_identify(src/my_robot_description) by extensions ['ignore', 'ignore_ament_install']
[0.326s] Level 1:colcon.colcon_core.package_identification:_identify(src/my_robot_description) by extension 'ignore'
[0.326s] Level 1:colcon.colcon_core.package_identification:_identify(src/my_robot_description) by extension 'ignore_ament_install'
[0.326s] Level 1:colcon.colcon_core.package_identification:_identify(src/my_robot_description) by extensions ['colcon_pkg']
[0.326s] Level 1:colcon.colcon_core.package_identification:_identify(src/my_robot_description) by extension 'colcon_pkg'
[0.326s] Level 1:colcon.colcon_core.package_identification:_identify(src/my_robot_description) by extensions ['colcon_meta']
[0.326s] Level 1:colcon.colcon_core.package_identification:_identify(src/my_robot_description) by extension 'colcon_meta'
[0.326s] Level 1:colcon.colcon_core.package_identification:_identify(src/my_robot_description) by extensions ['ros']
[0.326s] Level 1:colcon.colcon_core.package_identification:_identify(src/my_robot_description) by extension 'ros'
[0.327s] DEBUG:colcon.colcon_core.package_identification:Package 'src/my_robot_description' with type 'ros.ament_cmake' and name 'my_robot_description'
[0.327s] Level 1:colcon.colcon_core.package_identification:_identify(src/my_robot_localization) by extensions ['ignore', 'ignore_ament_install']
[0.327s] Level 1:colcon.colcon_core.package_identification:_identify(src/my_robot_localization) by extension 'ignore'
[0.327s] Level 1:colcon.colcon_core.package_identification:_identify(src/my_robot_localization) by extension 'ignore_ament_install'
[0.327s] Level 1:colcon.colcon_core.package_identification:_identify(src/my_robot_localization) by extensions ['colcon_pkg']
[0.327s] Level 1:colcon.colcon_core.package_identification:_identify(src/my_robot_localization) by extension 'colcon_pkg'
[0.327s] Level 1:colcon.colcon_core.package_identification:_identify(src/my_robot_localization) by extensions ['colcon_meta']
[0.327s] Level 1:colcon.colcon_core.package_identification:_identify(src/my_robot_localization) by extension 'colcon_meta'
[0.327s] Level 1:colcon.colcon_core.package_identification:_identify(src/my_robot_localization) by extensions ['ros']
[0.327s] Level 1:colcon.colcon_core.package_identification:_identify(src/my_robot_localization) by extension 'ros'
[0.328s] DEBUG:colcon.colcon_core.package_identification:Package 'src/my_robot_localization' with type 'ros.ament_cmake' and name 'my_robot_localization'
[0.328s] Level 1:colcon.colcon_core.package_identification:_identify(src/my_robot_navigation) by extensions ['ignore', 'ignore_ament_install']
[0.328s] Level 1:colcon.colcon_core.package_identification:_identify(src/my_robot_navigation) by extension 'ignore'
[0.328s] Level 1:colcon.colcon_core.package_identification:_identify(src/my_robot_navigation) by extension 'ignore_ament_install'
[0.329s] Level 1:colcon.colcon_core.package_identification:_identify(src/my_robot_navigation) by extensions ['colcon_pkg']
[0.329s] Level 1:colcon.colcon_core.package_identification:_identify(src/my_robot_navigation) by extension 'colcon_pkg'
[0.329s] Level 1:colcon.colcon_core.package_identification:_identify(src/my_robot_navigation) by extensions ['colcon_meta']
[0.329s] Level 1:colcon.colcon_core.package_identification:_identify(src/my_robot_navigation) by extension 'colcon_meta'
[0.329s] Level 1:colcon.colcon_core.package_identification:_identify(src/my_robot_navigation) by extensions ['ros']
[0.329s] Level 1:colcon.colcon_core.package_identification:_identify(src/my_robot_navigation) by extension 'ros'
[0.329s] DEBUG:colcon.colcon_core.package_identification:Package 'src/my_robot_navigation' with type 'ros.ament_cmake' and name 'my_robot_navigation'
[0.329s] Level 1:colcon.colcon_core.package_identification:_identify(src/robot_controller) by extensions ['ignore', 'ignore_ament_install']
[0.329s] Level 1:colcon.colcon_core.package_identification:_identify(src/robot_controller) by extension 'ignore'
[0.330s] Level 1:colcon.colcon_core.package_identification:_identify(src/robot_controller) by extension 'ignore_ament_install'
[0.330s] Level 1:colcon.colcon_core.package_identification:_identify(src/robot_controller) by extensions ['colcon_pkg']
[0.330s] Level 1:colcon.colcon_core.package_identification:_identify(src/robot_controller) by extension 'colcon_pkg'
[0.330s] Level 1:colcon.colcon_core.package_identification:_identify(src/robot_controller) by extensions ['colcon_meta']
[0.330s] Level 1:colcon.colcon_core.package_identification:_identify(src/robot_controller) by extension 'colcon_meta'
[0.330s] Level 1:colcon.colcon_core.package_identification:_identify(src/robot_controller) by extensions ['ros']
[0.330s] Level 1:colcon.colcon_core.package_identification:_identify(src/robot_controller) by extension 'ros'
[0.330s] DEBUG:colcon.colcon_core.package_identification:Package 'src/robot_controller' with type 'ros.ament_cmake' and name 'robot_controller'
[0.330s] Level 1:colcon.colcon_core.package_discovery:discover_packages(recursive) using defaults
[0.330s] Level 1:colcon.colcon_core.package_discovery:discover_packages(ignore) discover
[0.330s] Level 1:colcon.colcon_core.package_discovery:discover_packages(ignore) using defaults
[0.330s] Level 1:colcon.colcon_core.package_discovery:discover_packages(path) discover
[0.330s] Level 1:colcon.colcon_core.package_discovery:discover_packages(path) using defaults
[0.379s] Level 1:colcon.colcon_core.package_discovery:discover_packages(prefix_path) check parameters
[0.380s] Level 1:colcon.colcon_core.package_discovery:discover_packages(prefix_path) discover
[0.383s] DEBUG:colcon.colcon_installed_package_information.package_discovery:Found 7 installed packages in /home/duybuntu/carrierbot_ws/install
[0.383s] DEBUG:colcon.colcon_installed_package_information.package_discovery:Found 2 installed packages in /home/duybuntu/ros2_ws_basic/install
[0.384s] DEBUG:colcon.colcon_installed_package_information.package_discovery:Found 10 installed packages in /home/duybuntu/deli_ws/install
[0.385s] DEBUG:colcon.colcon_installed_package_information.package_discovery:Found 12 installed packages in /home/duybuntu/turtlebot3_ws/install
[0.387s] DEBUG:colcon.colcon_installed_package_information.package_discovery:Found 266 installed packages in /opt/ros/humble
[0.390s] Level 1:colcon.colcon_core.package_discovery:discover_packages(prefix_path) using defaults
[0.427s] Level 5:colcon.colcon_core.verb:set package 'my_robot_base' build argument 'cmake_args' from command line to 'None'
[0.427s] Level 5:colcon.colcon_core.verb:set package 'my_robot_base' build argument 'cmake_target' from command line to 'None'
[0.427s] Level 5:colcon.colcon_core.verb:set package 'my_robot_base' build argument 'cmake_target_skip_unavailable' from command line to 'False'
[0.427s] Level 5:colcon.colcon_core.verb:set package 'my_robot_base' build argument 'cmake_clean_cache' from command line to 'False'
[0.427s] Level 5:colcon.colcon_core.verb:set package 'my_robot_base' build argument 'cmake_clean_first' from command line to 'False'
[0.427s] Level 5:colcon.colcon_core.verb:set package 'my_robot_base' build argument 'cmake_force_configure' from command line to 'False'
[0.427s] Level 5:colcon.colcon_core.verb:set package 'my_robot_base' build argument 'ament_cmake_args' from command line to 'None'
[0.427s] Level 5:colcon.colcon_core.verb:set package 'my_robot_base' build argument 'catkin_cmake_args' from command line to 'None'
[0.427s] Level 5:colcon.colcon_core.verb:set package 'my_robot_base' build argument 'catkin_skip_building_tests' from command line to 'False'
[0.427s] DEBUG:colcon.colcon_core.verb:Building package 'my_robot_base' with the following arguments: {'ament_cmake_args': None, 'build_base': '/home/duybuntu/carrierbot_ws/build/my_robot_base', 'catkin_cmake_args': None, 'catkin_skip_building_tests': False, 'cmake_args': None, 'cmake_clean_cache': False, 'cmake_clean_first': False, 'cmake_force_configure': False, 'cmake_target': None, 'cmake_target_skip_unavailable': False, 'install_base': '/home/duybuntu/carrierbot_ws/install/my_robot_base', 'merge_install': False, 'path': '/home/duybuntu/carrierbot_ws/src/my_robot_base', 'symlink_install': False, 'test_result_base': None}
[0.428s] Level 5:colcon.colcon_core.verb:set package 'my_robot_bringup' build argument 'cmake_args' from command line to 'None'
[0.428s] Level 5:colcon.colcon_core.verb:set package 'my_robot_bringup' build argument 'cmake_target' from command line to 'None'
[0.428s] Level 5:colcon.colcon_core.verb:set package 'my_robot_bringup' build argument 'cmake_target_skip_unavailable' from command line to 'False'
[0.428s] Level 5:colcon.colcon_core.verb:set package 'my_robot_bringup' build argument 'cmake_clean_cache' from command line to 'False'
[0.428s] Level 5:colcon.colcon_core.verb:set package 'my_robot_bringup' build argument 'cmake_clean_first' from command line to 'False'
[0.428s] Level 5:colcon.colcon_core.verb:set package 'my_robot_bringup' build argument 'cmake_force_configure' from command line to 'False'
[0.428s] Level 5:colcon.colcon_core.verb:set package 'my_robot_bringup' build argument 'ament_cmake_args' from command line to 'None'
[0.428s] Level 5:colcon.colcon_core.verb:set package 'my_robot_bringup' build argument 'catkin_cmake_args' from command line to 'None'
[0.428s] Level 5:colcon.colcon_core.verb:set package 'my_robot_bringup' build argument 'catkin_skip_building_tests' from command line to 'False'
[0.428s] DEBUG:colcon.colcon_core.verb:Building package 'my_robot_bringup' with the following arguments: {'ament_cmake_args': None, 'build_base': '/home/duybuntu/carrierbot_ws/build/my_robot_bringup', 'catkin_cmake_args': None, 'catkin_skip_building_tests': False, 'cmake_args': None, 'cmake_clean_cache': False, 'cmake_clean_first': False, 'cmake_force_configure': False, 'cmake_target': None, 'cmake_target_skip_unavailable': False, 'install_base': '/home/duybuntu/carrierbot_ws/install/my_robot_bringup', 'merge_install': False, 'path': '/home/duybuntu/carrierbot_ws/src/my_robot_bringup', 'symlink_install': False, 'test_result_base': None}
[0.428s] Level 5:colcon.colcon_core.verb:set package 'my_robot_communicate' build argument 'cmake_args' from command line to 'None'
[0.428s] Level 5:colcon.colcon_core.verb:set package 'my_robot_communicate' build argument 'cmake_target' from command line to 'None'
[0.428s] Level 5:colcon.colcon_core.verb:set package 'my_robot_communicate' build argument 'cmake_target_skip_unavailable' from command line to 'False'
[0.428s] Level 5:colcon.colcon_core.verb:set package 'my_robot_communicate' build argument 'cmake_clean_cache' from command line to 'False'
[0.428s] Level 5:colcon.colcon_core.verb:set package 'my_robot_communicate' build argument 'cmake_clean_first' from command line to 'False'
[0.428s] Level 5:colcon.colcon_core.verb:set package 'my_robot_communicate' build argument 'cmake_force_configure' from command line to 'False'
[0.428s] Level 5:colcon.colcon_core.verb:set package 'my_robot_communicate' build argument 'ament_cmake_args' from command line to 'None'
[0.428s] Level 5:colcon.colcon_core.verb:set package 'my_robot_communicate' build argument 'catkin_cmake_args' from command line to 'None'
[0.428s] Level 5:colcon.colcon_core.verb:set package 'my_robot_communicate' build argument 'catkin_skip_building_tests' from command line to 'False'
[0.428s] DEBUG:colcon.colcon_core.verb:Building package 'my_robot_communicate' with the following arguments: {'ament_cmake_args': None, 'build_base': '/home/duybuntu/carrierbot_ws/build/my_robot_communicate', 'catkin_cmake_args': None, 'catkin_skip_building_tests': False, 'cmake_args': None, 'cmake_clean_cache': False, 'cmake_clean_first': False, 'cmake_force_configure': False, 'cmake_target': None, 'cmake_target_skip_unavailable': False, 'install_base': '/home/duybuntu/carrierbot_ws/install/my_robot_communicate', 'merge_install': False, 'path': '/home/duybuntu/carrierbot_ws/src/my_robot_communicate', 'symlink_install': False, 'test_result_base': None}
[0.429s] Level 5:colcon.colcon_core.verb:set package 'my_robot_description' build argument 'cmake_args' from command line to 'None'
[0.429s] Level 5:colcon.colcon_core.verb:set package 'my_robot_description' build argument 'cmake_target' from command line to 'None'
[0.429s] Level 5:colcon.colcon_core.verb:set package 'my_robot_description' build argument 'cmake_target_skip_unavailable' from command line to 'False'
[0.429s] Level 5:colcon.colcon_core.verb:set package 'my_robot_description' build argument 'cmake_clean_cache' from command line to 'False'
[0.429s] Level 5:colcon.colcon_core.verb:set package 'my_robot_description' build argument 'cmake_clean_first' from command line to 'False'
[0.429s] Level 5:colcon.colcon_core.verb:set package 'my_robot_description' build argument 'cmake_force_configure' from command line to 'False'
[0.429s] Level 5:colcon.colcon_core.verb:set package 'my_robot_description' build argument 'ament_cmake_args' from command line to 'None'
[0.429s] Level 5:colcon.colcon_core.verb:set package 'my_robot_description' build argument 'catkin_cmake_args' from command line to 'None'
[0.429s] Level 5:colcon.colcon_core.verb:set package 'my_robot_description' build argument 'catkin_skip_building_tests' from command line to 'False'
[0.429s] DEBUG:colcon.colcon_core.verb:Building package 'my_robot_description' with the following arguments: {'ament_cmake_args': None, 'build_base': '/home/duybuntu/carrierbot_ws/build/my_robot_description', 'catkin_cmake_args': None, 'catkin_skip_building_tests': False, 'cmake_args': None, 'cmake_clean_cache': False, 'cmake_clean_first': False, 'cmake_force_configure': False, 'cmake_target': None, 'cmake_target_skip_unavailable': False, 'install_base': '/home/duybuntu/carrierbot_ws/install/my_robot_description', 'merge_install': False, 'path': '/home/duybuntu/carrierbot_ws/src/my_robot_description', 'symlink_install': False, 'test_result_base': None}
[0.429s] Level 5:colcon.colcon_core.verb:set package 'my_robot_localization' build argument 'cmake_args' from command line to 'None'
[0.429s] Level 5:colcon.colcon_core.verb:set package 'my_robot_localization' build argument 'cmake_target' from command line to 'None'
[0.429s] Level 5:colcon.colcon_core.verb:set package 'my_robot_localization' build argument 'cmake_target_skip_unavailable' from command line to 'False'
[0.429s] Level 5:colcon.colcon_core.verb:set package 'my_robot_localization' build argument 'cmake_clean_cache' from command line to 'False'
[0.430s] Level 5:colcon.colcon_core.verb:set package 'my_robot_localization' build argument 'cmake_clean_first' from command line to 'False'
[0.430s] Level 5:colcon.colcon_core.verb:set package 'my_robot_localization' build argument 'cmake_force_configure' from command line to 'False'
[0.430s] Level 5:colcon.colcon_core.verb:set package 'my_robot_localization' build argument 'ament_cmake_args' from command line to 'None'
[0.430s] Level 5:colcon.colcon_core.verb:set package 'my_robot_localization' build argument 'catkin_cmake_args' from command line to 'None'
[0.430s] Level 5:colcon.colcon_core.verb:set package 'my_robot_localization' build argument 'catkin_skip_building_tests' from command line to 'False'
[0.430s] DEBUG:colcon.colcon_core.verb:Building package 'my_robot_localization' with the following arguments: {'ament_cmake_args': None, 'build_base': '/home/duybuntu/carrierbot_ws/build/my_robot_localization', 'catkin_cmake_args': None, 'catkin_skip_building_tests': False, 'cmake_args': None, 'cmake_clean_cache': False, 'cmake_clean_first': False, 'cmake_force_configure': False, 'cmake_target': None, 'cmake_target_skip_unavailable': False, 'install_base': '/home/duybuntu/carrierbot_ws/install/my_robot_localization', 'merge_install': False, 'path': '/home/duybuntu/carrierbot_ws/src/my_robot_localization', 'symlink_install': False, 'test_result_base': None}
[0.430s] Level 5:colcon.colcon_core.verb:set package 'my_robot_navigation' build argument 'cmake_args' from command line to 'None'
[0.430s] Level 5:colcon.colcon_core.verb:set package 'my_robot_navigation' build argument 'cmake_target' from command line to 'None'
[0.430s] Level 5:colcon.colcon_core.verb:set package 'my_robot_navigation' build argument 'cmake_target_skip_unavailable' from command line to 'False'
[0.430s] Level 5:colcon.colcon_core.verb:set package 'my_robot_navigation' build argument 'cmake_clean_cache' from command line to 'False'
[0.430s] Level 5:colcon.colcon_core.verb:set package 'my_robot_navigation' build argument 'cmake_clean_first' from command line to 'False'
[0.430s] Level 5:colcon.colcon_core.verb:set package 'my_robot_navigation' build argument 'cmake_force_configure' from command line to 'False'
[0.430s] Level 5:colcon.colcon_core.verb:set package 'my_robot_navigation' build argument 'ament_cmake_args' from command line to 'None'
[0.430s] Level 5:colcon.colcon_core.verb:set package 'my_robot_navigation' build argument 'catkin_cmake_args' from command line to 'None'
[0.430s] Level 5:colcon.colcon_core.verb:set package 'my_robot_navigation' build argument 'catkin_skip_building_tests' from command line to 'False'
[0.430s] DEBUG:colcon.colcon_core.verb:Building package 'my_robot_navigation' with the following arguments: {'ament_cmake_args': None, 'build_base': '/home/duybuntu/carrierbot_ws/build/my_robot_navigation', 'catkin_cmake_args': None, 'catkin_skip_building_tests': False, 'cmake_args': None, 'cmake_clean_cache': False, 'cmake_clean_first': False, 'cmake_force_configure': False, 'cmake_target': None, 'cmake_target_skip_unavailable': False, 'install_base': '/home/duybuntu/carrierbot_ws/install/my_robot_navigation', 'merge_install': False, 'path': '/home/duybuntu/carrierbot_ws/src/my_robot_navigation', 'symlink_install': False, 'test_result_base': None}
[0.430s] Level 5:colcon.colcon_core.verb:set package 'robot_controller' build argument 'cmake_args' from command line to 'None'
[0.430s] Level 5:colcon.colcon_core.verb:set package 'robot_controller' build argument 'cmake_target' from command line to 'None'
[0.430s] Level 5:colcon.colcon_core.verb:set package 'robot_controller' build argument 'cmake_target_skip_unavailable' from command line to 'False'
[0.430s] Level 5:colcon.colcon_core.verb:set package 'robot_controller' build argument 'cmake_clean_cache' from command line to 'False'
[0.430s] Level 5:colcon.colcon_core.verb:set package 'robot_controller' build argument 'cmake_clean_first' from command line to 'False'
[0.430s] Level 5:colcon.colcon_core.verb:set package 'robot_controller' build argument 'cmake_force_configure' from command line to 'False'
[0.431s] Level 5:colcon.colcon_core.verb:set package 'robot_controller' build argument 'ament_cmake_args' from command line to 'None'
[0.431s] Level 5:colcon.colcon_core.verb:set package 'robot_controller' build argument 'catkin_cmake_args' from command line to 'None'
[0.431s] Level 5:colcon.colcon_core.verb:set package 'robot_controller' build argument 'catkin_skip_building_tests' from command line to 'False'
[0.431s] DEBUG:colcon.colcon_core.verb:Building package 'robot_controller' with the following arguments: {'ament_cmake_args': None, 'build_base': '/home/duybuntu/carrierbot_ws/build/robot_controller', 'catkin_cmake_args': None, 'catkin_skip_building_tests': False, 'cmake_args': None, 'cmake_clean_cache': False, 'cmake_clean_first': False, 'cmake_force_configure': False, 'cmake_target': None, 'cmake_target_skip_unavailable': False, 'install_base': '/home/duybuntu/carrierbot_ws/install/robot_controller', 'merge_install': False, 'path': '/home/duybuntu/carrierbot_ws/src/robot_controller', 'symlink_install': False, 'test_result_base': None}
[0.431s] INFO:colcon.colcon_core.executor:Executing jobs using 'parallel' executor
[0.432s] DEBUG:colcon.colcon_parallel_executor.executor.parallel:run_until_complete
[0.432s] INFO:colcon.colcon_ros.task.ament_cmake.build:Building ROS package in '/home/duybuntu/carrierbot_ws/src/my_robot_base' with build type 'ament_cmake'
[0.433s] INFO:colcon.colcon_cmake.task.cmake.build:Building CMake package in '/home/duybuntu/carrierbot_ws/src/my_robot_base'
[0.436s] INFO:colcon.colcon_core.plugin_system:Skipping extension 'colcon_core.shell.bat': Not used on non-Windows systems
[0.437s] INFO:colcon.colcon_core.shell:Skip shell extension 'powershell' for command environment: Not usable outside of PowerShell
[0.437s] DEBUG:colcon.colcon_core.shell:Skip shell extension 'dsv' for command environment
[0.446s] INFO:colcon.colcon_ros.task.ament_cmake.build:Building ROS package in '/home/duybuntu/carrierbot_ws/src/my_robot_bringup' with build type 'ament_cmake'
[0.447s] INFO:colcon.colcon_cmake.task.cmake.build:Building CMake package in '/home/duybuntu/carrierbot_ws/src/my_robot_bringup'
[0.447s] INFO:colcon.colcon_core.shell:Skip shell extension 'powershell' for command environment: Not usable outside of PowerShell
[0.447s] DEBUG:colcon.colcon_core.shell:Skip shell extension 'dsv' for command environment
[0.454s] INFO:colcon.colcon_ros.task.ament_python.build:Building ROS package in '/home/duybuntu/carrierbot_ws/src/my_robot_communicate' with build type 'ament_python'
[0.455s] Level 1:colcon.colcon_core.shell:create_environment_hook('my_robot_communicate', 'ament_prefix_path')
[0.455s] INFO:colcon.colcon_core.shell:Creating environment hook '/home/duybuntu/carrierbot_ws/install/my_robot_communicate/share/my_robot_communicate/hook/ament_prefix_path.ps1'
[0.456s] INFO:colcon.colcon_core.shell:Creating environment descriptor '/home/duybuntu/carrierbot_ws/install/my_robot_communicate/share/my_robot_communicate/hook/ament_prefix_path.dsv'
[0.456s] INFO:colcon.colcon_core.shell:Creating environment hook '/home/duybuntu/carrierbot_ws/install/my_robot_communicate/share/my_robot_communicate/hook/ament_prefix_path.sh'
[0.458s] INFO:colcon.colcon_core.shell:Skip shell extension 'powershell' for command environment: Not usable outside of PowerShell
[0.458s] DEBUG:colcon.colcon_core.shell:Skip shell extension 'dsv' for command environment
[0.464s] INFO:colcon.colcon_ros.task.ament_cmake.build:Building ROS package in '/home/duybuntu/carrierbot_ws/src/my_robot_description' with build type 'ament_cmake'
[0.464s] INFO:colcon.colcon_cmake.task.cmake.build:Building CMake package in '/home/duybuntu/carrierbot_ws/src/my_robot_description'
[0.464s] INFO:colcon.colcon_core.shell:Skip shell extension 'powershell' for command environment: Not usable outside of PowerShell
[0.464s] DEBUG:colcon.colcon_core.shell:Skip shell extension 'dsv' for command environment
[0.472s] INFO:colcon.colcon_ros.task.ament_cmake.build:Building ROS package in '/home/duybuntu/carrierbot_ws/src/my_robot_localization' with build type 'ament_cmake'
[0.473s] INFO:colcon.colcon_cmake.task.cmake.build:Building CMake package in '/home/duybuntu/carrierbot_ws/src/my_robot_localization'
[0.473s] INFO:colcon.colcon_core.shell:Skip shell extension 'powershell' for command environment: Not usable outside of PowerShell
[0.474s] DEBUG:colcon.colcon_core.shell:Skip shell extension 'dsv' for command environment
[0.482s] INFO:colcon.colcon_ros.task.ament_cmake.build:Building ROS package in '/home/duybuntu/carrierbot_ws/src/my_robot_navigation' with build type 'ament_cmake'
[0.483s] INFO:colcon.colcon_cmake.task.cmake.build:Building CMake package in '/home/duybuntu/carrierbot_ws/src/my_robot_navigation'
[0.483s] INFO:colcon.colcon_core.shell:Skip shell extension 'powershell' for command environment: Not usable outside of PowerShell
[0.484s] DEBUG:colcon.colcon_core.shell:Skip shell extension 'dsv' for command environment
[0.492s] INFO:colcon.colcon_ros.task.ament_cmake.build:Building ROS package in '/home/duybuntu/carrierbot_ws/src/robot_controller' with build type 'ament_cmake'
[0.492s] INFO:colcon.colcon_cmake.task.cmake.build:Building CMake package in '/home/duybuntu/carrierbot_ws/src/robot_controller'
[0.493s] INFO:colcon.colcon_core.shell:Skip shell extension 'powershell' for command environment: Not usable outside of PowerShell
[0.493s] DEBUG:colcon.colcon_core.shell:Skip shell extension 'dsv' for command environment
[0.512s] DEBUG:colcon.colcon_core.event_handler.log_command:Invoking command in '/home/duybuntu/carrierbot_ws/build/my_robot_base': CMAKE_PREFIX_PATH=${CMAKE_PREFIX_PATH}:/home/duybuntu/carrierbot_ws/install/my_robot_communicate:/home/duybuntu/ros2_ws_basic/install/my_py_pkg:/home/duybuntu/deli_ws/install/deli_logger:/home/duybuntu/deli_ws/install/mqtt:/home/duybuntu/deli_ws/install/localization:/home/duybuntu/turtlebot3_ws/install/turtlebot3_teleop:/home/duybuntu/turtlebot3_ws/install/turtlebot3_example:/opt/ros/humble /usr/bin/cmake --build /home/duybuntu/carrierbot_ws/build/my_robot_base -- -j12 -l12
[0.515s] DEBUG:colcon.colcon_core.event_handler.log_command:Invoking command in '/home/duybuntu/carrierbot_ws/build/my_robot_bringup': CMAKE_PREFIX_PATH=${CMAKE_PREFIX_PATH}:/home/duybuntu/carrierbot_ws/install/my_robot_communicate:/home/duybuntu/ros2_ws_basic/install/my_py_pkg:/home/duybuntu/deli_ws/install/deli_logger:/home/duybuntu/deli_ws/install/mqtt:/home/duybuntu/deli_ws/install/localization:/home/duybuntu/turtlebot3_ws/install/turtlebot3_teleop:/home/duybuntu/turtlebot3_ws/install/turtlebot3_example:/opt/ros/humble /usr/bin/cmake --build /home/duybuntu/carrierbot_ws/build/my_robot_bringup -- -j12 -l12
[0.843s] INFO:colcon.colcon_core.task.python.build:Building Python package in '/home/duybuntu/carrierbot_ws/src/my_robot_communicate'
[0.844s] INFO:colcon.colcon_core.shell:Skip shell extension 'powershell' for command environment: Not usable outside of PowerShell
[0.844s] DEBUG:colcon.colcon_core.shell:Skip shell extension 'dsv' for command environment
[0.857s] DEBUG:colcon.colcon_core.event_handler.log_command:Invoking command in '/home/duybuntu/carrierbot_ws/build/my_robot_description': CMAKE_PREFIX_PATH=${CMAKE_PREFIX_PATH}:/home/duybuntu/carrierbot_ws/install/my_robot_communicate:/home/duybuntu/ros2_ws_basic/install/my_py_pkg:/home/duybuntu/deli_ws/install/deli_logger:/home/duybuntu/deli_ws/install/mqtt:/home/duybuntu/deli_ws/install/localization:/home/duybuntu/turtlebot3_ws/install/turtlebot3_teleop:/home/duybuntu/turtlebot3_ws/install/turtlebot3_example:/opt/ros/humble /usr/bin/cmake --build /home/duybuntu/carrierbot_ws/build/my_robot_description -- -j12 -l12
[0.862s] DEBUG:colcon.colcon_core.event_handler.log_command:Invoking command in '/home/duybuntu/carrierbot_ws/build/my_robot_localization': CMAKE_PREFIX_PATH=${CMAKE_PREFIX_PATH}:/home/duybuntu/carrierbot_ws/install/my_robot_communicate:/home/duybuntu/ros2_ws_basic/install/my_py_pkg:/home/duybuntu/deli_ws/install/deli_logger:/home/duybuntu/deli_ws/install/mqtt:/home/duybuntu/deli_ws/install/localization:/home/duybuntu/turtlebot3_ws/install/turtlebot3_teleop:/home/duybuntu/turtlebot3_ws/install/turtlebot3_example:/opt/ros/humble /usr/bin/cmake --build /home/duybuntu/carrierbot_ws/build/my_robot_localization -- -j12 -l12
[0.867s] DEBUG:colcon.colcon_core.event_handler.log_command:Invoking command in '/home/duybuntu/carrierbot_ws/build/my_robot_navigation': CMAKE_PREFIX_PATH=${CMAKE_PREFIX_PATH}:/home/duybuntu/carrierbot_ws/install/my_robot_communicate:/home/duybuntu/ros2_ws_basic/install/my_py_pkg:/home/duybuntu/deli_ws/install/deli_logger:/home/duybuntu/deli_ws/install/mqtt:/home/duybuntu/deli_ws/install/localization:/home/duybuntu/turtlebot3_ws/install/turtlebot3_teleop:/home/duybuntu/turtlebot3_ws/install/turtlebot3_example:/opt/ros/humble /usr/bin/cmake --build /home/duybuntu/carrierbot_ws/build/my_robot_navigation -- -j12 -l12
[0.882s] DEBUG:colcon.colcon_core.event_handler.log_command:Invoking command in '/home/duybuntu/carrierbot_ws/build/robot_controller': CMAKE_PREFIX_PATH=${CMAKE_PREFIX_PATH}:/home/duybuntu/carrierbot_ws/install/my_robot_communicate:/home/duybuntu/ros2_ws_basic/install/my_py_pkg:/home/duybuntu/deli_ws/install/deli_logger:/home/duybuntu/deli_ws/install/mqtt:/home/duybuntu/deli_ws/install/localization:/home/duybuntu/turtlebot3_ws/install/turtlebot3_teleop:/home/duybuntu/turtlebot3_ws/install/turtlebot3_example:/opt/ros/humble /usr/bin/cmake --build /home/duybuntu/carrierbot_ws/build/robot_controller -- -j12 -l12
[0.883s] DEBUG:colcon.colcon_core.event_handler.log_command:Invoked command in '/home/duybuntu/carrierbot_ws/build/my_robot_bringup' returned '0': CMAKE_PREFIX_PATH=${CMAKE_PREFIX_PATH}:/home/duybuntu/carrierbot_ws/install/my_robot_communicate:/home/duybuntu/ros2_ws_basic/install/my_py_pkg:/home/duybuntu/deli_ws/install/deli_logger:/home/duybuntu/deli_ws/install/mqtt:/home/duybuntu/deli_ws/install/localization:/home/duybuntu/turtlebot3_ws/install/turtlebot3_teleop:/home/duybuntu/turtlebot3_ws/install/turtlebot3_example:/opt/ros/humble /usr/bin/cmake --build /home/duybuntu/carrierbot_ws/build/my_robot_bringup -- -j12 -l12
[0.901s] DEBUG:colcon.colcon_core.event_handler.log_command:Invoking command in '/home/duybuntu/carrierbot_ws/build/my_robot_bringup': CMAKE_PREFIX_PATH=${CMAKE_PREFIX_PATH}:/home/duybuntu/carrierbot_ws/install/my_robot_communicate:/home/duybuntu/ros2_ws_basic/install/my_py_pkg:/home/duybuntu/deli_ws/install/deli_logger:/home/duybuntu/deli_ws/install/mqtt:/home/duybuntu/deli_ws/install/localization:/home/duybuntu/turtlebot3_ws/install/turtlebot3_teleop:/home/duybuntu/turtlebot3_ws/install/turtlebot3_example:/opt/ros/humble /usr/bin/cmake --install /home/duybuntu/carrierbot_ws/build/my_robot_bringup
[0.915s] DEBUG:colcon.colcon_core.event_handler.log_command:Invoked command in '/home/duybuntu/carrierbot_ws/build/my_robot_base' returned '0': CMAKE_PREFIX_PATH=${CMAKE_PREFIX_PATH}:/home/duybuntu/carrierbot_ws/install/my_robot_communicate:/home/duybuntu/ros2_ws_basic/install/my_py_pkg:/home/duybuntu/deli_ws/install/deli_logger:/home/duybuntu/deli_ws/install/mqtt:/home/duybuntu/deli_ws/install/localization:/home/duybuntu/turtlebot3_ws/install/turtlebot3_teleop:/home/duybuntu/turtlebot3_ws/install/turtlebot3_example:/opt/ros/humble /usr/bin/cmake --build /home/duybuntu/carrierbot_ws/build/my_robot_base -- -j12 -l12
[0.922s] DEBUG:colcon.colcon_core.event_handler.log_command:Invoking command in '/home/duybuntu/carrierbot_ws/build/my_robot_base': CMAKE_PREFIX_PATH=${CMAKE_PREFIX_PATH}:/home/duybuntu/carrierbot_ws/install/my_robot_communicate:/home/duybuntu/ros2_ws_basic/install/my_py_pkg:/home/duybuntu/deli_ws/install/deli_logger:/home/duybuntu/deli_ws/install/mqtt:/home/duybuntu/deli_ws/install/localization:/home/duybuntu/turtlebot3_ws/install/turtlebot3_teleop:/home/duybuntu/turtlebot3_ws/install/turtlebot3_example:/opt/ros/humble /usr/bin/cmake --install /home/duybuntu/carrierbot_ws/build/my_robot_base
[0.924s] Level 1:colcon.colcon_core.environment:create_environment_scripts_only(my_robot_bringup)
[0.930s] Level 1:colcon.colcon_core.environment:checking '/home/duybuntu/carrierbot_ws/install/my_robot_bringup' for CMake module files
[0.932s] Level 1:colcon.colcon_core.environment:checking '/home/duybuntu/carrierbot_ws/install/my_robot_bringup' for CMake config files
[0.934s] DEBUG:colcon.colcon_core.event_handler.log_command:Invoked command in '/home/duybuntu/carrierbot_ws/build/my_robot_bringup' returned '0': CMAKE_PREFIX_PATH=${CMAKE_PREFIX_PATH}:/home/duybuntu/carrierbot_ws/install/my_robot_communicate:/home/duybuntu/ros2_ws_basic/install/my_py_pkg:/home/duybuntu/deli_ws/install/deli_logger:/home/duybuntu/deli_ws/install/mqtt:/home/duybuntu/deli_ws/install/localization:/home/duybuntu/turtlebot3_ws/install/turtlebot3_teleop:/home/duybuntu/turtlebot3_ws/install/turtlebot3_example:/opt/ros/humble /usr/bin/cmake --install /home/duybuntu/carrierbot_ws/build/my_robot_bringup
[0.934s] Level 1:colcon.colcon_core.shell:create_environment_hook('my_robot_bringup', 'cmake_prefix_path')
[0.935s] INFO:colcon.colcon_core.shell:Creating environment hook '/home/duybuntu/carrierbot_ws/install/my_robot_bringup/share/my_robot_bringup/hook/cmake_prefix_path.ps1'
[0.936s] INFO:colcon.colcon_core.shell:Creating environment descriptor '/home/duybuntu/carrierbot_ws/install/my_robot_bringup/share/my_robot_bringup/hook/cmake_prefix_path.dsv'
[0.936s] INFO:colcon.colcon_core.shell:Creating environment hook '/home/duybuntu/carrierbot_ws/install/my_robot_bringup/share/my_robot_bringup/hook/cmake_prefix_path.sh'
[0.937s] Level 1:colcon.colcon_core.environment:checking '/home/duybuntu/carrierbot_ws/install/my_robot_bringup/bin'
[0.938s] Level 1:colcon.colcon_core.environment:checking '/home/duybuntu/carrierbot_ws/install/my_robot_bringup/lib/pkgconfig/my_robot_bringup.pc'
[0.939s] Level 1:colcon.colcon_core.environment:checking '/home/duybuntu/carrierbot_ws/install/my_robot_bringup/lib/python3.10/site-packages'
[0.940s] Level 1:colcon.colcon_core.environment:checking '/home/duybuntu/carrierbot_ws/install/my_robot_bringup/bin'
[0.940s] INFO:colcon.colcon_core.shell:Creating package script '/home/duybuntu/carrierbot_ws/install/my_robot_bringup/share/my_robot_bringup/package.ps1'
[0.942s] INFO:colcon.colcon_core.shell:Creating package descriptor '/home/duybuntu/carrierbot_ws/install/my_robot_bringup/share/my_robot_bringup/package.dsv'
[0.943s] INFO:colcon.colcon_core.shell:Creating package script '/home/duybuntu/carrierbot_ws/install/my_robot_bringup/share/my_robot_bringup/package.sh'
[0.944s] INFO:colcon.colcon_core.shell:Creating package script '/home/duybuntu/carrierbot_ws/install/my_robot_bringup/share/my_robot_bringup/package.bash'
[0.945s] INFO:colcon.colcon_core.shell:Creating package script '/home/duybuntu/carrierbot_ws/install/my_robot_bringup/share/my_robot_bringup/package.zsh'
[0.946s] Level 1:colcon.colcon_core.environment:create_file_with_runtime_dependencies(/home/duybuntu/carrierbot_ws/install/my_robot_bringup/share/colcon-core/packages/my_robot_bringup)
[0.947s] Level 1:colcon.colcon_core.environment:create_environment_scripts_only(my_robot_bringup)
[0.948s] Level 1:colcon.colcon_core.environment:checking '/home/duybuntu/carrierbot_ws/install/my_robot_bringup' for CMake module files
[0.949s] Level 1:colcon.colcon_core.environment:checking '/home/duybuntu/carrierbot_ws/install/my_robot_bringup' for CMake config files
[0.949s] Level 1:colcon.colcon_core.shell:create_environment_hook('my_robot_bringup', 'cmake_prefix_path')
[0.949s] INFO:colcon.colcon_core.shell:Creating environment hook '/home/duybuntu/carrierbot_ws/install/my_robot_bringup/share/my_robot_bringup/hook/cmake_prefix_path.ps1'
[0.950s] INFO:colcon.colcon_core.shell:Creating environment descriptor '/home/duybuntu/carrierbot_ws/install/my_robot_bringup/share/my_robot_bringup/hook/cmake_prefix_path.dsv'
[0.950s] INFO:colcon.colcon_core.shell:Creating environment hook '/home/duybuntu/carrierbot_ws/install/my_robot_bringup/share/my_robot_bringup/hook/cmake_prefix_path.sh'
[0.951s] Level 1:colcon.colcon_core.environment:checking '/home/duybuntu/carrierbot_ws/install/my_robot_bringup/bin'
[0.951s] Level 1:colcon.colcon_core.environment:checking '/home/duybuntu/carrierbot_ws/install/my_robot_bringup/lib/pkgconfig/my_robot_bringup.pc'
[0.951s] Level 1:colcon.colcon_core.environment:checking '/home/duybuntu/carrierbot_ws/install/my_robot_bringup/lib/python3.10/site-packages'
[0.952s] Level 1:colcon.colcon_core.environment:checking '/home/duybuntu/carrierbot_ws/install/my_robot_bringup/bin'
[0.952s] INFO:colcon.colcon_core.shell:Creating package script '/home/duybuntu/carrierbot_ws/install/my_robot_bringup/share/my_robot_bringup/package.ps1'
[0.953s] INFO:colcon.colcon_core.shell:Creating package descriptor '/home/duybuntu/carrierbot_ws/install/my_robot_bringup/share/my_robot_bringup/package.dsv'
[0.954s] INFO:colcon.colcon_core.shell:Creating package script '/home/duybuntu/carrierbot_ws/install/my_robot_bringup/share/my_robot_bringup/package.sh'
[0.954s] INFO:colcon.colcon_core.shell:Creating package script '/home/duybuntu/carrierbot_ws/install/my_robot_bringup/share/my_robot_bringup/package.bash'
[0.955s] INFO:colcon.colcon_core.shell:Creating package script '/home/duybuntu/carrierbot_ws/install/my_robot_bringup/share/my_robot_bringup/package.zsh'
[0.955s] Level 1:colcon.colcon_core.environment:create_file_with_runtime_dependencies(/home/duybuntu/carrierbot_ws/install/my_robot_bringup/share/colcon-core/packages/my_robot_bringup)
[0.959s] DEBUG:colcon.colcon_core.event_handler.log_command:Invoked command in '/home/duybuntu/carrierbot_ws/build/my_robot_description' returned '0': CMAKE_PREFIX_PATH=${CMAKE_PREFIX_PATH}:/home/duybuntu/carrierbot_ws/install/my_robot_communicate:/home/duybuntu/ros2_ws_basic/install/my_py_pkg:/home/duybuntu/deli_ws/install/deli_logger:/home/duybuntu/deli_ws/install/mqtt:/home/duybuntu/deli_ws/install/localization:/home/duybuntu/turtlebot3_ws/install/turtlebot3_teleop:/home/duybuntu/turtlebot3_ws/install/turtlebot3_example:/opt/ros/humble /usr/bin/cmake --build /home/duybuntu/carrierbot_ws/build/my_robot_description -- -j12 -l12
[0.961s] DEBUG:colcon.colcon_core.event_handler.log_command:Invoking command in '/home/duybuntu/carrierbot_ws/build/my_robot_description': CMAKE_PREFIX_PATH=${CMAKE_PREFIX_PATH}:/home/duybuntu/carrierbot_ws/install/my_robot_communicate:/home/duybuntu/ros2_ws_basic/install/my_py_pkg:/home/duybuntu/deli_ws/install/deli_logger:/home/duybuntu/deli_ws/install/mqtt:/home/duybuntu/deli_ws/install/localization:/home/duybuntu/turtlebot3_ws/install/turtlebot3_teleop:/home/duybuntu/turtlebot3_ws/install/turtlebot3_example:/opt/ros/humble /usr/bin/cmake --install /home/duybuntu/carrierbot_ws/build/my_robot_description
[0.961s] DEBUG:colcon.colcon_core.event_handler.log_command:Invoked command in '/home/duybuntu/carrierbot_ws/build/my_robot_localization' returned '0': CMAKE_PREFIX_PATH=${CMAKE_PREFIX_PATH}:/home/duybuntu/carrierbot_ws/install/my_robot_communicate:/home/duybuntu/ros2_ws_basic/install/my_py_pkg:/home/duybuntu/deli_ws/install/deli_logger:/home/duybuntu/deli_ws/install/mqtt:/home/duybuntu/deli_ws/install/localization:/home/duybuntu/turtlebot3_ws/install/turtlebot3_teleop:/home/duybuntu/turtlebot3_ws/install/turtlebot3_example:/opt/ros/humble /usr/bin/cmake --build /home/duybuntu/carrierbot_ws/build/my_robot_localization -- -j12 -l12
[0.963s] Level 1:colcon.colcon_core.environment:create_environment_scripts_only(my_robot_base)
[0.964s] Level 1:colcon.colcon_core.environment:checking '/home/duybuntu/carrierbot_ws/install/my_robot_base' for CMake module files
[0.964s] DEBUG:colcon.colcon_core.event_handler.log_command:Invoking command in '/home/duybuntu/carrierbot_ws/build/my_robot_localization': CMAKE_PREFIX_PATH=${CMAKE_PREFIX_PATH}:/home/duybuntu/carrierbot_ws/install/my_robot_communicate:/home/duybuntu/ros2_ws_basic/install/my_py_pkg:/home/duybuntu/deli_ws/install/deli_logger:/home/duybuntu/deli_ws/install/mqtt:/home/duybuntu/deli_ws/install/localization:/home/duybuntu/turtlebot3_ws/install/turtlebot3_teleop:/home/duybuntu/turtlebot3_ws/install/turtlebot3_example:/opt/ros/humble /usr/bin/cmake --install /home/duybuntu/carrierbot_ws/build/my_robot_localization
[0.965s] Level 1:colcon.colcon_core.environment:checking '/home/duybuntu/carrierbot_ws/install/my_robot_base' for CMake config files
[0.966s] DEBUG:colcon.colcon_core.event_handler.log_command:Invoked command in '/home/duybuntu/carrierbot_ws/build/my_robot_base' returned '0': CMAKE_PREFIX_PATH=${CMAKE_PREFIX_PATH}:/home/duybuntu/carrierbot_ws/install/my_robot_communicate:/home/duybuntu/ros2_ws_basic/install/my_py_pkg:/home/duybuntu/deli_ws/install/deli_logger:/home/duybuntu/deli_ws/install/mqtt:/home/duybuntu/deli_ws/install/localization:/home/duybuntu/turtlebot3_ws/install/turtlebot3_teleop:/home/duybuntu/turtlebot3_ws/install/turtlebot3_example:/opt/ros/humble /usr/bin/cmake --install /home/duybuntu/carrierbot_ws/build/my_robot_base
[0.966s] Level 1:colcon.colcon_core.shell:create_environment_hook('my_robot_base', 'cmake_prefix_path')
[0.967s] INFO:colcon.colcon_core.shell:Creating environment hook '/home/duybuntu/carrierbot_ws/install/my_robot_base/share/my_robot_base/hook/cmake_prefix_path.ps1'
[0.968s] INFO:colcon.colcon_core.shell:Creating environment descriptor '/home/duybuntu/carrierbot_ws/install/my_robot_base/share/my_robot_base/hook/cmake_prefix_path.dsv'
[0.972s] INFO:colcon.colcon_core.shell:Creating environment hook '/home/duybuntu/carrierbot_ws/install/my_robot_base/share/my_robot_base/hook/cmake_prefix_path.sh'
[0.975s] Level 1:colcon.colcon_core.environment:checking '/home/duybuntu/carrierbot_ws/install/my_robot_base/bin'
[0.975s] Level 1:colcon.colcon_core.environment:checking '/home/duybuntu/carrierbot_ws/install/my_robot_base/lib/pkgconfig/my_robot_base.pc'
[0.976s] Level 1:colcon.colcon_core.environment:checking '/home/duybuntu/carrierbot_ws/install/my_robot_base/lib/python3.10/site-packages'
[0.976s] Level 1:colcon.colcon_core.environment:checking '/home/duybuntu/carrierbot_ws/install/my_robot_base/bin'
[0.977s] INFO:colcon.colcon_core.shell:Creating package script '/home/duybuntu/carrierbot_ws/install/my_robot_base/share/my_robot_base/package.ps1'
[0.977s] INFO:colcon.colcon_core.shell:Creating package descriptor '/home/duybuntu/carrierbot_ws/install/my_robot_base/share/my_robot_base/package.dsv'
[0.978s] INFO:colcon.colcon_core.shell:Creating package script '/home/duybuntu/carrierbot_ws/install/my_robot_base/share/my_robot_base/package.sh'
[0.982s] INFO:colcon.colcon_core.shell:Creating package script '/home/duybuntu/carrierbot_ws/install/my_robot_base/share/my_robot_base/package.bash'
[0.983s] INFO:colcon.colcon_core.shell:Creating package script '/home/duybuntu/carrierbot_ws/install/my_robot_base/share/my_robot_base/package.zsh'
[0.983s] Level 1:colcon.colcon_core.environment:create_file_with_runtime_dependencies(/home/duybuntu/carrierbot_ws/install/my_robot_base/share/colcon-core/packages/my_robot_base)
[0.984s] Level 1:colcon.colcon_core.environment:create_environment_scripts_only(my_robot_base)
[0.985s] Level 1:colcon.colcon_core.environment:checking '/home/duybuntu/carrierbot_ws/install/my_robot_base' for CMake module files
[0.985s] Level 1:colcon.colcon_core.environment:checking '/home/duybuntu/carrierbot_ws/install/my_robot_base' for CMake config files
[0.985s] Level 1:colcon.colcon_core.shell:create_environment_hook('my_robot_base', 'cmake_prefix_path')
[0.985s] INFO:colcon.colcon_core.shell:Creating environment hook '/home/duybuntu/carrierbot_ws/install/my_robot_base/share/my_robot_base/hook/cmake_prefix_path.ps1'
[0.986s] INFO:colcon.colcon_core.shell:Creating environment descriptor '/home/duybuntu/carrierbot_ws/install/my_robot_base/share/my_robot_base/hook/cmake_prefix_path.dsv'
[0.987s] INFO:colcon.colcon_core.shell:Creating environment hook '/home/duybuntu/carrierbot_ws/install/my_robot_base/share/my_robot_base/hook/cmake_prefix_path.sh'
[0.988s] Level 1:colcon.colcon_core.environment:checking '/home/duybuntu/carrierbot_ws/install/my_robot_base/bin'
[0.988s] Level 1:colcon.colcon_core.environment:checking '/home/duybuntu/carrierbot_ws/install/my_robot_base/lib/pkgconfig/my_robot_base.pc'
[0.988s] Level 1:colcon.colcon_core.environment:checking '/home/duybuntu/carrierbot_ws/install/my_robot_base/lib/python3.10/site-packages'
[0.989s] Level 1:colcon.colcon_core.environment:checking '/home/duybuntu/carrierbot_ws/install/my_robot_base/bin'
[0.989s] INFO:colcon.colcon_core.shell:Creating package script '/home/duybuntu/carrierbot_ws/install/my_robot_base/share/my_robot_base/package.ps1'
[0.990s] INFO:colcon.colcon_core.shell:Creating package descriptor '/home/duybuntu/carrierbot_ws/install/my_robot_base/share/my_robot_base/package.dsv'
[0.991s] INFO:colcon.colcon_core.shell:Creating package script '/home/duybuntu/carrierbot_ws/install/my_robot_base/share/my_robot_base/package.sh'
[0.992s] INFO:colcon.colcon_core.shell:Creating package script '/home/duybuntu/carrierbot_ws/install/my_robot_base/share/my_robot_base/package.bash'
[0.992s] INFO:colcon.colcon_core.shell:Creating package script '/home/duybuntu/carrierbot_ws/install/my_robot_base/share/my_robot_base/package.zsh'
[0.993s] Level 1:colcon.colcon_core.environment:create_file_with_runtime_dependencies(/home/duybuntu/carrierbot_ws/install/my_robot_base/share/colcon-core/packages/my_robot_base)
[0.997s] DEBUG:colcon.colcon_core.event_handler.log_command:Invoked command in '/home/duybuntu/carrierbot_ws/build/my_robot_navigation' returned '0': CMAKE_PREFIX_PATH=${CMAKE_PREFIX_PATH}:/home/duybuntu/carrierbot_ws/install/my_robot_communicate:/home/duybuntu/ros2_ws_basic/install/my_py_pkg:/home/duybuntu/deli_ws/install/deli_logger:/home/duybuntu/deli_ws/install/mqtt:/home/duybuntu/deli_ws/install/localization:/home/duybuntu/turtlebot3_ws/install/turtlebot3_teleop:/home/duybuntu/turtlebot3_ws/install/turtlebot3_example:/opt/ros/humble /usr/bin/cmake --build /home/duybuntu/carrierbot_ws/build/my_robot_navigation -- -j12 -l12
[1.004s] DEBUG:colcon.colcon_core.event_handler.log_command:Invoking command in '/home/duybuntu/carrierbot_ws/build/my_robot_navigation': CMAKE_PREFIX_PATH=${CMAKE_PREFIX_PATH}:/home/duybuntu/carrierbot_ws/install/my_robot_communicate:/home/duybuntu/ros2_ws_basic/install/my_py_pkg:/home/duybuntu/deli_ws/install/deli_logger:/home/duybuntu/deli_ws/install/mqtt:/home/duybuntu/deli_ws/install/localization:/home/duybuntu/turtlebot3_ws/install/turtlebot3_teleop:/home/duybuntu/turtlebot3_ws/install/turtlebot3_example:/opt/ros/humble /usr/bin/cmake --install /home/duybuntu/carrierbot_ws/build/my_robot_navigation
[1.004s] DEBUG:colcon.colcon_core.event_handler.log_command:Invoked command in '/home/duybuntu/carrierbot_ws/build/robot_controller' returned '0': CMAKE_PREFIX_PATH=${CMAKE_PREFIX_PATH}:/home/duybuntu/carrierbot_ws/install/my_robot_communicate:/home/duybuntu/ros2_ws_basic/install/my_py_pkg:/home/duybuntu/deli_ws/install/deli_logger:/home/duybuntu/deli_ws/install/mqtt:/home/duybuntu/deli_ws/install/localization:/home/duybuntu/turtlebot3_ws/install/turtlebot3_teleop:/home/duybuntu/turtlebot3_ws/install/turtlebot3_example:/opt/ros/humble /usr/bin/cmake --build /home/duybuntu/carrierbot_ws/build/robot_controller -- -j12 -l12
[1.005s] DEBUG:colcon.colcon_core.event_handler.log_command:Invoking command in '/home/duybuntu/carrierbot_ws/build/robot_controller': CMAKE_PREFIX_PATH=${CMAKE_PREFIX_PATH}:/home/duybuntu/carrierbot_ws/install/my_robot_communicate:/home/duybuntu/ros2_ws_basic/install/my_py_pkg:/home/duybuntu/deli_ws/install/deli_logger:/home/duybuntu/deli_ws/install/mqtt:/home/duybuntu/deli_ws/install/localization:/home/duybuntu/turtlebot3_ws/install/turtlebot3_teleop:/home/duybuntu/turtlebot3_ws/install/turtlebot3_example:/opt/ros/humble /usr/bin/cmake --install /home/duybuntu/carrierbot_ws/build/robot_controller
[1.007s] Level 1:colcon.colcon_core.environment:create_environment_scripts_only(my_robot_description)
[1.007s] Level 1:colcon.colcon_core.environment:checking '/home/duybuntu/carrierbot_ws/install/my_robot_description' for CMake module files
[1.009s] DEBUG:colcon.colcon_core.event_handler.log_command:Invoked command in '/home/duybuntu/carrierbot_ws/build/my_robot_description' returned '0': CMAKE_PREFIX_PATH=${CMAKE_PREFIX_PATH}:/home/duybuntu/carrierbot_ws/install/my_robot_communicate:/home/duybuntu/ros2_ws_basic/install/my_py_pkg:/home/duybuntu/deli_ws/install/deli_logger:/home/duybuntu/deli_ws/install/mqtt:/home/duybuntu/deli_ws/install/localization:/home/duybuntu/turtlebot3_ws/install/turtlebot3_teleop:/home/duybuntu/turtlebot3_ws/install/turtlebot3_example:/opt/ros/humble /usr/bin/cmake --install /home/duybuntu/carrierbot_ws/build/my_robot_description
[1.009s] Level 1:colcon.colcon_core.environment:checking '/home/duybuntu/carrierbot_ws/install/my_robot_description' for CMake config files
[1.010s] Level 1:colcon.colcon_core.shell:create_environment_hook('my_robot_description', 'cmake_prefix_path')
[1.011s] INFO:colcon.colcon_core.shell:Creating environment hook '/home/duybuntu/carrierbot_ws/install/my_robot_description/share/my_robot_description/hook/cmake_prefix_path.ps1'
[1.013s] INFO:colcon.colcon_core.shell:Creating environment descriptor '/home/duybuntu/carrierbot_ws/install/my_robot_description/share/my_robot_description/hook/cmake_prefix_path.dsv'
[1.014s] INFO:colcon.colcon_core.shell:Creating environment hook '/home/duybuntu/carrierbot_ws/install/my_robot_description/share/my_robot_description/hook/cmake_prefix_path.sh'
[1.015s] Level 1:colcon.colcon_core.environment:checking '/home/duybuntu/carrierbot_ws/install/my_robot_description/bin'
[1.015s] Level 1:colcon.colcon_core.environment:checking '/home/duybuntu/carrierbot_ws/install/my_robot_description/lib/pkgconfig/my_robot_description.pc'
[1.016s] Level 1:colcon.colcon_core.environment:checking '/home/duybuntu/carrierbot_ws/install/my_robot_description/lib/python3.10/site-packages'
[1.016s] Level 1:colcon.colcon_core.environment:checking '/home/duybuntu/carrierbot_ws/install/my_robot_description/bin'
[1.017s] INFO:colcon.colcon_core.shell:Creating package script '/home/duybuntu/carrierbot_ws/install/my_robot_description/share/my_robot_description/package.ps1'
[1.019s] INFO:colcon.colcon_core.shell:Creating package descriptor '/home/duybuntu/carrierbot_ws/install/my_robot_description/share/my_robot_description/package.dsv'
[1.020s] INFO:colcon.colcon_core.shell:Creating package script '/home/duybuntu/carrierbot_ws/install/my_robot_description/share/my_robot_description/package.sh'
[1.021s] INFO:colcon.colcon_core.shell:Creating package script '/home/duybuntu/carrierbot_ws/install/my_robot_description/share/my_robot_description/package.bash'
[1.022s] INFO:colcon.colcon_core.shell:Creating package script '/home/duybuntu/carrierbot_ws/install/my_robot_description/share/my_robot_description/package.zsh'
[1.024s] Level 1:colcon.colcon_core.environment:create_file_with_runtime_dependencies(/home/duybuntu/carrierbot_ws/install/my_robot_description/share/colcon-core/packages/my_robot_description)
[1.027s] Level 1:colcon.colcon_core.environment:create_environment_scripts_only(my_robot_description)
[1.028s] Level 1:colcon.colcon_core.environment:checking '/home/duybuntu/carrierbot_ws/install/my_robot_description' for CMake module files
[1.028s] Level 1:colcon.colcon_core.environment:checking '/home/duybuntu/carrierbot_ws/install/my_robot_description' for CMake config files
[1.028s] Level 1:colcon.colcon_core.shell:create_environment_hook('my_robot_description', 'cmake_prefix_path')
[1.029s] INFO:colcon.colcon_core.shell:Creating environment hook '/home/duybuntu/carrierbot_ws/install/my_robot_description/share/my_robot_description/hook/cmake_prefix_path.ps1'
[1.029s] INFO:colcon.colcon_core.shell:Creating environment descriptor '/home/duybuntu/carrierbot_ws/install/my_robot_description/share/my_robot_description/hook/cmake_prefix_path.dsv'
[1.029s] INFO:colcon.colcon_core.shell:Creating environment hook '/home/duybuntu/carrierbot_ws/install/my_robot_description/share/my_robot_description/hook/cmake_prefix_path.sh'
[1.030s] Level 1:colcon.colcon_core.environment:checking '/home/duybuntu/carrierbot_ws/install/my_robot_description/bin'
[1.030s] Level 1:colcon.colcon_core.environment:checking '/home/duybuntu/carrierbot_ws/install/my_robot_description/lib/pkgconfig/my_robot_description.pc'
[1.030s] Level 1:colcon.colcon_core.environment:checking '/home/duybuntu/carrierbot_ws/install/my_robot_description/lib/python3.10/site-packages'
[1.030s] Level 1:colcon.colcon_core.environment:checking '/home/duybuntu/carrierbot_ws/install/my_robot_description/bin'
[1.031s] INFO:colcon.colcon_core.shell:Creating package script '/home/duybuntu/carrierbot_ws/install/my_robot_description/share/my_robot_description/package.ps1'
[1.032s] INFO:colcon.colcon_core.shell:Creating package descriptor '/home/duybuntu/carrierbot_ws/install/my_robot_description/share/my_robot_description/package.dsv'
[1.034s] INFO:colcon.colcon_core.shell:Creating package script '/home/duybuntu/carrierbot_ws/install/my_robot_description/share/my_robot_description/package.sh'
[1.035s] INFO:colcon.colcon_core.shell:Creating package script '/home/duybuntu/carrierbot_ws/install/my_robot_description/share/my_robot_description/package.bash'
[1.036s] INFO:colcon.colcon_core.shell:Creating package script '/home/duybuntu/carrierbot_ws/install/my_robot_description/share/my_robot_description/package.zsh'
[1.037s] Level 1:colcon.colcon_core.environment:create_file_with_runtime_dependencies(/home/duybuntu/carrierbot_ws/install/my_robot_description/share/colcon-core/packages/my_robot_description)
[1.037s] Level 1:colcon.colcon_core.environment:create_environment_scripts_only(my_robot_localization)
[1.038s] Level 1:colcon.colcon_core.environment:checking '/home/duybuntu/carrierbot_ws/install/my_robot_localization' for CMake module files
[1.038s] Level 1:colcon.colcon_core.environment:checking '/home/duybuntu/carrierbot_ws/install/my_robot_localization' for CMake config files
[1.041s] DEBUG:colcon.colcon_core.event_handler.log_command:Invoked command in '/home/duybuntu/carrierbot_ws/build/my_robot_localization' returned '0': CMAKE_PREFIX_PATH=${CMAKE_PREFIX_PATH}:/home/duybuntu/carrierbot_ws/install/my_robot_communicate:/home/duybuntu/ros2_ws_basic/install/my_py_pkg:/home/duybuntu/deli_ws/install/deli_logger:/home/duybuntu/deli_ws/install/mqtt:/home/duybuntu/deli_ws/install/localization:/home/duybuntu/turtlebot3_ws/install/turtlebot3_teleop:/home/duybuntu/turtlebot3_ws/install/turtlebot3_example:/opt/ros/humble /usr/bin/cmake --install /home/duybuntu/carrierbot_ws/build/my_robot_localization
[1.041s] Level 1:colcon.colcon_core.shell:create_environment_hook('my_robot_localization', 'cmake_prefix_path')
[1.041s] INFO:colcon.colcon_core.shell:Creating environment hook '/home/duybuntu/carrierbot_ws/install/my_robot_localization/share/my_robot_localization/hook/cmake_prefix_path.ps1'
[1.042s] INFO:colcon.colcon_core.shell:Creating environment descriptor '/home/duybuntu/carrierbot_ws/install/my_robot_localization/share/my_robot_localization/hook/cmake_prefix_path.dsv'
[1.043s] INFO:colcon.colcon_core.shell:Creating environment hook '/home/duybuntu/carrierbot_ws/install/my_robot_localization/share/my_robot_localization/hook/cmake_prefix_path.sh'
[1.044s] Level 1:colcon.colcon_core.environment:checking '/home/duybuntu/carrierbot_ws/install/my_robot_localization/bin'
[1.044s] Level 1:colcon.colcon_core.environment:checking '/home/duybuntu/carrierbot_ws/install/my_robot_localization/lib/pkgconfig/my_robot_localization.pc'
[1.045s] Level 1:colcon.colcon_core.environment:checking '/home/duybuntu/carrierbot_ws/install/my_robot_localization/lib/python3.10/site-packages'
[1.045s] Level 1:colcon.colcon_core.environment:checking '/home/duybuntu/carrierbot_ws/install/my_robot_localization/bin'
[1.045s] INFO:colcon.colcon_core.shell:Creating package script '/home/duybuntu/carrierbot_ws/install/my_robot_localization/share/my_robot_localization/package.ps1'
[1.046s] INFO:colcon.colcon_core.shell:Creating package descriptor '/home/duybuntu/carrierbot_ws/install/my_robot_localization/share/my_robot_localization/package.dsv'
[1.046s] INFO:colcon.colcon_core.shell:Creating package script '/home/duybuntu/carrierbot_ws/install/my_robot_localization/share/my_robot_localization/package.sh'
[1.047s] INFO:colcon.colcon_core.shell:Creating package script '/home/duybuntu/carrierbot_ws/install/my_robot_localization/share/my_robot_localization/package.bash'
[1.047s] INFO:colcon.colcon_core.shell:Creating package script '/home/duybuntu/carrierbot_ws/install/my_robot_localization/share/my_robot_localization/package.zsh'
[1.047s] Level 1:colcon.colcon_core.environment:create_file_with_runtime_dependencies(/home/duybuntu/carrierbot_ws/install/my_robot_localization/share/colcon-core/packages/my_robot_localization)
[1.048s] Level 1:colcon.colcon_core.environment:create_environment_scripts_only(my_robot_localization)
[1.048s] Level 1:colcon.colcon_core.environment:checking '/home/duybuntu/carrierbot_ws/install/my_robot_localization' for CMake module files
[1.049s] Level 1:colcon.colcon_core.environment:checking '/home/duybuntu/carrierbot_ws/install/my_robot_localization' for CMake config files
[1.049s] Level 1:colcon.colcon_core.shell:create_environment_hook('my_robot_localization', 'cmake_prefix_path')
[1.049s] INFO:colcon.colcon_core.shell:Creating environment hook '/home/duybuntu/carrierbot_ws/install/my_robot_localization/share/my_robot_localization/hook/cmake_prefix_path.ps1'
[1.050s] INFO:colcon.colcon_core.shell:Creating environment descriptor '/home/duybuntu/carrierbot_ws/install/my_robot_localization/share/my_robot_localization/hook/cmake_prefix_path.dsv'
[1.051s] INFO:colcon.colcon_core.shell:Creating environment hook '/home/duybuntu/carrierbot_ws/install/my_robot_localization/share/my_robot_localization/hook/cmake_prefix_path.sh'
[1.052s] Level 1:colcon.colcon_core.environment:checking '/home/duybuntu/carrierbot_ws/install/my_robot_localization/bin'
[1.052s] Level 1:colcon.colcon_core.environment:checking '/home/duybuntu/carrierbot_ws/install/my_robot_localization/lib/pkgconfig/my_robot_localization.pc'
[1.052s] Level 1:colcon.colcon_core.environment:checking '/home/duybuntu/carrierbot_ws/install/my_robot_localization/lib/python3.10/site-packages'
[1.053s] Level 1:colcon.colcon_core.environment:checking '/home/duybuntu/carrierbot_ws/install/my_robot_localization/bin'
[1.054s] INFO:colcon.colcon_core.shell:Creating package script '/home/duybuntu/carrierbot_ws/install/my_robot_localization/share/my_robot_localization/package.ps1'
[1.054s] INFO:colcon.colcon_core.shell:Creating package descriptor '/home/duybuntu/carrierbot_ws/install/my_robot_localization/share/my_robot_localization/package.dsv'
[1.055s] INFO:colcon.colcon_core.shell:Creating package script '/home/duybuntu/carrierbot_ws/install/my_robot_localization/share/my_robot_localization/package.sh'
[1.056s] INFO:colcon.colcon_core.shell:Creating package script '/home/duybuntu/carrierbot_ws/install/my_robot_localization/share/my_robot_localization/package.bash'
[1.056s] INFO:colcon.colcon_core.shell:Creating package script '/home/duybuntu/carrierbot_ws/install/my_robot_localization/share/my_robot_localization/package.zsh'
[1.057s] Level 1:colcon.colcon_core.environment:create_file_with_runtime_dependencies(/home/duybuntu/carrierbot_ws/install/my_robot_localization/share/colcon-core/packages/my_robot_localization)
[1.058s] Level 1:colcon.colcon_core.environment:create_environment_scripts_only(robot_controller)
[1.059s] Level 1:colcon.colcon_core.environment:checking '/home/duybuntu/carrierbot_ws/install/robot_controller' for CMake module files
[1.060s] DEBUG:colcon.colcon_core.event_handler.log_command:Invoked command in '/home/duybuntu/carrierbot_ws/build/robot_controller' returned '0': CMAKE_PREFIX_PATH=${CMAKE_PREFIX_PATH}:/home/duybuntu/carrierbot_ws/install/my_robot_communicate:/home/duybuntu/ros2_ws_basic/install/my_py_pkg:/home/duybuntu/deli_ws/install/deli_logger:/home/duybuntu/deli_ws/install/mqtt:/home/duybuntu/deli_ws/install/localization:/home/duybuntu/turtlebot3_ws/install/turtlebot3_teleop:/home/duybuntu/turtlebot3_ws/install/turtlebot3_example:/opt/ros/humble /usr/bin/cmake --install /home/duybuntu/carrierbot_ws/build/robot_controller
[1.060s] Level 1:colcon.colcon_core.environment:checking '/home/duybuntu/carrierbot_ws/install/robot_controller' for CMake config files
[1.060s] Level 1:colcon.colcon_core.shell:create_environment_hook('robot_controller', 'cmake_prefix_path')
[1.061s] INFO:colcon.colcon_core.shell:Creating environment hook '/home/duybuntu/carrierbot_ws/install/robot_controller/share/robot_controller/hook/cmake_prefix_path.ps1'
[1.061s] INFO:colcon.colcon_core.shell:Creating environment descriptor '/home/duybuntu/carrierbot_ws/install/robot_controller/share/robot_controller/hook/cmake_prefix_path.dsv'
[1.062s] INFO:colcon.colcon_core.shell:Creating environment hook '/home/duybuntu/carrierbot_ws/install/robot_controller/share/robot_controller/hook/cmake_prefix_path.sh'
[1.062s] Level 1:colcon.colcon_core.environment:checking '/home/duybuntu/carrierbot_ws/install/robot_controller/bin'
[1.062s] Level 1:colcon.colcon_core.environment:checking '/home/duybuntu/carrierbot_ws/install/robot_controller/lib/pkgconfig/robot_controller.pc'
[1.063s] Level 1:colcon.colcon_core.environment:checking '/home/duybuntu/carrierbot_ws/install/robot_controller/lib/python3.10/site-packages'
[1.063s] Level 1:colcon.colcon_core.environment:checking '/home/duybuntu/carrierbot_ws/install/robot_controller/bin'
[1.063s] INFO:colcon.colcon_core.shell:Creating package script '/home/duybuntu/carrierbot_ws/install/robot_controller/share/robot_controller/package.ps1'
[1.064s] INFO:colcon.colcon_core.shell:Creating package descriptor '/home/duybuntu/carrierbot_ws/install/robot_controller/share/robot_controller/package.dsv'
[1.064s] INFO:colcon.colcon_core.shell:Creating package script '/home/duybuntu/carrierbot_ws/install/robot_controller/share/robot_controller/package.sh'
[1.065s] INFO:colcon.colcon_core.shell:Creating package script '/home/duybuntu/carrierbot_ws/install/robot_controller/share/robot_controller/package.bash'
[1.066s] INFO:colcon.colcon_core.shell:Creating package script '/home/duybuntu/carrierbot_ws/install/robot_controller/share/robot_controller/package.zsh'
[1.066s] Level 1:colcon.colcon_core.environment:create_file_with_runtime_dependencies(/home/duybuntu/carrierbot_ws/install/robot_controller/share/colcon-core/packages/robot_controller)
[1.067s] Level 1:colcon.colcon_core.environment:create_environment_scripts_only(robot_controller)
[1.067s] Level 1:colcon.colcon_core.environment:checking '/home/duybuntu/carrierbot_ws/install/robot_controller' for CMake module files
[1.068s] Level 1:colcon.colcon_core.environment:checking '/home/duybuntu/carrierbot_ws/install/robot_controller' for CMake config files
[1.068s] Level 1:colcon.colcon_core.shell:create_environment_hook('robot_controller', 'cmake_prefix_path')
[1.068s] INFO:colcon.colcon_core.shell:Creating environment hook '/home/duybuntu/carrierbot_ws/install/robot_controller/share/robot_controller/hook/cmake_prefix_path.ps1'
[1.069s] INFO:colcon.colcon_core.shell:Creating environment descriptor '/home/duybuntu/carrierbot_ws/install/robot_controller/share/robot_controller/hook/cmake_prefix_path.dsv'
[1.069s] INFO:colcon.colcon_core.shell:Creating environment hook '/home/duybuntu/carrierbot_ws/install/robot_controller/share/robot_controller/hook/cmake_prefix_path.sh'
[1.070s] Level 1:colcon.colcon_core.environment:checking '/home/duybuntu/carrierbot_ws/install/robot_controller/bin'
[1.070s] Level 1:colcon.colcon_core.environment:checking '/home/duybuntu/carrierbot_ws/install/robot_controller/lib/pkgconfig/robot_controller.pc'
[1.071s] Level 1:colcon.colcon_core.environment:checking '/home/duybuntu/carrierbot_ws/install/robot_controller/lib/python3.10/site-packages'
[1.072s] Level 1:colcon.colcon_core.environment:checking '/home/duybuntu/carrierbot_ws/install/robot_controller/bin'
[1.072s] INFO:colcon.colcon_core.shell:Creating package script '/home/duybuntu/carrierbot_ws/install/robot_controller/share/robot_controller/package.ps1'
[1.073s] INFO:colcon.colcon_core.shell:Creating package descriptor '/home/duybuntu/carrierbot_ws/install/robot_controller/share/robot_controller/package.dsv'
[1.074s] INFO:colcon.colcon_core.shell:Creating package script '/home/duybuntu/carrierbot_ws/install/robot_controller/share/robot_controller/package.sh'
[1.074s] INFO:colcon.colcon_core.shell:Creating package script '/home/duybuntu/carrierbot_ws/install/robot_controller/share/robot_controller/package.bash'
[1.075s] INFO:colcon.colcon_core.shell:Creating package script '/home/duybuntu/carrierbot_ws/install/robot_controller/share/robot_controller/package.zsh'
[1.076s] Level 1:colcon.colcon_core.environment:create_file_with_runtime_dependencies(/home/duybuntu/carrierbot_ws/install/robot_controller/share/colcon-core/packages/robot_controller)
[1.076s] Level 1:colcon.colcon_core.environment:create_environment_scripts_only(my_robot_navigation)
[1.077s] Level 1:colcon.colcon_core.environment:checking '/home/duybuntu/carrierbot_ws/install/my_robot_navigation' for CMake module files
[1.078s] Level 1:colcon.colcon_core.environment:checking '/home/duybuntu/carrierbot_ws/install/my_robot_navigation' for CMake config files
[1.079s] DEBUG:colcon.colcon_core.event_handler.log_command:Invoked command in '/home/duybuntu/carrierbot_ws/build/my_robot_navigation' returned '0': CMAKE_PREFIX_PATH=${CMAKE_PREFIX_PATH}:/home/duybuntu/carrierbot_ws/install/my_robot_communicate:/home/duybuntu/ros2_ws_basic/install/my_py_pkg:/home/duybuntu/deli_ws/install/deli_logger:/home/duybuntu/deli_ws/install/mqtt:/home/duybuntu/deli_ws/install/localization:/home/duybuntu/turtlebot3_ws/install/turtlebot3_teleop:/home/duybuntu/turtlebot3_ws/install/turtlebot3_example:/opt/ros/humble /usr/bin/cmake --install /home/duybuntu/carrierbot_ws/build/my_robot_navigation
[1.079s] Level 1:colcon.colcon_core.shell:create_environment_hook('my_robot_navigation', 'cmake_prefix_path')
[1.080s] INFO:colcon.colcon_core.shell:Creating environment hook '/home/duybuntu/carrierbot_ws/install/my_robot_navigation/share/my_robot_navigation/hook/cmake_prefix_path.ps1'
[1.080s] INFO:colcon.colcon_core.shell:Creating environment descriptor '/home/duybuntu/carrierbot_ws/install/my_robot_navigation/share/my_robot_navigation/hook/cmake_prefix_path.dsv'
[1.081s] INFO:colcon.colcon_core.shell:Creating environment hook '/home/duybuntu/carrierbot_ws/install/my_robot_navigation/share/my_robot_navigation/hook/cmake_prefix_path.sh'
[1.082s] Level 1:colcon.colcon_core.environment:checking '/home/duybuntu/carrierbot_ws/install/my_robot_navigation/bin'
[1.082s] Level 1:colcon.colcon_core.environment:checking '/home/duybuntu/carrierbot_ws/install/my_robot_navigation/lib/pkgconfig/my_robot_navigation.pc'
[1.082s] Level 1:colcon.colcon_core.environment:checking '/home/duybuntu/carrierbot_ws/install/my_robot_navigation/lib/python3.10/site-packages'
[1.083s] Level 1:colcon.colcon_core.environment:checking '/home/duybuntu/carrierbot_ws/install/my_robot_navigation/bin'
[1.083s] INFO:colcon.colcon_core.shell:Creating package script '/home/duybuntu/carrierbot_ws/install/my_robot_navigation/share/my_robot_navigation/package.ps1'
[1.084s] INFO:colcon.colcon_core.shell:Creating package descriptor '/home/duybuntu/carrierbot_ws/install/my_robot_navigation/share/my_robot_navigation/package.dsv'
[1.085s] INFO:colcon.colcon_core.shell:Creating package script '/home/duybuntu/carrierbot_ws/install/my_robot_navigation/share/my_robot_navigation/package.sh'
[1.087s] INFO:colcon.colcon_core.shell:Creating package script '/home/duybuntu/carrierbot_ws/install/my_robot_navigation/share/my_robot_navigation/package.bash'
[1.088s] INFO:colcon.colcon_core.shell:Creating package script '/home/duybuntu/carrierbot_ws/install/my_robot_navigation/share/my_robot_navigation/package.zsh'
[1.088s] Level 1:colcon.colcon_core.environment:create_file_with_runtime_dependencies(/home/duybuntu/carrierbot_ws/install/my_robot_navigation/share/colcon-core/packages/my_robot_navigation)
[1.089s] Level 1:colcon.colcon_core.environment:create_environment_scripts_only(my_robot_navigation)
[1.089s] Level 1:colcon.colcon_core.environment:checking '/home/duybuntu/carrierbot_ws/install/my_robot_navigation' for CMake module files
[1.090s] Level 1:colcon.colcon_core.environment:checking '/home/duybuntu/carrierbot_ws/install/my_robot_navigation' for CMake config files
[1.090s] Level 1:colcon.colcon_core.shell:create_environment_hook('my_robot_navigation', 'cmake_prefix_path')
[1.091s] INFO:colcon.colcon_core.shell:Creating environment hook '/home/duybuntu/carrierbot_ws/install/my_robot_navigation/share/my_robot_navigation/hook/cmake_prefix_path.ps1'
[1.091s] INFO:colcon.colcon_core.shell:Creating environment descriptor '/home/duybuntu/carrierbot_ws/install/my_robot_navigation/share/my_robot_navigation/hook/cmake_prefix_path.dsv'
[1.092s] INFO:colcon.colcon_core.shell:Creating environment hook '/home/duybuntu/carrierbot_ws/install/my_robot_navigation/share/my_robot_navigation/hook/cmake_prefix_path.sh'
[1.093s] Level 1:colcon.colcon_core.environment:checking '/home/duybuntu/carrierbot_ws/install/my_robot_navigation/bin'
[1.093s] Level 1:colcon.colcon_core.environment:checking '/home/duybuntu/carrierbot_ws/install/my_robot_navigation/lib/pkgconfig/my_robot_navigation.pc'
[1.093s] Level 1:colcon.colcon_core.environment:checking '/home/duybuntu/carrierbot_ws/install/my_robot_navigation/lib/python3.10/site-packages'
[1.094s] Level 1:colcon.colcon_core.environment:checking '/home/duybuntu/carrierbot_ws/install/my_robot_navigation/bin'
[1.094s] INFO:colcon.colcon_core.shell:Creating package script '/home/duybuntu/carrierbot_ws/install/my_robot_navigation/share/my_robot_navigation/package.ps1'
[1.095s] INFO:colcon.colcon_core.shell:Creating package descriptor '/home/duybuntu/carrierbot_ws/install/my_robot_navigation/share/my_robot_navigation/package.dsv'
[1.096s] INFO:colcon.colcon_core.shell:Creating package script '/home/duybuntu/carrierbot_ws/install/my_robot_navigation/share/my_robot_navigation/package.sh'
[1.096s] INFO:colcon.colcon_core.shell:Creating package script '/home/duybuntu/carrierbot_ws/install/my_robot_navigation/share/my_robot_navigation/package.bash'
[1.097s] INFO:colcon.colcon_core.shell:Creating package script '/home/duybuntu/carrierbot_ws/install/my_robot_navigation/share/my_robot_navigation/package.zsh'
[1.098s] Level 1:colcon.colcon_core.environment:create_file_with_runtime_dependencies(/home/duybuntu/carrierbot_ws/install/my_robot_navigation/share/colcon-core/packages/my_robot_navigation)
[1.385s] DEBUG:colcon.colcon_core.event_handler.log_command:Invoking command in '/home/duybuntu/carrierbot_ws/src/my_robot_communicate': PYTHONPATH=/home/duybuntu/carrierbot_ws/build/my_robot_communicate/prefix_override:/usr/lib/python3/dist-packages/colcon_core/task/python/colcon_distutils_commands:/home/duybuntu/carrierbot_ws/install/my_robot_communicate/lib/python3.10/site-packages:${PYTHONPATH} /usr/bin/python3 -W ignore:setup.py install is deprecated -W ignore:easy_install command is deprecated setup.py egg_info --egg-base ../../build/my_robot_communicate build --build-base /home/duybuntu/carrierbot_ws/build/my_robot_communicate/build install --record /home/duybuntu/carrierbot_ws/build/my_robot_communicate/install.log --single-version-externally-managed install_data
[1.755s] Level 1:colcon.colcon_core.environment:checking '/home/duybuntu/carrierbot_ws/install/my_robot_communicate' for CMake module files
[1.756s] DEBUG:colcon.colcon_core.event_handler.log_command:Invoked command in '/home/duybuntu/carrierbot_ws/src/my_robot_communicate' returned '0': PYTHONPATH=/home/duybuntu/carrierbot_ws/build/my_robot_communicate/prefix_override:/usr/lib/python3/dist-packages/colcon_core/task/python/colcon_distutils_commands:/home/duybuntu/carrierbot_ws/install/my_robot_communicate/lib/python3.10/site-packages:${PYTHONPATH} /usr/bin/python3 -W ignore:setup.py install is deprecated -W ignore:easy_install command is deprecated setup.py egg_info --egg-base ../../build/my_robot_communicate build --build-base /home/duybuntu/carrierbot_ws/build/my_robot_communicate/build install --record /home/duybuntu/carrierbot_ws/build/my_robot_communicate/install.log --single-version-externally-managed install_data
[1.756s] Level 1:colcon.colcon_core.environment:checking '/home/duybuntu/carrierbot_ws/install/my_robot_communicate' for CMake config files
[1.757s] Level 1:colcon.colcon_core.environment:checking '/home/duybuntu/carrierbot_ws/install/my_robot_communicate/lib'
[1.757s] Level 1:colcon.colcon_core.environment:checking '/home/duybuntu/carrierbot_ws/install/my_robot_communicate/bin'
[1.757s] Level 1:colcon.colcon_core.environment:checking '/home/duybuntu/carrierbot_ws/install/my_robot_communicate/lib/pkgconfig/my_robot_communicate.pc'
[1.757s] Level 1:colcon.colcon_core.environment:checking '/home/duybuntu/carrierbot_ws/install/my_robot_communicate/lib/python3.10/site-packages'
[1.757s] Level 1:colcon.colcon_core.shell:create_environment_hook('my_robot_communicate', 'pythonpath')
[1.758s] INFO:colcon.colcon_core.shell:Creating environment hook '/home/duybuntu/carrierbot_ws/install/my_robot_communicate/share/my_robot_communicate/hook/pythonpath.ps1'
[1.759s] INFO:colcon.colcon_core.shell:Creating environment descriptor '/home/duybuntu/carrierbot_ws/install/my_robot_communicate/share/my_robot_communicate/hook/pythonpath.dsv'
[1.759s] INFO:colcon.colcon_core.shell:Creating environment hook '/home/duybuntu/carrierbot_ws/install/my_robot_communicate/share/my_robot_communicate/hook/pythonpath.sh'
[1.760s] Level 1:colcon.colcon_core.environment:checking '/home/duybuntu/carrierbot_ws/install/my_robot_communicate/bin'
[1.760s] Level 1:colcon.colcon_core.environment:create_environment_scripts_only(my_robot_communicate)
[1.760s] INFO:colcon.colcon_core.shell:Creating package script '/home/duybuntu/carrierbot_ws/install/my_robot_communicate/share/my_robot_communicate/package.ps1'
[1.761s] INFO:colcon.colcon_core.shell:Creating package descriptor '/home/duybuntu/carrierbot_ws/install/my_robot_communicate/share/my_robot_communicate/package.dsv'
[1.762s] INFO:colcon.colcon_core.shell:Creating package script '/home/duybuntu/carrierbot_ws/install/my_robot_communicate/share/my_robot_communicate/package.sh'
[1.762s] INFO:colcon.colcon_core.shell:Creating package script '/home/duybuntu/carrierbot_ws/install/my_robot_communicate/share/my_robot_communicate/package.bash'
[1.762s] INFO:colcon.colcon_core.shell:Creating package script '/home/duybuntu/carrierbot_ws/install/my_robot_communicate/share/my_robot_communicate/package.zsh'
[1.763s] Level 1:colcon.colcon_core.environment:create_file_with_runtime_dependencies(/home/duybuntu/carrierbot_ws/install/my_robot_communicate/share/colcon-core/packages/my_robot_communicate)
[1.763s] DEBUG:colcon.colcon_parallel_executor.executor.parallel:closing loop
[1.763s] DEBUG:colcon.colcon_parallel_executor.executor.parallel:loop closed
[1.764s] DEBUG:colcon.colcon_parallel_executor.executor.parallel:run_until_complete finished with '0'
[1.764s] DEBUG:colcon.colcon_core.event_reactor:joining thread
[1.771s] INFO:colcon.colcon_core.plugin_system:Skipping extension 'colcon_notification.desktop_notification.terminal_notifier': Not used on non-Darwin systems
[1.772s] INFO:colcon.colcon_core.plugin_system:Skipping extension 'colcon_notification.desktop_notification.win32': Not used on non-Windows systems
[1.772s] INFO:colcon.colcon_notification.desktop_notification:Sending desktop notification using 'notify2'
[1.784s] DEBUG:colcon.colcon_core.event_reactor:joined thread
[1.784s] INFO:colcon.colcon_core.shell:Creating prefix script '/home/duybuntu/carrierbot_ws/install/local_setup.ps1'
[1.786s] INFO:colcon.colcon_core.shell:Creating prefix util module '/home/duybuntu/carrierbot_ws/install/_local_setup_util_ps1.py'
[1.788s] INFO:colcon.colcon_core.shell:Creating prefix chain script '/home/duybuntu/carrierbot_ws/install/setup.ps1'
[1.792s] INFO:colcon.colcon_core.shell:Creating prefix script '/home/duybuntu/carrierbot_ws/install/local_setup.sh'
[1.793s] INFO:colcon.colcon_core.shell:Creating prefix util module '/home/duybuntu/carrierbot_ws/install/_local_setup_util_sh.py'
[1.793s] INFO:colcon.colcon_core.shell:Creating prefix chain script '/home/duybuntu/carrierbot_ws/install/setup.sh'
[1.796s] INFO:colcon.colcon_core.shell:Creating prefix script '/home/duybuntu/carrierbot_ws/install/local_setup.bash'
[1.796s] INFO:colcon.colcon_core.shell:Creating prefix chain script '/home/duybuntu/carrierbot_ws/install/setup.bash'
[1.799s] INFO:colcon.colcon_core.shell:Creating prefix script '/home/duybuntu/carrierbot_ws/install/local_setup.zsh'
[1.799s] INFO:colcon.colcon_core.shell:Creating prefix chain script '/home/duybuntu/carrierbot_ws/install/setup.zsh'
