[0.014s] Invoking command in '/home/duybuntu/carrierbot_ws/build/my_robot_msgs': CMAKE_PREFIX_PATH=${CMAKE_PREFIX_PATH}:/home/duybuntu/ros2_ws_basic/install/my_py_pkg:/home/duybuntu/deli_ws/install/deli_logger:/home/duybuntu/deli_ws/install/mqtt:/home/duybuntu/deli_ws/install/localization:/home/duybuntu/turtlebot3_ws/install/turtlebot3_teleop:/home/duybuntu/turtlebot3_ws/install/turtlebot3_example:/home/duybuntu/carrierbot_ws/install/my_robot_communicate:/opt/ros/humble /usr/bin/cmake /home/duybuntu/carrierbot_ws/src/my_robot_msgs -DCMAKE_INSTALL_PREFIX=/home/duybuntu/carrierbot_ws/install/my_robot_msgs
[0.101s] -- The C compiler identification is GNU 11.4.0
[0.165s] -- The CXX compiler identification is GNU 11.4.0
[0.176s] -- Detecting C compiler ABI info
[0.261s] -- Detecting C compiler ABI info - done
[0.268s] -- Check for working C compiler: /usr/bin/cc - skipped
[0.268s] -- Detecting C compile features
[0.269s] -- Detecting C compile features - done
[0.272s] -- Detecting CXX compiler ABI info
[0.361s] -- Detecting CXX compiler ABI info - done
[0.368s] -- Check for working CXX compiler: /usr/bin/c++ - skipped
[0.369s] -- Detecting CXX compile features
[0.369s] -- Detecting CXX compile features - done
[0.377s] -- Found ament_cmake: 1.3.12 (/opt/ros/humble/share/ament_cmake/cmake)
[0.544s] -- Found Python3: /usr/bin/python3 (found version "3.10.12") found components: Interpreter 
[0.692s] -- Found rosidl_default_generators: 1.2.1 (/opt/ros/humble/share/rosidl_default_generators/cmake)
[0.704s] -- Using all available rosidl_typesupport_c: rosidl_typesupport_fastrtps_c;rosidl_typesupport_introspection_c
[0.723s] -- Found rosidl_adapter: 3.1.8 (/opt/ros/humble/share/rosidl_adapter/cmake)
[0.805s] -- Using all available rosidl_typesupport_cpp: rosidl_typesupport_fastrtps_cpp;rosidl_typesupport_introspection_cpp
[0.887s] -- Found ament_lint_auto: 0.12.15 (/opt/ros/humble/share/ament_lint_auto/cmake)
[1.193s] -- Found ament_cmake_ros: 0.10.0 (/opt/ros/humble/share/ament_cmake_ros/cmake)
[1.400s] -- Using all available rosidl_typesupport_c: rosidl_typesupport_fastrtps_c;rosidl_typesupport_introspection_c
[1.654s] -- Using all available rosidl_typesupport_cpp: rosidl_typesupport_fastrtps_cpp;rosidl_typesupport_introspection_cpp
[1.678s] -- Found PythonInterp: /usr/bin/python3 (found suitable version "3.10.12", minimum required is "3.6") 
[1.684s] -- Found python_cmake_module: 0.10.0 (/opt/ros/humble/share/python_cmake_module/cmake)
[1.716s] -- Found PythonLibs: /usr/lib/x86_64-linux-gnu/libpython3.10.so (found suitable version "3.10.12", minimum required is "3.5") 
[1.716s] -- Using PYTHON_EXECUTABLE: /usr/bin/python3
[1.716s] -- Using PYTHON_INCLUDE_DIRS: /usr/include/python3.10
[1.716s] -- Using PYTHON_LIBRARIES: /usr/lib/x86_64-linux-gnu/libpython3.10.so
[1.741s] -- Found PythonExtra: .so  
[1.853s] -- Added test 'lint_cmake' to check CMake code style
[1.855s] -- Added test 'xmllint' to check XML markup files
[1.863s] -- Configuring done
[1.894s] -- Generating done
[1.905s] -- Build files have been written to: /home/duybuntu/carrierbot_ws/build/my_robot_msgs
[1.913s] Invoked command in '/home/duybuntu/carrierbot_ws/build/my_robot_msgs' returned '0': CMAKE_PREFIX_PATH=${CMAKE_PREFIX_PATH}:/home/duybuntu/ros2_ws_basic/install/my_py_pkg:/home/duybuntu/deli_ws/install/deli_logger:/home/duybuntu/deli_ws/install/mqtt:/home/duybuntu/deli_ws/install/localization:/home/duybuntu/turtlebot3_ws/install/turtlebot3_teleop:/home/duybuntu/turtlebot3_ws/install/turtlebot3_example:/home/duybuntu/carrierbot_ws/install/my_robot_communicate:/opt/ros/humble /usr/bin/cmake /home/duybuntu/carrierbot_ws/src/my_robot_msgs -DCMAKE_INSTALL_PREFIX=/home/duybuntu/carrierbot_ws/install/my_robot_msgs
[1.915s] Invoking command in '/home/duybuntu/carrierbot_ws/build/my_robot_msgs': CMAKE_PREFIX_PATH=${CMAKE_PREFIX_PATH}:/home/duybuntu/ros2_ws_basic/install/my_py_pkg:/home/duybuntu/deli_ws/install/deli_logger:/home/duybuntu/deli_ws/install/mqtt:/home/duybuntu/deli_ws/install/localization:/home/duybuntu/turtlebot3_ws/install/turtlebot3_teleop:/home/duybuntu/turtlebot3_ws/install/turtlebot3_example:/home/duybuntu/carrierbot_ws/install/my_robot_communicate:/opt/ros/humble /usr/bin/cmake --build /home/duybuntu/carrierbot_ws/build/my_robot_msgs -- -j12 -l12
[1.962s] [  3%] [34m[1mGenerating C code for ROS interfaces[0m
[1.973s] [  6%] [34m[1mGenerating C++ code for ROS interfaces[0m
[1.974s] [  9%] [34m[1mGenerating Rust code for ROS interfaces[0m
[1.985s] [  9%] Built target ament_cmake_python_copy_my_robot_msgs
[2.241s] [  9%] Built target my_robot_msgs__rs
[2.262s] [  9%] Built target my_robot_msgs__cpp
[2.265s] running egg_info
[2.265s] creating my_robot_msgs.egg-info
[2.266s] writing my_robot_msgs.egg-info/PKG-INFO
[2.266s] writing dependency_links to my_robot_msgs.egg-info/dependency_links.txt
[2.266s] writing top-level names to my_robot_msgs.egg-info/top_level.txt
[2.267s] writing manifest file 'my_robot_msgs.egg-info/SOURCES.txt'
[2.270s] reading manifest file 'my_robot_msgs.egg-info/SOURCES.txt'
[2.270s] writing manifest file 'my_robot_msgs.egg-info/SOURCES.txt'
[2.274s] [ 15%] [34m[1mGenerating C++ introspection for ROS interfaces[0m
[2.275s] [ 15%] [34m[1mGenerating C++ type support dispatch for ROS interfaces[0m
[2.275s] [ 18%] [34m[1mGenerating C++ type support for eProsima Fast-RTPS[0m
[2.281s] [ 21%] [32mBuilding C object CMakeFiles/my_robot_msgs__rosidl_generator_c.dir/rosidl_generator_c/my_robot_msgs/msg/detail/can_frame__functions.c.o[0m
[2.315s] [ 21%] Built target ament_cmake_python_build_my_robot_msgs_egg
[2.339s] [ 25%] [32m[1mLinking C shared library libmy_robot_msgs__rosidl_generator_c.so[0m
[2.385s] [ 25%] Built target my_robot_msgs__rosidl_generator_c
[2.397s] [ 31%] [34m[1mGenerating C introspection for ROS interfaces[0m
[2.397s] [ 31%] [34m[1mGenerating C type support dispatch for ROS interfaces[0m
[2.397s] [ 34%] [34m[1mGenerating C type support for eProsima Fast-RTPS[0m
[2.552s] [ 37%] [32mBuilding CXX object CMakeFiles/my_robot_msgs__rosidl_typesupport_cpp.dir/rosidl_typesupport_cpp/my_robot_msgs/msg/can_frame__type_support.cpp.o[0m
[2.559s] [ 40%] [32mBuilding CXX object CMakeFiles/my_robot_msgs__rosidl_typesupport_introspection_cpp.dir/rosidl_typesupport_introspection_cpp/my_robot_msgs/msg/detail/can_frame__type_support.cpp.o[0m
[2.568s] [ 43%] [32mBuilding CXX object CMakeFiles/my_robot_msgs__rosidl_typesupport_fastrtps_cpp.dir/rosidl_typesupport_fastrtps_cpp/my_robot_msgs/msg/detail/dds_fastrtps/can_frame__type_support.cpp.o[0m
[2.668s] [ 46%] [32mBuilding CXX object CMakeFiles/my_robot_msgs__rosidl_typesupport_c.dir/rosidl_typesupport_c/my_robot_msgs/msg/can_frame__type_support.cpp.o[0m
[2.696s] [ 50%] [32mBuilding CXX object CMakeFiles/my_robot_msgs__rosidl_typesupport_fastrtps_c.dir/rosidl_typesupport_fastrtps_c/my_robot_msgs/msg/detail/can_frame__type_support_c.cpp.o[0m
[2.703s] [ 53%] [32mBuilding C object CMakeFiles/my_robot_msgs__rosidl_typesupport_introspection_c.dir/rosidl_typesupport_introspection_c/my_robot_msgs/msg/detail/can_frame__type_support.c.o[0m
[2.705s] [ 56%] [32m[1mLinking CXX shared library libmy_robot_msgs__rosidl_typesupport_c.so[0m
[2.747s] [ 59%] [32m[1mLinking C shared library libmy_robot_msgs__rosidl_typesupport_introspection_c.so[0m
[2.756s] [ 59%] Built target my_robot_msgs__rosidl_typesupport_c
[2.782s] [ 59%] Built target my_robot_msgs__rosidl_typesupport_introspection_c
[2.820s] [ 62%] [32m[1mLinking CXX shared library libmy_robot_msgs__rosidl_typesupport_cpp.so[0m
[2.867s] [ 62%] Built target my_robot_msgs__rosidl_typesupport_cpp
[2.963s] [ 65%] [32m[1mLinking CXX shared library libmy_robot_msgs__rosidl_typesupport_introspection_cpp.so[0m
[3.000s] [ 68%] [32m[1mLinking CXX shared library libmy_robot_msgs__rosidl_typesupport_fastrtps_cpp.so[0m
[3.026s] [ 71%] [32m[1mLinking CXX shared library libmy_robot_msgs__rosidl_typesupport_fastrtps_c.so[0m
[3.078s] [ 71%] Built target my_robot_msgs__rosidl_typesupport_introspection_cpp
[3.112s] [ 71%] Built target my_robot_msgs__rosidl_typesupport_fastrtps_cpp
[3.141s] [ 71%] Built target my_robot_msgs__rosidl_typesupport_fastrtps_c
[3.166s] [ 71%] Built target my_robot_msgs
[3.190s] [ 75%] [34m[1mGenerating Python code for ROS interfaces[0m
[3.503s] [ 75%] Built target my_robot_msgs__py
[3.529s] [ 78%] [32mBuilding C object CMakeFiles/my_robot_msgs__rosidl_generator_py.dir/rosidl_generator_py/my_robot_msgs/msg/_can_frame_s.c.o[0m
[3.642s] [ 81%] [32m[1mLinking C shared library rosidl_generator_py/my_robot_msgs/libmy_robot_msgs__rosidl_generator_py.so[0m
[3.688s] [ 81%] Built target my_robot_msgs__rosidl_generator_py
[3.712s] [ 87%] [32mBuilding C object CMakeFiles/my_robot_msgs__rosidl_typesupport_c__pyext.dir/rosidl_generator_py/my_robot_msgs/_my_robot_msgs_s.ep.rosidl_typesupport_c.c.o[0m
[3.712s] [ 87%] [32mBuilding C object CMakeFiles/my_robot_msgs__rosidl_typesupport_introspection_c__pyext.dir/rosidl_generator_py/my_robot_msgs/_my_robot_msgs_s.ep.rosidl_typesupport_introspection_c.c.o[0m
[3.715s] [ 90%] [32mBuilding C object CMakeFiles/my_robot_msgs__rosidl_typesupport_fastrtps_c__pyext.dir/rosidl_generator_py/my_robot_msgs/_my_robot_msgs_s.ep.rosidl_typesupport_fastrtps_c.c.o[0m
[3.802s] [ 96%] [32m[1mLinking C shared library rosidl_generator_py/my_robot_msgs/my_robot_msgs_s__rosidl_typesupport_c.cpython-310-x86_64-linux-gnu.so[0m
[3.802s] [ 96%] [32m[1mLinking C shared library rosidl_generator_py/my_robot_msgs/my_robot_msgs_s__rosidl_typesupport_introspection_c.cpython-310-x86_64-linux-gnu.so[0m
[3.810s] [100%] [32m[1mLinking C shared library rosidl_generator_py/my_robot_msgs/my_robot_msgs_s__rosidl_typesupport_fastrtps_c.cpython-310-x86_64-linux-gnu.so[0m
[3.840s] [100%] Built target my_robot_msgs__rosidl_typesupport_introspection_c__pyext
[3.841s] [100%] Built target my_robot_msgs__rosidl_typesupport_c__pyext
[3.854s] [100%] Built target my_robot_msgs__rosidl_typesupport_fastrtps_c__pyext
[3.870s] Invoked command in '/home/duybuntu/carrierbot_ws/build/my_robot_msgs' returned '0': CMAKE_PREFIX_PATH=${CMAKE_PREFIX_PATH}:/home/duybuntu/ros2_ws_basic/install/my_py_pkg:/home/duybuntu/deli_ws/install/deli_logger:/home/duybuntu/deli_ws/install/mqtt:/home/duybuntu/deli_ws/install/localization:/home/duybuntu/turtlebot3_ws/install/turtlebot3_teleop:/home/duybuntu/turtlebot3_ws/install/turtlebot3_example:/home/duybuntu/carrierbot_ws/install/my_robot_communicate:/opt/ros/humble /usr/bin/cmake --build /home/duybuntu/carrierbot_ws/build/my_robot_msgs -- -j12 -l12
[3.882s] Invoking command in '/home/duybuntu/carrierbot_ws/build/my_robot_msgs': CMAKE_PREFIX_PATH=${CMAKE_PREFIX_PATH}:/home/duybuntu/ros2_ws_basic/install/my_py_pkg:/home/duybuntu/deli_ws/install/deli_logger:/home/duybuntu/deli_ws/install/mqtt:/home/duybuntu/deli_ws/install/localization:/home/duybuntu/turtlebot3_ws/install/turtlebot3_teleop:/home/duybuntu/turtlebot3_ws/install/turtlebot3_example:/home/duybuntu/carrierbot_ws/install/my_robot_communicate:/opt/ros/humble /usr/bin/cmake --install /home/duybuntu/carrierbot_ws/build/my_robot_msgs
[3.891s] -- Install configuration: ""
[3.891s] -- Installing: /home/duybuntu/carrierbot_ws/install/my_robot_msgs/share/ament_index/resource_index/rosidl_interfaces/my_robot_msgs
[3.891s] -- Installing: /home/duybuntu/carrierbot_ws/install/my_robot_msgs/include/my_robot_msgs/my_robot_msgs
[3.892s] -- Installing: /home/duybuntu/carrierbot_ws/install/my_robot_msgs/include/my_robot_msgs/my_robot_msgs/msg
[3.892s] -- Installing: /home/duybuntu/carrierbot_ws/install/my_robot_msgs/include/my_robot_msgs/my_robot_msgs/msg/rosidl_generator_c__visibility_control.h
[3.892s] -- Installing: /home/duybuntu/carrierbot_ws/install/my_robot_msgs/include/my_robot_msgs/my_robot_msgs/msg/detail
[3.892s] -- Installing: /home/duybuntu/carrierbot_ws/install/my_robot_msgs/include/my_robot_msgs/my_robot_msgs/msg/detail/can_frame__functions.h
[3.892s] -- Installing: /home/duybuntu/carrierbot_ws/install/my_robot_msgs/include/my_robot_msgs/my_robot_msgs/msg/detail/can_frame__functions.c
[3.892s] -- Installing: /home/duybuntu/carrierbot_ws/install/my_robot_msgs/include/my_robot_msgs/my_robot_msgs/msg/detail/can_frame__type_support.h
[3.892s] -- Installing: /home/duybuntu/carrierbot_ws/install/my_robot_msgs/include/my_robot_msgs/my_robot_msgs/msg/detail/can_frame__struct.h
[3.892s] -- Installing: /home/duybuntu/carrierbot_ws/install/my_robot_msgs/include/my_robot_msgs/my_robot_msgs/msg/can_frame.h
[3.893s] -- Installing: /home/duybuntu/carrierbot_ws/install/my_robot_msgs/share/my_robot_msgs/environment/library_path.sh
[3.893s] -- Installing: /home/duybuntu/carrierbot_ws/install/my_robot_msgs/share/my_robot_msgs/environment/library_path.dsv
[3.893s] -- Installing: /home/duybuntu/carrierbot_ws/install/my_robot_msgs/lib/libmy_robot_msgs__rosidl_generator_c.so
[3.894s] -- Set runtime path of "/home/duybuntu/carrierbot_ws/install/my_robot_msgs/lib/libmy_robot_msgs__rosidl_generator_c.so" to ""
[3.894s] -- Up-to-date: /home/duybuntu/carrierbot_ws/install/my_robot_msgs/include/my_robot_msgs/my_robot_msgs
[3.894s] -- Up-to-date: /home/duybuntu/carrierbot_ws/install/my_robot_msgs/include/my_robot_msgs/my_robot_msgs/msg
[3.894s] -- Installing: /home/duybuntu/carrierbot_ws/install/my_robot_msgs/include/my_robot_msgs/my_robot_msgs/msg/rosidl_typesupport_fastrtps_c__visibility_control.h
[3.894s] -- Up-to-date: /home/duybuntu/carrierbot_ws/install/my_robot_msgs/include/my_robot_msgs/my_robot_msgs/msg/detail
[3.894s] -- Installing: /home/duybuntu/carrierbot_ws/install/my_robot_msgs/include/my_robot_msgs/my_robot_msgs/msg/detail/can_frame__rosidl_typesupport_fastrtps_c.h
[3.894s] -- Installing: /home/duybuntu/carrierbot_ws/install/my_robot_msgs/lib/libmy_robot_msgs__rosidl_typesupport_fastrtps_c.so
[3.895s] -- Set runtime path of "/home/duybuntu/carrierbot_ws/install/my_robot_msgs/lib/libmy_robot_msgs__rosidl_typesupport_fastrtps_c.so" to ""
[3.895s] -- Up-to-date: /home/duybuntu/carrierbot_ws/install/my_robot_msgs/include/my_robot_msgs/my_robot_msgs
[3.895s] -- Up-to-date: /home/duybuntu/carrierbot_ws/install/my_robot_msgs/include/my_robot_msgs/my_robot_msgs/msg
[3.895s] -- Installing: /home/duybuntu/carrierbot_ws/install/my_robot_msgs/include/my_robot_msgs/my_robot_msgs/msg/rosidl_typesupport_introspection_c__visibility_control.h
[3.895s] -- Up-to-date: /home/duybuntu/carrierbot_ws/install/my_robot_msgs/include/my_robot_msgs/my_robot_msgs/msg/detail
[3.895s] -- Installing: /home/duybuntu/carrierbot_ws/install/my_robot_msgs/include/my_robot_msgs/my_robot_msgs/msg/detail/can_frame__type_support.c
[3.896s] -- Installing: /home/duybuntu/carrierbot_ws/install/my_robot_msgs/include/my_robot_msgs/my_robot_msgs/msg/detail/can_frame__rosidl_typesupport_introspection_c.h
[3.896s] -- Installing: /home/duybuntu/carrierbot_ws/install/my_robot_msgs/lib/libmy_robot_msgs__rosidl_typesupport_introspection_c.so
[3.896s] -- Set runtime path of "/home/duybuntu/carrierbot_ws/install/my_robot_msgs/lib/libmy_robot_msgs__rosidl_typesupport_introspection_c.so" to ""
[3.896s] -- Installing: /home/duybuntu/carrierbot_ws/install/my_robot_msgs/lib/libmy_robot_msgs__rosidl_typesupport_c.so
[3.897s] -- Set runtime path of "/home/duybuntu/carrierbot_ws/install/my_robot_msgs/lib/libmy_robot_msgs__rosidl_typesupport_c.so" to ""
[3.897s] -- Up-to-date: /home/duybuntu/carrierbot_ws/install/my_robot_msgs/include/my_robot_msgs/my_robot_msgs
[3.897s] -- Up-to-date: /home/duybuntu/carrierbot_ws/install/my_robot_msgs/include/my_robot_msgs/my_robot_msgs/msg
[3.897s] -- Installing: /home/duybuntu/carrierbot_ws/install/my_robot_msgs/include/my_robot_msgs/my_robot_msgs/msg/rosidl_generator_cpp__visibility_control.hpp
[3.898s] -- Up-to-date: /home/duybuntu/carrierbot_ws/install/my_robot_msgs/include/my_robot_msgs/my_robot_msgs/msg/detail
[3.898s] -- Installing: /home/duybuntu/carrierbot_ws/install/my_robot_msgs/include/my_robot_msgs/my_robot_msgs/msg/detail/can_frame__type_support.hpp
[3.898s] -- Installing: /home/duybuntu/carrierbot_ws/install/my_robot_msgs/include/my_robot_msgs/my_robot_msgs/msg/detail/can_frame__struct.hpp
[3.898s] -- Installing: /home/duybuntu/carrierbot_ws/install/my_robot_msgs/include/my_robot_msgs/my_robot_msgs/msg/detail/can_frame__traits.hpp
[3.898s] -- Installing: /home/duybuntu/carrierbot_ws/install/my_robot_msgs/include/my_robot_msgs/my_robot_msgs/msg/detail/can_frame__builder.hpp
[3.898s] -- Installing: /home/duybuntu/carrierbot_ws/install/my_robot_msgs/include/my_robot_msgs/my_robot_msgs/msg/can_frame.hpp
[3.898s] -- Up-to-date: /home/duybuntu/carrierbot_ws/install/my_robot_msgs/include/my_robot_msgs/my_robot_msgs
[3.899s] -- Up-to-date: /home/duybuntu/carrierbot_ws/install/my_robot_msgs/include/my_robot_msgs/my_robot_msgs/msg
[3.899s] -- Installing: /home/duybuntu/carrierbot_ws/install/my_robot_msgs/include/my_robot_msgs/my_robot_msgs/msg/rosidl_typesupport_fastrtps_cpp__visibility_control.h
[3.899s] -- Up-to-date: /home/duybuntu/carrierbot_ws/install/my_robot_msgs/include/my_robot_msgs/my_robot_msgs/msg/detail
[3.899s] -- Installing: /home/duybuntu/carrierbot_ws/install/my_robot_msgs/include/my_robot_msgs/my_robot_msgs/msg/detail/dds_fastrtps
[3.899s] -- Installing: /home/duybuntu/carrierbot_ws/install/my_robot_msgs/include/my_robot_msgs/my_robot_msgs/msg/detail/can_frame__rosidl_typesupport_fastrtps_cpp.hpp
[3.899s] -- Installing: /home/duybuntu/carrierbot_ws/install/my_robot_msgs/lib/libmy_robot_msgs__rosidl_typesupport_fastrtps_cpp.so
[3.900s] -- Set runtime path of "/home/duybuntu/carrierbot_ws/install/my_robot_msgs/lib/libmy_robot_msgs__rosidl_typesupport_fastrtps_cpp.so" to ""
[3.900s] -- Up-to-date: /home/duybuntu/carrierbot_ws/install/my_robot_msgs/include/my_robot_msgs/my_robot_msgs
[3.900s] -- Up-to-date: /home/duybuntu/carrierbot_ws/install/my_robot_msgs/include/my_robot_msgs/my_robot_msgs/msg
[3.900s] -- Up-to-date: /home/duybuntu/carrierbot_ws/install/my_robot_msgs/include/my_robot_msgs/my_robot_msgs/msg/detail
[3.900s] -- Installing: /home/duybuntu/carrierbot_ws/install/my_robot_msgs/include/my_robot_msgs/my_robot_msgs/msg/detail/can_frame__type_support.cpp
[3.900s] -- Installing: /home/duybuntu/carrierbot_ws/install/my_robot_msgs/include/my_robot_msgs/my_robot_msgs/msg/detail/can_frame__rosidl_typesupport_introspection_cpp.hpp
[3.900s] -- Installing: /home/duybuntu/carrierbot_ws/install/my_robot_msgs/lib/libmy_robot_msgs__rosidl_typesupport_introspection_cpp.so
[3.901s] -- Set runtime path of "/home/duybuntu/carrierbot_ws/install/my_robot_msgs/lib/libmy_robot_msgs__rosidl_typesupport_introspection_cpp.so" to ""
[3.901s] -- Installing: /home/duybuntu/carrierbot_ws/install/my_robot_msgs/lib/libmy_robot_msgs__rosidl_typesupport_cpp.so
[3.901s] -- Set runtime path of "/home/duybuntu/carrierbot_ws/install/my_robot_msgs/lib/libmy_robot_msgs__rosidl_typesupport_cpp.so" to ""
[3.901s] -- Installing: /home/duybuntu/carrierbot_ws/install/my_robot_msgs/share/my_robot_msgs/environment/pythonpath.sh
[3.902s] -- Installing: /home/duybuntu/carrierbot_ws/install/my_robot_msgs/share/my_robot_msgs/environment/pythonpath.dsv
[3.902s] -- Installing: /home/duybuntu/carrierbot_ws/install/my_robot_msgs/local/lib/python3.10/dist-packages/my_robot_msgs-0.0.0-py3.10.egg-info
[3.902s] -- Installing: /home/duybuntu/carrierbot_ws/install/my_robot_msgs/local/lib/python3.10/dist-packages/my_robot_msgs-0.0.0-py3.10.egg-info/PKG-INFO
[3.902s] -- Installing: /home/duybuntu/carrierbot_ws/install/my_robot_msgs/local/lib/python3.10/dist-packages/my_robot_msgs-0.0.0-py3.10.egg-info/SOURCES.txt
[3.902s] -- Installing: /home/duybuntu/carrierbot_ws/install/my_robot_msgs/local/lib/python3.10/dist-packages/my_robot_msgs-0.0.0-py3.10.egg-info/dependency_links.txt
[3.903s] -- Installing: /home/duybuntu/carrierbot_ws/install/my_robot_msgs/local/lib/python3.10/dist-packages/my_robot_msgs-0.0.0-py3.10.egg-info/top_level.txt
[3.903s] -- Installing: /home/duybuntu/carrierbot_ws/install/my_robot_msgs/local/lib/python3.10/dist-packages/my_robot_msgs
[3.903s] -- Installing: /home/duybuntu/carrierbot_ws/install/my_robot_msgs/local/lib/python3.10/dist-packages/my_robot_msgs/_my_robot_msgs_s.ep.rosidl_typesupport_introspection_c.c
[3.903s] -- Installing: /home/duybuntu/carrierbot_ws/install/my_robot_msgs/local/lib/python3.10/dist-packages/my_robot_msgs/my_robot_msgs_s__rosidl_typesupport_fastrtps_c.cpython-310-x86_64-linux-gnu.so
[3.903s] -- Installing: /home/duybuntu/carrierbot_ws/install/my_robot_msgs/local/lib/python3.10/dist-packages/my_robot_msgs/my_robot_msgs_s__rosidl_typesupport_c.cpython-310-x86_64-linux-gnu.so
[3.903s] -- Installing: /home/duybuntu/carrierbot_ws/install/my_robot_msgs/local/lib/python3.10/dist-packages/my_robot_msgs/_my_robot_msgs_s.ep.rosidl_typesupport_fastrtps_c.c
[3.904s] -- Installing: /home/duybuntu/carrierbot_ws/install/my_robot_msgs/local/lib/python3.10/dist-packages/my_robot_msgs/my_robot_msgs_s__rosidl_typesupport_introspection_c.cpython-310-x86_64-linux-gnu.so
[3.904s] -- Installing: /home/duybuntu/carrierbot_ws/install/my_robot_msgs/local/lib/python3.10/dist-packages/my_robot_msgs/libmy_robot_msgs__rosidl_generator_py.so
[3.904s] -- Installing: /home/duybuntu/carrierbot_ws/install/my_robot_msgs/local/lib/python3.10/dist-packages/my_robot_msgs/_my_robot_msgs_s.ep.rosidl_typesupport_c.c
[3.904s] -- Installing: /home/duybuntu/carrierbot_ws/install/my_robot_msgs/local/lib/python3.10/dist-packages/my_robot_msgs/__init__.py
[3.904s] -- Installing: /home/duybuntu/carrierbot_ws/install/my_robot_msgs/local/lib/python3.10/dist-packages/my_robot_msgs/msg
[3.904s] -- Installing: /home/duybuntu/carrierbot_ws/install/my_robot_msgs/local/lib/python3.10/dist-packages/my_robot_msgs/msg/_can_frame_s.c
[3.904s] -- Installing: /home/duybuntu/carrierbot_ws/install/my_robot_msgs/local/lib/python3.10/dist-packages/my_robot_msgs/msg/_can_frame.py
[3.905s] -- Installing: /home/duybuntu/carrierbot_ws/install/my_robot_msgs/local/lib/python3.10/dist-packages/my_robot_msgs/msg/__init__.py
[3.941s] Listing '/home/duybuntu/carrierbot_ws/install/my_robot_msgs/local/lib/python3.10/dist-packages/my_robot_msgs'...
[3.942s] Compiling '/home/duybuntu/carrierbot_ws/install/my_robot_msgs/local/lib/python3.10/dist-packages/my_robot_msgs/__init__.py'...
[3.942s] Listing '/home/duybuntu/carrierbot_ws/install/my_robot_msgs/local/lib/python3.10/dist-packages/my_robot_msgs/msg'...
[3.942s] Compiling '/home/duybuntu/carrierbot_ws/install/my_robot_msgs/local/lib/python3.10/dist-packages/my_robot_msgs/msg/__init__.py'...
[3.942s] Compiling '/home/duybuntu/carrierbot_ws/install/my_robot_msgs/local/lib/python3.10/dist-packages/my_robot_msgs/msg/_can_frame.py'...
[3.946s] -- Installing: /home/duybuntu/carrierbot_ws/install/my_robot_msgs/local/lib/python3.10/dist-packages/my_robot_msgs/my_robot_msgs_s__rosidl_typesupport_fastrtps_c.cpython-310-x86_64-linux-gnu.so
[3.947s] -- Set runtime path of "/home/duybuntu/carrierbot_ws/install/my_robot_msgs/local/lib/python3.10/dist-packages/my_robot_msgs/my_robot_msgs_s__rosidl_typesupport_fastrtps_c.cpython-310-x86_64-linux-gnu.so" to ""
[3.947s] -- Installing: /home/duybuntu/carrierbot_ws/install/my_robot_msgs/local/lib/python3.10/dist-packages/my_robot_msgs/my_robot_msgs_s__rosidl_typesupport_introspection_c.cpython-310-x86_64-linux-gnu.so
[3.947s] -- Set runtime path of "/home/duybuntu/carrierbot_ws/install/my_robot_msgs/local/lib/python3.10/dist-packages/my_robot_msgs/my_robot_msgs_s__rosidl_typesupport_introspection_c.cpython-310-x86_64-linux-gnu.so" to ""
[3.947s] -- Installing: /home/duybuntu/carrierbot_ws/install/my_robot_msgs/local/lib/python3.10/dist-packages/my_robot_msgs/my_robot_msgs_s__rosidl_typesupport_c.cpython-310-x86_64-linux-gnu.so
[3.948s] -- Set runtime path of "/home/duybuntu/carrierbot_ws/install/my_robot_msgs/local/lib/python3.10/dist-packages/my_robot_msgs/my_robot_msgs_s__rosidl_typesupport_c.cpython-310-x86_64-linux-gnu.so" to ""
[3.948s] -- Installing: /home/duybuntu/carrierbot_ws/install/my_robot_msgs/lib/libmy_robot_msgs__rosidl_generator_py.so
[3.948s] -- Set runtime path of "/home/duybuntu/carrierbot_ws/install/my_robot_msgs/lib/libmy_robot_msgs__rosidl_generator_py.so" to ""
[3.948s] -- Installing: /home/duybuntu/carrierbot_ws/install/my_robot_msgs/share/ament_index/resource_index/rust_packages/my_robot_msgs
[3.948s] -- Installing: /home/duybuntu/carrierbot_ws/install/my_robot_msgs/share/my_robot_msgs/rust
[3.949s] -- Installing: /home/duybuntu/carrierbot_ws/install/my_robot_msgs/share/my_robot_msgs/rust/src
[3.949s] -- Installing: /home/duybuntu/carrierbot_ws/install/my_robot_msgs/share/my_robot_msgs/rust/src/lib.rs
[3.949s] -- Installing: /home/duybuntu/carrierbot_ws/install/my_robot_msgs/share/my_robot_msgs/rust/src/msg.rs
[3.949s] -- Installing: /home/duybuntu/carrierbot_ws/install/my_robot_msgs/share/my_robot_msgs/rust/src/msg
[3.949s] -- Installing: /home/duybuntu/carrierbot_ws/install/my_robot_msgs/share/my_robot_msgs/rust/src/msg/rmw.rs
[3.949s] -- Installing: /home/duybuntu/carrierbot_ws/install/my_robot_msgs/share/my_robot_msgs/rust/build.rs
[3.949s] -- Installing: /home/duybuntu/carrierbot_ws/install/my_robot_msgs/share/my_robot_msgs/rust/Cargo.toml
[3.949s] -- Installing: /home/duybuntu/carrierbot_ws/install/my_robot_msgs/share/my_robot_msgs/msg/CanFrame.idl
[3.950s] -- Installing: /home/duybuntu/carrierbot_ws/install/my_robot_msgs/share/my_robot_msgs/msgs/CanFrame.msg
[3.950s] -- Installing: /home/duybuntu/carrierbot_ws/install/my_robot_msgs/share/ament_index/resource_index/package_run_dependencies/my_robot_msgs
[3.950s] -- Installing: /home/duybuntu/carrierbot_ws/install/my_robot_msgs/share/ament_index/resource_index/parent_prefix_path/my_robot_msgs
[3.950s] -- Installing: /home/duybuntu/carrierbot_ws/install/my_robot_msgs/share/my_robot_msgs/environment/ament_prefix_path.sh
[3.950s] -- Installing: /home/duybuntu/carrierbot_ws/install/my_robot_msgs/share/my_robot_msgs/environment/ament_prefix_path.dsv
[3.951s] -- Installing: /home/duybuntu/carrierbot_ws/install/my_robot_msgs/share/my_robot_msgs/environment/path.sh
[3.951s] -- Installing: /home/duybuntu/carrierbot_ws/install/my_robot_msgs/share/my_robot_msgs/environment/path.dsv
[3.951s] -- Installing: /home/duybuntu/carrierbot_ws/install/my_robot_msgs/share/my_robot_msgs/local_setup.bash
[3.951s] -- Installing: /home/duybuntu/carrierbot_ws/install/my_robot_msgs/share/my_robot_msgs/local_setup.sh
[3.951s] -- Installing: /home/duybuntu/carrierbot_ws/install/my_robot_msgs/share/my_robot_msgs/local_setup.zsh
[3.951s] -- Installing: /home/duybuntu/carrierbot_ws/install/my_robot_msgs/share/my_robot_msgs/local_setup.dsv
[3.951s] -- Installing: /home/duybuntu/carrierbot_ws/install/my_robot_msgs/share/my_robot_msgs/package.dsv
[3.952s] -- Installing: /home/duybuntu/carrierbot_ws/install/my_robot_msgs/share/ament_index/resource_index/packages/my_robot_msgs
[3.952s] -- Installing: /home/duybuntu/carrierbot_ws/install/my_robot_msgs/share/my_robot_msgs/cmake/export_my_robot_msgs__rosidl_generator_cExport.cmake
[3.952s] -- Installing: /home/duybuntu/carrierbot_ws/install/my_robot_msgs/share/my_robot_msgs/cmake/export_my_robot_msgs__rosidl_generator_cExport-noconfig.cmake
[3.952s] -- Installing: /home/duybuntu/carrierbot_ws/install/my_robot_msgs/share/my_robot_msgs/cmake/export_my_robot_msgs__rosidl_typesupport_fastrtps_cExport.cmake
[3.952s] -- Installing: /home/duybuntu/carrierbot_ws/install/my_robot_msgs/share/my_robot_msgs/cmake/export_my_robot_msgs__rosidl_typesupport_fastrtps_cExport-noconfig.cmake
[3.952s] -- Installing: /home/duybuntu/carrierbot_ws/install/my_robot_msgs/share/my_robot_msgs/cmake/my_robot_msgs__rosidl_typesupport_introspection_cExport.cmake
[3.953s] -- Installing: /home/duybuntu/carrierbot_ws/install/my_robot_msgs/share/my_robot_msgs/cmake/my_robot_msgs__rosidl_typesupport_introspection_cExport-noconfig.cmake
[3.953s] -- Installing: /home/duybuntu/carrierbot_ws/install/my_robot_msgs/share/my_robot_msgs/cmake/my_robot_msgs__rosidl_typesupport_cExport.cmake
[3.953s] -- Installing: /home/duybuntu/carrierbot_ws/install/my_robot_msgs/share/my_robot_msgs/cmake/my_robot_msgs__rosidl_typesupport_cExport-noconfig.cmake
[3.953s] -- Installing: /home/duybuntu/carrierbot_ws/install/my_robot_msgs/share/my_robot_msgs/cmake/export_my_robot_msgs__rosidl_generator_cppExport.cmake
[3.953s] -- Installing: /home/duybuntu/carrierbot_ws/install/my_robot_msgs/share/my_robot_msgs/cmake/export_my_robot_msgs__rosidl_typesupport_fastrtps_cppExport.cmake
[3.953s] -- Installing: /home/duybuntu/carrierbot_ws/install/my_robot_msgs/share/my_robot_msgs/cmake/export_my_robot_msgs__rosidl_typesupport_fastrtps_cppExport-noconfig.cmake
[3.953s] -- Installing: /home/duybuntu/carrierbot_ws/install/my_robot_msgs/share/my_robot_msgs/cmake/my_robot_msgs__rosidl_typesupport_introspection_cppExport.cmake
[3.954s] -- Installing: /home/duybuntu/carrierbot_ws/install/my_robot_msgs/share/my_robot_msgs/cmake/my_robot_msgs__rosidl_typesupport_introspection_cppExport-noconfig.cmake
[3.954s] -- Installing: /home/duybuntu/carrierbot_ws/install/my_robot_msgs/share/my_robot_msgs/cmake/my_robot_msgs__rosidl_typesupport_cppExport.cmake
[3.954s] -- Installing: /home/duybuntu/carrierbot_ws/install/my_robot_msgs/share/my_robot_msgs/cmake/my_robot_msgs__rosidl_typesupport_cppExport-noconfig.cmake
[3.954s] -- Installing: /home/duybuntu/carrierbot_ws/install/my_robot_msgs/share/my_robot_msgs/cmake/export_my_robot_msgs__rosidl_generator_pyExport.cmake
[3.954s] -- Installing: /home/duybuntu/carrierbot_ws/install/my_robot_msgs/share/my_robot_msgs/cmake/export_my_robot_msgs__rosidl_generator_pyExport-noconfig.cmake
[3.954s] -- Installing: /home/duybuntu/carrierbot_ws/install/my_robot_msgs/share/my_robot_msgs/cmake/rosidl_cmake-extras.cmake
[3.955s] -- Installing: /home/duybuntu/carrierbot_ws/install/my_robot_msgs/share/my_robot_msgs/cmake/ament_cmake_export_include_directories-extras.cmake
[3.955s] -- Installing: /home/duybuntu/carrierbot_ws/install/my_robot_msgs/share/my_robot_msgs/cmake/ament_cmake_export_libraries-extras.cmake
[3.955s] -- Installing: /home/duybuntu/carrierbot_ws/install/my_robot_msgs/share/my_robot_msgs/cmake/ament_cmake_export_targets-extras.cmake
[3.955s] -- Installing: /home/duybuntu/carrierbot_ws/install/my_robot_msgs/share/my_robot_msgs/cmake/rosidl_cmake_export_typesupport_targets-extras.cmake
[3.955s] -- Installing: /home/duybuntu/carrierbot_ws/install/my_robot_msgs/share/my_robot_msgs/cmake/ament_cmake_export_dependencies-extras.cmake
[3.955s] -- Installing: /home/duybuntu/carrierbot_ws/install/my_robot_msgs/share/my_robot_msgs/cmake/rosidl_cmake_export_typesupport_libraries-extras.cmake
[3.955s] -- Installing: /home/duybuntu/carrierbot_ws/install/my_robot_msgs/share/my_robot_msgs/cmake/my_robot_msgsConfig.cmake
[3.955s] -- Installing: /home/duybuntu/carrierbot_ws/install/my_robot_msgs/share/my_robot_msgs/cmake/my_robot_msgsConfig-version.cmake
[3.956s] -- Installing: /home/duybuntu/carrierbot_ws/install/my_robot_msgs/share/my_robot_msgs/package.xml
[3.959s] Invoked command in '/home/duybuntu/carrierbot_ws/build/my_robot_msgs' returned '0': CMAKE_PREFIX_PATH=${CMAKE_PREFIX_PATH}:/home/duybuntu/ros2_ws_basic/install/my_py_pkg:/home/duybuntu/deli_ws/install/deli_logger:/home/duybuntu/deli_ws/install/mqtt:/home/duybuntu/deli_ws/install/localization:/home/duybuntu/turtlebot3_ws/install/turtlebot3_teleop:/home/duybuntu/turtlebot3_ws/install/turtlebot3_example:/home/duybuntu/carrierbot_ws/install/my_robot_communicate:/opt/ros/humble /usr/bin/cmake --install /home/duybuntu/carrierbot_ws/build/my_robot_msgs
