[0.014s] Invoking command in '/home/duybuntu/carrierbot_ws/build/my_robot_base': CMAKE_PREFIX_PATH=${CMAKE_PREFIX_PATH}:/home/duybuntu/ros2_ws_basic/install/my_py_pkg:/home/duybuntu/deli_ws/install/deli_logger:/home/duybuntu/deli_ws/install/mqtt:/home/duybuntu/deli_ws/install/localization:/home/duybuntu/turtlebot3_ws/install/turtlebot3_teleop:/home/duybuntu/turtlebot3_ws/install/turtlebot3_example:/home/duybuntu/carrierbot_ws/install/my_robot_communicate:/opt/ros/humble /usr/bin/cmake --build /home/duybuntu/carrierbot_ws/build/my_robot_base -- -j12 -l12
[0.043s] -- Found ament_cmake: 1.3.12 (/opt/ros/humble/share/ament_cmake/cmake)
[0.172s] -- Found rclcpp: 16.0.17 (/opt/ros/humble/share/rclcpp/cmake)
[0.201s] -- Found rosidl_generator_c: 3.1.8 (/opt/ros/humble/share/rosidl_generator_c/cmake)
[0.204s] -- Found rosidl_adapter: 3.1.8 (/opt/ros/humble/share/rosidl_adapter/cmake)
[0.210s] -- Found rosidl_generator_cpp: 3.1.8 (/opt/ros/humble/share/rosidl_generator_cpp/cmake)
[0.220s] -- Using all available rosidl_typesupport_c: rosidl_typesupport_fastrtps_c;rosidl_typesupport_introspection_c
[0.232s] -- Using all available rosidl_typesupport_cpp: rosidl_typesupport_fastrtps_cpp;rosidl_typesupport_introspection_cpp
[0.263s] -- Found rmw_implementation_cmake: 6.1.2 (/opt/ros/humble/share/rmw_implementation_cmake/cmake)
[0.265s] -- Found rmw_fastrtps_cpp: 6.2.9 (/opt/ros/humble/share/rmw_fastrtps_cpp/cmake)
[0.407s] -- Using RMW implementation 'rmw_fastrtps_cpp' as default
[0.455s] -- Found example_interfaces: 0.9.3 (/opt/ros/humble/share/example_interfaces/cmake)
[0.494s] -- Found geometry_msgs: 4.9.0 (/opt/ros/humble/share/geometry_msgs/cmake)
[0.508s] -- Found my_robot_msgs: 0.0.0 (/home/duybuntu/carrierbot_ws/install/my_robot_msgs/share/my_robot_msgs/cmake)
[0.515s] -- Found ament_lint_auto: 0.12.15 (/opt/ros/humble/share/ament_lint_auto/cmake)
[0.594s] -- Added test 'cppcheck' to perform static code analysis on C / C++ code
[0.594s] -- Configured cppcheck include dirs: /home/duybuntu/carrierbot_ws/src/my_robot_base/include
[0.594s] -- Configured cppcheck exclude dirs and/or files: 
[0.595s] -- Added test 'lint_cmake' to check CMake code style
[0.596s] -- Added test 'uncrustify' to check C / C++ code style
[0.596s] -- Configured uncrustify additional arguments: 
[0.596s] -- Added test 'xmllint' to check XML markup files
[0.597s] -- Configuring done
[0.619s] -- Generating done
[0.627s] -- Build files have been written to: /home/duybuntu/carrierbot_ws/build/my_robot_base
[0.661s] [35m[1mConsolidate compiler generated dependencies of target robot_news_station[0m
[0.661s] [35m[1mConsolidate compiler generated dependencies of target can_subscriber[0m
[0.661s] [35m[1mConsolidate compiler generated dependencies of target smartphone[0m
[0.661s] [35m[1mConsolidate compiler generated dependencies of target can_publisher[0m
[0.683s] [ 50%] [32mBuilding CXX object CMakeFiles/can_publisher.dir/src/can_publisher.cpp.o[0m
[0.683s] [ 62%] Built target smartphone
[0.683s] [ 50%] Built target can_subscriber
[0.683s] [ 87%] Built target robot_news_station
[8.260s] [100%] [32m[1mLinking CXX executable can_publisher[0m
[8.717s] [100%] Built target can_publisher
[8.732s] Invoked command in '/home/duybuntu/carrierbot_ws/build/my_robot_base' returned '0': CMAKE_PREFIX_PATH=${CMAKE_PREFIX_PATH}:/home/duybuntu/ros2_ws_basic/install/my_py_pkg:/home/duybuntu/deli_ws/install/deli_logger:/home/duybuntu/deli_ws/install/mqtt:/home/duybuntu/deli_ws/install/localization:/home/duybuntu/turtlebot3_ws/install/turtlebot3_teleop:/home/duybuntu/turtlebot3_ws/install/turtlebot3_example:/home/duybuntu/carrierbot_ws/install/my_robot_communicate:/opt/ros/humble /usr/bin/cmake --build /home/duybuntu/carrierbot_ws/build/my_robot_base -- -j12 -l12
[8.744s] Invoking command in '/home/duybuntu/carrierbot_ws/build/my_robot_base': CMAKE_PREFIX_PATH=${CMAKE_PREFIX_PATH}:/home/duybuntu/ros2_ws_basic/install/my_py_pkg:/home/duybuntu/deli_ws/install/deli_logger:/home/duybuntu/deli_ws/install/mqtt:/home/duybuntu/deli_ws/install/localization:/home/duybuntu/turtlebot3_ws/install/turtlebot3_teleop:/home/duybuntu/turtlebot3_ws/install/turtlebot3_example:/home/duybuntu/carrierbot_ws/install/my_robot_communicate:/opt/ros/humble /usr/bin/cmake --install /home/duybuntu/carrierbot_ws/build/my_robot_base
[8.753s] -- Install configuration: ""
[8.753s] -- Up-to-date: /home/duybuntu/carrierbot_ws/install/my_robot_base/lib/my_robot_base/robot_news_station
[8.753s] -- Up-to-date: /home/duybuntu/carrierbot_ws/install/my_robot_base/lib/my_robot_base/smartphone
[8.754s] -- Up-to-date: /home/duybuntu/carrierbot_ws/install/my_robot_base/lib/my_robot_base/can_subscriber
[8.754s] -- Installing: /home/duybuntu/carrierbot_ws/install/my_robot_base/lib/my_robot_base/can_publisher
[8.760s] -- Set runtime path of "/home/duybuntu/carrierbot_ws/install/my_robot_base/lib/my_robot_base/can_publisher" to ""
[8.760s] -- Up-to-date: /home/duybuntu/carrierbot_ws/install/my_robot_base/share/ament_index/resource_index/package_run_dependencies/my_robot_base
[8.760s] -- Installing: /home/duybuntu/carrierbot_ws/install/my_robot_base/share/ament_index/resource_index/parent_prefix_path/my_robot_base
[8.760s] -- Up-to-date: /home/duybuntu/carrierbot_ws/install/my_robot_base/share/my_robot_base/environment/ament_prefix_path.sh
[8.760s] -- Installing: /home/duybuntu/carrierbot_ws/install/my_robot_base/share/my_robot_base/environment/ament_prefix_path.dsv
[8.761s] -- Up-to-date: /home/duybuntu/carrierbot_ws/install/my_robot_base/share/my_robot_base/environment/path.sh
[8.761s] -- Installing: /home/duybuntu/carrierbot_ws/install/my_robot_base/share/my_robot_base/environment/path.dsv
[8.761s] -- Up-to-date: /home/duybuntu/carrierbot_ws/install/my_robot_base/share/my_robot_base/local_setup.bash
[8.761s] -- Up-to-date: /home/duybuntu/carrierbot_ws/install/my_robot_base/share/my_robot_base/local_setup.sh
[8.761s] -- Up-to-date: /home/duybuntu/carrierbot_ws/install/my_robot_base/share/my_robot_base/local_setup.zsh
[8.761s] -- Installing: /home/duybuntu/carrierbot_ws/install/my_robot_base/share/my_robot_base/local_setup.dsv
[8.762s] -- Installing: /home/duybuntu/carrierbot_ws/install/my_robot_base/share/my_robot_base/package.dsv
[8.762s] -- Up-to-date: /home/duybuntu/carrierbot_ws/install/my_robot_base/share/ament_index/resource_index/packages/my_robot_base
[8.762s] -- Up-to-date: /home/duybuntu/carrierbot_ws/install/my_robot_base/share/my_robot_base/cmake/my_robot_baseConfig.cmake
[8.762s] -- Up-to-date: /home/duybuntu/carrierbot_ws/install/my_robot_base/share/my_robot_base/cmake/my_robot_baseConfig-version.cmake
[8.762s] -- Up-to-date: /home/duybuntu/carrierbot_ws/install/my_robot_base/share/my_robot_base/package.xml
[8.765s] Invoked command in '/home/duybuntu/carrierbot_ws/build/my_robot_base' returned '0': CMAKE_PREFIX_PATH=${CMAKE_PREFIX_PATH}:/home/duybuntu/ros2_ws_basic/install/my_py_pkg:/home/duybuntu/deli_ws/install/deli_logger:/home/duybuntu/deli_ws/install/mqtt:/home/duybuntu/deli_ws/install/localization:/home/duybuntu/turtlebot3_ws/install/turtlebot3_teleop:/home/duybuntu/turtlebot3_ws/install/turtlebot3_example:/home/duybuntu/carrierbot_ws/install/my_robot_communicate:/opt/ros/humble /usr/bin/cmake --install /home/duybuntu/carrierbot_ws/build/my_robot_base
