[0.339s] Invoking command in '/home/duybuntu/carrierbot_ws/build/my_robot_localization': CMAKE_PREFIX_PATH=${CMAKE_PREFIX_PATH}:/home/duybuntu/ros2_ws_basic/install/my_py_pkg:/home/duybuntu/deli_ws/install/deli_logger:/home/duybuntu/deli_ws/install/mqtt:/home/duybuntu/deli_ws/install/localization:/home/duybuntu/turtlebot3_ws/install/turtlebot3_teleop:/home/duybuntu/turtlebot3_ws/install/turtlebot3_example:/home/duybuntu/carrierbot_ws/install/my_robot_communicate:/opt/ros/humble /usr/bin/cmake --build /home/duybuntu/carrierbot_ws/build/my_robot_localization -- -j12 -l12
[0.450s] Invoked command in '/home/duybuntu/carrierbot_ws/build/my_robot_localization' returned '0': CMAKE_PREFIX_PATH=${CMAKE_PREFIX_PATH}:/home/duybuntu/ros2_ws_basic/install/my_py_pkg:/home/duybuntu/deli_ws/install/deli_logger:/home/duybuntu/deli_ws/install/mqtt:/home/duybuntu/deli_ws/install/localization:/home/duybuntu/turtlebot3_ws/install/turtlebot3_teleop:/home/duybuntu/turtlebot3_ws/install/turtlebot3_example:/home/duybuntu/carrierbot_ws/install/my_robot_communicate:/opt/ros/humble /usr/bin/cmake --build /home/duybuntu/carrierbot_ws/build/my_robot_localization -- -j12 -l12
[0.458s] Invoking command in '/home/duybuntu/carrierbot_ws/build/my_robot_localization': CMAKE_PREFIX_PATH=${CMAKE_PREFIX_PATH}:/home/duybuntu/ros2_ws_basic/install/my_py_pkg:/home/duybuntu/deli_ws/install/deli_logger:/home/duybuntu/deli_ws/install/mqtt:/home/duybuntu/deli_ws/install/localization:/home/duybuntu/turtlebot3_ws/install/turtlebot3_teleop:/home/duybuntu/turtlebot3_ws/install/turtlebot3_example:/home/duybuntu/carrierbot_ws/install/my_robot_communicate:/opt/ros/humble /usr/bin/cmake --install /home/duybuntu/carrierbot_ws/build/my_robot_localization
[0.490s] -- Install configuration: ""
[0.490s] -- Up-to-date: /home/duybuntu/carrierbot_ws/install/my_robot_localization/share/ament_index/resource_index/package_run_dependencies/my_robot_localization
[0.490s] -- Up-to-date: /home/duybuntu/carrierbot_ws/install/my_robot_localization/share/ament_index/resource_index/parent_prefix_path/my_robot_localization
[0.490s] -- Up-to-date: /home/duybuntu/carrierbot_ws/install/my_robot_localization/share/my_robot_localization/environment/ament_prefix_path.sh
[0.490s] -- Up-to-date: /home/duybuntu/carrierbot_ws/install/my_robot_localization/share/my_robot_localization/environment/ament_prefix_path.dsv
[0.490s] -- Up-to-date: /home/duybuntu/carrierbot_ws/install/my_robot_localization/share/my_robot_localization/environment/path.sh
[0.490s] -- Up-to-date: /home/duybuntu/carrierbot_ws/install/my_robot_localization/share/my_robot_localization/environment/path.dsv
[0.490s] -- Up-to-date: /home/duybuntu/carrierbot_ws/install/my_robot_localization/share/my_robot_localization/local_setup.bash
[0.490s] -- Up-to-date: /home/duybuntu/carrierbot_ws/install/my_robot_localization/share/my_robot_localization/local_setup.sh
[0.490s] -- Up-to-date: /home/duybuntu/carrierbot_ws/install/my_robot_localization/share/my_robot_localization/local_setup.zsh
[0.490s] -- Up-to-date: /home/duybuntu/carrierbot_ws/install/my_robot_localization/share/my_robot_localization/local_setup.dsv
[0.490s] -- Up-to-date: /home/duybuntu/carrierbot_ws/install/my_robot_localization/share/my_robot_localization/package.dsv
[0.491s] -- Up-to-date: /home/duybuntu/carrierbot_ws/install/my_robot_localization/share/ament_index/resource_index/packages/my_robot_localization
[0.491s] -- Up-to-date: /home/duybuntu/carrierbot_ws/install/my_robot_localization/share/my_robot_localization/cmake/my_robot_localizationConfig.cmake
[0.491s] -- Up-to-date: /home/duybuntu/carrierbot_ws/install/my_robot_localization/share/my_robot_localization/cmake/my_robot_localizationConfig-version.cmake
[0.491s] -- Up-to-date: /home/duybuntu/carrierbot_ws/install/my_robot_localization/share/my_robot_localization/package.xml
[0.548s] Invoked command in '/home/duybuntu/carrierbot_ws/build/my_robot_localization' returned '0': CMAKE_PREFIX_PATH=${CMAKE_PREFIX_PATH}:/home/duybuntu/ros2_ws_basic/install/my_py_pkg:/home/duybuntu/deli_ws/install/deli_logger:/home/duybuntu/deli_ws/install/mqtt:/home/duybuntu/deli_ws/install/localization:/home/duybuntu/turtlebot3_ws/install/turtlebot3_teleop:/home/duybuntu/turtlebot3_ws/install/turtlebot3_example:/home/duybuntu/carrierbot_ws/install/my_robot_communicate:/opt/ros/humble /usr/bin/cmake --install /home/duybuntu/carrierbot_ws/build/my_robot_localization
