[0.742s] Invoking command in '/home/duybuntu/carrierbot_ws/src/my_robot_communicate': PYTHONPATH=/home/duybuntu/carrierbot_ws/build/my_robot_communicate/prefix_override:/usr/lib/python3/dist-packages/colcon_core/task/python/colcon_distutils_commands:/home/duybuntu/carrierbot_ws/install/my_robot_communicate/lib/python3.10/site-packages:${PYTHONPATH} /usr/bin/python3 -W ignore:setup.py install is deprecated -W ignore:easy_install command is deprecated setup.py egg_info --egg-base ../../build/my_robot_communicate build --build-base /home/duybuntu/carrierbot_ws/build/my_robot_communicate/build install --record /home/duybuntu/carrierbot_ws/build/my_robot_communicate/install.log --single-version-externally-managed install_data
[0.970s] running egg_info
[0.970s] writing ../../build/my_robot_communicate/my_robot_communicate.egg-info/PKG-INFO
[0.970s] writing dependency_links to ../../build/my_robot_communicate/my_robot_communicate.egg-info/dependency_links.txt
[0.970s] writing entry points to ../../build/my_robot_communicate/my_robot_communicate.egg-info/entry_points.txt
[0.971s] writing requirements to ../../build/my_robot_communicate/my_robot_communicate.egg-info/requires.txt
[0.971s] writing top-level names to ../../build/my_robot_communicate/my_robot_communicate.egg-info/top_level.txt
[0.975s] reading manifest file '../../build/my_robot_communicate/my_robot_communicate.egg-info/SOURCES.txt'
[0.976s] writing manifest file '../../build/my_robot_communicate/my_robot_communicate.egg-info/SOURCES.txt'
[0.976s] running build
[0.976s] running build_py
[0.976s] running install
[0.977s] running install_lib
[0.978s] running install_data
[0.978s] running install_egg_info
[0.980s] removing '/home/duybuntu/carrierbot_ws/install/my_robot_communicate/lib/python3.10/site-packages/my_robot_communicate-0.0.0-py3.10.egg-info' (and everything under it)
[0.980s] Copying ../../build/my_robot_communicate/my_robot_communicate.egg-info to /home/duybuntu/carrierbot_ws/install/my_robot_communicate/lib/python3.10/site-packages/my_robot_communicate-0.0.0-py3.10.egg-info
[0.981s] running install_scripts
[1.001s] writing list of installed files to '/home/duybuntu/carrierbot_ws/build/my_robot_communicate/install.log'
[1.036s] Invoked command in '/home/duybuntu/carrierbot_ws/src/my_robot_communicate' returned '0': PYTHONPATH=/home/duybuntu/carrierbot_ws/build/my_robot_communicate/prefix_override:/usr/lib/python3/dist-packages/colcon_core/task/python/colcon_distutils_commands:/home/duybuntu/carrierbot_ws/install/my_robot_communicate/lib/python3.10/site-packages:${PYTHONPATH} /usr/bin/python3 -W ignore:setup.py install is deprecated -W ignore:easy_install command is deprecated setup.py egg_info --egg-base ../../build/my_robot_communicate build --build-base /home/duybuntu/carrierbot_ws/build/my_robot_communicate/build install --record /home/duybuntu/carrierbot_ws/build/my_robot_communicate/install.log --single-version-externally-managed install_data
