-- Found ament_cmake: 1.3.12 (/opt/ros/humble/share/ament_cmake/cmake)
-- Found rosidl_default_generators: 1.2.1 (/opt/ros/humble/share/rosidl_default_generators/cmake)
-- Using all available rosidl_typesupport_c: rosidl_typesupport_fastrtps_c;rosidl_typesupport_introspection_c
-- Found rosidl_adapter: 3.1.8 (/opt/ros/humble/share/rosidl_adapter/cmake)
-- Using all available rosidl_typesupport_cpp: rosidl_typesupport_fastrtps_cpp;rosidl_typesupport_introspection_cpp
-- Found ament_lint_auto: 0.12.15 (/opt/ros/humble/share/ament_lint_auto/cmake)
-- Found ament_cmake_ros: 0.10.0 (/opt/ros/humble/share/ament_cmake_ros/cmake)
-- Using all available rosidl_typesupport_c: rosidl_typesupport_fastrtps_c;rosidl_typesupport_introspection_c
-- Using all available rosidl_typesupport_cpp: rosidl_typesupport_fastrtps_cpp;rosidl_typesupport_introspection_cpp
-- Found python_cmake_module: 0.10.0 (/opt/ros/humble/share/python_cmake_module/cmake)
-- Using PYTHON_EXECUTABLE: /usr/bin/python3
-- Using PYTHON_INCLUDE_DIRS: /usr/include/python3.10
-- Using PYTHON_LIBRARIES: /usr/lib/x86_64-linux-gnu/libpython3.10.so
-- Added test 'lint_cmake' to check CMake code style
-- Added test 'xmllint' to check XML markup files
-- Configuring done
-- Generating done
-- Build files have been written to: /home/duybuntu/carrierbot_ws/build/my_robot_msgs
[  3%] [34m[1mGenerating C code for ROS interfaces[0m
[  6%] [34m[1mGenerating Rust code for ROS interfaces[0m
[  9%] [34m[1mGenerating C++ code for ROS interfaces[0m
[  9%] Built target ament_cmake_python_copy_my_robot_msgs
running egg_info
writing my_robot_msgs.egg-info/PKG-INFO
writing dependency_links to my_robot_msgs.egg-info/dependency_links.txt
writing top-level names to my_robot_msgs.egg-info/top_level.txt
[  9%] Built target my_robot_msgs__rs
[35m[1mConsolidate compiler generated dependencies of target my_robot_msgs__rosidl_generator_c[0m
reading manifest file 'my_robot_msgs.egg-info/SOURCES.txt'
writing manifest file 'my_robot_msgs.egg-info/SOURCES.txt'
[ 12%] [32mBuilding C object CMakeFiles/my_robot_msgs__rosidl_generator_c.dir/rosidl_generator_c/my_robot_msgs/msg/detail/can_frame__functions.c.o[0m
[ 12%] Built target my_robot_msgs__cpp
[ 21%] [34m[1mGenerating C++ introspection for ROS interfaces[0m
[ 21%] [34m[1mGenerating C++ type support dispatch for ROS interfaces[0m
[ 21%] [34m[1mGenerating C++ type support for eProsima Fast-RTPS[0m
[ 21%] Built target ament_cmake_python_build_my_robot_msgs_egg
[ 25%] [32m[1mLinking C shared library libmy_robot_msgs__rosidl_generator_c.so[0m
[ 25%] Built target my_robot_msgs__rosidl_generator_c
[ 31%] [34m[1mGenerating C type support for eProsima Fast-RTPS[0m
[ 31%] [34m[1mGenerating C introspection for ROS interfaces[0m
[ 34%] [34m[1mGenerating C type support dispatch for ROS interfaces[0m
[35m[1mConsolidate compiler generated dependencies of target my_robot_msgs__rosidl_typesupport_cpp[0m
[ 37%] [32mBuilding CXX object CMakeFiles/my_robot_msgs__rosidl_typesupport_cpp.dir/rosidl_typesupport_cpp/my_robot_msgs/msg/can_frame__type_support.cpp.o[0m
[35m[1mConsolidate compiler generated dependencies of target my_robot_msgs__rosidl_typesupport_introspection_cpp[0m
[35m[1mConsolidate compiler generated dependencies of target my_robot_msgs__rosidl_typesupport_fastrtps_cpp[0m
[ 43%] [32mBuilding CXX object CMakeFiles/my_robot_msgs__rosidl_typesupport_introspection_cpp.dir/rosidl_typesupport_introspection_cpp/my_robot_msgs/msg/detail/can_frame__type_support.cpp.o[0m
[ 43%] [32mBuilding CXX object CMakeFiles/my_robot_msgs__rosidl_typesupport_fastrtps_cpp.dir/rosidl_typesupport_fastrtps_cpp/my_robot_msgs/msg/detail/dds_fastrtps/can_frame__type_support.cpp.o[0m
[35m[1mConsolidate compiler generated dependencies of target my_robot_msgs__rosidl_typesupport_c[0m
[ 46%] [32mBuilding CXX object CMakeFiles/my_robot_msgs__rosidl_typesupport_c.dir/rosidl_typesupport_c/my_robot_msgs/msg/can_frame__type_support.cpp.o[0m
[35m[1mConsolidate compiler generated dependencies of target my_robot_msgs__rosidl_typesupport_introspection_c[0m
[ 50%] [32mBuilding C object CMakeFiles/my_robot_msgs__rosidl_typesupport_introspection_c.dir/rosidl_typesupport_introspection_c/my_robot_msgs/msg/detail/can_frame__type_support.c.o[0m
[35m[1mConsolidate compiler generated dependencies of target my_robot_msgs__rosidl_typesupport_fastrtps_c[0m
[ 53%] [32m[1mLinking CXX shared library libmy_robot_msgs__rosidl_typesupport_c.so[0m
[ 56%] [32mBuilding CXX object CMakeFiles/my_robot_msgs__rosidl_typesupport_fastrtps_c.dir/rosidl_typesupport_fastrtps_c/my_robot_msgs/msg/detail/can_frame__type_support_c.cpp.o[0m
[ 59%] [32m[1mLinking C shared library libmy_robot_msgs__rosidl_typesupport_introspection_c.so[0m
[ 59%] Built target my_robot_msgs__rosidl_typesupport_c
[ 59%] Built target my_robot_msgs__rosidl_typesupport_introspection_c
[ 62%] [32m[1mLinking CXX shared library libmy_robot_msgs__rosidl_typesupport_cpp.so[0m
[ 62%] Built target my_robot_msgs__rosidl_typesupport_cpp
[ 65%] [32m[1mLinking CXX shared library libmy_robot_msgs__rosidl_typesupport_introspection_cpp.so[0m
[ 68%] [32m[1mLinking CXX shared library libmy_robot_msgs__rosidl_typesupport_fastrtps_c.so[0m
[ 71%] [32m[1mLinking CXX shared library libmy_robot_msgs__rosidl_typesupport_fastrtps_cpp.so[0m
[ 71%] Built target my_robot_msgs__rosidl_typesupport_introspection_cpp
[ 71%] Built target my_robot_msgs__rosidl_typesupport_fastrtps_c
[ 71%] Built target my_robot_msgs__rosidl_typesupport_fastrtps_cpp
[ 71%] Built target my_robot_msgs
[ 75%] [34m[1mGenerating Python code for ROS interfaces[0m
[ 75%] Built target my_robot_msgs__py
[35m[1mConsolidate compiler generated dependencies of target my_robot_msgs__rosidl_generator_py[0m
[ 78%] [32mBuilding C object CMakeFiles/my_robot_msgs__rosidl_generator_py.dir/rosidl_generator_py/my_robot_msgs/msg/_can_frame_s.c.o[0m
[ 81%] [32m[1mLinking C shared library rosidl_generator_py/my_robot_msgs/libmy_robot_msgs__rosidl_generator_py.so[0m
[ 81%] Built target my_robot_msgs__rosidl_generator_py
[35m[1mConsolidate compiler generated dependencies of target my_robot_msgs__rosidl_typesupport_fastrtps_c__pyext[0m
[35m[1mConsolidate compiler generated dependencies of target my_robot_msgs__rosidl_typesupport_c__pyext[0m
[35m[1mConsolidate compiler generated dependencies of target my_robot_msgs__rosidl_typesupport_introspection_c__pyext[0m
[ 87%] [32mBuilding C object CMakeFiles/my_robot_msgs__rosidl_typesupport_fastrtps_c__pyext.dir/rosidl_generator_py/my_robot_msgs/_my_robot_msgs_s.ep.rosidl_typesupport_fastrtps_c.c.o[0m
[ 87%] [32mBuilding C object CMakeFiles/my_robot_msgs__rosidl_typesupport_introspection_c__pyext.dir/rosidl_generator_py/my_robot_msgs/_my_robot_msgs_s.ep.rosidl_typesupport_introspection_c.c.o[0m
[ 90%] [32mBuilding C object CMakeFiles/my_robot_msgs__rosidl_typesupport_c__pyext.dir/rosidl_generator_py/my_robot_msgs/_my_robot_msgs_s.ep.rosidl_typesupport_c.c.o[0m
[ 93%] [32m[1mLinking C shared library rosidl_generator_py/my_robot_msgs/my_robot_msgs_s__rosidl_typesupport_c.cpython-310-x86_64-linux-gnu.so[0m
[ 96%] [32m[1mLinking C shared library rosidl_generator_py/my_robot_msgs/my_robot_msgs_s__rosidl_typesupport_introspection_c.cpython-310-x86_64-linux-gnu.so[0m
[100%] [32m[1mLinking C shared library rosidl_generator_py/my_robot_msgs/my_robot_msgs_s__rosidl_typesupport_fastrtps_c.cpython-310-x86_64-linux-gnu.so[0m
[100%] Built target my_robot_msgs__rosidl_typesupport_c__pyext
[100%] Built target my_robot_msgs__rosidl_typesupport_introspection_c__pyext
[100%] Built target my_robot_msgs__rosidl_typesupport_fastrtps_c__pyext
-- Install configuration: ""
-- Installing: /home/duybuntu/carrierbot_ws/install/my_robot_msgs/share/ament_index/resource_index/rosidl_interfaces/my_robot_msgs
-- Up-to-date: /home/duybuntu/carrierbot_ws/install/my_robot_msgs/include/my_robot_msgs/my_robot_msgs
-- Up-to-date: /home/duybuntu/carrierbot_ws/install/my_robot_msgs/include/my_robot_msgs/my_robot_msgs/msg
-- Up-to-date: /home/duybuntu/carrierbot_ws/install/my_robot_msgs/include/my_robot_msgs/my_robot_msgs/msg/rosidl_generator_c__visibility_control.h
-- Up-to-date: /home/duybuntu/carrierbot_ws/install/my_robot_msgs/include/my_robot_msgs/my_robot_msgs/msg/detail
-- Installing: /home/duybuntu/carrierbot_ws/install/my_robot_msgs/include/my_robot_msgs/my_robot_msgs/msg/detail/can_frame__functions.h
-- Installing: /home/duybuntu/carrierbot_ws/install/my_robot_msgs/include/my_robot_msgs/my_robot_msgs/msg/detail/can_frame__functions.c
-- Installing: /home/duybuntu/carrierbot_ws/install/my_robot_msgs/include/my_robot_msgs/my_robot_msgs/msg/detail/can_frame__type_support.h
-- Installing: /home/duybuntu/carrierbot_ws/install/my_robot_msgs/include/my_robot_msgs/my_robot_msgs/msg/detail/can_frame__struct.h
-- Installing: /home/duybuntu/carrierbot_ws/install/my_robot_msgs/include/my_robot_msgs/my_robot_msgs/msg/can_frame.h
-- Up-to-date: /home/duybuntu/carrierbot_ws/install/my_robot_msgs/share/my_robot_msgs/environment/library_path.sh
-- Installing: /home/duybuntu/carrierbot_ws/install/my_robot_msgs/share/my_robot_msgs/environment/library_path.dsv
-- Installing: /home/duybuntu/carrierbot_ws/install/my_robot_msgs/lib/libmy_robot_msgs__rosidl_generator_c.so
-- Set runtime path of "/home/duybuntu/carrierbot_ws/install/my_robot_msgs/lib/libmy_robot_msgs__rosidl_generator_c.so" to ""
-- Up-to-date: /home/duybuntu/carrierbot_ws/install/my_robot_msgs/include/my_robot_msgs/my_robot_msgs
-- Up-to-date: /home/duybuntu/carrierbot_ws/install/my_robot_msgs/include/my_robot_msgs/my_robot_msgs/msg
-- Up-to-date: /home/duybuntu/carrierbot_ws/install/my_robot_msgs/include/my_robot_msgs/my_robot_msgs/msg/rosidl_typesupport_fastrtps_c__visibility_control.h
-- Up-to-date: /home/duybuntu/carrierbot_ws/install/my_robot_msgs/include/my_robot_msgs/my_robot_msgs/msg/detail
-- Installing: /home/duybuntu/carrierbot_ws/install/my_robot_msgs/include/my_robot_msgs/my_robot_msgs/msg/detail/can_frame__rosidl_typesupport_fastrtps_c.h
-- Installing: /home/duybuntu/carrierbot_ws/install/my_robot_msgs/lib/libmy_robot_msgs__rosidl_typesupport_fastrtps_c.so
-- Set runtime path of "/home/duybuntu/carrierbot_ws/install/my_robot_msgs/lib/libmy_robot_msgs__rosidl_typesupport_fastrtps_c.so" to ""
-- Up-to-date: /home/duybuntu/carrierbot_ws/install/my_robot_msgs/include/my_robot_msgs/my_robot_msgs
-- Up-to-date: /home/duybuntu/carrierbot_ws/install/my_robot_msgs/include/my_robot_msgs/my_robot_msgs/msg
-- Up-to-date: /home/duybuntu/carrierbot_ws/install/my_robot_msgs/include/my_robot_msgs/my_robot_msgs/msg/rosidl_typesupport_introspection_c__visibility_control.h
-- Up-to-date: /home/duybuntu/carrierbot_ws/install/my_robot_msgs/include/my_robot_msgs/my_robot_msgs/msg/detail
-- Installing: /home/duybuntu/carrierbot_ws/install/my_robot_msgs/include/my_robot_msgs/my_robot_msgs/msg/detail/can_frame__type_support.c
-- Installing: /home/duybuntu/carrierbot_ws/install/my_robot_msgs/include/my_robot_msgs/my_robot_msgs/msg/detail/can_frame__rosidl_typesupport_introspection_c.h
-- Installing: /home/duybuntu/carrierbot_ws/install/my_robot_msgs/lib/libmy_robot_msgs__rosidl_typesupport_introspection_c.so
-- Set runtime path of "/home/duybuntu/carrierbot_ws/install/my_robot_msgs/lib/libmy_robot_msgs__rosidl_typesupport_introspection_c.so" to ""
-- Installing: /home/duybuntu/carrierbot_ws/install/my_robot_msgs/lib/libmy_robot_msgs__rosidl_typesupport_c.so
-- Set runtime path of "/home/duybuntu/carrierbot_ws/install/my_robot_msgs/lib/libmy_robot_msgs__rosidl_typesupport_c.so" to ""
-- Up-to-date: /home/duybuntu/carrierbot_ws/install/my_robot_msgs/include/my_robot_msgs/my_robot_msgs
-- Up-to-date: /home/duybuntu/carrierbot_ws/install/my_robot_msgs/include/my_robot_msgs/my_robot_msgs/msg
-- Up-to-date: /home/duybuntu/carrierbot_ws/install/my_robot_msgs/include/my_robot_msgs/my_robot_msgs/msg/rosidl_generator_cpp__visibility_control.hpp
-- Up-to-date: /home/duybuntu/carrierbot_ws/install/my_robot_msgs/include/my_robot_msgs/my_robot_msgs/msg/detail
-- Installing: /home/duybuntu/carrierbot_ws/install/my_robot_msgs/include/my_robot_msgs/my_robot_msgs/msg/detail/can_frame__type_support.hpp
-- Installing: /home/duybuntu/carrierbot_ws/install/my_robot_msgs/include/my_robot_msgs/my_robot_msgs/msg/detail/can_frame__struct.hpp
-- Installing: /home/duybuntu/carrierbot_ws/install/my_robot_msgs/include/my_robot_msgs/my_robot_msgs/msg/detail/can_frame__traits.hpp
-- Installing: /home/duybuntu/carrierbot_ws/install/my_robot_msgs/include/my_robot_msgs/my_robot_msgs/msg/detail/can_frame__builder.hpp
-- Installing: /home/duybuntu/carrierbot_ws/install/my_robot_msgs/include/my_robot_msgs/my_robot_msgs/msg/can_frame.hpp
-- Up-to-date: /home/duybuntu/carrierbot_ws/install/my_robot_msgs/include/my_robot_msgs/my_robot_msgs
-- Up-to-date: /home/duybuntu/carrierbot_ws/install/my_robot_msgs/include/my_robot_msgs/my_robot_msgs/msg
-- Up-to-date: /home/duybuntu/carrierbot_ws/install/my_robot_msgs/include/my_robot_msgs/my_robot_msgs/msg/rosidl_typesupport_fastrtps_cpp__visibility_control.h
-- Up-to-date: /home/duybuntu/carrierbot_ws/install/my_robot_msgs/include/my_robot_msgs/my_robot_msgs/msg/detail
-- Up-to-date: /home/duybuntu/carrierbot_ws/install/my_robot_msgs/include/my_robot_msgs/my_robot_msgs/msg/detail/dds_fastrtps
-- Installing: /home/duybuntu/carrierbot_ws/install/my_robot_msgs/include/my_robot_msgs/my_robot_msgs/msg/detail/can_frame__rosidl_typesupport_fastrtps_cpp.hpp
-- Installing: /home/duybuntu/carrierbot_ws/install/my_robot_msgs/lib/libmy_robot_msgs__rosidl_typesupport_fastrtps_cpp.so
-- Set runtime path of "/home/duybuntu/carrierbot_ws/install/my_robot_msgs/lib/libmy_robot_msgs__rosidl_typesupport_fastrtps_cpp.so" to ""
-- Up-to-date: /home/duybuntu/carrierbot_ws/install/my_robot_msgs/include/my_robot_msgs/my_robot_msgs
-- Up-to-date: /home/duybuntu/carrierbot_ws/install/my_robot_msgs/include/my_robot_msgs/my_robot_msgs/msg
-- Up-to-date: /home/duybuntu/carrierbot_ws/install/my_robot_msgs/include/my_robot_msgs/my_robot_msgs/msg/detail
-- Installing: /home/duybuntu/carrierbot_ws/install/my_robot_msgs/include/my_robot_msgs/my_robot_msgs/msg/detail/can_frame__type_support.cpp
-- Installing: /home/duybuntu/carrierbot_ws/install/my_robot_msgs/include/my_robot_msgs/my_robot_msgs/msg/detail/can_frame__rosidl_typesupport_introspection_cpp.hpp
-- Installing: /home/duybuntu/carrierbot_ws/install/my_robot_msgs/lib/libmy_robot_msgs__rosidl_typesupport_introspection_cpp.so
-- Set runtime path of "/home/duybuntu/carrierbot_ws/install/my_robot_msgs/lib/libmy_robot_msgs__rosidl_typesupport_introspection_cpp.so" to ""
-- Installing: /home/duybuntu/carrierbot_ws/install/my_robot_msgs/lib/libmy_robot_msgs__rosidl_typesupport_cpp.so
-- Set runtime path of "/home/duybuntu/carrierbot_ws/install/my_robot_msgs/lib/libmy_robot_msgs__rosidl_typesupport_cpp.so" to ""
-- Up-to-date: /home/duybuntu/carrierbot_ws/install/my_robot_msgs/share/my_robot_msgs/environment/pythonpath.sh
-- Installing: /home/duybuntu/carrierbot_ws/install/my_robot_msgs/share/my_robot_msgs/environment/pythonpath.dsv
-- Up-to-date: /home/duybuntu/carrierbot_ws/install/my_robot_msgs/local/lib/python3.10/dist-packages/my_robot_msgs-0.0.0-py3.10.egg-info
-- Installing: /home/duybuntu/carrierbot_ws/install/my_robot_msgs/local/lib/python3.10/dist-packages/my_robot_msgs-0.0.0-py3.10.egg-info/PKG-INFO
-- Installing: /home/duybuntu/carrierbot_ws/install/my_robot_msgs/local/lib/python3.10/dist-packages/my_robot_msgs-0.0.0-py3.10.egg-info/SOURCES.txt
-- Installing: /home/duybuntu/carrierbot_ws/install/my_robot_msgs/local/lib/python3.10/dist-packages/my_robot_msgs-0.0.0-py3.10.egg-info/dependency_links.txt
-- Installing: /home/duybuntu/carrierbot_ws/install/my_robot_msgs/local/lib/python3.10/dist-packages/my_robot_msgs-0.0.0-py3.10.egg-info/top_level.txt
-- Up-to-date: /home/duybuntu/carrierbot_ws/install/my_robot_msgs/local/lib/python3.10/dist-packages/my_robot_msgs
-- Installing: /home/duybuntu/carrierbot_ws/install/my_robot_msgs/local/lib/python3.10/dist-packages/my_robot_msgs/_my_robot_msgs_s.ep.rosidl_typesupport_introspection_c.c
-- Installing: /home/duybuntu/carrierbot_ws/install/my_robot_msgs/local/lib/python3.10/dist-packages/my_robot_msgs/my_robot_msgs_s__rosidl_typesupport_fastrtps_c.cpython-310-x86_64-linux-gnu.so
-- Installing: /home/duybuntu/carrierbot_ws/install/my_robot_msgs/local/lib/python3.10/dist-packages/my_robot_msgs/my_robot_msgs_s__rosidl_typesupport_c.cpython-310-x86_64-linux-gnu.so
-- Installing: /home/duybuntu/carrierbot_ws/install/my_robot_msgs/local/lib/python3.10/dist-packages/my_robot_msgs/_my_robot_msgs_s.ep.rosidl_typesupport_fastrtps_c.c
-- Installing: /home/duybuntu/carrierbot_ws/install/my_robot_msgs/local/lib/python3.10/dist-packages/my_robot_msgs/my_robot_msgs_s__rosidl_typesupport_introspection_c.cpython-310-x86_64-linux-gnu.so
-- Installing: /home/duybuntu/carrierbot_ws/install/my_robot_msgs/local/lib/python3.10/dist-packages/my_robot_msgs/libmy_robot_msgs__rosidl_generator_py.so
-- Installing: /home/duybuntu/carrierbot_ws/install/my_robot_msgs/local/lib/python3.10/dist-packages/my_robot_msgs/_my_robot_msgs_s.ep.rosidl_typesupport_c.c
-- Installing: /home/duybuntu/carrierbot_ws/install/my_robot_msgs/local/lib/python3.10/dist-packages/my_robot_msgs/__init__.py
-- Up-to-date: /home/duybuntu/carrierbot_ws/install/my_robot_msgs/local/lib/python3.10/dist-packages/my_robot_msgs/msg
-- Installing: /home/duybuntu/carrierbot_ws/install/my_robot_msgs/local/lib/python3.10/dist-packages/my_robot_msgs/msg/_can_frame_s.c
-- Installing: /home/duybuntu/carrierbot_ws/install/my_robot_msgs/local/lib/python3.10/dist-packages/my_robot_msgs/msg/_can_frame.py
-- Installing: /home/duybuntu/carrierbot_ws/install/my_robot_msgs/local/lib/python3.10/dist-packages/my_robot_msgs/msg/__init__.py
Listing '/home/duybuntu/carrierbot_ws/install/my_robot_msgs/local/lib/python3.10/dist-packages/my_robot_msgs'...
Compiling '/home/duybuntu/carrierbot_ws/install/my_robot_msgs/local/lib/python3.10/dist-packages/my_robot_msgs/__init__.py'...
Listing '/home/duybuntu/carrierbot_ws/install/my_robot_msgs/local/lib/python3.10/dist-packages/my_robot_msgs/msg'...
Compiling '/home/duybuntu/carrierbot_ws/install/my_robot_msgs/local/lib/python3.10/dist-packages/my_robot_msgs/msg/__init__.py'...
Compiling '/home/duybuntu/carrierbot_ws/install/my_robot_msgs/local/lib/python3.10/dist-packages/my_robot_msgs/msg/_can_frame.py'...
-- Installing: /home/duybuntu/carrierbot_ws/install/my_robot_msgs/local/lib/python3.10/dist-packages/my_robot_msgs/my_robot_msgs_s__rosidl_typesupport_fastrtps_c.cpython-310-x86_64-linux-gnu.so
-- Set runtime path of "/home/duybuntu/carrierbot_ws/install/my_robot_msgs/local/lib/python3.10/dist-packages/my_robot_msgs/my_robot_msgs_s__rosidl_typesupport_fastrtps_c.cpython-310-x86_64-linux-gnu.so" to ""
-- Installing: /home/duybuntu/carrierbot_ws/install/my_robot_msgs/local/lib/python3.10/dist-packages/my_robot_msgs/my_robot_msgs_s__rosidl_typesupport_introspection_c.cpython-310-x86_64-linux-gnu.so
-- Set runtime path of "/home/duybuntu/carrierbot_ws/install/my_robot_msgs/local/lib/python3.10/dist-packages/my_robot_msgs/my_robot_msgs_s__rosidl_typesupport_introspection_c.cpython-310-x86_64-linux-gnu.so" to ""
-- Installing: /home/duybuntu/carrierbot_ws/install/my_robot_msgs/local/lib/python3.10/dist-packages/my_robot_msgs/my_robot_msgs_s__rosidl_typesupport_c.cpython-310-x86_64-linux-gnu.so
-- Set runtime path of "/home/duybuntu/carrierbot_ws/install/my_robot_msgs/local/lib/python3.10/dist-packages/my_robot_msgs/my_robot_msgs_s__rosidl_typesupport_c.cpython-310-x86_64-linux-gnu.so" to ""
-- Installing: /home/duybuntu/carrierbot_ws/install/my_robot_msgs/lib/libmy_robot_msgs__rosidl_generator_py.so
-- Set runtime path of "/home/duybuntu/carrierbot_ws/install/my_robot_msgs/lib/libmy_robot_msgs__rosidl_generator_py.so" to ""
-- Up-to-date: /home/duybuntu/carrierbot_ws/install/my_robot_msgs/share/ament_index/resource_index/rust_packages/my_robot_msgs
-- Up-to-date: /home/duybuntu/carrierbot_ws/install/my_robot_msgs/share/my_robot_msgs/rust
-- Up-to-date: /home/duybuntu/carrierbot_ws/install/my_robot_msgs/share/my_robot_msgs/rust/src
-- Installing: /home/duybuntu/carrierbot_ws/install/my_robot_msgs/share/my_robot_msgs/rust/src/lib.rs
-- Installing: /home/duybuntu/carrierbot_ws/install/my_robot_msgs/share/my_robot_msgs/rust/src/msg.rs
-- Up-to-date: /home/duybuntu/carrierbot_ws/install/my_robot_msgs/share/my_robot_msgs/rust/src/msg
-- Installing: /home/duybuntu/carrierbot_ws/install/my_robot_msgs/share/my_robot_msgs/rust/src/msg/rmw.rs
-- Installing: /home/duybuntu/carrierbot_ws/install/my_robot_msgs/share/my_robot_msgs/rust/build.rs
-- Installing: /home/duybuntu/carrierbot_ws/install/my_robot_msgs/share/my_robot_msgs/rust/Cargo.toml
-- Installing: /home/duybuntu/carrierbot_ws/install/my_robot_msgs/share/my_robot_msgs/msg/CanFrame.idl
-- Installing: /home/duybuntu/carrierbot_ws/install/my_robot_msgs/share/my_robot_msgs/msg/CanFrame.msg
-- Up-to-date: /home/duybuntu/carrierbot_ws/install/my_robot_msgs/share/ament_index/resource_index/package_run_dependencies/my_robot_msgs
-- Up-to-date: /home/duybuntu/carrierbot_ws/install/my_robot_msgs/share/ament_index/resource_index/parent_prefix_path/my_robot_msgs
-- Up-to-date: /home/duybuntu/carrierbot_ws/install/my_robot_msgs/share/my_robot_msgs/environment/ament_prefix_path.sh
-- Installing: /home/duybuntu/carrierbot_ws/install/my_robot_msgs/share/my_robot_msgs/environment/ament_prefix_path.dsv
-- Up-to-date: /home/duybuntu/carrierbot_ws/install/my_robot_msgs/share/my_robot_msgs/environment/path.sh
-- Installing: /home/duybuntu/carrierbot_ws/install/my_robot_msgs/share/my_robot_msgs/environment/path.dsv
-- Up-to-date: /home/duybuntu/carrierbot_ws/install/my_robot_msgs/share/my_robot_msgs/local_setup.bash
-- Up-to-date: /home/duybuntu/carrierbot_ws/install/my_robot_msgs/share/my_robot_msgs/local_setup.sh
-- Up-to-date: /home/duybuntu/carrierbot_ws/install/my_robot_msgs/share/my_robot_msgs/local_setup.zsh
-- Installing: /home/duybuntu/carrierbot_ws/install/my_robot_msgs/share/my_robot_msgs/local_setup.dsv
-- Installing: /home/duybuntu/carrierbot_ws/install/my_robot_msgs/share/my_robot_msgs/package.dsv
-- Up-to-date: /home/duybuntu/carrierbot_ws/install/my_robot_msgs/share/ament_index/resource_index/packages/my_robot_msgs
-- Up-to-date: /home/duybuntu/carrierbot_ws/install/my_robot_msgs/share/my_robot_msgs/cmake/export_my_robot_msgs__rosidl_generator_cExport.cmake
-- Up-to-date: /home/duybuntu/carrierbot_ws/install/my_robot_msgs/share/my_robot_msgs/cmake/export_my_robot_msgs__rosidl_generator_cExport-noconfig.cmake
-- Up-to-date: /home/duybuntu/carrierbot_ws/install/my_robot_msgs/share/my_robot_msgs/cmake/export_my_robot_msgs__rosidl_typesupport_fastrtps_cExport.cmake
-- Up-to-date: /home/duybuntu/carrierbot_ws/install/my_robot_msgs/share/my_robot_msgs/cmake/export_my_robot_msgs__rosidl_typesupport_fastrtps_cExport-noconfig.cmake
-- Up-to-date: /home/duybuntu/carrierbot_ws/install/my_robot_msgs/share/my_robot_msgs/cmake/my_robot_msgs__rosidl_typesupport_introspection_cExport.cmake
-- Up-to-date: /home/duybuntu/carrierbot_ws/install/my_robot_msgs/share/my_robot_msgs/cmake/my_robot_msgs__rosidl_typesupport_introspection_cExport-noconfig.cmake
-- Up-to-date: /home/duybuntu/carrierbot_ws/install/my_robot_msgs/share/my_robot_msgs/cmake/my_robot_msgs__rosidl_typesupport_cExport.cmake
-- Up-to-date: /home/duybuntu/carrierbot_ws/install/my_robot_msgs/share/my_robot_msgs/cmake/my_robot_msgs__rosidl_typesupport_cExport-noconfig.cmake
-- Up-to-date: /home/duybuntu/carrierbot_ws/install/my_robot_msgs/share/my_robot_msgs/cmake/export_my_robot_msgs__rosidl_generator_cppExport.cmake
-- Up-to-date: /home/duybuntu/carrierbot_ws/install/my_robot_msgs/share/my_robot_msgs/cmake/export_my_robot_msgs__rosidl_typesupport_fastrtps_cppExport.cmake
-- Up-to-date: /home/duybuntu/carrierbot_ws/install/my_robot_msgs/share/my_robot_msgs/cmake/export_my_robot_msgs__rosidl_typesupport_fastrtps_cppExport-noconfig.cmake
-- Up-to-date: /home/duybuntu/carrierbot_ws/install/my_robot_msgs/share/my_robot_msgs/cmake/my_robot_msgs__rosidl_typesupport_introspection_cppExport.cmake
-- Up-to-date: /home/duybuntu/carrierbot_ws/install/my_robot_msgs/share/my_robot_msgs/cmake/my_robot_msgs__rosidl_typesupport_introspection_cppExport-noconfig.cmake
-- Up-to-date: /home/duybuntu/carrierbot_ws/install/my_robot_msgs/share/my_robot_msgs/cmake/my_robot_msgs__rosidl_typesupport_cppExport.cmake
-- Up-to-date: /home/duybuntu/carrierbot_ws/install/my_robot_msgs/share/my_robot_msgs/cmake/my_robot_msgs__rosidl_typesupport_cppExport-noconfig.cmake
-- Up-to-date: /home/duybuntu/carrierbot_ws/install/my_robot_msgs/share/my_robot_msgs/cmake/export_my_robot_msgs__rosidl_generator_pyExport.cmake
-- Up-to-date: /home/duybuntu/carrierbot_ws/install/my_robot_msgs/share/my_robot_msgs/cmake/export_my_robot_msgs__rosidl_generator_pyExport-noconfig.cmake
-- Installing: /home/duybuntu/carrierbot_ws/install/my_robot_msgs/share/my_robot_msgs/cmake/rosidl_cmake-extras.cmake
-- Up-to-date: /home/duybuntu/carrierbot_ws/install/my_robot_msgs/share/my_robot_msgs/cmake/ament_cmake_export_include_directories-extras.cmake
-- Up-to-date: /home/duybuntu/carrierbot_ws/install/my_robot_msgs/share/my_robot_msgs/cmake/ament_cmake_export_libraries-extras.cmake
-- Up-to-date: /home/duybuntu/carrierbot_ws/install/my_robot_msgs/share/my_robot_msgs/cmake/ament_cmake_export_targets-extras.cmake
-- Up-to-date: /home/duybuntu/carrierbot_ws/install/my_robot_msgs/share/my_robot_msgs/cmake/rosidl_cmake_export_typesupport_targets-extras.cmake
-- Up-to-date: /home/duybuntu/carrierbot_ws/install/my_robot_msgs/share/my_robot_msgs/cmake/ament_cmake_export_dependencies-extras.cmake
-- Up-to-date: /home/duybuntu/carrierbot_ws/install/my_robot_msgs/share/my_robot_msgs/cmake/rosidl_cmake_export_typesupport_libraries-extras.cmake
-- Up-to-date: /home/duybuntu/carrierbot_ws/install/my_robot_msgs/share/my_robot_msgs/cmake/my_robot_msgsConfig.cmake
-- Up-to-date: /home/duybuntu/carrierbot_ws/install/my_robot_msgs/share/my_robot_msgs/cmake/my_robot_msgsConfig-version.cmake
-- Installing: /home/duybuntu/carrierbot_ws/install/my_robot_msgs/share/my_robot_msgs/package.xml
