[0.122s] DEBUG:colcon:Command line arguments: ['/usr/bin/colcon', 'build']
[0.122s] DEBUG:colcon:Parsed command line arguments: Namespace(log_base=None, log_level=None, verb_name='build', build_base='build', install_base='install', merge_install=False, symlink_install=False, test_result_base=None, continue_on_error=False, executor='parallel', parallel_workers=12, event_handlers=None, ignore_user_meta=False, metas=['./colcon.meta'], base_paths=['.'], packages_ignore=None, packages_ignore_regex=None, paths=None, packages_up_to=None, packages_up_to_regex=None, packages_above=None, packages_above_and_dependencies=None, packages_above_depth=None, packages_select_by_dep=None, packages_skip_by_dep=None, packages_skip_up_to=None, packages_select_build_failed=False, packages_skip_build_finished=False, packages_select_test_failures=False, packages_skip_test_passed=False, packages_select=None, packages_skip=None, packages_select_regex=None, packages_skip_regex=None, packages_start=None, packages_end=None, allow_overriding=[], cmake_args=None, cmake_target=None, cmake_target_skip_unavailable=False, cmake_clean_cache=False, cmake_clean_first=False, cmake_force_configure=False, ament_cmake_args=None, catkin_cmake_args=None, catkin_skip_building_tests=False, mixin_files=None, mixin=None, verb_parser=<colcon_mixin.mixin.mixin_argument.MixinArgumentDecorator object at 0x7451e86336a0>, verb_extension=<colcon_core.verb.build.BuildVerb object at 0x7451e8633190>, main=<bound method BuildVerb.main of <colcon_core.verb.build.BuildVerb object at 0x7451e8633190>>, mixin_verb=('build',))
[0.301s] Level 1:colcon.colcon_core.package_discovery:discover_packages(colcon_meta) check parameters
[0.302s] Level 1:colcon.colcon_core.package_discovery:discover_packages(recursive) check parameters
[0.302s] Level 1:colcon.colcon_core.package_discovery:discover_packages(ignore) check parameters
[0.302s] Level 1:colcon.colcon_core.package_discovery:discover_packages(path) check parameters
[0.302s] Level 1:colcon.colcon_core.package_discovery:discover_packages(colcon_meta) discover
[0.302s] Level 1:colcon.colcon_core.package_discovery:discover_packages(recursive) discover
[0.302s] INFO:colcon.colcon_core.package_discovery:Crawling recursively for packages in '/home/duybuntu/carrierbot_ws'
[0.302s] Level 1:colcon.colcon_core.package_identification:_identify(.) by extensions ['ignore', 'ignore_ament_install']
[0.302s] Level 1:colcon.colcon_core.package_identification:_identify(.) by extension 'ignore'
[0.302s] Level 1:colcon.colcon_core.package_identification:_identify(.) by extension 'ignore_ament_install'
[0.302s] Level 1:colcon.colcon_core.package_identification:_identify(.) by extensions ['colcon_pkg']
[0.302s] Level 1:colcon.colcon_core.package_identification:_identify(.) by extension 'colcon_pkg'
[0.302s] Level 1:colcon.colcon_core.package_identification:_identify(.) by extensions ['colcon_meta']
[0.302s] Level 1:colcon.colcon_core.package_identification:_identify(.) by extension 'colcon_meta'
[0.302s] Level 1:colcon.colcon_core.package_identification:_identify(.) by extensions ['ros']
[0.302s] Level 1:colcon.colcon_core.package_identification:_identify(.) by extension 'ros'
[0.315s] Level 1:colcon.colcon_core.package_identification:_identify(.) by extensions ['cmake', 'python']
[0.315s] Level 1:colcon.colcon_core.package_identification:_identify(.) by extension 'cmake'
[0.315s] Level 1:colcon.colcon_core.package_identification:_identify(.) by extension 'python'
[0.315s] Level 1:colcon.colcon_core.package_identification:_identify(.) by extensions ['python_setup_py']
[0.315s] Level 1:colcon.colcon_core.package_identification:_identify(.) by extension 'python_setup_py'
[0.315s] Level 1:colcon.colcon_core.package_identification:_identify(build) by extensions ['ignore', 'ignore_ament_install']
[0.315s] Level 1:colcon.colcon_core.package_identification:_identify(build) by extension 'ignore'
[0.315s] Level 1:colcon.colcon_core.package_identification:_identify(build) ignored
[0.315s] Level 1:colcon.colcon_core.package_identification:_identify(install) by extensions ['ignore', 'ignore_ament_install']
[0.315s] Level 1:colcon.colcon_core.package_identification:_identify(install) by extension 'ignore'
[0.315s] Level 1:colcon.colcon_core.package_identification:_identify(install) ignored
[0.316s] Level 1:colcon.colcon_core.package_identification:_identify(log) by extensions ['ignore', 'ignore_ament_install']
[0.316s] Level 1:colcon.colcon_core.package_identification:_identify(log) by extension 'ignore'
[0.316s] Level 1:colcon.colcon_core.package_identification:_identify(log) ignored
[0.316s] Level 1:colcon.colcon_core.package_identification:_identify(src) by extensions ['ignore', 'ignore_ament_install']
[0.316s] Level 1:colcon.colcon_core.package_identification:_identify(src) by extension 'ignore'
[0.316s] Level 1:colcon.colcon_core.package_identification:_identify(src) by extension 'ignore_ament_install'
[0.316s] Level 1:colcon.colcon_core.package_identification:_identify(src) by extensions ['colcon_pkg']
[0.316s] Level 1:colcon.colcon_core.package_identification:_identify(src) by extension 'colcon_pkg'
[0.316s] Level 1:colcon.colcon_core.package_identification:_identify(src) by extensions ['colcon_meta']
[0.316s] Level 1:colcon.colcon_core.package_identification:_identify(src) by extension 'colcon_meta'
[0.316s] Level 1:colcon.colcon_core.package_identification:_identify(src) by extensions ['ros']
[0.316s] Level 1:colcon.colcon_core.package_identification:_identify(src) by extension 'ros'
[0.316s] Level 1:colcon.colcon_core.package_identification:_identify(src) by extensions ['cmake', 'python']
[0.316s] Level 1:colcon.colcon_core.package_identification:_identify(src) by extension 'cmake'
[0.316s] Level 1:colcon.colcon_core.package_identification:_identify(src) by extension 'python'
[0.316s] Level 1:colcon.colcon_core.package_identification:_identify(src) by extensions ['python_setup_py']
[0.316s] Level 1:colcon.colcon_core.package_identification:_identify(src) by extension 'python_setup_py'
[0.316s] Level 1:colcon.colcon_core.package_identification:_identify(src/config) by extensions ['ignore', 'ignore_ament_install']
[0.316s] Level 1:colcon.colcon_core.package_identification:_identify(src/config) by extension 'ignore'
[0.316s] Level 1:colcon.colcon_core.package_identification:_identify(src/config) by extension 'ignore_ament_install'
[0.316s] Level 1:colcon.colcon_core.package_identification:_identify(src/config) by extensions ['colcon_pkg']
[0.316s] Level 1:colcon.colcon_core.package_identification:_identify(src/config) by extension 'colcon_pkg'
[0.316s] Level 1:colcon.colcon_core.package_identification:_identify(src/config) by extensions ['colcon_meta']
[0.316s] Level 1:colcon.colcon_core.package_identification:_identify(src/config) by extension 'colcon_meta'
[0.317s] Level 1:colcon.colcon_core.package_identification:_identify(src/config) by extensions ['ros']
[0.317s] Level 1:colcon.colcon_core.package_identification:_identify(src/config) by extension 'ros'
[0.317s] Level 1:colcon.colcon_core.package_identification:_identify(src/config) by extensions ['cmake', 'python']
[0.317s] Level 1:colcon.colcon_core.package_identification:_identify(src/config) by extension 'cmake'
[0.317s] Level 1:colcon.colcon_core.package_identification:_identify(src/config) by extension 'python'
[0.317s] Level 1:colcon.colcon_core.package_identification:_identify(src/config) by extensions ['python_setup_py']
[0.317s] Level 1:colcon.colcon_core.package_identification:_identify(src/config) by extension 'python_setup_py'
[0.317s] Level 1:colcon.colcon_core.package_identification:_identify(src/my_robot_base) by extensions ['ignore', 'ignore_ament_install']
[0.317s] Level 1:colcon.colcon_core.package_identification:_identify(src/my_robot_base) by extension 'ignore'
[0.317s] Level 1:colcon.colcon_core.package_identification:_identify(src/my_robot_base) by extension 'ignore_ament_install'
[0.317s] Level 1:colcon.colcon_core.package_identification:_identify(src/my_robot_base) by extensions ['colcon_pkg']
[0.317s] Level 1:colcon.colcon_core.package_identification:_identify(src/my_robot_base) by extension 'colcon_pkg'
[0.317s] Level 1:colcon.colcon_core.package_identification:_identify(src/my_robot_base) by extensions ['colcon_meta']
[0.317s] Level 1:colcon.colcon_core.package_identification:_identify(src/my_robot_base) by extension 'colcon_meta'
[0.317s] Level 1:colcon.colcon_core.package_identification:_identify(src/my_robot_base) by extensions ['ros']
[0.317s] Level 1:colcon.colcon_core.package_identification:_identify(src/my_robot_base) by extension 'ros'
[0.320s] DEBUG:colcon.colcon_core.package_identification:Package 'src/my_robot_base' with type 'ros.ament_cmake' and name 'my_robot_base'
[0.320s] Level 1:colcon.colcon_core.package_identification:_identify(src/my_robot_bringup) by extensions ['ignore', 'ignore_ament_install']
[0.320s] Level 1:colcon.colcon_core.package_identification:_identify(src/my_robot_bringup) by extension 'ignore'
[0.320s] Level 1:colcon.colcon_core.package_identification:_identify(src/my_robot_bringup) by extension 'ignore_ament_install'
[0.320s] Level 1:colcon.colcon_core.package_identification:_identify(src/my_robot_bringup) by extensions ['colcon_pkg']
[0.320s] Level 1:colcon.colcon_core.package_identification:_identify(src/my_robot_bringup) by extension 'colcon_pkg'
[0.320s] Level 1:colcon.colcon_core.package_identification:_identify(src/my_robot_bringup) by extensions ['colcon_meta']
[0.320s] Level 1:colcon.colcon_core.package_identification:_identify(src/my_robot_bringup) by extension 'colcon_meta'
[0.320s] Level 1:colcon.colcon_core.package_identification:_identify(src/my_robot_bringup) by extensions ['ros']
[0.320s] Level 1:colcon.colcon_core.package_identification:_identify(src/my_robot_bringup) by extension 'ros'
[0.322s] DEBUG:colcon.colcon_core.package_identification:Package 'src/my_robot_bringup' with type 'ros.ament_cmake' and name 'my_robot_bringup'
[0.323s] Level 1:colcon.colcon_core.package_identification:_identify(src/my_robot_communicate) by extensions ['ignore', 'ignore_ament_install']
[0.323s] Level 1:colcon.colcon_core.package_identification:_identify(src/my_robot_communicate) by extension 'ignore'
[0.323s] Level 1:colcon.colcon_core.package_identification:_identify(src/my_robot_communicate) by extension 'ignore_ament_install'
[0.323s] Level 1:colcon.colcon_core.package_identification:_identify(src/my_robot_communicate) by extensions ['colcon_pkg']
[0.323s] Level 1:colcon.colcon_core.package_identification:_identify(src/my_robot_communicate) by extension 'colcon_pkg'
[0.323s] Level 1:colcon.colcon_core.package_identification:_identify(src/my_robot_communicate) by extensions ['colcon_meta']
[0.323s] Level 1:colcon.colcon_core.package_identification:_identify(src/my_robot_communicate) by extension 'colcon_meta'
[0.323s] Level 1:colcon.colcon_core.package_identification:_identify(src/my_robot_communicate) by extensions ['ros']
[0.323s] Level 1:colcon.colcon_core.package_identification:_identify(src/my_robot_communicate) by extension 'ros'
[0.324s] DEBUG:colcon.colcon_core.package_identification:Package 'src/my_robot_communicate' with type 'ros.ament_python' and name 'my_robot_communicate'
[0.324s] Level 1:colcon.colcon_core.package_identification:_identify(src/my_robot_description) by extensions ['ignore', 'ignore_ament_install']
[0.324s] Level 1:colcon.colcon_core.package_identification:_identify(src/my_robot_description) by extension 'ignore'
[0.324s] Level 1:colcon.colcon_core.package_identification:_identify(src/my_robot_description) by extension 'ignore_ament_install'
[0.324s] Level 1:colcon.colcon_core.package_identification:_identify(src/my_robot_description) by extensions ['colcon_pkg']
[0.324s] Level 1:colcon.colcon_core.package_identification:_identify(src/my_robot_description) by extension 'colcon_pkg'
[0.324s] Level 1:colcon.colcon_core.package_identification:_identify(src/my_robot_description) by extensions ['colcon_meta']
[0.324s] Level 1:colcon.colcon_core.package_identification:_identify(src/my_robot_description) by extension 'colcon_meta'
[0.325s] Level 1:colcon.colcon_core.package_identification:_identify(src/my_robot_description) by extensions ['ros']
[0.325s] Level 1:colcon.colcon_core.package_identification:_identify(src/my_robot_description) by extension 'ros'
[0.325s] DEBUG:colcon.colcon_core.package_identification:Package 'src/my_robot_description' with type 'ros.ament_cmake' and name 'my_robot_description'
[0.325s] Level 1:colcon.colcon_core.package_identification:_identify(src/my_robot_localization) by extensions ['ignore', 'ignore_ament_install']
[0.326s] Level 1:colcon.colcon_core.package_identification:_identify(src/my_robot_localization) by extension 'ignore'
[0.326s] Level 1:colcon.colcon_core.package_identification:_identify(src/my_robot_localization) by extension 'ignore_ament_install'
[0.326s] Level 1:colcon.colcon_core.package_identification:_identify(src/my_robot_localization) by extensions ['colcon_pkg']
[0.326s] Level 1:colcon.colcon_core.package_identification:_identify(src/my_robot_localization) by extension 'colcon_pkg'
[0.326s] Level 1:colcon.colcon_core.package_identification:_identify(src/my_robot_localization) by extensions ['colcon_meta']
[0.326s] Level 1:colcon.colcon_core.package_identification:_identify(src/my_robot_localization) by extension 'colcon_meta'
[0.326s] Level 1:colcon.colcon_core.package_identification:_identify(src/my_robot_localization) by extensions ['ros']
[0.326s] Level 1:colcon.colcon_core.package_identification:_identify(src/my_robot_localization) by extension 'ros'
[0.327s] DEBUG:colcon.colcon_core.package_identification:Package 'src/my_robot_localization' with type 'ros.ament_cmake' and name 'my_robot_localization'
[0.327s] Level 1:colcon.colcon_core.package_identification:_identify(src/my_robot_navigation) by extensions ['ignore', 'ignore_ament_install']
[0.328s] Level 1:colcon.colcon_core.package_identification:_identify(src/my_robot_navigation) by extension 'ignore'
[0.328s] Level 1:colcon.colcon_core.package_identification:_identify(src/my_robot_navigation) by extension 'ignore_ament_install'
[0.328s] Level 1:colcon.colcon_core.package_identification:_identify(src/my_robot_navigation) by extensions ['colcon_pkg']
[0.328s] Level 1:colcon.colcon_core.package_identification:_identify(src/my_robot_navigation) by extension 'colcon_pkg'
[0.328s] Level 1:colcon.colcon_core.package_identification:_identify(src/my_robot_navigation) by extensions ['colcon_meta']
[0.328s] Level 1:colcon.colcon_core.package_identification:_identify(src/my_robot_navigation) by extension 'colcon_meta'
[0.328s] Level 1:colcon.colcon_core.package_identification:_identify(src/my_robot_navigation) by extensions ['ros']
[0.328s] Level 1:colcon.colcon_core.package_identification:_identify(src/my_robot_navigation) by extension 'ros'
[0.329s] DEBUG:colcon.colcon_core.package_identification:Package 'src/my_robot_navigation' with type 'ros.ament_cmake' and name 'my_robot_navigation'
[0.329s] Level 1:colcon.colcon_core.package_identification:_identify(src/robot_controller) by extensions ['ignore', 'ignore_ament_install']
[0.329s] Level 1:colcon.colcon_core.package_identification:_identify(src/robot_controller) by extension 'ignore'
[0.329s] Level 1:colcon.colcon_core.package_identification:_identify(src/robot_controller) by extension 'ignore_ament_install'
[0.329s] Level 1:colcon.colcon_core.package_identification:_identify(src/robot_controller) by extensions ['colcon_pkg']
[0.329s] Level 1:colcon.colcon_core.package_identification:_identify(src/robot_controller) by extension 'colcon_pkg'
[0.329s] Level 1:colcon.colcon_core.package_identification:_identify(src/robot_controller) by extensions ['colcon_meta']
[0.329s] Level 1:colcon.colcon_core.package_identification:_identify(src/robot_controller) by extension 'colcon_meta'
[0.329s] Level 1:colcon.colcon_core.package_identification:_identify(src/robot_controller) by extensions ['ros']
[0.329s] Level 1:colcon.colcon_core.package_identification:_identify(src/robot_controller) by extension 'ros'
[0.330s] DEBUG:colcon.colcon_core.package_identification:Package 'src/robot_controller' with type 'ros.ament_cmake' and name 'robot_controller'
[0.330s] Level 1:colcon.colcon_core.package_discovery:discover_packages(recursive) using defaults
[0.330s] Level 1:colcon.colcon_core.package_discovery:discover_packages(ignore) discover
[0.330s] Level 1:colcon.colcon_core.package_discovery:discover_packages(ignore) using defaults
[0.330s] Level 1:colcon.colcon_core.package_discovery:discover_packages(path) discover
[0.330s] Level 1:colcon.colcon_core.package_discovery:discover_packages(path) using defaults
[0.376s] Level 1:colcon.colcon_core.package_discovery:discover_packages(prefix_path) check parameters
[0.376s] Level 1:colcon.colcon_core.package_discovery:discover_packages(prefix_path) discover
[0.380s] DEBUG:colcon.colcon_installed_package_information.package_discovery:Found 7 installed packages in /home/duybuntu/carrierbot_ws/install
[0.380s] DEBUG:colcon.colcon_installed_package_information.package_discovery:Found 2 installed packages in /home/duybuntu/ros2_ws_basic/install
[0.381s] DEBUG:colcon.colcon_installed_package_information.package_discovery:Found 10 installed packages in /home/duybuntu/deli_ws/install
[0.382s] DEBUG:colcon.colcon_installed_package_information.package_discovery:Found 12 installed packages in /home/duybuntu/turtlebot3_ws/install
[0.383s] DEBUG:colcon.colcon_installed_package_information.package_discovery:Found 266 installed packages in /opt/ros/humble
[0.385s] Level 1:colcon.colcon_core.package_discovery:discover_packages(prefix_path) using defaults
[0.420s] Level 5:colcon.colcon_core.verb:set package 'my_robot_base' build argument 'cmake_args' from command line to 'None'
[0.420s] Level 5:colcon.colcon_core.verb:set package 'my_robot_base' build argument 'cmake_target' from command line to 'None'
[0.420s] Level 5:colcon.colcon_core.verb:set package 'my_robot_base' build argument 'cmake_target_skip_unavailable' from command line to 'False'
[0.420s] Level 5:colcon.colcon_core.verb:set package 'my_robot_base' build argument 'cmake_clean_cache' from command line to 'False'
[0.420s] Level 5:colcon.colcon_core.verb:set package 'my_robot_base' build argument 'cmake_clean_first' from command line to 'False'
[0.420s] Level 5:colcon.colcon_core.verb:set package 'my_robot_base' build argument 'cmake_force_configure' from command line to 'False'
[0.420s] Level 5:colcon.colcon_core.verb:set package 'my_robot_base' build argument 'ament_cmake_args' from command line to 'None'
[0.420s] Level 5:colcon.colcon_core.verb:set package 'my_robot_base' build argument 'catkin_cmake_args' from command line to 'None'
[0.420s] Level 5:colcon.colcon_core.verb:set package 'my_robot_base' build argument 'catkin_skip_building_tests' from command line to 'False'
[0.420s] DEBUG:colcon.colcon_core.verb:Building package 'my_robot_base' with the following arguments: {'ament_cmake_args': None, 'build_base': '/home/duybuntu/carrierbot_ws/build/my_robot_base', 'catkin_cmake_args': None, 'catkin_skip_building_tests': False, 'cmake_args': None, 'cmake_clean_cache': False, 'cmake_clean_first': False, 'cmake_force_configure': False, 'cmake_target': None, 'cmake_target_skip_unavailable': False, 'install_base': '/home/duybuntu/carrierbot_ws/install/my_robot_base', 'merge_install': False, 'path': '/home/duybuntu/carrierbot_ws/src/my_robot_base', 'symlink_install': False, 'test_result_base': None}
[0.420s] Level 5:colcon.colcon_core.verb:set package 'my_robot_bringup' build argument 'cmake_args' from command line to 'None'
[0.420s] Level 5:colcon.colcon_core.verb:set package 'my_robot_bringup' build argument 'cmake_target' from command line to 'None'
[0.420s] Level 5:colcon.colcon_core.verb:set package 'my_robot_bringup' build argument 'cmake_target_skip_unavailable' from command line to 'False'
[0.420s] Level 5:colcon.colcon_core.verb:set package 'my_robot_bringup' build argument 'cmake_clean_cache' from command line to 'False'
[0.420s] Level 5:colcon.colcon_core.verb:set package 'my_robot_bringup' build argument 'cmake_clean_first' from command line to 'False'
[0.420s] Level 5:colcon.colcon_core.verb:set package 'my_robot_bringup' build argument 'cmake_force_configure' from command line to 'False'
[0.420s] Level 5:colcon.colcon_core.verb:set package 'my_robot_bringup' build argument 'ament_cmake_args' from command line to 'None'
[0.420s] Level 5:colcon.colcon_core.verb:set package 'my_robot_bringup' build argument 'catkin_cmake_args' from command line to 'None'
[0.421s] Level 5:colcon.colcon_core.verb:set package 'my_robot_bringup' build argument 'catkin_skip_building_tests' from command line to 'False'
[0.421s] DEBUG:colcon.colcon_core.verb:Building package 'my_robot_bringup' with the following arguments: {'ament_cmake_args': None, 'build_base': '/home/duybuntu/carrierbot_ws/build/my_robot_bringup', 'catkin_cmake_args': None, 'catkin_skip_building_tests': False, 'cmake_args': None, 'cmake_clean_cache': False, 'cmake_clean_first': False, 'cmake_force_configure': False, 'cmake_target': None, 'cmake_target_skip_unavailable': False, 'install_base': '/home/duybuntu/carrierbot_ws/install/my_robot_bringup', 'merge_install': False, 'path': '/home/duybuntu/carrierbot_ws/src/my_robot_bringup', 'symlink_install': False, 'test_result_base': None}
[0.421s] Level 5:colcon.colcon_core.verb:set package 'my_robot_communicate' build argument 'cmake_args' from command line to 'None'
[0.421s] Level 5:colcon.colcon_core.verb:set package 'my_robot_communicate' build argument 'cmake_target' from command line to 'None'
[0.421s] Level 5:colcon.colcon_core.verb:set package 'my_robot_communicate' build argument 'cmake_target_skip_unavailable' from command line to 'False'
[0.421s] Level 5:colcon.colcon_core.verb:set package 'my_robot_communicate' build argument 'cmake_clean_cache' from command line to 'False'
[0.421s] Level 5:colcon.colcon_core.verb:set package 'my_robot_communicate' build argument 'cmake_clean_first' from command line to 'False'
[0.421s] Level 5:colcon.colcon_core.verb:set package 'my_robot_communicate' build argument 'cmake_force_configure' from command line to 'False'
[0.421s] Level 5:colcon.colcon_core.verb:set package 'my_robot_communicate' build argument 'ament_cmake_args' from command line to 'None'
[0.421s] Level 5:colcon.colcon_core.verb:set package 'my_robot_communicate' build argument 'catkin_cmake_args' from command line to 'None'
[0.421s] Level 5:colcon.colcon_core.verb:set package 'my_robot_communicate' build argument 'catkin_skip_building_tests' from command line to 'False'
[0.421s] DEBUG:colcon.colcon_core.verb:Building package 'my_robot_communicate' with the following arguments: {'ament_cmake_args': None, 'build_base': '/home/duybuntu/carrierbot_ws/build/my_robot_communicate', 'catkin_cmake_args': None, 'catkin_skip_building_tests': False, 'cmake_args': None, 'cmake_clean_cache': False, 'cmake_clean_first': False, 'cmake_force_configure': False, 'cmake_target': None, 'cmake_target_skip_unavailable': False, 'install_base': '/home/duybuntu/carrierbot_ws/install/my_robot_communicate', 'merge_install': False, 'path': '/home/duybuntu/carrierbot_ws/src/my_robot_communicate', 'symlink_install': False, 'test_result_base': None}
[0.421s] Level 5:colcon.colcon_core.verb:set package 'my_robot_description' build argument 'cmake_args' from command line to 'None'
[0.422s] Level 5:colcon.colcon_core.verb:set package 'my_robot_description' build argument 'cmake_target' from command line to 'None'
[0.422s] Level 5:colcon.colcon_core.verb:set package 'my_robot_description' build argument 'cmake_target_skip_unavailable' from command line to 'False'
[0.422s] Level 5:colcon.colcon_core.verb:set package 'my_robot_description' build argument 'cmake_clean_cache' from command line to 'False'
[0.422s] Level 5:colcon.colcon_core.verb:set package 'my_robot_description' build argument 'cmake_clean_first' from command line to 'False'
[0.422s] Level 5:colcon.colcon_core.verb:set package 'my_robot_description' build argument 'cmake_force_configure' from command line to 'False'
[0.422s] Level 5:colcon.colcon_core.verb:set package 'my_robot_description' build argument 'ament_cmake_args' from command line to 'None'
[0.422s] Level 5:colcon.colcon_core.verb:set package 'my_robot_description' build argument 'catkin_cmake_args' from command line to 'None'
[0.422s] Level 5:colcon.colcon_core.verb:set package 'my_robot_description' build argument 'catkin_skip_building_tests' from command line to 'False'
[0.422s] DEBUG:colcon.colcon_core.verb:Building package 'my_robot_description' with the following arguments: {'ament_cmake_args': None, 'build_base': '/home/duybuntu/carrierbot_ws/build/my_robot_description', 'catkin_cmake_args': None, 'catkin_skip_building_tests': False, 'cmake_args': None, 'cmake_clean_cache': False, 'cmake_clean_first': False, 'cmake_force_configure': False, 'cmake_target': None, 'cmake_target_skip_unavailable': False, 'install_base': '/home/duybuntu/carrierbot_ws/install/my_robot_description', 'merge_install': False, 'path': '/home/duybuntu/carrierbot_ws/src/my_robot_description', 'symlink_install': False, 'test_result_base': None}
[0.422s] Level 5:colcon.colcon_core.verb:set package 'my_robot_localization' build argument 'cmake_args' from command line to 'None'
[0.422s] Level 5:colcon.colcon_core.verb:set package 'my_robot_localization' build argument 'cmake_target' from command line to 'None'
[0.423s] Level 5:colcon.colcon_core.verb:set package 'my_robot_localization' build argument 'cmake_target_skip_unavailable' from command line to 'False'
[0.423s] Level 5:colcon.colcon_core.verb:set package 'my_robot_localization' build argument 'cmake_clean_cache' from command line to 'False'
[0.423s] Level 5:colcon.colcon_core.verb:set package 'my_robot_localization' build argument 'cmake_clean_first' from command line to 'False'
[0.423s] Level 5:colcon.colcon_core.verb:set package 'my_robot_localization' build argument 'cmake_force_configure' from command line to 'False'
[0.423s] Level 5:colcon.colcon_core.verb:set package 'my_robot_localization' build argument 'ament_cmake_args' from command line to 'None'
[0.423s] Level 5:colcon.colcon_core.verb:set package 'my_robot_localization' build argument 'catkin_cmake_args' from command line to 'None'
[0.423s] Level 5:colcon.colcon_core.verb:set package 'my_robot_localization' build argument 'catkin_skip_building_tests' from command line to 'False'
[0.423s] DEBUG:colcon.colcon_core.verb:Building package 'my_robot_localization' with the following arguments: {'ament_cmake_args': None, 'build_base': '/home/duybuntu/carrierbot_ws/build/my_robot_localization', 'catkin_cmake_args': None, 'catkin_skip_building_tests': False, 'cmake_args': None, 'cmake_clean_cache': False, 'cmake_clean_first': False, 'cmake_force_configure': False, 'cmake_target': None, 'cmake_target_skip_unavailable': False, 'install_base': '/home/duybuntu/carrierbot_ws/install/my_robot_localization', 'merge_install': False, 'path': '/home/duybuntu/carrierbot_ws/src/my_robot_localization', 'symlink_install': False, 'test_result_base': None}
[0.423s] Level 5:colcon.colcon_core.verb:set package 'my_robot_navigation' build argument 'cmake_args' from command line to 'None'
[0.423s] Level 5:colcon.colcon_core.verb:set package 'my_robot_navigation' build argument 'cmake_target' from command line to 'None'
[0.423s] Level 5:colcon.colcon_core.verb:set package 'my_robot_navigation' build argument 'cmake_target_skip_unavailable' from command line to 'False'
[0.423s] Level 5:colcon.colcon_core.verb:set package 'my_robot_navigation' build argument 'cmake_clean_cache' from command line to 'False'
[0.423s] Level 5:colcon.colcon_core.verb:set package 'my_robot_navigation' build argument 'cmake_clean_first' from command line to 'False'
[0.423s] Level 5:colcon.colcon_core.verb:set package 'my_robot_navigation' build argument 'cmake_force_configure' from command line to 'False'
[0.423s] Level 5:colcon.colcon_core.verb:set package 'my_robot_navigation' build argument 'ament_cmake_args' from command line to 'None'
[0.423s] Level 5:colcon.colcon_core.verb:set package 'my_robot_navigation' build argument 'catkin_cmake_args' from command line to 'None'
[0.423s] Level 5:colcon.colcon_core.verb:set package 'my_robot_navigation' build argument 'catkin_skip_building_tests' from command line to 'False'
[0.423s] DEBUG:colcon.colcon_core.verb:Building package 'my_robot_navigation' with the following arguments: {'ament_cmake_args': None, 'build_base': '/home/duybuntu/carrierbot_ws/build/my_robot_navigation', 'catkin_cmake_args': None, 'catkin_skip_building_tests': False, 'cmake_args': None, 'cmake_clean_cache': False, 'cmake_clean_first': False, 'cmake_force_configure': False, 'cmake_target': None, 'cmake_target_skip_unavailable': False, 'install_base': '/home/duybuntu/carrierbot_ws/install/my_robot_navigation', 'merge_install': False, 'path': '/home/duybuntu/carrierbot_ws/src/my_robot_navigation', 'symlink_install': False, 'test_result_base': None}
[0.424s] Level 5:colcon.colcon_core.verb:set package 'robot_controller' build argument 'cmake_args' from command line to 'None'
[0.424s] Level 5:colcon.colcon_core.verb:set package 'robot_controller' build argument 'cmake_target' from command line to 'None'
[0.424s] Level 5:colcon.colcon_core.verb:set package 'robot_controller' build argument 'cmake_target_skip_unavailable' from command line to 'False'
[0.424s] Level 5:colcon.colcon_core.verb:set package 'robot_controller' build argument 'cmake_clean_cache' from command line to 'False'
[0.424s] Level 5:colcon.colcon_core.verb:set package 'robot_controller' build argument 'cmake_clean_first' from command line to 'False'
[0.424s] Level 5:colcon.colcon_core.verb:set package 'robot_controller' build argument 'cmake_force_configure' from command line to 'False'
[0.424s] Level 5:colcon.colcon_core.verb:set package 'robot_controller' build argument 'ament_cmake_args' from command line to 'None'
[0.424s] Level 5:colcon.colcon_core.verb:set package 'robot_controller' build argument 'catkin_cmake_args' from command line to 'None'
[0.424s] Level 5:colcon.colcon_core.verb:set package 'robot_controller' build argument 'catkin_skip_building_tests' from command line to 'False'
[0.424s] DEBUG:colcon.colcon_core.verb:Building package 'robot_controller' with the following arguments: {'ament_cmake_args': None, 'build_base': '/home/duybuntu/carrierbot_ws/build/robot_controller', 'catkin_cmake_args': None, 'catkin_skip_building_tests': False, 'cmake_args': None, 'cmake_clean_cache': False, 'cmake_clean_first': False, 'cmake_force_configure': False, 'cmake_target': None, 'cmake_target_skip_unavailable': False, 'install_base': '/home/duybuntu/carrierbot_ws/install/robot_controller', 'merge_install': False, 'path': '/home/duybuntu/carrierbot_ws/src/robot_controller', 'symlink_install': False, 'test_result_base': None}
[0.424s] INFO:colcon.colcon_core.executor:Executing jobs using 'parallel' executor
[0.425s] DEBUG:colcon.colcon_parallel_executor.executor.parallel:run_until_complete
[0.426s] INFO:colcon.colcon_ros.task.ament_cmake.build:Building ROS package in '/home/duybuntu/carrierbot_ws/src/my_robot_base' with build type 'ament_cmake'
[0.426s] INFO:colcon.colcon_cmake.task.cmake.build:Building CMake package in '/home/duybuntu/carrierbot_ws/src/my_robot_base'
[0.429s] INFO:colcon.colcon_core.plugin_system:Skipping extension 'colcon_core.shell.bat': Not used on non-Windows systems
[0.429s] INFO:colcon.colcon_core.shell:Skip shell extension 'powershell' for command environment: Not usable outside of PowerShell
[0.429s] DEBUG:colcon.colcon_core.shell:Skip shell extension 'dsv' for command environment
[0.436s] INFO:colcon.colcon_ros.task.ament_cmake.build:Building ROS package in '/home/duybuntu/carrierbot_ws/src/my_robot_bringup' with build type 'ament_cmake'
[0.436s] INFO:colcon.colcon_cmake.task.cmake.build:Building CMake package in '/home/duybuntu/carrierbot_ws/src/my_robot_bringup'
[0.436s] INFO:colcon.colcon_core.shell:Skip shell extension 'powershell' for command environment: Not usable outside of PowerShell
[0.436s] DEBUG:colcon.colcon_core.shell:Skip shell extension 'dsv' for command environment
[0.444s] INFO:colcon.colcon_ros.task.ament_python.build:Building ROS package in '/home/duybuntu/carrierbot_ws/src/my_robot_communicate' with build type 'ament_python'
[0.444s] Level 1:colcon.colcon_core.shell:create_environment_hook('my_robot_communicate', 'ament_prefix_path')
[0.445s] INFO:colcon.colcon_core.shell:Creating environment hook '/home/duybuntu/carrierbot_ws/install/my_robot_communicate/share/my_robot_communicate/hook/ament_prefix_path.ps1'
[0.446s] INFO:colcon.colcon_core.shell:Creating environment descriptor '/home/duybuntu/carrierbot_ws/install/my_robot_communicate/share/my_robot_communicate/hook/ament_prefix_path.dsv'
[0.447s] INFO:colcon.colcon_core.shell:Creating environment hook '/home/duybuntu/carrierbot_ws/install/my_robot_communicate/share/my_robot_communicate/hook/ament_prefix_path.sh'
[0.448s] INFO:colcon.colcon_core.shell:Skip shell extension 'powershell' for command environment: Not usable outside of PowerShell
[0.448s] DEBUG:colcon.colcon_core.shell:Skip shell extension 'dsv' for command environment
[0.455s] INFO:colcon.colcon_ros.task.ament_cmake.build:Building ROS package in '/home/duybuntu/carrierbot_ws/src/my_robot_description' with build type 'ament_cmake'
[0.455s] INFO:colcon.colcon_cmake.task.cmake.build:Building CMake package in '/home/duybuntu/carrierbot_ws/src/my_robot_description'
[0.455s] INFO:colcon.colcon_core.shell:Skip shell extension 'powershell' for command environment: Not usable outside of PowerShell
[0.455s] DEBUG:colcon.colcon_core.shell:Skip shell extension 'dsv' for command environment
[0.463s] INFO:colcon.colcon_ros.task.ament_cmake.build:Building ROS package in '/home/duybuntu/carrierbot_ws/src/my_robot_localization' with build type 'ament_cmake'
[0.463s] INFO:colcon.colcon_cmake.task.cmake.build:Building CMake package in '/home/duybuntu/carrierbot_ws/src/my_robot_localization'
[0.464s] INFO:colcon.colcon_core.shell:Skip shell extension 'powershell' for command environment: Not usable outside of PowerShell
[0.464s] DEBUG:colcon.colcon_core.shell:Skip shell extension 'dsv' for command environment
[0.471s] INFO:colcon.colcon_ros.task.ament_cmake.build:Building ROS package in '/home/duybuntu/carrierbot_ws/src/my_robot_navigation' with build type 'ament_cmake'
[0.471s] INFO:colcon.colcon_cmake.task.cmake.build:Building CMake package in '/home/duybuntu/carrierbot_ws/src/my_robot_navigation'
[0.471s] INFO:colcon.colcon_core.shell:Skip shell extension 'powershell' for command environment: Not usable outside of PowerShell
[0.471s] DEBUG:colcon.colcon_core.shell:Skip shell extension 'dsv' for command environment
[0.479s] INFO:colcon.colcon_ros.task.ament_cmake.build:Building ROS package in '/home/duybuntu/carrierbot_ws/src/robot_controller' with build type 'ament_cmake'
[0.479s] INFO:colcon.colcon_cmake.task.cmake.build:Building CMake package in '/home/duybuntu/carrierbot_ws/src/robot_controller'
[0.479s] INFO:colcon.colcon_core.shell:Skip shell extension 'powershell' for command environment: Not usable outside of PowerShell
[0.479s] DEBUG:colcon.colcon_core.shell:Skip shell extension 'dsv' for command environment
[0.494s] DEBUG:colcon.colcon_core.event_handler.log_command:Invoking command in '/home/duybuntu/carrierbot_ws/build/my_robot_base': CMAKE_PREFIX_PATH=${CMAKE_PREFIX_PATH}:/home/duybuntu/carrierbot_ws/install/my_robot_communicate:/home/duybuntu/ros2_ws_basic/install/my_py_pkg:/home/duybuntu/deli_ws/install/deli_logger:/home/duybuntu/deli_ws/install/mqtt:/home/duybuntu/deli_ws/install/localization:/home/duybuntu/turtlebot3_ws/install/turtlebot3_teleop:/home/duybuntu/turtlebot3_ws/install/turtlebot3_example:/opt/ros/humble /usr/bin/cmake --build /home/duybuntu/carrierbot_ws/build/my_robot_base -- -j12 -l12
[0.499s] DEBUG:colcon.colcon_core.event_handler.log_command:Invoking command in '/home/duybuntu/carrierbot_ws/build/my_robot_bringup': CMAKE_PREFIX_PATH=${CMAKE_PREFIX_PATH}:/home/duybuntu/carrierbot_ws/install/my_robot_communicate:/home/duybuntu/ros2_ws_basic/install/my_py_pkg:/home/duybuntu/deli_ws/install/deli_logger:/home/duybuntu/deli_ws/install/mqtt:/home/duybuntu/deli_ws/install/localization:/home/duybuntu/turtlebot3_ws/install/turtlebot3_teleop:/home/duybuntu/turtlebot3_ws/install/turtlebot3_example:/opt/ros/humble /usr/bin/cmake --build /home/duybuntu/carrierbot_ws/build/my_robot_bringup -- -j12 -l12
[0.840s] INFO:colcon.colcon_core.task.python.build:Building Python package in '/home/duybuntu/carrierbot_ws/src/my_robot_communicate'
[0.840s] INFO:colcon.colcon_core.shell:Skip shell extension 'powershell' for command environment: Not usable outside of PowerShell
[0.840s] DEBUG:colcon.colcon_core.shell:Skip shell extension 'dsv' for command environment
[0.851s] DEBUG:colcon.colcon_core.event_handler.log_command:Invoking command in '/home/duybuntu/carrierbot_ws/build/my_robot_description': CMAKE_PREFIX_PATH=${CMAKE_PREFIX_PATH}:/home/duybuntu/carrierbot_ws/install/my_robot_communicate:/home/duybuntu/ros2_ws_basic/install/my_py_pkg:/home/duybuntu/deli_ws/install/deli_logger:/home/duybuntu/deli_ws/install/mqtt:/home/duybuntu/deli_ws/install/localization:/home/duybuntu/turtlebot3_ws/install/turtlebot3_teleop:/home/duybuntu/turtlebot3_ws/install/turtlebot3_example:/opt/ros/humble /usr/bin/cmake --build /home/duybuntu/carrierbot_ws/build/my_robot_description -- -j12 -l12
[0.855s] DEBUG:colcon.colcon_core.event_handler.log_command:Invoking command in '/home/duybuntu/carrierbot_ws/build/my_robot_localization': CMAKE_PREFIX_PATH=${CMAKE_PREFIX_PATH}:/home/duybuntu/carrierbot_ws/install/my_robot_communicate:/home/duybuntu/ros2_ws_basic/install/my_py_pkg:/home/duybuntu/deli_ws/install/deli_logger:/home/duybuntu/deli_ws/install/mqtt:/home/duybuntu/deli_ws/install/localization:/home/duybuntu/turtlebot3_ws/install/turtlebot3_teleop:/home/duybuntu/turtlebot3_ws/install/turtlebot3_example:/opt/ros/humble /usr/bin/cmake --build /home/duybuntu/carrierbot_ws/build/my_robot_localization -- -j12 -l12
[0.863s] DEBUG:colcon.colcon_core.event_handler.log_command:Invoking command in '/home/duybuntu/carrierbot_ws/build/my_robot_navigation': CMAKE_PREFIX_PATH=${CMAKE_PREFIX_PATH}:/home/duybuntu/carrierbot_ws/install/my_robot_communicate:/home/duybuntu/ros2_ws_basic/install/my_py_pkg:/home/duybuntu/deli_ws/install/deli_logger:/home/duybuntu/deli_ws/install/mqtt:/home/duybuntu/deli_ws/install/localization:/home/duybuntu/turtlebot3_ws/install/turtlebot3_teleop:/home/duybuntu/turtlebot3_ws/install/turtlebot3_example:/opt/ros/humble /usr/bin/cmake --build /home/duybuntu/carrierbot_ws/build/my_robot_navigation -- -j12 -l12
[0.875s] DEBUG:colcon.colcon_core.event_handler.log_command:Invoking command in '/home/duybuntu/carrierbot_ws/build/robot_controller': CMAKE_PREFIX_PATH=${CMAKE_PREFIX_PATH}:/home/duybuntu/carrierbot_ws/install/my_robot_communicate:/home/duybuntu/ros2_ws_basic/install/my_py_pkg:/home/duybuntu/deli_ws/install/deli_logger:/home/duybuntu/deli_ws/install/mqtt:/home/duybuntu/deli_ws/install/localization:/home/duybuntu/turtlebot3_ws/install/turtlebot3_teleop:/home/duybuntu/turtlebot3_ws/install/turtlebot3_example:/opt/ros/humble /usr/bin/cmake --build /home/duybuntu/carrierbot_ws/build/robot_controller -- -j12 -l12
[0.878s] DEBUG:colcon.colcon_core.event_handler.log_command:Invoked command in '/home/duybuntu/carrierbot_ws/build/my_robot_bringup' returned '0': CMAKE_PREFIX_PATH=${CMAKE_PREFIX_PATH}:/home/duybuntu/carrierbot_ws/install/my_robot_communicate:/home/duybuntu/ros2_ws_basic/install/my_py_pkg:/home/duybuntu/deli_ws/install/deli_logger:/home/duybuntu/deli_ws/install/mqtt:/home/duybuntu/deli_ws/install/localization:/home/duybuntu/turtlebot3_ws/install/turtlebot3_teleop:/home/duybuntu/turtlebot3_ws/install/turtlebot3_example:/opt/ros/humble /usr/bin/cmake --build /home/duybuntu/carrierbot_ws/build/my_robot_bringup -- -j12 -l12
[0.896s] DEBUG:colcon.colcon_core.event_handler.log_command:Invoking command in '/home/duybuntu/carrierbot_ws/build/my_robot_bringup': CMAKE_PREFIX_PATH=${CMAKE_PREFIX_PATH}:/home/duybuntu/carrierbot_ws/install/my_robot_communicate:/home/duybuntu/ros2_ws_basic/install/my_py_pkg:/home/duybuntu/deli_ws/install/deli_logger:/home/duybuntu/deli_ws/install/mqtt:/home/duybuntu/deli_ws/install/localization:/home/duybuntu/turtlebot3_ws/install/turtlebot3_teleop:/home/duybuntu/turtlebot3_ws/install/turtlebot3_example:/opt/ros/humble /usr/bin/cmake --install /home/duybuntu/carrierbot_ws/build/my_robot_bringup
[0.920s] Level 1:colcon.colcon_core.environment:create_environment_scripts_only(my_robot_bringup)
[0.922s] DEBUG:colcon.colcon_core.event_handler.log_command:Invoked command in '/home/duybuntu/carrierbot_ws/build/my_robot_bringup' returned '0': CMAKE_PREFIX_PATH=${CMAKE_PREFIX_PATH}:/home/duybuntu/carrierbot_ws/install/my_robot_communicate:/home/duybuntu/ros2_ws_basic/install/my_py_pkg:/home/duybuntu/deli_ws/install/deli_logger:/home/duybuntu/deli_ws/install/mqtt:/home/duybuntu/deli_ws/install/localization:/home/duybuntu/turtlebot3_ws/install/turtlebot3_teleop:/home/duybuntu/turtlebot3_ws/install/turtlebot3_example:/opt/ros/humble /usr/bin/cmake --install /home/duybuntu/carrierbot_ws/build/my_robot_bringup
[0.924s] Level 1:colcon.colcon_core.environment:checking '/home/duybuntu/carrierbot_ws/install/my_robot_bringup' for CMake module files
[0.925s] Level 1:colcon.colcon_core.environment:checking '/home/duybuntu/carrierbot_ws/install/my_robot_bringup' for CMake config files
[0.925s] Level 1:colcon.colcon_core.shell:create_environment_hook('my_robot_bringup', 'cmake_prefix_path')
[0.926s] INFO:colcon.colcon_core.shell:Creating environment hook '/home/duybuntu/carrierbot_ws/install/my_robot_bringup/share/my_robot_bringup/hook/cmake_prefix_path.ps1'
[0.927s] INFO:colcon.colcon_core.shell:Creating environment descriptor '/home/duybuntu/carrierbot_ws/install/my_robot_bringup/share/my_robot_bringup/hook/cmake_prefix_path.dsv'
[0.928s] INFO:colcon.colcon_core.shell:Creating environment hook '/home/duybuntu/carrierbot_ws/install/my_robot_bringup/share/my_robot_bringup/hook/cmake_prefix_path.sh'
[0.930s] Level 1:colcon.colcon_core.environment:checking '/home/duybuntu/carrierbot_ws/install/my_robot_bringup/bin'
[0.930s] Level 1:colcon.colcon_core.environment:checking '/home/duybuntu/carrierbot_ws/install/my_robot_bringup/lib/pkgconfig/my_robot_bringup.pc'
[0.931s] Level 1:colcon.colcon_core.environment:checking '/home/duybuntu/carrierbot_ws/install/my_robot_bringup/lib/python3.10/site-packages'
[0.931s] Level 1:colcon.colcon_core.environment:checking '/home/duybuntu/carrierbot_ws/install/my_robot_bringup/bin'
[0.932s] INFO:colcon.colcon_core.shell:Creating package script '/home/duybuntu/carrierbot_ws/install/my_robot_bringup/share/my_robot_bringup/package.ps1'
[0.933s] INFO:colcon.colcon_core.shell:Creating package descriptor '/home/duybuntu/carrierbot_ws/install/my_robot_bringup/share/my_robot_bringup/package.dsv'
[0.934s] INFO:colcon.colcon_core.shell:Creating package script '/home/duybuntu/carrierbot_ws/install/my_robot_bringup/share/my_robot_bringup/package.sh'
[0.935s] INFO:colcon.colcon_core.shell:Creating package script '/home/duybuntu/carrierbot_ws/install/my_robot_bringup/share/my_robot_bringup/package.bash'
[0.936s] INFO:colcon.colcon_core.shell:Creating package script '/home/duybuntu/carrierbot_ws/install/my_robot_bringup/share/my_robot_bringup/package.zsh'
[0.937s] Level 1:colcon.colcon_core.environment:create_file_with_runtime_dependencies(/home/duybuntu/carrierbot_ws/install/my_robot_bringup/share/colcon-core/packages/my_robot_bringup)
[0.938s] Level 1:colcon.colcon_core.environment:create_environment_scripts_only(my_robot_bringup)
[0.938s] Level 1:colcon.colcon_core.environment:checking '/home/duybuntu/carrierbot_ws/install/my_robot_bringup' for CMake module files
[0.940s] Level 1:colcon.colcon_core.environment:checking '/home/duybuntu/carrierbot_ws/install/my_robot_bringup' for CMake config files
[0.940s] Level 1:colcon.colcon_core.shell:create_environment_hook('my_robot_bringup', 'cmake_prefix_path')
[0.941s] INFO:colcon.colcon_core.shell:Creating environment hook '/home/duybuntu/carrierbot_ws/install/my_robot_bringup/share/my_robot_bringup/hook/cmake_prefix_path.ps1'
[0.941s] INFO:colcon.colcon_core.shell:Creating environment descriptor '/home/duybuntu/carrierbot_ws/install/my_robot_bringup/share/my_robot_bringup/hook/cmake_prefix_path.dsv'
[0.942s] INFO:colcon.colcon_core.shell:Creating environment hook '/home/duybuntu/carrierbot_ws/install/my_robot_bringup/share/my_robot_bringup/hook/cmake_prefix_path.sh'
[0.944s] Level 1:colcon.colcon_core.environment:checking '/home/duybuntu/carrierbot_ws/install/my_robot_bringup/bin'
[0.944s] Level 1:colcon.colcon_core.environment:checking '/home/duybuntu/carrierbot_ws/install/my_robot_bringup/lib/pkgconfig/my_robot_bringup.pc'
[0.944s] Level 1:colcon.colcon_core.environment:checking '/home/duybuntu/carrierbot_ws/install/my_robot_bringup/lib/python3.10/site-packages'
[0.945s] Level 1:colcon.colcon_core.environment:checking '/home/duybuntu/carrierbot_ws/install/my_robot_bringup/bin'
[0.945s] INFO:colcon.colcon_core.shell:Creating package script '/home/duybuntu/carrierbot_ws/install/my_robot_bringup/share/my_robot_bringup/package.ps1'
[0.946s] INFO:colcon.colcon_core.shell:Creating package descriptor '/home/duybuntu/carrierbot_ws/install/my_robot_bringup/share/my_robot_bringup/package.dsv'
[0.947s] INFO:colcon.colcon_core.shell:Creating package script '/home/duybuntu/carrierbot_ws/install/my_robot_bringup/share/my_robot_bringup/package.sh'
[0.948s] INFO:colcon.colcon_core.shell:Creating package script '/home/duybuntu/carrierbot_ws/install/my_robot_bringup/share/my_robot_bringup/package.bash'
[0.948s] INFO:colcon.colcon_core.shell:Creating package script '/home/duybuntu/carrierbot_ws/install/my_robot_bringup/share/my_robot_bringup/package.zsh'
[0.949s] Level 1:colcon.colcon_core.environment:create_file_with_runtime_dependencies(/home/duybuntu/carrierbot_ws/install/my_robot_bringup/share/colcon-core/packages/my_robot_bringup)
[0.955s] DEBUG:colcon.colcon_core.event_handler.log_command:Invoked command in '/home/duybuntu/carrierbot_ws/build/my_robot_localization' returned '0': CMAKE_PREFIX_PATH=${CMAKE_PREFIX_PATH}:/home/duybuntu/carrierbot_ws/install/my_robot_communicate:/home/duybuntu/ros2_ws_basic/install/my_py_pkg:/home/duybuntu/deli_ws/install/deli_logger:/home/duybuntu/deli_ws/install/mqtt:/home/duybuntu/deli_ws/install/localization:/home/duybuntu/turtlebot3_ws/install/turtlebot3_teleop:/home/duybuntu/turtlebot3_ws/install/turtlebot3_example:/opt/ros/humble /usr/bin/cmake --build /home/duybuntu/carrierbot_ws/build/my_robot_localization -- -j12 -l12
[0.958s] DEBUG:colcon.colcon_core.event_handler.log_command:Invoking command in '/home/duybuntu/carrierbot_ws/build/my_robot_localization': CMAKE_PREFIX_PATH=${CMAKE_PREFIX_PATH}:/home/duybuntu/carrierbot_ws/install/my_robot_communicate:/home/duybuntu/ros2_ws_basic/install/my_py_pkg:/home/duybuntu/deli_ws/install/deli_logger:/home/duybuntu/deli_ws/install/mqtt:/home/duybuntu/deli_ws/install/localization:/home/duybuntu/turtlebot3_ws/install/turtlebot3_teleop:/home/duybuntu/turtlebot3_ws/install/turtlebot3_example:/opt/ros/humble /usr/bin/cmake --install /home/duybuntu/carrierbot_ws/build/my_robot_localization
[0.966s] DEBUG:colcon.colcon_core.event_handler.log_command:Invoked command in '/home/duybuntu/carrierbot_ws/build/my_robot_description' returned '0': CMAKE_PREFIX_PATH=${CMAKE_PREFIX_PATH}:/home/duybuntu/carrierbot_ws/install/my_robot_communicate:/home/duybuntu/ros2_ws_basic/install/my_py_pkg:/home/duybuntu/deli_ws/install/deli_logger:/home/duybuntu/deli_ws/install/mqtt:/home/duybuntu/deli_ws/install/localization:/home/duybuntu/turtlebot3_ws/install/turtlebot3_teleop:/home/duybuntu/turtlebot3_ws/install/turtlebot3_example:/opt/ros/humble /usr/bin/cmake --build /home/duybuntu/carrierbot_ws/build/my_robot_description -- -j12 -l12
[0.967s] DEBUG:colcon.colcon_core.event_handler.log_command:Invoking command in '/home/duybuntu/carrierbot_ws/build/my_robot_description': CMAKE_PREFIX_PATH=${CMAKE_PREFIX_PATH}:/home/duybuntu/carrierbot_ws/install/my_robot_communicate:/home/duybuntu/ros2_ws_basic/install/my_py_pkg:/home/duybuntu/deli_ws/install/deli_logger:/home/duybuntu/deli_ws/install/mqtt:/home/duybuntu/deli_ws/install/localization:/home/duybuntu/turtlebot3_ws/install/turtlebot3_teleop:/home/duybuntu/turtlebot3_ws/install/turtlebot3_example:/opt/ros/humble /usr/bin/cmake --install /home/duybuntu/carrierbot_ws/build/my_robot_description
[0.968s] DEBUG:colcon.colcon_core.event_handler.log_command:Invoked command in '/home/duybuntu/carrierbot_ws/build/my_robot_navigation' returned '0': CMAKE_PREFIX_PATH=${CMAKE_PREFIX_PATH}:/home/duybuntu/carrierbot_ws/install/my_robot_communicate:/home/duybuntu/ros2_ws_basic/install/my_py_pkg:/home/duybuntu/deli_ws/install/deli_logger:/home/duybuntu/deli_ws/install/mqtt:/home/duybuntu/deli_ws/install/localization:/home/duybuntu/turtlebot3_ws/install/turtlebot3_teleop:/home/duybuntu/turtlebot3_ws/install/turtlebot3_example:/opt/ros/humble /usr/bin/cmake --build /home/duybuntu/carrierbot_ws/build/my_robot_navigation -- -j12 -l12
[0.974s] DEBUG:colcon.colcon_core.event_handler.log_command:Invoking command in '/home/duybuntu/carrierbot_ws/build/my_robot_navigation': CMAKE_PREFIX_PATH=${CMAKE_PREFIX_PATH}:/home/duybuntu/carrierbot_ws/install/my_robot_communicate:/home/duybuntu/ros2_ws_basic/install/my_py_pkg:/home/duybuntu/deli_ws/install/deli_logger:/home/duybuntu/deli_ws/install/mqtt:/home/duybuntu/deli_ws/install/localization:/home/duybuntu/turtlebot3_ws/install/turtlebot3_teleop:/home/duybuntu/turtlebot3_ws/install/turtlebot3_example:/opt/ros/humble /usr/bin/cmake --install /home/duybuntu/carrierbot_ws/build/my_robot_navigation
[0.982s] DEBUG:colcon.colcon_core.event_handler.log_command:Invoked command in '/home/duybuntu/carrierbot_ws/build/robot_controller' returned '0': CMAKE_PREFIX_PATH=${CMAKE_PREFIX_PATH}:/home/duybuntu/carrierbot_ws/install/my_robot_communicate:/home/duybuntu/ros2_ws_basic/install/my_py_pkg:/home/duybuntu/deli_ws/install/deli_logger:/home/duybuntu/deli_ws/install/mqtt:/home/duybuntu/deli_ws/install/localization:/home/duybuntu/turtlebot3_ws/install/turtlebot3_teleop:/home/duybuntu/turtlebot3_ws/install/turtlebot3_example:/opt/ros/humble /usr/bin/cmake --build /home/duybuntu/carrierbot_ws/build/robot_controller -- -j12 -l12
[0.983s] DEBUG:colcon.colcon_core.event_handler.log_command:Invoking command in '/home/duybuntu/carrierbot_ws/build/robot_controller': CMAKE_PREFIX_PATH=${CMAKE_PREFIX_PATH}:/home/duybuntu/carrierbot_ws/install/my_robot_communicate:/home/duybuntu/ros2_ws_basic/install/my_py_pkg:/home/duybuntu/deli_ws/install/deli_logger:/home/duybuntu/deli_ws/install/mqtt:/home/duybuntu/deli_ws/install/localization:/home/duybuntu/turtlebot3_ws/install/turtlebot3_teleop:/home/duybuntu/turtlebot3_ws/install/turtlebot3_example:/opt/ros/humble /usr/bin/cmake --install /home/duybuntu/carrierbot_ws/build/robot_controller
[0.987s] Level 1:colcon.colcon_core.environment:create_environment_scripts_only(my_robot_localization)
[0.987s] Level 1:colcon.colcon_core.environment:checking '/home/duybuntu/carrierbot_ws/install/my_robot_localization' for CMake module files
[0.992s] Level 1:colcon.colcon_core.environment:checking '/home/duybuntu/carrierbot_ws/install/my_robot_localization' for CMake config files
[0.994s] Level 1:colcon.colcon_core.shell:create_environment_hook('my_robot_localization', 'cmake_prefix_path')
[0.995s] INFO:colcon.colcon_core.shell:Creating environment hook '/home/duybuntu/carrierbot_ws/install/my_robot_localization/share/my_robot_localization/hook/cmake_prefix_path.ps1'
[0.996s] DEBUG:colcon.colcon_core.event_handler.log_command:Invoked command in '/home/duybuntu/carrierbot_ws/build/my_robot_localization' returned '0': CMAKE_PREFIX_PATH=${CMAKE_PREFIX_PATH}:/home/duybuntu/carrierbot_ws/install/my_robot_communicate:/home/duybuntu/ros2_ws_basic/install/my_py_pkg:/home/duybuntu/deli_ws/install/deli_logger:/home/duybuntu/deli_ws/install/mqtt:/home/duybuntu/deli_ws/install/localization:/home/duybuntu/turtlebot3_ws/install/turtlebot3_teleop:/home/duybuntu/turtlebot3_ws/install/turtlebot3_example:/opt/ros/humble /usr/bin/cmake --install /home/duybuntu/carrierbot_ws/build/my_robot_localization
[0.998s] INFO:colcon.colcon_core.shell:Creating environment descriptor '/home/duybuntu/carrierbot_ws/install/my_robot_localization/share/my_robot_localization/hook/cmake_prefix_path.dsv'
[1.000s] INFO:colcon.colcon_core.shell:Creating environment hook '/home/duybuntu/carrierbot_ws/install/my_robot_localization/share/my_robot_localization/hook/cmake_prefix_path.sh'
[1.002s] Level 1:colcon.colcon_core.environment:checking '/home/duybuntu/carrierbot_ws/install/my_robot_localization/bin'
[1.002s] Level 1:colcon.colcon_core.environment:checking '/home/duybuntu/carrierbot_ws/install/my_robot_localization/lib/pkgconfig/my_robot_localization.pc'
[1.002s] Level 1:colcon.colcon_core.environment:checking '/home/duybuntu/carrierbot_ws/install/my_robot_localization/lib/python3.10/site-packages'
[1.003s] Level 1:colcon.colcon_core.environment:checking '/home/duybuntu/carrierbot_ws/install/my_robot_localization/bin'
[1.003s] INFO:colcon.colcon_core.shell:Creating package script '/home/duybuntu/carrierbot_ws/install/my_robot_localization/share/my_robot_localization/package.ps1'
[1.005s] INFO:colcon.colcon_core.shell:Creating package descriptor '/home/duybuntu/carrierbot_ws/install/my_robot_localization/share/my_robot_localization/package.dsv'
[1.007s] INFO:colcon.colcon_core.shell:Creating package script '/home/duybuntu/carrierbot_ws/install/my_robot_localization/share/my_robot_localization/package.sh'
[1.010s] INFO:colcon.colcon_core.shell:Creating package script '/home/duybuntu/carrierbot_ws/install/my_robot_localization/share/my_robot_localization/package.bash'
[1.011s] INFO:colcon.colcon_core.shell:Creating package script '/home/duybuntu/carrierbot_ws/install/my_robot_localization/share/my_robot_localization/package.zsh'
[1.012s] Level 1:colcon.colcon_core.environment:create_file_with_runtime_dependencies(/home/duybuntu/carrierbot_ws/install/my_robot_localization/share/colcon-core/packages/my_robot_localization)
[1.013s] Level 1:colcon.colcon_core.environment:create_environment_scripts_only(my_robot_localization)
[1.014s] Level 1:colcon.colcon_core.environment:checking '/home/duybuntu/carrierbot_ws/install/my_robot_localization' for CMake module files
[1.014s] Level 1:colcon.colcon_core.environment:checking '/home/duybuntu/carrierbot_ws/install/my_robot_localization' for CMake config files
[1.015s] Level 1:colcon.colcon_core.shell:create_environment_hook('my_robot_localization', 'cmake_prefix_path')
[1.015s] INFO:colcon.colcon_core.shell:Creating environment hook '/home/duybuntu/carrierbot_ws/install/my_robot_localization/share/my_robot_localization/hook/cmake_prefix_path.ps1'
[1.017s] INFO:colcon.colcon_core.shell:Creating environment descriptor '/home/duybuntu/carrierbot_ws/install/my_robot_localization/share/my_robot_localization/hook/cmake_prefix_path.dsv'
[1.017s] INFO:colcon.colcon_core.shell:Creating environment hook '/home/duybuntu/carrierbot_ws/install/my_robot_localization/share/my_robot_localization/hook/cmake_prefix_path.sh'
[1.018s] Level 1:colcon.colcon_core.environment:checking '/home/duybuntu/carrierbot_ws/install/my_robot_localization/bin'
[1.019s] Level 1:colcon.colcon_core.environment:checking '/home/duybuntu/carrierbot_ws/install/my_robot_localization/lib/pkgconfig/my_robot_localization.pc'
[1.019s] Level 1:colcon.colcon_core.environment:checking '/home/duybuntu/carrierbot_ws/install/my_robot_localization/lib/python3.10/site-packages'
[1.019s] Level 1:colcon.colcon_core.environment:checking '/home/duybuntu/carrierbot_ws/install/my_robot_localization/bin'
[1.020s] INFO:colcon.colcon_core.shell:Creating package script '/home/duybuntu/carrierbot_ws/install/my_robot_localization/share/my_robot_localization/package.ps1'
[1.021s] INFO:colcon.colcon_core.shell:Creating package descriptor '/home/duybuntu/carrierbot_ws/install/my_robot_localization/share/my_robot_localization/package.dsv'
[1.022s] INFO:colcon.colcon_core.shell:Creating package script '/home/duybuntu/carrierbot_ws/install/my_robot_localization/share/my_robot_localization/package.sh'
[1.023s] INFO:colcon.colcon_core.shell:Creating package script '/home/duybuntu/carrierbot_ws/install/my_robot_localization/share/my_robot_localization/package.bash'
[1.024s] INFO:colcon.colcon_core.shell:Creating package script '/home/duybuntu/carrierbot_ws/install/my_robot_localization/share/my_robot_localization/package.zsh'
[1.025s] Level 1:colcon.colcon_core.environment:create_file_with_runtime_dependencies(/home/duybuntu/carrierbot_ws/install/my_robot_localization/share/colcon-core/packages/my_robot_localization)
[1.026s] Level 1:colcon.colcon_core.environment:create_environment_scripts_only(my_robot_description)
[1.027s] Level 1:colcon.colcon_core.environment:checking '/home/duybuntu/carrierbot_ws/install/my_robot_description' for CMake module files
[1.028s] Level 1:colcon.colcon_core.environment:checking '/home/duybuntu/carrierbot_ws/install/my_robot_description' for CMake config files
[1.028s] Level 1:colcon.colcon_core.shell:create_environment_hook('my_robot_description', 'cmake_prefix_path')
[1.029s] INFO:colcon.colcon_core.shell:Creating environment hook '/home/duybuntu/carrierbot_ws/install/my_robot_description/share/my_robot_description/hook/cmake_prefix_path.ps1'
[1.031s] INFO:colcon.colcon_core.shell:Creating environment descriptor '/home/duybuntu/carrierbot_ws/install/my_robot_description/share/my_robot_description/hook/cmake_prefix_path.dsv'
[1.032s] INFO:colcon.colcon_core.shell:Creating environment hook '/home/duybuntu/carrierbot_ws/install/my_robot_description/share/my_robot_description/hook/cmake_prefix_path.sh'
[1.033s] DEBUG:colcon.colcon_core.event_handler.log_command:Invoked command in '/home/duybuntu/carrierbot_ws/build/my_robot_description' returned '0': CMAKE_PREFIX_PATH=${CMAKE_PREFIX_PATH}:/home/duybuntu/carrierbot_ws/install/my_robot_communicate:/home/duybuntu/ros2_ws_basic/install/my_py_pkg:/home/duybuntu/deli_ws/install/deli_logger:/home/duybuntu/deli_ws/install/mqtt:/home/duybuntu/deli_ws/install/localization:/home/duybuntu/turtlebot3_ws/install/turtlebot3_teleop:/home/duybuntu/turtlebot3_ws/install/turtlebot3_example:/opt/ros/humble /usr/bin/cmake --install /home/duybuntu/carrierbot_ws/build/my_robot_description
[1.034s] Level 1:colcon.colcon_core.environment:checking '/home/duybuntu/carrierbot_ws/install/my_robot_description/bin'
[1.034s] Level 1:colcon.colcon_core.environment:checking '/home/duybuntu/carrierbot_ws/install/my_robot_description/lib/pkgconfig/my_robot_description.pc'
[1.034s] Level 1:colcon.colcon_core.environment:checking '/home/duybuntu/carrierbot_ws/install/my_robot_description/lib/python3.10/site-packages'
[1.035s] Level 1:colcon.colcon_core.environment:checking '/home/duybuntu/carrierbot_ws/install/my_robot_description/bin'
[1.035s] INFO:colcon.colcon_core.shell:Creating package script '/home/duybuntu/carrierbot_ws/install/my_robot_description/share/my_robot_description/package.ps1'
[1.036s] INFO:colcon.colcon_core.shell:Creating package descriptor '/home/duybuntu/carrierbot_ws/install/my_robot_description/share/my_robot_description/package.dsv'
[1.037s] INFO:colcon.colcon_core.shell:Creating package script '/home/duybuntu/carrierbot_ws/install/my_robot_description/share/my_robot_description/package.sh'
[1.038s] INFO:colcon.colcon_core.shell:Creating package script '/home/duybuntu/carrierbot_ws/install/my_robot_description/share/my_robot_description/package.bash'
[1.038s] INFO:colcon.colcon_core.shell:Creating package script '/home/duybuntu/carrierbot_ws/install/my_robot_description/share/my_robot_description/package.zsh'
[1.039s] Level 1:colcon.colcon_core.environment:create_file_with_runtime_dependencies(/home/duybuntu/carrierbot_ws/install/my_robot_description/share/colcon-core/packages/my_robot_description)
[1.041s] Level 1:colcon.colcon_core.environment:create_environment_scripts_only(my_robot_description)
[1.041s] Level 1:colcon.colcon_core.environment:checking '/home/duybuntu/carrierbot_ws/install/my_robot_description' for CMake module files
[1.042s] Level 1:colcon.colcon_core.environment:checking '/home/duybuntu/carrierbot_ws/install/my_robot_description' for CMake config files
[1.043s] Level 1:colcon.colcon_core.shell:create_environment_hook('my_robot_description', 'cmake_prefix_path')
[1.043s] INFO:colcon.colcon_core.shell:Creating environment hook '/home/duybuntu/carrierbot_ws/install/my_robot_description/share/my_robot_description/hook/cmake_prefix_path.ps1'
[1.044s] INFO:colcon.colcon_core.shell:Creating environment descriptor '/home/duybuntu/carrierbot_ws/install/my_robot_description/share/my_robot_description/hook/cmake_prefix_path.dsv'
[1.045s] INFO:colcon.colcon_core.shell:Creating environment hook '/home/duybuntu/carrierbot_ws/install/my_robot_description/share/my_robot_description/hook/cmake_prefix_path.sh'
[1.046s] Level 1:colcon.colcon_core.environment:checking '/home/duybuntu/carrierbot_ws/install/my_robot_description/bin'
[1.047s] Level 1:colcon.colcon_core.environment:checking '/home/duybuntu/carrierbot_ws/install/my_robot_description/lib/pkgconfig/my_robot_description.pc'
[1.047s] Level 1:colcon.colcon_core.environment:checking '/home/duybuntu/carrierbot_ws/install/my_robot_description/lib/python3.10/site-packages'
[1.047s] Level 1:colcon.colcon_core.environment:checking '/home/duybuntu/carrierbot_ws/install/my_robot_description/bin'
[1.048s] INFO:colcon.colcon_core.shell:Creating package script '/home/duybuntu/carrierbot_ws/install/my_robot_description/share/my_robot_description/package.ps1'
[1.049s] INFO:colcon.colcon_core.shell:Creating package descriptor '/home/duybuntu/carrierbot_ws/install/my_robot_description/share/my_robot_description/package.dsv'
[1.050s] INFO:colcon.colcon_core.shell:Creating package script '/home/duybuntu/carrierbot_ws/install/my_robot_description/share/my_robot_description/package.sh'
[1.051s] INFO:colcon.colcon_core.shell:Creating package script '/home/duybuntu/carrierbot_ws/install/my_robot_description/share/my_robot_description/package.bash'
[1.052s] INFO:colcon.colcon_core.shell:Creating package script '/home/duybuntu/carrierbot_ws/install/my_robot_description/share/my_robot_description/package.zsh'
[1.052s] Level 1:colcon.colcon_core.environment:create_file_with_runtime_dependencies(/home/duybuntu/carrierbot_ws/install/my_robot_description/share/colcon-core/packages/my_robot_description)
[1.053s] Level 1:colcon.colcon_core.environment:create_environment_scripts_only(my_robot_navigation)
[1.054s] Level 1:colcon.colcon_core.environment:checking '/home/duybuntu/carrierbot_ws/install/my_robot_navigation' for CMake module files
[1.055s] DEBUG:colcon.colcon_core.event_handler.log_command:Invoked command in '/home/duybuntu/carrierbot_ws/build/my_robot_navigation' returned '0': CMAKE_PREFIX_PATH=${CMAKE_PREFIX_PATH}:/home/duybuntu/carrierbot_ws/install/my_robot_communicate:/home/duybuntu/ros2_ws_basic/install/my_py_pkg:/home/duybuntu/deli_ws/install/deli_logger:/home/duybuntu/deli_ws/install/mqtt:/home/duybuntu/deli_ws/install/localization:/home/duybuntu/turtlebot3_ws/install/turtlebot3_teleop:/home/duybuntu/turtlebot3_ws/install/turtlebot3_example:/opt/ros/humble /usr/bin/cmake --install /home/duybuntu/carrierbot_ws/build/my_robot_navigation
[1.055s] Level 1:colcon.colcon_core.environment:checking '/home/duybuntu/carrierbot_ws/install/my_robot_navigation' for CMake config files
[1.056s] Level 1:colcon.colcon_core.shell:create_environment_hook('my_robot_navigation', 'cmake_prefix_path')
[1.056s] INFO:colcon.colcon_core.shell:Creating environment hook '/home/duybuntu/carrierbot_ws/install/my_robot_navigation/share/my_robot_navigation/hook/cmake_prefix_path.ps1'
[1.057s] INFO:colcon.colcon_core.shell:Creating environment descriptor '/home/duybuntu/carrierbot_ws/install/my_robot_navigation/share/my_robot_navigation/hook/cmake_prefix_path.dsv'
[1.058s] INFO:colcon.colcon_core.shell:Creating environment hook '/home/duybuntu/carrierbot_ws/install/my_robot_navigation/share/my_robot_navigation/hook/cmake_prefix_path.sh'
[1.059s] Level 1:colcon.colcon_core.environment:checking '/home/duybuntu/carrierbot_ws/install/my_robot_navigation/bin'
[1.059s] Level 1:colcon.colcon_core.environment:checking '/home/duybuntu/carrierbot_ws/install/my_robot_navigation/lib/pkgconfig/my_robot_navigation.pc'
[1.060s] Level 1:colcon.colcon_core.environment:checking '/home/duybuntu/carrierbot_ws/install/my_robot_navigation/lib/python3.10/site-packages'
[1.061s] Level 1:colcon.colcon_core.environment:checking '/home/duybuntu/carrierbot_ws/install/my_robot_navigation/bin'
[1.062s] INFO:colcon.colcon_core.shell:Creating package script '/home/duybuntu/carrierbot_ws/install/my_robot_navigation/share/my_robot_navigation/package.ps1'
[1.063s] INFO:colcon.colcon_core.shell:Creating package descriptor '/home/duybuntu/carrierbot_ws/install/my_robot_navigation/share/my_robot_navigation/package.dsv'
[1.065s] INFO:colcon.colcon_core.shell:Creating package script '/home/duybuntu/carrierbot_ws/install/my_robot_navigation/share/my_robot_navigation/package.sh'
[1.065s] INFO:colcon.colcon_core.shell:Creating package script '/home/duybuntu/carrierbot_ws/install/my_robot_navigation/share/my_robot_navigation/package.bash'
[1.066s] INFO:colcon.colcon_core.shell:Creating package script '/home/duybuntu/carrierbot_ws/install/my_robot_navigation/share/my_robot_navigation/package.zsh'
[1.067s] Level 1:colcon.colcon_core.environment:create_file_with_runtime_dependencies(/home/duybuntu/carrierbot_ws/install/my_robot_navigation/share/colcon-core/packages/my_robot_navigation)
[1.067s] Level 1:colcon.colcon_core.environment:create_environment_scripts_only(my_robot_navigation)
[1.068s] Level 1:colcon.colcon_core.environment:checking '/home/duybuntu/carrierbot_ws/install/my_robot_navigation' for CMake module files
[1.069s] Level 1:colcon.colcon_core.environment:checking '/home/duybuntu/carrierbot_ws/install/my_robot_navigation' for CMake config files
[1.069s] Level 1:colcon.colcon_core.shell:create_environment_hook('my_robot_navigation', 'cmake_prefix_path')
[1.069s] INFO:colcon.colcon_core.shell:Creating environment hook '/home/duybuntu/carrierbot_ws/install/my_robot_navigation/share/my_robot_navigation/hook/cmake_prefix_path.ps1'
[1.070s] INFO:colcon.colcon_core.shell:Creating environment descriptor '/home/duybuntu/carrierbot_ws/install/my_robot_navigation/share/my_robot_navigation/hook/cmake_prefix_path.dsv'
[1.071s] INFO:colcon.colcon_core.shell:Creating environment hook '/home/duybuntu/carrierbot_ws/install/my_robot_navigation/share/my_robot_navigation/hook/cmake_prefix_path.sh'
[1.072s] Level 1:colcon.colcon_core.environment:checking '/home/duybuntu/carrierbot_ws/install/my_robot_navigation/bin'
[1.072s] Level 1:colcon.colcon_core.environment:checking '/home/duybuntu/carrierbot_ws/install/my_robot_navigation/lib/pkgconfig/my_robot_navigation.pc'
[1.072s] Level 1:colcon.colcon_core.environment:checking '/home/duybuntu/carrierbot_ws/install/my_robot_navigation/lib/python3.10/site-packages'
[1.073s] Level 1:colcon.colcon_core.environment:checking '/home/duybuntu/carrierbot_ws/install/my_robot_navigation/bin'
[1.073s] INFO:colcon.colcon_core.shell:Creating package script '/home/duybuntu/carrierbot_ws/install/my_robot_navigation/share/my_robot_navigation/package.ps1'
[1.074s] INFO:colcon.colcon_core.shell:Creating package descriptor '/home/duybuntu/carrierbot_ws/install/my_robot_navigation/share/my_robot_navigation/package.dsv'
[1.075s] INFO:colcon.colcon_core.shell:Creating package script '/home/duybuntu/carrierbot_ws/install/my_robot_navigation/share/my_robot_navigation/package.sh'
[1.078s] INFO:colcon.colcon_core.shell:Creating package script '/home/duybuntu/carrierbot_ws/install/my_robot_navigation/share/my_robot_navigation/package.bash'
[1.079s] INFO:colcon.colcon_core.shell:Creating package script '/home/duybuntu/carrierbot_ws/install/my_robot_navigation/share/my_robot_navigation/package.zsh'
[1.080s] Level 1:colcon.colcon_core.environment:create_file_with_runtime_dependencies(/home/duybuntu/carrierbot_ws/install/my_robot_navigation/share/colcon-core/packages/my_robot_navigation)
[1.081s] Level 1:colcon.colcon_core.environment:create_environment_scripts_only(robot_controller)
[1.081s] Level 1:colcon.colcon_core.environment:checking '/home/duybuntu/carrierbot_ws/install/robot_controller' for CMake module files
[1.082s] Level 1:colcon.colcon_core.environment:checking '/home/duybuntu/carrierbot_ws/install/robot_controller' for CMake config files
[1.083s] Level 1:colcon.colcon_core.shell:create_environment_hook('robot_controller', 'cmake_prefix_path')
[1.083s] INFO:colcon.colcon_core.shell:Creating environment hook '/home/duybuntu/carrierbot_ws/install/robot_controller/share/robot_controller/hook/cmake_prefix_path.ps1'
[1.084s] INFO:colcon.colcon_core.shell:Creating environment descriptor '/home/duybuntu/carrierbot_ws/install/robot_controller/share/robot_controller/hook/cmake_prefix_path.dsv'
[1.085s] DEBUG:colcon.colcon_core.event_handler.log_command:Invoked command in '/home/duybuntu/carrierbot_ws/build/robot_controller' returned '0': CMAKE_PREFIX_PATH=${CMAKE_PREFIX_PATH}:/home/duybuntu/carrierbot_ws/install/my_robot_communicate:/home/duybuntu/ros2_ws_basic/install/my_py_pkg:/home/duybuntu/deli_ws/install/deli_logger:/home/duybuntu/deli_ws/install/mqtt:/home/duybuntu/deli_ws/install/localization:/home/duybuntu/turtlebot3_ws/install/turtlebot3_teleop:/home/duybuntu/turtlebot3_ws/install/turtlebot3_example:/opt/ros/humble /usr/bin/cmake --install /home/duybuntu/carrierbot_ws/build/robot_controller
[1.085s] INFO:colcon.colcon_core.shell:Creating environment hook '/home/duybuntu/carrierbot_ws/install/robot_controller/share/robot_controller/hook/cmake_prefix_path.sh'
[1.086s] Level 1:colcon.colcon_core.environment:checking '/home/duybuntu/carrierbot_ws/install/robot_controller/bin'
[1.086s] Level 1:colcon.colcon_core.environment:checking '/home/duybuntu/carrierbot_ws/install/robot_controller/lib/pkgconfig/robot_controller.pc'
[1.087s] Level 1:colcon.colcon_core.environment:checking '/home/duybuntu/carrierbot_ws/install/robot_controller/lib/python3.10/site-packages'
[1.087s] Level 1:colcon.colcon_core.environment:checking '/home/duybuntu/carrierbot_ws/install/robot_controller/bin'
[1.088s] INFO:colcon.colcon_core.shell:Creating package script '/home/duybuntu/carrierbot_ws/install/robot_controller/share/robot_controller/package.ps1'
[1.089s] INFO:colcon.colcon_core.shell:Creating package descriptor '/home/duybuntu/carrierbot_ws/install/robot_controller/share/robot_controller/package.dsv'
[1.090s] INFO:colcon.colcon_core.shell:Creating package script '/home/duybuntu/carrierbot_ws/install/robot_controller/share/robot_controller/package.sh'
[1.091s] INFO:colcon.colcon_core.shell:Creating package script '/home/duybuntu/carrierbot_ws/install/robot_controller/share/robot_controller/package.bash'
[1.092s] INFO:colcon.colcon_core.shell:Creating package script '/home/duybuntu/carrierbot_ws/install/robot_controller/share/robot_controller/package.zsh'
[1.093s] Level 1:colcon.colcon_core.environment:create_file_with_runtime_dependencies(/home/duybuntu/carrierbot_ws/install/robot_controller/share/colcon-core/packages/robot_controller)
[1.095s] Level 1:colcon.colcon_core.environment:create_environment_scripts_only(robot_controller)
[1.095s] Level 1:colcon.colcon_core.environment:checking '/home/duybuntu/carrierbot_ws/install/robot_controller' for CMake module files
[1.096s] Level 1:colcon.colcon_core.environment:checking '/home/duybuntu/carrierbot_ws/install/robot_controller' for CMake config files
[1.096s] Level 1:colcon.colcon_core.shell:create_environment_hook('robot_controller', 'cmake_prefix_path')
[1.097s] INFO:colcon.colcon_core.shell:Creating environment hook '/home/duybuntu/carrierbot_ws/install/robot_controller/share/robot_controller/hook/cmake_prefix_path.ps1'
[1.098s] INFO:colcon.colcon_core.shell:Creating environment descriptor '/home/duybuntu/carrierbot_ws/install/robot_controller/share/robot_controller/hook/cmake_prefix_path.dsv'
[1.098s] INFO:colcon.colcon_core.shell:Creating environment hook '/home/duybuntu/carrierbot_ws/install/robot_controller/share/robot_controller/hook/cmake_prefix_path.sh'
[1.100s] Level 1:colcon.colcon_core.environment:checking '/home/duybuntu/carrierbot_ws/install/robot_controller/bin'
[1.100s] Level 1:colcon.colcon_core.environment:checking '/home/duybuntu/carrierbot_ws/install/robot_controller/lib/pkgconfig/robot_controller.pc'
[1.100s] Level 1:colcon.colcon_core.environment:checking '/home/duybuntu/carrierbot_ws/install/robot_controller/lib/python3.10/site-packages'
[1.101s] Level 1:colcon.colcon_core.environment:checking '/home/duybuntu/carrierbot_ws/install/robot_controller/bin'
[1.102s] INFO:colcon.colcon_core.shell:Creating package script '/home/duybuntu/carrierbot_ws/install/robot_controller/share/robot_controller/package.ps1'
[1.103s] INFO:colcon.colcon_core.shell:Creating package descriptor '/home/duybuntu/carrierbot_ws/install/robot_controller/share/robot_controller/package.dsv'
[1.104s] INFO:colcon.colcon_core.shell:Creating package script '/home/duybuntu/carrierbot_ws/install/robot_controller/share/robot_controller/package.sh'
[1.105s] INFO:colcon.colcon_core.shell:Creating package script '/home/duybuntu/carrierbot_ws/install/robot_controller/share/robot_controller/package.bash'
[1.105s] INFO:colcon.colcon_core.shell:Creating package script '/home/duybuntu/carrierbot_ws/install/robot_controller/share/robot_controller/package.zsh'
[1.106s] Level 1:colcon.colcon_core.environment:create_file_with_runtime_dependencies(/home/duybuntu/carrierbot_ws/install/robot_controller/share/colcon-core/packages/robot_controller)
[1.429s] DEBUG:colcon.colcon_core.event_handler.log_command:Invoking command in '/home/duybuntu/carrierbot_ws/src/my_robot_communicate': PYTHONPATH=/home/duybuntu/carrierbot_ws/build/my_robot_communicate/prefix_override:/usr/lib/python3/dist-packages/colcon_core/task/python/colcon_distutils_commands:/home/duybuntu/carrierbot_ws/install/my_robot_communicate/lib/python3.10/site-packages:${PYTHONPATH} /usr/bin/python3 -W ignore:setup.py install is deprecated -W ignore:easy_install command is deprecated setup.py egg_info --egg-base ../../build/my_robot_communicate build --build-base /home/duybuntu/carrierbot_ws/build/my_robot_communicate/build install --record /home/duybuntu/carrierbot_ws/build/my_robot_communicate/install.log --single-version-externally-managed install_data
[1.830s] Level 1:colcon.colcon_core.environment:checking '/home/duybuntu/carrierbot_ws/install/my_robot_communicate' for CMake module files
[1.831s] DEBUG:colcon.colcon_core.event_handler.log_command:Invoked command in '/home/duybuntu/carrierbot_ws/src/my_robot_communicate' returned '0': PYTHONPATH=/home/duybuntu/carrierbot_ws/build/my_robot_communicate/prefix_override:/usr/lib/python3/dist-packages/colcon_core/task/python/colcon_distutils_commands:/home/duybuntu/carrierbot_ws/install/my_robot_communicate/lib/python3.10/site-packages:${PYTHONPATH} /usr/bin/python3 -W ignore:setup.py install is deprecated -W ignore:easy_install command is deprecated setup.py egg_info --egg-base ../../build/my_robot_communicate build --build-base /home/duybuntu/carrierbot_ws/build/my_robot_communicate/build install --record /home/duybuntu/carrierbot_ws/build/my_robot_communicate/install.log --single-version-externally-managed install_data
[1.831s] Level 1:colcon.colcon_core.environment:checking '/home/duybuntu/carrierbot_ws/install/my_robot_communicate' for CMake config files
[1.832s] Level 1:colcon.colcon_core.environment:checking '/home/duybuntu/carrierbot_ws/install/my_robot_communicate/lib'
[1.832s] Level 1:colcon.colcon_core.environment:checking '/home/duybuntu/carrierbot_ws/install/my_robot_communicate/bin'
[1.832s] Level 1:colcon.colcon_core.environment:checking '/home/duybuntu/carrierbot_ws/install/my_robot_communicate/lib/pkgconfig/my_robot_communicate.pc'
[1.832s] Level 1:colcon.colcon_core.environment:checking '/home/duybuntu/carrierbot_ws/install/my_robot_communicate/lib/python3.10/site-packages'
[1.833s] Level 1:colcon.colcon_core.shell:create_environment_hook('my_robot_communicate', 'pythonpath')
[1.833s] INFO:colcon.colcon_core.shell:Creating environment hook '/home/duybuntu/carrierbot_ws/install/my_robot_communicate/share/my_robot_communicate/hook/pythonpath.ps1'
[1.834s] INFO:colcon.colcon_core.shell:Creating environment descriptor '/home/duybuntu/carrierbot_ws/install/my_robot_communicate/share/my_robot_communicate/hook/pythonpath.dsv'
[1.834s] INFO:colcon.colcon_core.shell:Creating environment hook '/home/duybuntu/carrierbot_ws/install/my_robot_communicate/share/my_robot_communicate/hook/pythonpath.sh'
[1.835s] Level 1:colcon.colcon_core.environment:checking '/home/duybuntu/carrierbot_ws/install/my_robot_communicate/bin'
[1.835s] Level 1:colcon.colcon_core.environment:create_environment_scripts_only(my_robot_communicate)
[1.836s] INFO:colcon.colcon_core.shell:Creating package script '/home/duybuntu/carrierbot_ws/install/my_robot_communicate/share/my_robot_communicate/package.ps1'
[1.836s] INFO:colcon.colcon_core.shell:Creating package descriptor '/home/duybuntu/carrierbot_ws/install/my_robot_communicate/share/my_robot_communicate/package.dsv'
[1.837s] INFO:colcon.colcon_core.shell:Creating package script '/home/duybuntu/carrierbot_ws/install/my_robot_communicate/share/my_robot_communicate/package.sh'
[1.837s] INFO:colcon.colcon_core.shell:Creating package script '/home/duybuntu/carrierbot_ws/install/my_robot_communicate/share/my_robot_communicate/package.bash'
[1.838s] INFO:colcon.colcon_core.shell:Creating package script '/home/duybuntu/carrierbot_ws/install/my_robot_communicate/share/my_robot_communicate/package.zsh'
[1.839s] Level 1:colcon.colcon_core.environment:create_file_with_runtime_dependencies(/home/duybuntu/carrierbot_ws/install/my_robot_communicate/share/colcon-core/packages/my_robot_communicate)
[5.144s] DEBUG:colcon.colcon_core.event_handler.log_command:Invoked command in '/home/duybuntu/carrierbot_ws/build/my_robot_base' returned '0': CMAKE_PREFIX_PATH=${CMAKE_PREFIX_PATH}:/home/duybuntu/carrierbot_ws/install/my_robot_communicate:/home/duybuntu/ros2_ws_basic/install/my_py_pkg:/home/duybuntu/deli_ws/install/deli_logger:/home/duybuntu/deli_ws/install/mqtt:/home/duybuntu/deli_ws/install/localization:/home/duybuntu/turtlebot3_ws/install/turtlebot3_teleop:/home/duybuntu/turtlebot3_ws/install/turtlebot3_example:/opt/ros/humble /usr/bin/cmake --build /home/duybuntu/carrierbot_ws/build/my_robot_base -- -j12 -l12
[5.146s] DEBUG:colcon.colcon_core.event_handler.log_command:Invoking command in '/home/duybuntu/carrierbot_ws/build/my_robot_base': CMAKE_PREFIX_PATH=${CMAKE_PREFIX_PATH}:/home/duybuntu/carrierbot_ws/install/my_robot_communicate:/home/duybuntu/ros2_ws_basic/install/my_py_pkg:/home/duybuntu/deli_ws/install/deli_logger:/home/duybuntu/deli_ws/install/mqtt:/home/duybuntu/deli_ws/install/localization:/home/duybuntu/turtlebot3_ws/install/turtlebot3_teleop:/home/duybuntu/turtlebot3_ws/install/turtlebot3_example:/opt/ros/humble /usr/bin/cmake --install /home/duybuntu/carrierbot_ws/build/my_robot_base
[5.162s] Level 1:colcon.colcon_core.environment:create_environment_scripts_only(my_robot_base)
[5.162s] Level 1:colcon.colcon_core.environment:checking '/home/duybuntu/carrierbot_ws/install/my_robot_base' for CMake module files
[5.163s] DEBUG:colcon.colcon_core.event_handler.log_command:Invoked command in '/home/duybuntu/carrierbot_ws/build/my_robot_base' returned '0': CMAKE_PREFIX_PATH=${CMAKE_PREFIX_PATH}:/home/duybuntu/carrierbot_ws/install/my_robot_communicate:/home/duybuntu/ros2_ws_basic/install/my_py_pkg:/home/duybuntu/deli_ws/install/deli_logger:/home/duybuntu/deli_ws/install/mqtt:/home/duybuntu/deli_ws/install/localization:/home/duybuntu/turtlebot3_ws/install/turtlebot3_teleop:/home/duybuntu/turtlebot3_ws/install/turtlebot3_example:/opt/ros/humble /usr/bin/cmake --install /home/duybuntu/carrierbot_ws/build/my_robot_base
[5.163s] Level 1:colcon.colcon_core.environment:checking '/home/duybuntu/carrierbot_ws/install/my_robot_base' for CMake config files
[5.163s] Level 1:colcon.colcon_core.shell:create_environment_hook('my_robot_base', 'cmake_prefix_path')
[5.163s] INFO:colcon.colcon_core.shell:Creating environment hook '/home/duybuntu/carrierbot_ws/install/my_robot_base/share/my_robot_base/hook/cmake_prefix_path.ps1'
[5.164s] INFO:colcon.colcon_core.shell:Creating environment descriptor '/home/duybuntu/carrierbot_ws/install/my_robot_base/share/my_robot_base/hook/cmake_prefix_path.dsv'
[5.164s] INFO:colcon.colcon_core.shell:Creating environment hook '/home/duybuntu/carrierbot_ws/install/my_robot_base/share/my_robot_base/hook/cmake_prefix_path.sh'
[5.165s] Level 1:colcon.colcon_core.environment:checking '/home/duybuntu/carrierbot_ws/install/my_robot_base/lib'
[5.165s] Level 1:colcon.colcon_core.environment:checking '/home/duybuntu/carrierbot_ws/install/my_robot_base/bin'
[5.165s] Level 1:colcon.colcon_core.environment:checking '/home/duybuntu/carrierbot_ws/install/my_robot_base/lib/pkgconfig/my_robot_base.pc'
[5.165s] Level 1:colcon.colcon_core.environment:checking '/home/duybuntu/carrierbot_ws/install/my_robot_base/lib/python3.10/site-packages'
[5.166s] Level 1:colcon.colcon_core.environment:checking '/home/duybuntu/carrierbot_ws/install/my_robot_base/bin'
[5.166s] INFO:colcon.colcon_core.shell:Creating package script '/home/duybuntu/carrierbot_ws/install/my_robot_base/share/my_robot_base/package.ps1'
[5.167s] INFO:colcon.colcon_core.shell:Creating package descriptor '/home/duybuntu/carrierbot_ws/install/my_robot_base/share/my_robot_base/package.dsv'
[5.167s] INFO:colcon.colcon_core.shell:Creating package script '/home/duybuntu/carrierbot_ws/install/my_robot_base/share/my_robot_base/package.sh'
[5.168s] INFO:colcon.colcon_core.shell:Creating package script '/home/duybuntu/carrierbot_ws/install/my_robot_base/share/my_robot_base/package.bash'
[5.168s] INFO:colcon.colcon_core.shell:Creating package script '/home/duybuntu/carrierbot_ws/install/my_robot_base/share/my_robot_base/package.zsh'
[5.168s] Level 1:colcon.colcon_core.environment:create_file_with_runtime_dependencies(/home/duybuntu/carrierbot_ws/install/my_robot_base/share/colcon-core/packages/my_robot_base)
[5.169s] Level 1:colcon.colcon_core.environment:create_environment_scripts_only(my_robot_base)
[5.169s] Level 1:colcon.colcon_core.environment:checking '/home/duybuntu/carrierbot_ws/install/my_robot_base' for CMake module files
[5.170s] Level 1:colcon.colcon_core.environment:checking '/home/duybuntu/carrierbot_ws/install/my_robot_base' for CMake config files
[5.170s] Level 1:colcon.colcon_core.shell:create_environment_hook('my_robot_base', 'cmake_prefix_path')
[5.171s] INFO:colcon.colcon_core.shell:Creating environment hook '/home/duybuntu/carrierbot_ws/install/my_robot_base/share/my_robot_base/hook/cmake_prefix_path.ps1'
[5.171s] INFO:colcon.colcon_core.shell:Creating environment descriptor '/home/duybuntu/carrierbot_ws/install/my_robot_base/share/my_robot_base/hook/cmake_prefix_path.dsv'
[5.172s] INFO:colcon.colcon_core.shell:Creating environment hook '/home/duybuntu/carrierbot_ws/install/my_robot_base/share/my_robot_base/hook/cmake_prefix_path.sh'
[5.172s] Level 1:colcon.colcon_core.environment:checking '/home/duybuntu/carrierbot_ws/install/my_robot_base/lib'
[5.173s] Level 1:colcon.colcon_core.environment:checking '/home/duybuntu/carrierbot_ws/install/my_robot_base/bin'
[5.173s] Level 1:colcon.colcon_core.environment:checking '/home/duybuntu/carrierbot_ws/install/my_robot_base/lib/pkgconfig/my_robot_base.pc'
[5.173s] Level 1:colcon.colcon_core.environment:checking '/home/duybuntu/carrierbot_ws/install/my_robot_base/lib/python3.10/site-packages'
[5.173s] Level 1:colcon.colcon_core.environment:checking '/home/duybuntu/carrierbot_ws/install/my_robot_base/bin'
[5.174s] INFO:colcon.colcon_core.shell:Creating package script '/home/duybuntu/carrierbot_ws/install/my_robot_base/share/my_robot_base/package.ps1'
[5.175s] INFO:colcon.colcon_core.shell:Creating package descriptor '/home/duybuntu/carrierbot_ws/install/my_robot_base/share/my_robot_base/package.dsv'
[5.176s] INFO:colcon.colcon_core.shell:Creating package script '/home/duybuntu/carrierbot_ws/install/my_robot_base/share/my_robot_base/package.sh'
[5.176s] INFO:colcon.colcon_core.shell:Creating package script '/home/duybuntu/carrierbot_ws/install/my_robot_base/share/my_robot_base/package.bash'
[5.177s] INFO:colcon.colcon_core.shell:Creating package script '/home/duybuntu/carrierbot_ws/install/my_robot_base/share/my_robot_base/package.zsh'
[5.177s] Level 1:colcon.colcon_core.environment:create_file_with_runtime_dependencies(/home/duybuntu/carrierbot_ws/install/my_robot_base/share/colcon-core/packages/my_robot_base)
[5.178s] DEBUG:colcon.colcon_parallel_executor.executor.parallel:closing loop
[5.178s] DEBUG:colcon.colcon_parallel_executor.executor.parallel:loop closed
[5.178s] DEBUG:colcon.colcon_parallel_executor.executor.parallel:run_until_complete finished with '0'
[5.178s] DEBUG:colcon.colcon_core.event_reactor:joining thread
[5.184s] INFO:colcon.colcon_core.plugin_system:Skipping extension 'colcon_notification.desktop_notification.terminal_notifier': Not used on non-Darwin systems
[5.185s] INFO:colcon.colcon_core.plugin_system:Skipping extension 'colcon_notification.desktop_notification.win32': Not used on non-Windows systems
[5.185s] INFO:colcon.colcon_notification.desktop_notification:Sending desktop notification using 'notify2'
[5.200s] DEBUG:colcon.colcon_core.event_reactor:joined thread
[5.201s] INFO:colcon.colcon_core.shell:Creating prefix script '/home/duybuntu/carrierbot_ws/install/local_setup.ps1'
[5.202s] INFO:colcon.colcon_core.shell:Creating prefix util module '/home/duybuntu/carrierbot_ws/install/_local_setup_util_ps1.py'
[5.203s] INFO:colcon.colcon_core.shell:Creating prefix chain script '/home/duybuntu/carrierbot_ws/install/setup.ps1'
[5.206s] INFO:colcon.colcon_core.shell:Creating prefix script '/home/duybuntu/carrierbot_ws/install/local_setup.sh'
[5.207s] INFO:colcon.colcon_core.shell:Creating prefix util module '/home/duybuntu/carrierbot_ws/install/_local_setup_util_sh.py'
[5.208s] INFO:colcon.colcon_core.shell:Creating prefix chain script '/home/duybuntu/carrierbot_ws/install/setup.sh'
[5.210s] INFO:colcon.colcon_core.shell:Creating prefix script '/home/duybuntu/carrierbot_ws/install/local_setup.bash'
[5.211s] INFO:colcon.colcon_core.shell:Creating prefix chain script '/home/duybuntu/carrierbot_ws/install/setup.bash'
[5.214s] INFO:colcon.colcon_core.shell:Creating prefix script '/home/duybuntu/carrierbot_ws/install/local_setup.zsh'
[5.214s] INFO:colcon.colcon_core.shell:Creating prefix chain script '/home/duybuntu/carrierbot_ws/install/setup.zsh'
