[0.830s] Invoking command in '/home/duybuntu/carrierbot_ws/src/my_robot_communicate': PYTHONPATH=/home/duybuntu/carrierbot_ws/build/my_robot_communicate/prefix_override:/usr/lib/python3/dist-packages/colcon_core/task/python/colcon_distutils_commands:/home/duybuntu/carrierbot_ws/install/my_robot_communicate/lib/python3.10/site-packages:${PYTHONPATH} /usr/bin/python3 -W ignore:setup.py install is deprecated -W ignore:easy_install command is deprecated setup.py egg_info --egg-base ../../build/my_robot_communicate build --build-base /home/duybuntu/carrierbot_ws/build/my_robot_communicate/build install --record /home/duybuntu/carrierbot_ws/build/my_robot_communicate/install.log --single-version-externally-managed install_data
[1.127s] running egg_info
[1.127s] creating ../../build/my_robot_communicate/my_robot_communicate.egg-info
[1.128s] writing ../../build/my_robot_communicate/my_robot_communicate.egg-info/PKG-INFO
[1.128s] writing dependency_links to ../../build/my_robot_communicate/my_robot_communicate.egg-info/dependency_links.txt
[1.128s] writing entry points to ../../build/my_robot_communicate/my_robot_communicate.egg-info/entry_points.txt
[1.128s] writing requirements to ../../build/my_robot_communicate/my_robot_communicate.egg-info/requires.txt
[1.128s] writing top-level names to ../../build/my_robot_communicate/my_robot_communicate.egg-info/top_level.txt
[1.128s] writing manifest file '../../build/my_robot_communicate/my_robot_communicate.egg-info/SOURCES.txt'
[1.131s] reading manifest file '../../build/my_robot_communicate/my_robot_communicate.egg-info/SOURCES.txt'
[1.132s] writing manifest file '../../build/my_robot_communicate/my_robot_communicate.egg-info/SOURCES.txt'
[1.132s] running build
[1.132s] running build_py
[1.132s] creating /home/duybuntu/carrierbot_ws/build/my_robot_communicate/build
[1.132s] creating /home/duybuntu/carrierbot_ws/build/my_robot_communicate/build/lib
[1.132s] creating /home/duybuntu/carrierbot_ws/build/my_robot_communicate/build/lib/my_robot_communicate
[1.132s] copying my_robot_communicate/__init__.py -> /home/duybuntu/carrierbot_ws/build/my_robot_communicate/build/lib/my_robot_communicate
[1.132s] running install
[1.133s] running install_lib
[1.134s] creating /home/duybuntu/carrierbot_ws/install/my_robot_communicate/lib/python3.10/site-packages/my_robot_communicate
[1.134s] copying /home/duybuntu/carrierbot_ws/build/my_robot_communicate/build/lib/my_robot_communicate/__init__.py -> /home/duybuntu/carrierbot_ws/install/my_robot_communicate/lib/python3.10/site-packages/my_robot_communicate
[1.134s] byte-compiling /home/duybuntu/carrierbot_ws/install/my_robot_communicate/lib/python3.10/site-packages/my_robot_communicate/__init__.py to __init__.cpython-310.pyc
[1.134s] running install_data
[1.134s] creating /home/duybuntu/carrierbot_ws/install/my_robot_communicate/share/ament_index
[1.135s] creating /home/duybuntu/carrierbot_ws/install/my_robot_communicate/share/ament_index/resource_index
[1.135s] creating /home/duybuntu/carrierbot_ws/install/my_robot_communicate/share/ament_index/resource_index/packages
[1.135s] copying resource/my_robot_communicate -> /home/duybuntu/carrierbot_ws/install/my_robot_communicate/share/ament_index/resource_index/packages
[1.135s] copying package.xml -> /home/duybuntu/carrierbot_ws/install/my_robot_communicate/share/my_robot_communicate
[1.135s] running install_egg_info
[1.137s] Copying ../../build/my_robot_communicate/my_robot_communicate.egg-info to /home/duybuntu/carrierbot_ws/install/my_robot_communicate/lib/python3.10/site-packages/my_robot_communicate-0.0.0-py3.10.egg-info
[1.138s] running install_scripts
[1.157s] writing list of installed files to '/home/duybuntu/carrierbot_ws/build/my_robot_communicate/install.log'
[1.199s] Invoked command in '/home/duybuntu/carrierbot_ws/src/my_robot_communicate' returned '0': PYTHONPATH=/home/duybuntu/carrierbot_ws/build/my_robot_communicate/prefix_override:/usr/lib/python3/dist-packages/colcon_core/task/python/colcon_distutils_commands:/home/duybuntu/carrierbot_ws/install/my_robot_communicate/lib/python3.10/site-packages:${PYTHONPATH} /usr/bin/python3 -W ignore:setup.py install is deprecated -W ignore:easy_install command is deprecated setup.py egg_info --egg-base ../../build/my_robot_communicate build --build-base /home/duybuntu/carrierbot_ws/build/my_robot_communicate/build install --record /home/duybuntu/carrierbot_ws/build/my_robot_communicate/install.log --single-version-externally-managed install_data
