[0.016s] Invoking command in '/home/duybuntu/carrierbot_ws/build/my_robot_msgs': CMAKE_PREFIX_PATH=${CMAKE_PREFIX_PATH}:/home/duybuntu/ros2_ws_basic/install/my_py_pkg:/home/duybuntu/deli_ws/install/deli_logger:/home/duybuntu/deli_ws/install/mqtt:/home/duybuntu/deli_ws/install/localization:/home/duybuntu/turtlebot3_ws/install/turtlebot3_teleop:/home/duybuntu/turtlebot3_ws/install/turtlebot3_example:/home/duybuntu/carrierbot_ws/install/my_robot_communicate:/opt/ros/humble /usr/bin/cmake --build /home/duybuntu/carrierbot_ws/build/my_robot_msgs -- -j12 -l12
[0.040s] -- Found ament_cmake: 1.3.12 (/opt/ros/humble/share/ament_cmake/cmake)
[0.172s] -- Found rosidl_default_generators: 1.2.1 (/opt/ros/humble/share/rosidl_default_generators/cmake)
[0.178s] -- Using all available rosidl_typesupport_c: rosidl_typesupport_fastrtps_c;rosidl_typesupport_introspection_c
[0.180s] -- Found rosidl_adapter: 3.1.8 (/opt/ros/humble/share/rosidl_adapter/cmake)
[0.212s] -- Using all available rosidl_typesupport_cpp: rosidl_typesupport_fastrtps_cpp;rosidl_typesupport_introspection_cpp
[0.237s] -- Found ament_lint_auto: 0.12.15 (/opt/ros/humble/share/ament_lint_auto/cmake)
[0.489s] -- Found ament_cmake_ros: 0.10.0 (/opt/ros/humble/share/ament_cmake_ros/cmake)
[0.675s] -- Using all available rosidl_typesupport_c: rosidl_typesupport_fastrtps_c;rosidl_typesupport_introspection_c
[0.919s] -- Using all available rosidl_typesupport_cpp: rosidl_typesupport_fastrtps_cpp;rosidl_typesupport_introspection_cpp
[0.942s] -- Found python_cmake_module: 0.10.0 (/opt/ros/humble/share/python_cmake_module/cmake)
[0.965s] -- Using PYTHON_EXECUTABLE: /usr/bin/python3
[0.965s] -- Using PYTHON_INCLUDE_DIRS: /usr/include/python3.10
[0.965s] -- Using PYTHON_LIBRARIES: /usr/lib/x86_64-linux-gnu/libpython3.10.so
[1.053s] -- Added test 'lint_cmake' to check CMake code style
[1.053s] -- Added test 'xmllint' to check XML markup files
[1.058s] -- Configuring done
[1.095s] -- Generating done
[1.105s] -- Build files have been written to: /home/duybuntu/carrierbot_ws/build/my_robot_msgs
[1.138s] [35m[1mConsolidate compiler generated dependencies of target my_robot_msgs__rosidl_generator_c[0m
[1.152s] [  3%] Built target my_robot_msgs__rs
[1.154s] [  6%] Built target my_robot_msgs__cpp
[1.158s] [ 15%] Built target my_robot_msgs__rosidl_generator_c
[1.166s] [ 15%] Built target ament_cmake_python_copy_my_robot_msgs
[1.167s] [35m[1mConsolidate compiler generated dependencies of target my_robot_msgs__rosidl_typesupport_cpp[0m
[1.168s] [35m[1mConsolidate compiler generated dependencies of target my_robot_msgs__rosidl_typesupport_introspection_cpp[0m
[1.168s] [35m[1mConsolidate compiler generated dependencies of target my_robot_msgs__rosidl_typesupport_fastrtps_cpp[0m
[1.172s] [35m[1mConsolidate compiler generated dependencies of target my_robot_msgs__rosidl_typesupport_c[0m
[1.172s] [35m[1mConsolidate compiler generated dependencies of target my_robot_msgs__rosidl_typesupport_introspection_c[0m
[1.173s] [35m[1mConsolidate compiler generated dependencies of target my_robot_msgs__rosidl_typesupport_fastrtps_c[0m
[1.185s] [ 25%] Built target my_robot_msgs__rosidl_typesupport_introspection_cpp
[1.186s] [ 34%] Built target my_robot_msgs__rosidl_typesupport_cpp
[1.186s] [ 43%] Built target my_robot_msgs__rosidl_typesupport_c
[1.188s] [ 62%] Built target my_robot_msgs__rosidl_typesupport_introspection_c
[1.188s] [ 62%] Built target my_robot_msgs__rosidl_typesupport_fastrtps_cpp
[1.193s] [ 71%] Built target my_robot_msgs__rosidl_typesupport_fastrtps_c
[1.219s] [ 71%] Built target my_robot_msgs
[1.245s] [ 75%] Built target my_robot_msgs__py
[1.257s] [35m[1mConsolidate compiler generated dependencies of target my_robot_msgs__rosidl_generator_py[0m
[1.272s] [ 81%] Built target my_robot_msgs__rosidl_generator_py
[1.286s] [35m[1mConsolidate compiler generated dependencies of target my_robot_msgs__rosidl_typesupport_introspection_c__pyext[0m
[1.286s] [35m[1mConsolidate compiler generated dependencies of target my_robot_msgs__rosidl_typesupport_c__pyext[0m
[1.288s] [35m[1mConsolidate compiler generated dependencies of target my_robot_msgs__rosidl_typesupport_fastrtps_c__pyext[0m
[1.302s] [ 87%] Built target my_robot_msgs__rosidl_typesupport_introspection_c__pyext
[1.303s] [ 93%] Built target my_robot_msgs__rosidl_typesupport_c__pyext
[1.307s] [100%] Built target my_robot_msgs__rosidl_typesupport_fastrtps_c__pyext
[1.408s] running egg_info
[1.409s] writing my_robot_msgs.egg-info/PKG-INFO
[1.409s] writing dependency_links to my_robot_msgs.egg-info/dependency_links.txt
[1.410s] writing top-level names to my_robot_msgs.egg-info/top_level.txt
[1.412s] reading manifest file 'my_robot_msgs.egg-info/SOURCES.txt'
[1.412s] writing manifest file 'my_robot_msgs.egg-info/SOURCES.txt'
[1.447s] [100%] Built target ament_cmake_python_build_my_robot_msgs_egg
