[01m[K/home/duybuntu/carrierbot_ws/src/my_robot_base/src/can_publisher.cpp:[m[K In function ‘[01m[Kint main(int, char**)[m[K’:
[01m[K/home/duybuntu/carrierbot_ws/src/my_robot_base/src/can_publisher.cpp:4:5:[m[K [01;31m[Kerror: [m[K‘[01m[Krclcpp[m[K’ has not been declared
    4 |     [01;31m[Krclcpp[m[K::init(argc, argv);
      |     [01;31m[K^~~~~~[m[K
[01m[K/home/duybuntu/carrierbot_ws/src/my_robot_base/src/can_publisher.cpp:5:22:[m[K [01;31m[Kerror: [m[K‘[01m[Kmake_shared[m[K’ is not a member of ‘[01m[Kstd[m[K’
    5 |     auto node = std::[01;31m[Kmake_shared[m[K<CanPublisherNode>();
      |                      [01;31m[K^~~~~~~~~~~[m[K
[01m[K/home/duybuntu/carrierbot_ws/src/my_robot_base/src/can_publisher.cpp:2:1:[m[K [01;36m[Knote: [m[K‘[01m[Kstd::make_shared[m[K’ is defined in header ‘[01m[K<memory>[m[K’; did you forget to ‘[01m[K#include <memory>[m[K’?
    1 | #include <my_robot_base/can_publisher.hpp>
  +++ |+[32m[K#include <memory>[m[K
    2 | 
[01m[K/home/duybuntu/carrierbot_ws/src/my_robot_base/src/can_publisher.cpp:5:34:[m[K [01;31m[Kerror: [m[K‘[01m[KCanPublisherNode[m[K’ was not declared in this scope
    5 |     auto node = std::make_shared<[01;31m[KCanPublisherNode[m[K>();
      |                                  [01;31m[K^~~~~~~~~~~~~~~~[m[K
[01m[K/home/duybuntu/carrierbot_ws/src/my_robot_base/src/can_publisher.cpp:5:52:[m[K [01;31m[Kerror: [m[Kexpected primary-expression before ‘[01m[K)[m[K’ token
    5 |     auto node = std::make_shared<CanPublisherNode>([01;31m[K)[m[K;
      |                                                    [01;31m[K^[m[K
[01m[K/home/duybuntu/carrierbot_ws/src/my_robot_base/src/can_publisher.cpp:6:5:[m[K [01;31m[Kerror: [m[K‘[01m[Krclcpp[m[K’ has not been declared
    6 |     [01;31m[Krclcpp[m[K::spin(node);
      |     [01;31m[K^~~~~~[m[K
[01m[K/home/duybuntu/carrierbot_ws/src/my_robot_base/src/can_publisher.cpp:7:5:[m[K [01;31m[Kerror: [m[K‘[01m[Krclcpp[m[K’ has not been declared
    7 |     [01;31m[Krclcpp[m[K::shutdown();
      |     [01;31m[K^~~~~~[m[K
gmake[2]: *** [CMakeFiles/can_publisher.dir/build.make:76: CMakeFiles/can_publisher.dir/src/can_publisher.cpp.o] Error 1
gmake[1]: *** [CMakeFiles/Makefile2:221: CMakeFiles/can_publisher.dir/all] Error 2
gmake: *** [Makefile:146: all] Error 2
