[0.071s] Invoking command in '/home/duybuntu/carrierbot_ws/build/my_robot_base': CMAKE_PREFIX_PATH=${CMAKE_PREFIX_PATH}:/home/duybuntu/carrierbot_ws/install/my_robot_communicate:/home/duybuntu/ros2_ws_basic/install/my_py_pkg:/home/duybuntu/deli_ws/install/deli_logger:/home/duybuntu/deli_ws/install/mqtt:/home/duybuntu/deli_ws/install/localization:/home/duybuntu/turtlebot3_ws/install/turtlebot3_teleop:/home/duybuntu/turtlebot3_ws/install/turtlebot3_example:/opt/ros/humble /usr/bin/cmake --build /home/duybuntu/carrierbot_ws/build/my_robot_base -- -j12 -l12
[0.456s] -- Found ament_cmake: 1.3.12 (/opt/ros/humble/share/ament_cmake/cmake)
[0.456s] -- Found rclcpp: 16.0.17 (/opt/ros/humble/share/rclcpp/cmake)
[0.456s] -- Found rosidl_generator_c: 3.1.8 (/opt/ros/humble/share/rosidl_generator_c/cmake)
[0.456s] -- Found rosidl_adapter: 3.1.8 (/opt/ros/humble/share/rosidl_adapter/cmake)
[0.457s] -- Found rosidl_generator_cpp: 3.1.8 (/opt/ros/humble/share/rosidl_generator_cpp/cmake)
[0.457s] -- Using all available rosidl_typesupport_c: rosidl_typesupport_fastrtps_c;rosidl_typesupport_introspection_c
[0.457s] -- Using all available rosidl_typesupport_cpp: rosidl_typesupport_fastrtps_cpp;rosidl_typesupport_introspection_cpp
[0.457s] -- Found rmw_implementation_cmake: 6.1.2 (/opt/ros/humble/share/rmw_implementation_cmake/cmake)
[0.457s] -- Found rmw_fastrtps_cpp: 6.2.9 (/opt/ros/humble/share/rmw_fastrtps_cpp/cmake)
[0.602s] -- Using RMW implementation 'rmw_fastrtps_cpp' as default
[0.663s] -- Found example_interfaces: 0.9.3 (/opt/ros/humble/share/example_interfaces/cmake)
[0.705s] -- Found ament_lint_auto: 0.12.15 (/opt/ros/humble/share/ament_lint_auto/cmake)
[0.806s] -- Added test 'cppcheck' to perform static code analysis on C / C++ code
[0.806s] -- Configured cppcheck include dirs: /home/duybuntu/carrierbot_ws/src/my_robot_base/include
[0.806s] -- Configured cppcheck exclude dirs and/or files: 
[0.807s] -- Added test 'lint_cmake' to check CMake code style
[0.809s] -- Added test 'uncrustify' to check C / C++ code style
[0.809s] -- Configured uncrustify additional arguments: 
[0.809s] -- Added test 'xmllint' to check XML markup files
[0.811s] -- Configuring done
[0.835s] -- Generating done
[0.846s] -- Build files have been written to: /home/duybuntu/carrierbot_ws/build/my_robot_base
[0.885s] [35m[1mConsolidate compiler generated dependencies of target robot_news_station[0m
[0.885s] [35m[1mConsolidate compiler generated dependencies of target smartphone[0m
[0.886s] [35m[1mConsolidate compiler generated dependencies of target can_subscriber[0m
[0.901s] [ 12%] [32mBuilding CXX object CMakeFiles/can_publisher.dir/src/can_publisher.cpp.o[0m
[0.914s] [ 37%] Built target smartphone
[0.915s] [ 62%] Built target can_subscriber
[0.916s] [ 87%] Built target robot_news_station
[0.919s] [01m[K/home/duybuntu/carrierbot_ws/src/my_robot_base/src/can_publisher.cpp:[m[K In function ‘[01m[Kint main(int, char**)[m[K’:
[0.919s] [01m[K/home/duybuntu/carrierbot_ws/src/my_robot_base/src/can_publisher.cpp:4:5:[m[K [01;31m[Kerror: [m[K‘[01m[Krclcpp[m[K’ has not been declared
[0.919s]     4 |     [01;31m[Krclcpp[m[K::init(argc, argv);
[0.919s]       |     [01;31m[K^~~~~~[m[K
[0.919s] [01m[K/home/duybuntu/carrierbot_ws/src/my_robot_base/src/can_publisher.cpp:5:22:[m[K [01;31m[Kerror: [m[K‘[01m[Kmake_shared[m[K’ is not a member of ‘[01m[Kstd[m[K’
[0.919s]     5 |     auto node = std::[01;31m[Kmake_shared[m[K<CanPublisherNode>();
[0.919s]       |                      [01;31m[K^~~~~~~~~~~[m[K
[0.919s] [01m[K/home/duybuntu/carrierbot_ws/src/my_robot_base/src/can_publisher.cpp:2:1:[m[K [01;36m[Knote: [m[K‘[01m[Kstd::make_shared[m[K’ is defined in header ‘[01m[K<memory>[m[K’; did you forget to ‘[01m[K#include <memory>[m[K’?
[0.919s]     1 | #include <my_robot_base/can_publisher.hpp>
[0.919s]   +++ |+[32m[K#include <memory>[m[K
[0.919s]     2 | 
[0.920s] [01m[K/home/duybuntu/carrierbot_ws/src/my_robot_base/src/can_publisher.cpp:5:34:[m[K [01;31m[Kerror: [m[K‘[01m[KCanPublisherNode[m[K’ was not declared in this scope
[0.920s]     5 |     auto node = std::make_shared<[01;31m[KCanPublisherNode[m[K>();
[0.920s]       |                                  [01;31m[K^~~~~~~~~~~~~~~~[m[K
[0.920s] [01m[K/home/duybuntu/carrierbot_ws/src/my_robot_base/src/can_publisher.cpp:5:52:[m[K [01;31m[Kerror: [m[Kexpected primary-expression before ‘[01m[K)[m[K’ token
[0.920s]     5 |     auto node = std::make_shared<CanPublisherNode>([01;31m[K)[m[K;
[0.920s]       |                                                    [01;31m[K^[m[K
[0.920s] [01m[K/home/duybuntu/carrierbot_ws/src/my_robot_base/src/can_publisher.cpp:6:5:[m[K [01;31m[Kerror: [m[K‘[01m[Krclcpp[m[K’ has not been declared
[0.920s]     6 |     [01;31m[Krclcpp[m[K::spin(node);
[0.920s]       |     [01;31m[K^~~~~~[m[K
[0.920s] [01m[K/home/duybuntu/carrierbot_ws/src/my_robot_base/src/can_publisher.cpp:7:5:[m[K [01;31m[Kerror: [m[K‘[01m[Krclcpp[m[K’ has not been declared
[0.920s]     7 |     [01;31m[Krclcpp[m[K::shutdown();
[0.920s]       |     [01;31m[K^~~~~~[m[K
[0.922s] gmake[2]: *** [CMakeFiles/can_publisher.dir/build.make:76: CMakeFiles/can_publisher.dir/src/can_publisher.cpp.o] Error 1
[0.923s] gmake[1]: *** [CMakeFiles/Makefile2:221: CMakeFiles/can_publisher.dir/all] Error 2
[0.923s] gmake: *** [Makefile:146: all] Error 2
[0.927s] Invoked command in '/home/duybuntu/carrierbot_ws/build/my_robot_base' returned '2': CMAKE_PREFIX_PATH=${CMAKE_PREFIX_PATH}:/home/duybuntu/carrierbot_ws/install/my_robot_communicate:/home/duybuntu/ros2_ws_basic/install/my_py_pkg:/home/duybuntu/deli_ws/install/deli_logger:/home/duybuntu/deli_ws/install/mqtt:/home/duybuntu/deli_ws/install/localization:/home/duybuntu/turtlebot3_ws/install/turtlebot3_teleop:/home/duybuntu/turtlebot3_ws/install/turtlebot3_example:/opt/ros/humble /usr/bin/cmake --build /home/duybuntu/carrierbot_ws/build/my_robot_base -- -j12 -l12
