[0.014s] Invoking command in '/home/duybuntu/carrierbot_ws/build/my_robot_base': CMAKE_PREFIX_PATH=${CMAKE_PREFIX_PATH}:/home/duybuntu/ros2_ws_basic/install/my_py_pkg:/home/duybuntu/deli_ws/install/deli_logger:/home/duybuntu/deli_ws/install/mqtt:/home/duybuntu/deli_ws/install/localization:/home/duybuntu/turtlebot3_ws/install/turtlebot3_teleop:/home/duybuntu/turtlebot3_ws/install/turtlebot3_example:/home/duybuntu/carrierbot_ws/install/my_robot_communicate:/opt/ros/humble /usr/bin/cmake --build /home/duybuntu/carrierbot_ws/build/my_robot_base -- -j12 -l12
[0.041s] -- Found ament_cmake: 1.3.12 (/opt/ros/humble/share/ament_cmake/cmake)
[0.171s] -- Found rclcpp: 16.0.17 (/opt/ros/humble/share/rclcpp/cmake)
[0.201s] -- Found rosidl_generator_c: 3.1.8 (/opt/ros/humble/share/rosidl_generator_c/cmake)
[0.204s] -- Found rosidl_adapter: 3.1.8 (/opt/ros/humble/share/rosidl_adapter/cmake)
[0.209s] -- Found rosidl_generator_cpp: 3.1.8 (/opt/ros/humble/share/rosidl_generator_cpp/cmake)
[0.219s] -- Using all available rosidl_typesupport_c: rosidl_typesupport_fastrtps_c;rosidl_typesupport_introspection_c
[0.231s] -- Using all available rosidl_typesupport_cpp: rosidl_typesupport_fastrtps_cpp;rosidl_typesupport_introspection_cpp
[0.261s] -- Found rmw_implementation_cmake: 6.1.2 (/opt/ros/humble/share/rmw_implementation_cmake/cmake)
[0.262s] -- Found rmw_fastrtps_cpp: 6.2.9 (/opt/ros/humble/share/rmw_fastrtps_cpp/cmake)
[0.401s] -- Using RMW implementation 'rmw_fastrtps_cpp' as default
[0.451s] -- Found example_interfaces: 0.9.3 (/opt/ros/humble/share/example_interfaces/cmake)
[0.503s] [31mCMake Error at CMakeLists.txt:13 (find_package):
[0.504s]   By not providing "Findmy_robot_msgs.cmake" in CMAKE_MODULE_PATH this
[0.504s]   project has asked CMake to find a package configuration file provided by
[0.504s]   "my_robot_msgs", but CMake did not find one.
[0.504s] 
[0.504s]   Could not find a package configuration file provided by "my_robot_msgs"
[0.504s]   with any of the following names:
[0.504s] 
[0.504s]     my_robot_msgsConfig.cmake
[0.504s]     my_robot_msgs-config.cmake
[0.505s] 
[0.505s]   Add the installation prefix of "my_robot_msgs" to CMAKE_PREFIX_PATH or set
[0.505s]   "my_robot_msgs_DIR" to a directory containing one of the above files.  If
[0.505s]   "my_robot_msgs" provides a separate development package or SDK, be sure it
[0.505s]   has been installed.
[0.505s] 
[0.505s] [0m
[0.505s] -- Configuring incomplete, errors occurred!
[0.505s] See also "/home/duybuntu/carrierbot_ws/build/my_robot_base/CMakeFiles/CMakeOutput.log".
[0.512s] gmake: *** [Makefile:390: cmake_check_build_system] Error 1
[0.515s] Invoked command in '/home/duybuntu/carrierbot_ws/build/my_robot_base' returned '2': CMAKE_PREFIX_PATH=${CMAKE_PREFIX_PATH}:/home/duybuntu/ros2_ws_basic/install/my_py_pkg:/home/duybuntu/deli_ws/install/deli_logger:/home/duybuntu/deli_ws/install/mqtt:/home/duybuntu/deli_ws/install/localization:/home/duybuntu/turtlebot3_ws/install/turtlebot3_teleop:/home/duybuntu/turtlebot3_ws/install/turtlebot3_example:/home/duybuntu/carrierbot_ws/install/my_robot_communicate:/opt/ros/humble /usr/bin/cmake --build /home/duybuntu/carrierbot_ws/build/my_robot_base -- -j12 -l12
