[0.093s] DEBUG:colcon:Command line arguments: ['/usr/bin/colcon', 'build']
[0.094s] DEBUG:colcon:Parsed command line arguments: Namespace(log_base=None, log_level=None, verb_name='build', build_base='build', install_base='install', merge_install=False, symlink_install=False, test_result_base=None, continue_on_error=False, executor='parallel', parallel_workers=12, event_handlers=None, ignore_user_meta=False, metas=['./colcon.meta'], base_paths=['.'], packages_ignore=None, packages_ignore_regex=None, paths=None, packages_up_to=None, packages_up_to_regex=None, packages_above=None, packages_above_and_dependencies=None, packages_above_depth=None, packages_select_by_dep=None, packages_skip_by_dep=None, packages_skip_up_to=None, packages_select_build_failed=False, packages_skip_build_finished=False, packages_select_test_failures=False, packages_skip_test_passed=False, packages_select=None, packages_skip=None, packages_select_regex=None, packages_skip_regex=None, packages_start=None, packages_end=None, allow_overriding=[], cmake_args=None, cmake_target=None, cmake_target_skip_unavailable=False, cmake_clean_cache=False, cmake_clean_first=False, cmake_force_configure=False, ament_cmake_args=None, catkin_cmake_args=None, catkin_skip_building_tests=False, mixin_files=None, mixin=None, verb_parser=<colcon_mixin.mixin.mixin_argument.MixinArgumentDecorator object at 0x74a8a26736a0>, verb_extension=<colcon_core.verb.build.BuildVerb object at 0x74a8a2673190>, main=<bound method BuildVerb.main of <colcon_core.verb.build.BuildVerb object at 0x74a8a2673190>>, mixin_verb=('build',))
[0.243s] Level 1:colcon.colcon_core.package_discovery:discover_packages(colcon_meta) check parameters
[0.243s] Level 1:colcon.colcon_core.package_discovery:discover_packages(recursive) check parameters
[0.243s] Level 1:colcon.colcon_core.package_discovery:discover_packages(ignore) check parameters
[0.244s] Level 1:colcon.colcon_core.package_discovery:discover_packages(path) check parameters
[0.244s] Level 1:colcon.colcon_core.package_discovery:discover_packages(colcon_meta) discover
[0.244s] Level 1:colcon.colcon_core.package_discovery:discover_packages(recursive) discover
[0.244s] INFO:colcon.colcon_core.package_discovery:Crawling recursively for packages in '/home/duybuntu/carrierbot_ws'
[0.244s] Level 1:colcon.colcon_core.package_identification:_identify(.) by extensions ['ignore', 'ignore_ament_install']
[0.244s] Level 1:colcon.colcon_core.package_identification:_identify(.) by extension 'ignore'
[0.244s] Level 1:colcon.colcon_core.package_identification:_identify(.) by extension 'ignore_ament_install'
[0.244s] Level 1:colcon.colcon_core.package_identification:_identify(.) by extensions ['colcon_pkg']
[0.244s] Level 1:colcon.colcon_core.package_identification:_identify(.) by extension 'colcon_pkg'
[0.244s] Level 1:colcon.colcon_core.package_identification:_identify(.) by extensions ['colcon_meta']
[0.244s] Level 1:colcon.colcon_core.package_identification:_identify(.) by extension 'colcon_meta'
[0.244s] Level 1:colcon.colcon_core.package_identification:_identify(.) by extensions ['ros']
[0.244s] Level 1:colcon.colcon_core.package_identification:_identify(.) by extension 'ros'
[0.253s] Level 1:colcon.colcon_core.package_identification:_identify(.) by extensions ['cmake', 'python']
[0.253s] Level 1:colcon.colcon_core.package_identification:_identify(.) by extension 'cmake'
[0.253s] Level 1:colcon.colcon_core.package_identification:_identify(.) by extension 'python'
[0.253s] Level 1:colcon.colcon_core.package_identification:_identify(.) by extensions ['python_setup_py']
[0.253s] Level 1:colcon.colcon_core.package_identification:_identify(.) by extension 'python_setup_py'
[0.253s] Level 1:colcon.colcon_core.package_identification:_identify(build) by extensions ['ignore', 'ignore_ament_install']
[0.253s] Level 1:colcon.colcon_core.package_identification:_identify(build) by extension 'ignore'
[0.253s] Level 1:colcon.colcon_core.package_identification:_identify(build) ignored
[0.253s] Level 1:colcon.colcon_core.package_identification:_identify(install) by extensions ['ignore', 'ignore_ament_install']
[0.253s] Level 1:colcon.colcon_core.package_identification:_identify(install) by extension 'ignore'
[0.253s] Level 1:colcon.colcon_core.package_identification:_identify(install) ignored
[0.254s] Level 1:colcon.colcon_core.package_identification:_identify(log) by extensions ['ignore', 'ignore_ament_install']
[0.254s] Level 1:colcon.colcon_core.package_identification:_identify(log) by extension 'ignore'
[0.254s] Level 1:colcon.colcon_core.package_identification:_identify(log) ignored
[0.254s] Level 1:colcon.colcon_core.package_identification:_identify(src) by extensions ['ignore', 'ignore_ament_install']
[0.254s] Level 1:colcon.colcon_core.package_identification:_identify(src) by extension 'ignore'
[0.254s] Level 1:colcon.colcon_core.package_identification:_identify(src) by extension 'ignore_ament_install'
[0.254s] Level 1:colcon.colcon_core.package_identification:_identify(src) by extensions ['colcon_pkg']
[0.254s] Level 1:colcon.colcon_core.package_identification:_identify(src) by extension 'colcon_pkg'
[0.254s] Level 1:colcon.colcon_core.package_identification:_identify(src) by extensions ['colcon_meta']
[0.254s] Level 1:colcon.colcon_core.package_identification:_identify(src) by extension 'colcon_meta'
[0.254s] Level 1:colcon.colcon_core.package_identification:_identify(src) by extensions ['ros']
[0.254s] Level 1:colcon.colcon_core.package_identification:_identify(src) by extension 'ros'
[0.254s] Level 1:colcon.colcon_core.package_identification:_identify(src) by extensions ['cmake', 'python']
[0.254s] Level 1:colcon.colcon_core.package_identification:_identify(src) by extension 'cmake'
[0.254s] Level 1:colcon.colcon_core.package_identification:_identify(src) by extension 'python'
[0.254s] Level 1:colcon.colcon_core.package_identification:_identify(src) by extensions ['python_setup_py']
[0.254s] Level 1:colcon.colcon_core.package_identification:_identify(src) by extension 'python_setup_py'
[0.254s] Level 1:colcon.colcon_core.package_identification:_identify(src/config) by extensions ['ignore', 'ignore_ament_install']
[0.254s] Level 1:colcon.colcon_core.package_identification:_identify(src/config) by extension 'ignore'
[0.254s] Level 1:colcon.colcon_core.package_identification:_identify(src/config) by extension 'ignore_ament_install'
[0.254s] Level 1:colcon.colcon_core.package_identification:_identify(src/config) by extensions ['colcon_pkg']
[0.254s] Level 1:colcon.colcon_core.package_identification:_identify(src/config) by extension 'colcon_pkg'
[0.254s] Level 1:colcon.colcon_core.package_identification:_identify(src/config) by extensions ['colcon_meta']
[0.254s] Level 1:colcon.colcon_core.package_identification:_identify(src/config) by extension 'colcon_meta'
[0.254s] Level 1:colcon.colcon_core.package_identification:_identify(src/config) by extensions ['ros']
[0.254s] Level 1:colcon.colcon_core.package_identification:_identify(src/config) by extension 'ros'
[0.255s] Level 1:colcon.colcon_core.package_identification:_identify(src/config) by extensions ['cmake', 'python']
[0.255s] Level 1:colcon.colcon_core.package_identification:_identify(src/config) by extension 'cmake'
[0.255s] Level 1:colcon.colcon_core.package_identification:_identify(src/config) by extension 'python'
[0.255s] Level 1:colcon.colcon_core.package_identification:_identify(src/config) by extensions ['python_setup_py']
[0.255s] Level 1:colcon.colcon_core.package_identification:_identify(src/config) by extension 'python_setup_py'
[0.255s] Level 1:colcon.colcon_core.package_identification:_identify(src/my_robot_base) by extensions ['ignore', 'ignore_ament_install']
[0.255s] Level 1:colcon.colcon_core.package_identification:_identify(src/my_robot_base) by extension 'ignore'
[0.255s] Level 1:colcon.colcon_core.package_identification:_identify(src/my_robot_base) by extension 'ignore_ament_install'
[0.255s] Level 1:colcon.colcon_core.package_identification:_identify(src/my_robot_base) by extensions ['colcon_pkg']
[0.255s] Level 1:colcon.colcon_core.package_identification:_identify(src/my_robot_base) by extension 'colcon_pkg'
[0.255s] Level 1:colcon.colcon_core.package_identification:_identify(src/my_robot_base) by extensions ['colcon_meta']
[0.255s] Level 1:colcon.colcon_core.package_identification:_identify(src/my_robot_base) by extension 'colcon_meta'
[0.255s] Level 1:colcon.colcon_core.package_identification:_identify(src/my_robot_base) by extensions ['ros']
[0.255s] Level 1:colcon.colcon_core.package_identification:_identify(src/my_robot_base) by extension 'ros'
[0.257s] DEBUG:colcon.colcon_core.package_identification:Package 'src/my_robot_base' with type 'ros.ament_cmake' and name 'my_robot_base'
[0.257s] Level 1:colcon.colcon_core.package_identification:_identify(src/my_robot_bringup) by extensions ['ignore', 'ignore_ament_install']
[0.257s] Level 1:colcon.colcon_core.package_identification:_identify(src/my_robot_bringup) by extension 'ignore'
[0.257s] Level 1:colcon.colcon_core.package_identification:_identify(src/my_robot_bringup) by extension 'ignore_ament_install'
[0.258s] Level 1:colcon.colcon_core.package_identification:_identify(src/my_robot_bringup) by extensions ['colcon_pkg']
[0.258s] Level 1:colcon.colcon_core.package_identification:_identify(src/my_robot_bringup) by extension 'colcon_pkg'
[0.258s] Level 1:colcon.colcon_core.package_identification:_identify(src/my_robot_bringup) by extensions ['colcon_meta']
[0.258s] Level 1:colcon.colcon_core.package_identification:_identify(src/my_robot_bringup) by extension 'colcon_meta'
[0.258s] Level 1:colcon.colcon_core.package_identification:_identify(src/my_robot_bringup) by extensions ['ros']
[0.258s] Level 1:colcon.colcon_core.package_identification:_identify(src/my_robot_bringup) by extension 'ros'
[0.260s] DEBUG:colcon.colcon_core.package_identification:Package 'src/my_robot_bringup' with type 'ros.ament_cmake' and name 'my_robot_bringup'
[0.260s] Level 1:colcon.colcon_core.package_identification:_identify(src/my_robot_communicate) by extensions ['ignore', 'ignore_ament_install']
[0.260s] Level 1:colcon.colcon_core.package_identification:_identify(src/my_robot_communicate) by extension 'ignore'
[0.260s] Level 1:colcon.colcon_core.package_identification:_identify(src/my_robot_communicate) by extension 'ignore_ament_install'
[0.260s] Level 1:colcon.colcon_core.package_identification:_identify(src/my_robot_communicate) by extensions ['colcon_pkg']
[0.260s] Level 1:colcon.colcon_core.package_identification:_identify(src/my_robot_communicate) by extension 'colcon_pkg'
[0.260s] Level 1:colcon.colcon_core.package_identification:_identify(src/my_robot_communicate) by extensions ['colcon_meta']
[0.260s] Level 1:colcon.colcon_core.package_identification:_identify(src/my_robot_communicate) by extension 'colcon_meta'
[0.260s] Level 1:colcon.colcon_core.package_identification:_identify(src/my_robot_communicate) by extensions ['ros']
[0.260s] Level 1:colcon.colcon_core.package_identification:_identify(src/my_robot_communicate) by extension 'ros'
[0.260s] DEBUG:colcon.colcon_core.package_identification:Package 'src/my_robot_communicate' with type 'ros.ament_python' and name 'my_robot_communicate'
[0.261s] Level 1:colcon.colcon_core.package_identification:_identify(src/my_robot_description) by extensions ['ignore', 'ignore_ament_install']
[0.261s] Level 1:colcon.colcon_core.package_identification:_identify(src/my_robot_description) by extension 'ignore'
[0.261s] Level 1:colcon.colcon_core.package_identification:_identify(src/my_robot_description) by extension 'ignore_ament_install'
[0.261s] Level 1:colcon.colcon_core.package_identification:_identify(src/my_robot_description) by extensions ['colcon_pkg']
[0.261s] Level 1:colcon.colcon_core.package_identification:_identify(src/my_robot_description) by extension 'colcon_pkg'
[0.261s] Level 1:colcon.colcon_core.package_identification:_identify(src/my_robot_description) by extensions ['colcon_meta']
[0.261s] Level 1:colcon.colcon_core.package_identification:_identify(src/my_robot_description) by extension 'colcon_meta'
[0.261s] Level 1:colcon.colcon_core.package_identification:_identify(src/my_robot_description) by extensions ['ros']
[0.261s] Level 1:colcon.colcon_core.package_identification:_identify(src/my_robot_description) by extension 'ros'
[0.261s] DEBUG:colcon.colcon_core.package_identification:Package 'src/my_robot_description' with type 'ros.ament_cmake' and name 'my_robot_description'
[0.261s] Level 1:colcon.colcon_core.package_identification:_identify(src/my_robot_localization) by extensions ['ignore', 'ignore_ament_install']
[0.261s] Level 1:colcon.colcon_core.package_identification:_identify(src/my_robot_localization) by extension 'ignore'
[0.261s] Level 1:colcon.colcon_core.package_identification:_identify(src/my_robot_localization) by extension 'ignore_ament_install'
[0.262s] Level 1:colcon.colcon_core.package_identification:_identify(src/my_robot_localization) by extensions ['colcon_pkg']
[0.262s] Level 1:colcon.colcon_core.package_identification:_identify(src/my_robot_localization) by extension 'colcon_pkg'
[0.262s] Level 1:colcon.colcon_core.package_identification:_identify(src/my_robot_localization) by extensions ['colcon_meta']
[0.262s] Level 1:colcon.colcon_core.package_identification:_identify(src/my_robot_localization) by extension 'colcon_meta'
[0.262s] Level 1:colcon.colcon_core.package_identification:_identify(src/my_robot_localization) by extensions ['ros']
[0.262s] Level 1:colcon.colcon_core.package_identification:_identify(src/my_robot_localization) by extension 'ros'
[0.262s] DEBUG:colcon.colcon_core.package_identification:Package 'src/my_robot_localization' with type 'ros.ament_cmake' and name 'my_robot_localization'
[0.262s] Level 1:colcon.colcon_core.package_identification:_identify(src/my_robot_navigation) by extensions ['ignore', 'ignore_ament_install']
[0.262s] Level 1:colcon.colcon_core.package_identification:_identify(src/my_robot_navigation) by extension 'ignore'
[0.262s] Level 1:colcon.colcon_core.package_identification:_identify(src/my_robot_navigation) by extension 'ignore_ament_install'
[0.263s] Level 1:colcon.colcon_core.package_identification:_identify(src/my_robot_navigation) by extensions ['colcon_pkg']
[0.263s] Level 1:colcon.colcon_core.package_identification:_identify(src/my_robot_navigation) by extension 'colcon_pkg'
[0.263s] Level 1:colcon.colcon_core.package_identification:_identify(src/my_robot_navigation) by extensions ['colcon_meta']
[0.263s] Level 1:colcon.colcon_core.package_identification:_identify(src/my_robot_navigation) by extension 'colcon_meta'
[0.263s] Level 1:colcon.colcon_core.package_identification:_identify(src/my_robot_navigation) by extensions ['ros']
[0.263s] Level 1:colcon.colcon_core.package_identification:_identify(src/my_robot_navigation) by extension 'ros'
[0.263s] DEBUG:colcon.colcon_core.package_identification:Package 'src/my_robot_navigation' with type 'ros.ament_cmake' and name 'my_robot_navigation'
[0.263s] Level 1:colcon.colcon_core.package_identification:_identify(src/robot_controller) by extensions ['ignore', 'ignore_ament_install']
[0.263s] Level 1:colcon.colcon_core.package_identification:_identify(src/robot_controller) by extension 'ignore'
[0.263s] Level 1:colcon.colcon_core.package_identification:_identify(src/robot_controller) by extension 'ignore_ament_install'
[0.263s] Level 1:colcon.colcon_core.package_identification:_identify(src/robot_controller) by extensions ['colcon_pkg']
[0.263s] Level 1:colcon.colcon_core.package_identification:_identify(src/robot_controller) by extension 'colcon_pkg'
[0.263s] Level 1:colcon.colcon_core.package_identification:_identify(src/robot_controller) by extensions ['colcon_meta']
[0.263s] Level 1:colcon.colcon_core.package_identification:_identify(src/robot_controller) by extension 'colcon_meta'
[0.263s] Level 1:colcon.colcon_core.package_identification:_identify(src/robot_controller) by extensions ['ros']
[0.263s] Level 1:colcon.colcon_core.package_identification:_identify(src/robot_controller) by extension 'ros'
[0.264s] DEBUG:colcon.colcon_core.package_identification:Package 'src/robot_controller' with type 'ros.ament_cmake' and name 'robot_controller'
[0.264s] Level 1:colcon.colcon_core.package_discovery:discover_packages(recursive) using defaults
[0.264s] Level 1:colcon.colcon_core.package_discovery:discover_packages(ignore) discover
[0.264s] Level 1:colcon.colcon_core.package_discovery:discover_packages(ignore) using defaults
[0.264s] Level 1:colcon.colcon_core.package_discovery:discover_packages(path) discover
[0.264s] Level 1:colcon.colcon_core.package_discovery:discover_packages(path) using defaults
[0.294s] Level 1:colcon.colcon_core.package_discovery:discover_packages(prefix_path) check parameters
[0.294s] Level 1:colcon.colcon_core.package_discovery:discover_packages(prefix_path) discover
[0.297s] DEBUG:colcon.colcon_installed_package_information.package_discovery:Found 7 installed packages in /home/duybuntu/carrierbot_ws/install
[0.297s] DEBUG:colcon.colcon_installed_package_information.package_discovery:Found 2 installed packages in /home/duybuntu/ros2_ws_basic/install
[0.298s] DEBUG:colcon.colcon_installed_package_information.package_discovery:Found 10 installed packages in /home/duybuntu/deli_ws/install
[0.298s] DEBUG:colcon.colcon_installed_package_information.package_discovery:Found 12 installed packages in /home/duybuntu/turtlebot3_ws/install
[0.299s] DEBUG:colcon.colcon_installed_package_information.package_discovery:Found 265 installed packages in /opt/ros/humble
[0.301s] Level 1:colcon.colcon_core.package_discovery:discover_packages(prefix_path) using defaults
[0.329s] Level 5:colcon.colcon_core.verb:set package 'my_robot_base' build argument 'cmake_args' from command line to 'None'
[0.329s] Level 5:colcon.colcon_core.verb:set package 'my_robot_base' build argument 'cmake_target' from command line to 'None'
[0.329s] Level 5:colcon.colcon_core.verb:set package 'my_robot_base' build argument 'cmake_target_skip_unavailable' from command line to 'False'
[0.329s] Level 5:colcon.colcon_core.verb:set package 'my_robot_base' build argument 'cmake_clean_cache' from command line to 'False'
[0.329s] Level 5:colcon.colcon_core.verb:set package 'my_robot_base' build argument 'cmake_clean_first' from command line to 'False'
[0.329s] Level 5:colcon.colcon_core.verb:set package 'my_robot_base' build argument 'cmake_force_configure' from command line to 'False'
[0.329s] Level 5:colcon.colcon_core.verb:set package 'my_robot_base' build argument 'ament_cmake_args' from command line to 'None'
[0.329s] Level 5:colcon.colcon_core.verb:set package 'my_robot_base' build argument 'catkin_cmake_args' from command line to 'None'
[0.329s] Level 5:colcon.colcon_core.verb:set package 'my_robot_base' build argument 'catkin_skip_building_tests' from command line to 'False'
[0.330s] DEBUG:colcon.colcon_core.verb:Building package 'my_robot_base' with the following arguments: {'ament_cmake_args': None, 'build_base': '/home/duybuntu/carrierbot_ws/build/my_robot_base', 'catkin_cmake_args': None, 'catkin_skip_building_tests': False, 'cmake_args': None, 'cmake_clean_cache': False, 'cmake_clean_first': False, 'cmake_force_configure': False, 'cmake_target': None, 'cmake_target_skip_unavailable': False, 'install_base': '/home/duybuntu/carrierbot_ws/install/my_robot_base', 'merge_install': False, 'path': '/home/duybuntu/carrierbot_ws/src/my_robot_base', 'symlink_install': False, 'test_result_base': None}
[0.330s] Level 5:colcon.colcon_core.verb:set package 'my_robot_bringup' build argument 'cmake_args' from command line to 'None'
[0.330s] Level 5:colcon.colcon_core.verb:set package 'my_robot_bringup' build argument 'cmake_target' from command line to 'None'
[0.330s] Level 5:colcon.colcon_core.verb:set package 'my_robot_bringup' build argument 'cmake_target_skip_unavailable' from command line to 'False'
[0.330s] Level 5:colcon.colcon_core.verb:set package 'my_robot_bringup' build argument 'cmake_clean_cache' from command line to 'False'
[0.330s] Level 5:colcon.colcon_core.verb:set package 'my_robot_bringup' build argument 'cmake_clean_first' from command line to 'False'
[0.330s] Level 5:colcon.colcon_core.verb:set package 'my_robot_bringup' build argument 'cmake_force_configure' from command line to 'False'
[0.330s] Level 5:colcon.colcon_core.verb:set package 'my_robot_bringup' build argument 'ament_cmake_args' from command line to 'None'
[0.330s] Level 5:colcon.colcon_core.verb:set package 'my_robot_bringup' build argument 'catkin_cmake_args' from command line to 'None'
[0.330s] Level 5:colcon.colcon_core.verb:set package 'my_robot_bringup' build argument 'catkin_skip_building_tests' from command line to 'False'
[0.330s] DEBUG:colcon.colcon_core.verb:Building package 'my_robot_bringup' with the following arguments: {'ament_cmake_args': None, 'build_base': '/home/duybuntu/carrierbot_ws/build/my_robot_bringup', 'catkin_cmake_args': None, 'catkin_skip_building_tests': False, 'cmake_args': None, 'cmake_clean_cache': False, 'cmake_clean_first': False, 'cmake_force_configure': False, 'cmake_target': None, 'cmake_target_skip_unavailable': False, 'install_base': '/home/duybuntu/carrierbot_ws/install/my_robot_bringup', 'merge_install': False, 'path': '/home/duybuntu/carrierbot_ws/src/my_robot_bringup', 'symlink_install': False, 'test_result_base': None}
[0.330s] Level 5:colcon.colcon_core.verb:set package 'my_robot_communicate' build argument 'cmake_args' from command line to 'None'
[0.330s] Level 5:colcon.colcon_core.verb:set package 'my_robot_communicate' build argument 'cmake_target' from command line to 'None'
[0.330s] Level 5:colcon.colcon_core.verb:set package 'my_robot_communicate' build argument 'cmake_target_skip_unavailable' from command line to 'False'
[0.330s] Level 5:colcon.colcon_core.verb:set package 'my_robot_communicate' build argument 'cmake_clean_cache' from command line to 'False'
[0.330s] Level 5:colcon.colcon_core.verb:set package 'my_robot_communicate' build argument 'cmake_clean_first' from command line to 'False'
[0.330s] Level 5:colcon.colcon_core.verb:set package 'my_robot_communicate' build argument 'cmake_force_configure' from command line to 'False'
[0.330s] Level 5:colcon.colcon_core.verb:set package 'my_robot_communicate' build argument 'ament_cmake_args' from command line to 'None'
[0.330s] Level 5:colcon.colcon_core.verb:set package 'my_robot_communicate' build argument 'catkin_cmake_args' from command line to 'None'
[0.330s] Level 5:colcon.colcon_core.verb:set package 'my_robot_communicate' build argument 'catkin_skip_building_tests' from command line to 'False'
[0.330s] DEBUG:colcon.colcon_core.verb:Building package 'my_robot_communicate' with the following arguments: {'ament_cmake_args': None, 'build_base': '/home/duybuntu/carrierbot_ws/build/my_robot_communicate', 'catkin_cmake_args': None, 'catkin_skip_building_tests': False, 'cmake_args': None, 'cmake_clean_cache': False, 'cmake_clean_first': False, 'cmake_force_configure': False, 'cmake_target': None, 'cmake_target_skip_unavailable': False, 'install_base': '/home/duybuntu/carrierbot_ws/install/my_robot_communicate', 'merge_install': False, 'path': '/home/duybuntu/carrierbot_ws/src/my_robot_communicate', 'symlink_install': False, 'test_result_base': None}
[0.331s] Level 5:colcon.colcon_core.verb:set package 'my_robot_description' build argument 'cmake_args' from command line to 'None'
[0.331s] Level 5:colcon.colcon_core.verb:set package 'my_robot_description' build argument 'cmake_target' from command line to 'None'
[0.331s] Level 5:colcon.colcon_core.verb:set package 'my_robot_description' build argument 'cmake_target_skip_unavailable' from command line to 'False'
[0.331s] Level 5:colcon.colcon_core.verb:set package 'my_robot_description' build argument 'cmake_clean_cache' from command line to 'False'
[0.331s] Level 5:colcon.colcon_core.verb:set package 'my_robot_description' build argument 'cmake_clean_first' from command line to 'False'
[0.331s] Level 5:colcon.colcon_core.verb:set package 'my_robot_description' build argument 'cmake_force_configure' from command line to 'False'
[0.331s] Level 5:colcon.colcon_core.verb:set package 'my_robot_description' build argument 'ament_cmake_args' from command line to 'None'
[0.331s] Level 5:colcon.colcon_core.verb:set package 'my_robot_description' build argument 'catkin_cmake_args' from command line to 'None'
[0.331s] Level 5:colcon.colcon_core.verb:set package 'my_robot_description' build argument 'catkin_skip_building_tests' from command line to 'False'
[0.331s] DEBUG:colcon.colcon_core.verb:Building package 'my_robot_description' with the following arguments: {'ament_cmake_args': None, 'build_base': '/home/duybuntu/carrierbot_ws/build/my_robot_description', 'catkin_cmake_args': None, 'catkin_skip_building_tests': False, 'cmake_args': None, 'cmake_clean_cache': False, 'cmake_clean_first': False, 'cmake_force_configure': False, 'cmake_target': None, 'cmake_target_skip_unavailable': False, 'install_base': '/home/duybuntu/carrierbot_ws/install/my_robot_description', 'merge_install': False, 'path': '/home/duybuntu/carrierbot_ws/src/my_robot_description', 'symlink_install': False, 'test_result_base': None}
[0.331s] Level 5:colcon.colcon_core.verb:set package 'my_robot_localization' build argument 'cmake_args' from command line to 'None'
[0.331s] Level 5:colcon.colcon_core.verb:set package 'my_robot_localization' build argument 'cmake_target' from command line to 'None'
[0.331s] Level 5:colcon.colcon_core.verb:set package 'my_robot_localization' build argument 'cmake_target_skip_unavailable' from command line to 'False'
[0.331s] Level 5:colcon.colcon_core.verb:set package 'my_robot_localization' build argument 'cmake_clean_cache' from command line to 'False'
[0.331s] Level 5:colcon.colcon_core.verb:set package 'my_robot_localization' build argument 'cmake_clean_first' from command line to 'False'
[0.331s] Level 5:colcon.colcon_core.verb:set package 'my_robot_localization' build argument 'cmake_force_configure' from command line to 'False'
[0.331s] Level 5:colcon.colcon_core.verb:set package 'my_robot_localization' build argument 'ament_cmake_args' from command line to 'None'
[0.331s] Level 5:colcon.colcon_core.verb:set package 'my_robot_localization' build argument 'catkin_cmake_args' from command line to 'None'
[0.331s] Level 5:colcon.colcon_core.verb:set package 'my_robot_localization' build argument 'catkin_skip_building_tests' from command line to 'False'
[0.331s] DEBUG:colcon.colcon_core.verb:Building package 'my_robot_localization' with the following arguments: {'ament_cmake_args': None, 'build_base': '/home/duybuntu/carrierbot_ws/build/my_robot_localization', 'catkin_cmake_args': None, 'catkin_skip_building_tests': False, 'cmake_args': None, 'cmake_clean_cache': False, 'cmake_clean_first': False, 'cmake_force_configure': False, 'cmake_target': None, 'cmake_target_skip_unavailable': False, 'install_base': '/home/duybuntu/carrierbot_ws/install/my_robot_localization', 'merge_install': False, 'path': '/home/duybuntu/carrierbot_ws/src/my_robot_localization', 'symlink_install': False, 'test_result_base': None}
[0.332s] Level 5:colcon.colcon_core.verb:set package 'my_robot_navigation' build argument 'cmake_args' from command line to 'None'
[0.332s] Level 5:colcon.colcon_core.verb:set package 'my_robot_navigation' build argument 'cmake_target' from command line to 'None'
[0.332s] Level 5:colcon.colcon_core.verb:set package 'my_robot_navigation' build argument 'cmake_target_skip_unavailable' from command line to 'False'
[0.332s] Level 5:colcon.colcon_core.verb:set package 'my_robot_navigation' build argument 'cmake_clean_cache' from command line to 'False'
[0.332s] Level 5:colcon.colcon_core.verb:set package 'my_robot_navigation' build argument 'cmake_clean_first' from command line to 'False'
[0.332s] Level 5:colcon.colcon_core.verb:set package 'my_robot_navigation' build argument 'cmake_force_configure' from command line to 'False'
[0.332s] Level 5:colcon.colcon_core.verb:set package 'my_robot_navigation' build argument 'ament_cmake_args' from command line to 'None'
[0.332s] Level 5:colcon.colcon_core.verb:set package 'my_robot_navigation' build argument 'catkin_cmake_args' from command line to 'None'
[0.332s] Level 5:colcon.colcon_core.verb:set package 'my_robot_navigation' build argument 'catkin_skip_building_tests' from command line to 'False'
[0.332s] DEBUG:colcon.colcon_core.verb:Building package 'my_robot_navigation' with the following arguments: {'ament_cmake_args': None, 'build_base': '/home/duybuntu/carrierbot_ws/build/my_robot_navigation', 'catkin_cmake_args': None, 'catkin_skip_building_tests': False, 'cmake_args': None, 'cmake_clean_cache': False, 'cmake_clean_first': False, 'cmake_force_configure': False, 'cmake_target': None, 'cmake_target_skip_unavailable': False, 'install_base': '/home/duybuntu/carrierbot_ws/install/my_robot_navigation', 'merge_install': False, 'path': '/home/duybuntu/carrierbot_ws/src/my_robot_navigation', 'symlink_install': False, 'test_result_base': None}
[0.332s] Level 5:colcon.colcon_core.verb:set package 'robot_controller' build argument 'cmake_args' from command line to 'None'
[0.332s] Level 5:colcon.colcon_core.verb:set package 'robot_controller' build argument 'cmake_target' from command line to 'None'
[0.332s] Level 5:colcon.colcon_core.verb:set package 'robot_controller' build argument 'cmake_target_skip_unavailable' from command line to 'False'
[0.332s] Level 5:colcon.colcon_core.verb:set package 'robot_controller' build argument 'cmake_clean_cache' from command line to 'False'
[0.332s] Level 5:colcon.colcon_core.verb:set package 'robot_controller' build argument 'cmake_clean_first' from command line to 'False'
[0.332s] Level 5:colcon.colcon_core.verb:set package 'robot_controller' build argument 'cmake_force_configure' from command line to 'False'
[0.332s] Level 5:colcon.colcon_core.verb:set package 'robot_controller' build argument 'ament_cmake_args' from command line to 'None'
[0.332s] Level 5:colcon.colcon_core.verb:set package 'robot_controller' build argument 'catkin_cmake_args' from command line to 'None'
[0.332s] Level 5:colcon.colcon_core.verb:set package 'robot_controller' build argument 'catkin_skip_building_tests' from command line to 'False'
[0.332s] DEBUG:colcon.colcon_core.verb:Building package 'robot_controller' with the following arguments: {'ament_cmake_args': None, 'build_base': '/home/duybuntu/carrierbot_ws/build/robot_controller', 'catkin_cmake_args': None, 'catkin_skip_building_tests': False, 'cmake_args': None, 'cmake_clean_cache': False, 'cmake_clean_first': False, 'cmake_force_configure': False, 'cmake_target': None, 'cmake_target_skip_unavailable': False, 'install_base': '/home/duybuntu/carrierbot_ws/install/robot_controller', 'merge_install': False, 'path': '/home/duybuntu/carrierbot_ws/src/robot_controller', 'symlink_install': False, 'test_result_base': None}
[0.332s] INFO:colcon.colcon_core.executor:Executing jobs using 'parallel' executor
[0.333s] DEBUG:colcon.colcon_parallel_executor.executor.parallel:run_until_complete
[0.334s] INFO:colcon.colcon_ros.task.ament_cmake.build:Building ROS package in '/home/duybuntu/carrierbot_ws/src/my_robot_base' with build type 'ament_cmake'
[0.334s] INFO:colcon.colcon_cmake.task.cmake.build:Building CMake package in '/home/duybuntu/carrierbot_ws/src/my_robot_base'
[0.336s] INFO:colcon.colcon_core.plugin_system:Skipping extension 'colcon_core.shell.bat': Not used on non-Windows systems
[0.336s] INFO:colcon.colcon_core.shell:Skip shell extension 'powershell' for command environment: Not usable outside of PowerShell
[0.336s] DEBUG:colcon.colcon_core.shell:Skip shell extension 'dsv' for command environment
[0.341s] INFO:colcon.colcon_ros.task.ament_cmake.build:Building ROS package in '/home/duybuntu/carrierbot_ws/src/my_robot_bringup' with build type 'ament_cmake'
[0.342s] INFO:colcon.colcon_cmake.task.cmake.build:Building CMake package in '/home/duybuntu/carrierbot_ws/src/my_robot_bringup'
[0.342s] INFO:colcon.colcon_core.shell:Skip shell extension 'powershell' for command environment: Not usable outside of PowerShell
[0.342s] DEBUG:colcon.colcon_core.shell:Skip shell extension 'dsv' for command environment
[0.348s] INFO:colcon.colcon_ros.task.ament_python.build:Building ROS package in '/home/duybuntu/carrierbot_ws/src/my_robot_communicate' with build type 'ament_python'
[0.348s] Level 1:colcon.colcon_core.shell:create_environment_hook('my_robot_communicate', 'ament_prefix_path')
[0.348s] INFO:colcon.colcon_core.shell:Creating environment hook '/home/duybuntu/carrierbot_ws/install/my_robot_communicate/share/my_robot_communicate/hook/ament_prefix_path.ps1'
[0.349s] INFO:colcon.colcon_core.shell:Creating environment descriptor '/home/duybuntu/carrierbot_ws/install/my_robot_communicate/share/my_robot_communicate/hook/ament_prefix_path.dsv'
[0.350s] INFO:colcon.colcon_core.shell:Creating environment hook '/home/duybuntu/carrierbot_ws/install/my_robot_communicate/share/my_robot_communicate/hook/ament_prefix_path.sh'
[0.351s] INFO:colcon.colcon_core.shell:Skip shell extension 'powershell' for command environment: Not usable outside of PowerShell
[0.351s] DEBUG:colcon.colcon_core.shell:Skip shell extension 'dsv' for command environment
[0.356s] INFO:colcon.colcon_ros.task.ament_cmake.build:Building ROS package in '/home/duybuntu/carrierbot_ws/src/my_robot_description' with build type 'ament_cmake'
[0.356s] INFO:colcon.colcon_cmake.task.cmake.build:Building CMake package in '/home/duybuntu/carrierbot_ws/src/my_robot_description'
[0.356s] INFO:colcon.colcon_core.shell:Skip shell extension 'powershell' for command environment: Not usable outside of PowerShell
[0.356s] DEBUG:colcon.colcon_core.shell:Skip shell extension 'dsv' for command environment
[0.363s] INFO:colcon.colcon_ros.task.ament_cmake.build:Building ROS package in '/home/duybuntu/carrierbot_ws/src/my_robot_localization' with build type 'ament_cmake'
[0.363s] INFO:colcon.colcon_cmake.task.cmake.build:Building CMake package in '/home/duybuntu/carrierbot_ws/src/my_robot_localization'
[0.363s] INFO:colcon.colcon_core.shell:Skip shell extension 'powershell' for command environment: Not usable outside of PowerShell
[0.363s] DEBUG:colcon.colcon_core.shell:Skip shell extension 'dsv' for command environment
[0.369s] INFO:colcon.colcon_ros.task.ament_cmake.build:Building ROS package in '/home/duybuntu/carrierbot_ws/src/my_robot_navigation' with build type 'ament_cmake'
[0.370s] INFO:colcon.colcon_cmake.task.cmake.build:Building CMake package in '/home/duybuntu/carrierbot_ws/src/my_robot_navigation'
[0.370s] INFO:colcon.colcon_core.shell:Skip shell extension 'powershell' for command environment: Not usable outside of PowerShell
[0.370s] DEBUG:colcon.colcon_core.shell:Skip shell extension 'dsv' for command environment
[0.376s] INFO:colcon.colcon_ros.task.ament_cmake.build:Building ROS package in '/home/duybuntu/carrierbot_ws/src/robot_controller' with build type 'ament_cmake'
[0.376s] INFO:colcon.colcon_cmake.task.cmake.build:Building CMake package in '/home/duybuntu/carrierbot_ws/src/robot_controller'
[0.376s] INFO:colcon.colcon_core.shell:Skip shell extension 'powershell' for command environment: Not usable outside of PowerShell
[0.377s] DEBUG:colcon.colcon_core.shell:Skip shell extension 'dsv' for command environment
[0.388s] DEBUG:colcon.colcon_core.event_handler.log_command:Invoking command in '/home/duybuntu/carrierbot_ws/build/my_robot_base': CMAKE_PREFIX_PATH=${CMAKE_PREFIX_PATH}:/home/duybuntu/carrierbot_ws/install/my_robot_communicate:/home/duybuntu/ros2_ws_basic/install/my_py_pkg:/home/duybuntu/deli_ws/install/deli_logger:/home/duybuntu/deli_ws/install/mqtt:/home/duybuntu/deli_ws/install/localization:/home/duybuntu/turtlebot3_ws/install/turtlebot3_teleop:/home/duybuntu/turtlebot3_ws/install/turtlebot3_example:/opt/ros/humble /usr/bin/cmake --build /home/duybuntu/carrierbot_ws/build/my_robot_base -- -j12 -l12
[0.391s] DEBUG:colcon.colcon_core.event_handler.log_command:Invoking command in '/home/duybuntu/carrierbot_ws/build/my_robot_bringup': CMAKE_PREFIX_PATH=${CMAKE_PREFIX_PATH}:/home/duybuntu/carrierbot_ws/install/my_robot_communicate:/home/duybuntu/ros2_ws_basic/install/my_py_pkg:/home/duybuntu/deli_ws/install/deli_logger:/home/duybuntu/deli_ws/install/mqtt:/home/duybuntu/deli_ws/install/localization:/home/duybuntu/turtlebot3_ws/install/turtlebot3_teleop:/home/duybuntu/turtlebot3_ws/install/turtlebot3_example:/opt/ros/humble /usr/bin/cmake --build /home/duybuntu/carrierbot_ws/build/my_robot_bringup -- -j12 -l12
[0.628s] INFO:colcon.colcon_core.task.python.build:Building Python package in '/home/duybuntu/carrierbot_ws/src/my_robot_communicate'
[0.629s] INFO:colcon.colcon_core.shell:Skip shell extension 'powershell' for command environment: Not usable outside of PowerShell
[0.629s] DEBUG:colcon.colcon_core.shell:Skip shell extension 'dsv' for command environment
[0.638s] DEBUG:colcon.colcon_core.event_handler.log_command:Invoking command in '/home/duybuntu/carrierbot_ws/build/my_robot_description': CMAKE_PREFIX_PATH=${CMAKE_PREFIX_PATH}:/home/duybuntu/carrierbot_ws/install/my_robot_communicate:/home/duybuntu/ros2_ws_basic/install/my_py_pkg:/home/duybuntu/deli_ws/install/deli_logger:/home/duybuntu/deli_ws/install/mqtt:/home/duybuntu/deli_ws/install/localization:/home/duybuntu/turtlebot3_ws/install/turtlebot3_teleop:/home/duybuntu/turtlebot3_ws/install/turtlebot3_example:/opt/ros/humble /usr/bin/cmake --build /home/duybuntu/carrierbot_ws/build/my_robot_description -- -j12 -l12
[0.640s] DEBUG:colcon.colcon_core.event_handler.log_command:Invoking command in '/home/duybuntu/carrierbot_ws/build/my_robot_localization': CMAKE_PREFIX_PATH=${CMAKE_PREFIX_PATH}:/home/duybuntu/carrierbot_ws/install/my_robot_communicate:/home/duybuntu/ros2_ws_basic/install/my_py_pkg:/home/duybuntu/deli_ws/install/deli_logger:/home/duybuntu/deli_ws/install/mqtt:/home/duybuntu/deli_ws/install/localization:/home/duybuntu/turtlebot3_ws/install/turtlebot3_teleop:/home/duybuntu/turtlebot3_ws/install/turtlebot3_example:/opt/ros/humble /usr/bin/cmake --build /home/duybuntu/carrierbot_ws/build/my_robot_localization -- -j12 -l12
[0.643s] DEBUG:colcon.colcon_core.event_handler.log_command:Invoking command in '/home/duybuntu/carrierbot_ws/build/my_robot_navigation': CMAKE_PREFIX_PATH=${CMAKE_PREFIX_PATH}:/home/duybuntu/carrierbot_ws/install/my_robot_communicate:/home/duybuntu/ros2_ws_basic/install/my_py_pkg:/home/duybuntu/deli_ws/install/deli_logger:/home/duybuntu/deli_ws/install/mqtt:/home/duybuntu/deli_ws/install/localization:/home/duybuntu/turtlebot3_ws/install/turtlebot3_teleop:/home/duybuntu/turtlebot3_ws/install/turtlebot3_example:/opt/ros/humble /usr/bin/cmake --build /home/duybuntu/carrierbot_ws/build/my_robot_navigation -- -j12 -l12
[0.651s] DEBUG:colcon.colcon_core.event_handler.log_command:Invoking command in '/home/duybuntu/carrierbot_ws/build/robot_controller': CMAKE_PREFIX_PATH=${CMAKE_PREFIX_PATH}:/home/duybuntu/carrierbot_ws/install/my_robot_communicate:/home/duybuntu/ros2_ws_basic/install/my_py_pkg:/home/duybuntu/deli_ws/install/deli_logger:/home/duybuntu/deli_ws/install/mqtt:/home/duybuntu/deli_ws/install/localization:/home/duybuntu/turtlebot3_ws/install/turtlebot3_teleop:/home/duybuntu/turtlebot3_ws/install/turtlebot3_example:/opt/ros/humble /usr/bin/cmake --build /home/duybuntu/carrierbot_ws/build/robot_controller -- -j12 -l12
[0.654s] DEBUG:colcon.colcon_core.event_handler.log_command:Invoked command in '/home/duybuntu/carrierbot_ws/build/my_robot_base' returned '0': CMAKE_PREFIX_PATH=${CMAKE_PREFIX_PATH}:/home/duybuntu/carrierbot_ws/install/my_robot_communicate:/home/duybuntu/ros2_ws_basic/install/my_py_pkg:/home/duybuntu/deli_ws/install/deli_logger:/home/duybuntu/deli_ws/install/mqtt:/home/duybuntu/deli_ws/install/localization:/home/duybuntu/turtlebot3_ws/install/turtlebot3_teleop:/home/duybuntu/turtlebot3_ws/install/turtlebot3_example:/opt/ros/humble /usr/bin/cmake --build /home/duybuntu/carrierbot_ws/build/my_robot_base -- -j12 -l12
[0.668s] DEBUG:colcon.colcon_core.event_handler.log_command:Invoking command in '/home/duybuntu/carrierbot_ws/build/my_robot_base': CMAKE_PREFIX_PATH=${CMAKE_PREFIX_PATH}:/home/duybuntu/carrierbot_ws/install/my_robot_communicate:/home/duybuntu/ros2_ws_basic/install/my_py_pkg:/home/duybuntu/deli_ws/install/deli_logger:/home/duybuntu/deli_ws/install/mqtt:/home/duybuntu/deli_ws/install/localization:/home/duybuntu/turtlebot3_ws/install/turtlebot3_teleop:/home/duybuntu/turtlebot3_ws/install/turtlebot3_example:/opt/ros/humble /usr/bin/cmake --install /home/duybuntu/carrierbot_ws/build/my_robot_base
[0.669s] DEBUG:colcon.colcon_core.event_handler.log_command:Invoked command in '/home/duybuntu/carrierbot_ws/build/my_robot_bringup' returned '0': CMAKE_PREFIX_PATH=${CMAKE_PREFIX_PATH}:/home/duybuntu/carrierbot_ws/install/my_robot_communicate:/home/duybuntu/ros2_ws_basic/install/my_py_pkg:/home/duybuntu/deli_ws/install/deli_logger:/home/duybuntu/deli_ws/install/mqtt:/home/duybuntu/deli_ws/install/localization:/home/duybuntu/turtlebot3_ws/install/turtlebot3_teleop:/home/duybuntu/turtlebot3_ws/install/turtlebot3_example:/opt/ros/humble /usr/bin/cmake --build /home/duybuntu/carrierbot_ws/build/my_robot_bringup -- -j12 -l12
[0.671s] DEBUG:colcon.colcon_core.event_handler.log_command:Invoking command in '/home/duybuntu/carrierbot_ws/build/my_robot_bringup': CMAKE_PREFIX_PATH=${CMAKE_PREFIX_PATH}:/home/duybuntu/carrierbot_ws/install/my_robot_communicate:/home/duybuntu/ros2_ws_basic/install/my_py_pkg:/home/duybuntu/deli_ws/install/deli_logger:/home/duybuntu/deli_ws/install/mqtt:/home/duybuntu/deli_ws/install/localization:/home/duybuntu/turtlebot3_ws/install/turtlebot3_teleop:/home/duybuntu/turtlebot3_ws/install/turtlebot3_example:/opt/ros/humble /usr/bin/cmake --install /home/duybuntu/carrierbot_ws/build/my_robot_bringup
[0.685s] Level 1:colcon.colcon_core.environment:create_environment_scripts_only(my_robot_base)
[0.687s] DEBUG:colcon.colcon_core.event_handler.log_command:Invoked command in '/home/duybuntu/carrierbot_ws/build/my_robot_base' returned '0': CMAKE_PREFIX_PATH=${CMAKE_PREFIX_PATH}:/home/duybuntu/carrierbot_ws/install/my_robot_communicate:/home/duybuntu/ros2_ws_basic/install/my_py_pkg:/home/duybuntu/deli_ws/install/deli_logger:/home/duybuntu/deli_ws/install/mqtt:/home/duybuntu/deli_ws/install/localization:/home/duybuntu/turtlebot3_ws/install/turtlebot3_teleop:/home/duybuntu/turtlebot3_ws/install/turtlebot3_example:/opt/ros/humble /usr/bin/cmake --install /home/duybuntu/carrierbot_ws/build/my_robot_base
[0.689s] Level 1:colcon.colcon_core.environment:checking '/home/duybuntu/carrierbot_ws/install/my_robot_base' for CMake module files
[0.690s] Level 1:colcon.colcon_core.environment:checking '/home/duybuntu/carrierbot_ws/install/my_robot_base' for CMake config files
[0.690s] Level 1:colcon.colcon_core.shell:create_environment_hook('my_robot_base', 'cmake_prefix_path')
[0.691s] INFO:colcon.colcon_core.shell:Creating environment hook '/home/duybuntu/carrierbot_ws/install/my_robot_base/share/my_robot_base/hook/cmake_prefix_path.ps1'
[0.691s] INFO:colcon.colcon_core.shell:Creating environment descriptor '/home/duybuntu/carrierbot_ws/install/my_robot_base/share/my_robot_base/hook/cmake_prefix_path.dsv'
[0.692s] INFO:colcon.colcon_core.shell:Creating environment hook '/home/duybuntu/carrierbot_ws/install/my_robot_base/share/my_robot_base/hook/cmake_prefix_path.sh'
[0.693s] Level 1:colcon.colcon_core.environment:checking '/home/duybuntu/carrierbot_ws/install/my_robot_base/bin'
[0.693s] Level 1:colcon.colcon_core.environment:checking '/home/duybuntu/carrierbot_ws/install/my_robot_base/lib/pkgconfig/my_robot_base.pc'
[0.693s] Level 1:colcon.colcon_core.environment:checking '/home/duybuntu/carrierbot_ws/install/my_robot_base/lib/python3.10/site-packages'
[0.694s] Level 1:colcon.colcon_core.environment:checking '/home/duybuntu/carrierbot_ws/install/my_robot_base/bin'
[0.694s] INFO:colcon.colcon_core.shell:Creating package script '/home/duybuntu/carrierbot_ws/install/my_robot_base/share/my_robot_base/package.ps1'
[0.695s] INFO:colcon.colcon_core.shell:Creating package descriptor '/home/duybuntu/carrierbot_ws/install/my_robot_base/share/my_robot_base/package.dsv'
[0.695s] INFO:colcon.colcon_core.shell:Creating package script '/home/duybuntu/carrierbot_ws/install/my_robot_base/share/my_robot_base/package.sh'
[0.696s] INFO:colcon.colcon_core.shell:Creating package script '/home/duybuntu/carrierbot_ws/install/my_robot_base/share/my_robot_base/package.bash'
[0.697s] INFO:colcon.colcon_core.shell:Creating package script '/home/duybuntu/carrierbot_ws/install/my_robot_base/share/my_robot_base/package.zsh'
[0.697s] Level 1:colcon.colcon_core.environment:create_file_with_runtime_dependencies(/home/duybuntu/carrierbot_ws/install/my_robot_base/share/colcon-core/packages/my_robot_base)
[0.698s] Level 1:colcon.colcon_core.environment:create_environment_scripts_only(my_robot_base)
[0.698s] Level 1:colcon.colcon_core.environment:checking '/home/duybuntu/carrierbot_ws/install/my_robot_base' for CMake module files
[0.699s] Level 1:colcon.colcon_core.environment:checking '/home/duybuntu/carrierbot_ws/install/my_robot_base' for CMake config files
[0.699s] Level 1:colcon.colcon_core.shell:create_environment_hook('my_robot_base', 'cmake_prefix_path')
[0.699s] INFO:colcon.colcon_core.shell:Creating environment hook '/home/duybuntu/carrierbot_ws/install/my_robot_base/share/my_robot_base/hook/cmake_prefix_path.ps1'
[0.700s] INFO:colcon.colcon_core.shell:Creating environment descriptor '/home/duybuntu/carrierbot_ws/install/my_robot_base/share/my_robot_base/hook/cmake_prefix_path.dsv'
[0.700s] INFO:colcon.colcon_core.shell:Creating environment hook '/home/duybuntu/carrierbot_ws/install/my_robot_base/share/my_robot_base/hook/cmake_prefix_path.sh'
[0.700s] Level 1:colcon.colcon_core.environment:checking '/home/duybuntu/carrierbot_ws/install/my_robot_base/bin'
[0.700s] Level 1:colcon.colcon_core.environment:checking '/home/duybuntu/carrierbot_ws/install/my_robot_base/lib/pkgconfig/my_robot_base.pc'
[0.701s] Level 1:colcon.colcon_core.environment:checking '/home/duybuntu/carrierbot_ws/install/my_robot_base/lib/python3.10/site-packages'
[0.701s] Level 1:colcon.colcon_core.environment:checking '/home/duybuntu/carrierbot_ws/install/my_robot_base/bin'
[0.701s] INFO:colcon.colcon_core.shell:Creating package script '/home/duybuntu/carrierbot_ws/install/my_robot_base/share/my_robot_base/package.ps1'
[0.702s] INFO:colcon.colcon_core.shell:Creating package descriptor '/home/duybuntu/carrierbot_ws/install/my_robot_base/share/my_robot_base/package.dsv'
[0.702s] INFO:colcon.colcon_core.shell:Creating package script '/home/duybuntu/carrierbot_ws/install/my_robot_base/share/my_robot_base/package.sh'
[0.703s] INFO:colcon.colcon_core.shell:Creating package script '/home/duybuntu/carrierbot_ws/install/my_robot_base/share/my_robot_base/package.bash'
[0.703s] INFO:colcon.colcon_core.shell:Creating package script '/home/duybuntu/carrierbot_ws/install/my_robot_base/share/my_robot_base/package.zsh'
[0.704s] Level 1:colcon.colcon_core.environment:create_file_with_runtime_dependencies(/home/duybuntu/carrierbot_ws/install/my_robot_base/share/colcon-core/packages/my_robot_base)
[0.705s] Level 1:colcon.colcon_core.environment:create_environment_scripts_only(my_robot_bringup)
[0.705s] Level 1:colcon.colcon_core.environment:checking '/home/duybuntu/carrierbot_ws/install/my_robot_bringup' for CMake module files
[0.706s] DEBUG:colcon.colcon_core.event_handler.log_command:Invoked command in '/home/duybuntu/carrierbot_ws/build/my_robot_bringup' returned '0': CMAKE_PREFIX_PATH=${CMAKE_PREFIX_PATH}:/home/duybuntu/carrierbot_ws/install/my_robot_communicate:/home/duybuntu/ros2_ws_basic/install/my_py_pkg:/home/duybuntu/deli_ws/install/deli_logger:/home/duybuntu/deli_ws/install/mqtt:/home/duybuntu/deli_ws/install/localization:/home/duybuntu/turtlebot3_ws/install/turtlebot3_teleop:/home/duybuntu/turtlebot3_ws/install/turtlebot3_example:/opt/ros/humble /usr/bin/cmake --install /home/duybuntu/carrierbot_ws/build/my_robot_bringup
[0.707s] Level 1:colcon.colcon_core.environment:checking '/home/duybuntu/carrierbot_ws/install/my_robot_bringup' for CMake config files
[0.707s] Level 1:colcon.colcon_core.shell:create_environment_hook('my_robot_bringup', 'cmake_prefix_path')
[0.707s] INFO:colcon.colcon_core.shell:Creating environment hook '/home/duybuntu/carrierbot_ws/install/my_robot_bringup/share/my_robot_bringup/hook/cmake_prefix_path.ps1'
[0.708s] INFO:colcon.colcon_core.shell:Creating environment descriptor '/home/duybuntu/carrierbot_ws/install/my_robot_bringup/share/my_robot_bringup/hook/cmake_prefix_path.dsv'
[0.708s] INFO:colcon.colcon_core.shell:Creating environment hook '/home/duybuntu/carrierbot_ws/install/my_robot_bringup/share/my_robot_bringup/hook/cmake_prefix_path.sh'
[0.709s] Level 1:colcon.colcon_core.environment:checking '/home/duybuntu/carrierbot_ws/install/my_robot_bringup/bin'
[0.709s] Level 1:colcon.colcon_core.environment:checking '/home/duybuntu/carrierbot_ws/install/my_robot_bringup/lib/pkgconfig/my_robot_bringup.pc'
[0.709s] Level 1:colcon.colcon_core.environment:checking '/home/duybuntu/carrierbot_ws/install/my_robot_bringup/lib/python3.10/site-packages'
[0.710s] Level 1:colcon.colcon_core.environment:checking '/home/duybuntu/carrierbot_ws/install/my_robot_bringup/bin'
[0.710s] INFO:colcon.colcon_core.shell:Creating package script '/home/duybuntu/carrierbot_ws/install/my_robot_bringup/share/my_robot_bringup/package.ps1'
[0.711s] INFO:colcon.colcon_core.shell:Creating package descriptor '/home/duybuntu/carrierbot_ws/install/my_robot_bringup/share/my_robot_bringup/package.dsv'
[0.711s] INFO:colcon.colcon_core.shell:Creating package script '/home/duybuntu/carrierbot_ws/install/my_robot_bringup/share/my_robot_bringup/package.sh'
[0.712s] INFO:colcon.colcon_core.shell:Creating package script '/home/duybuntu/carrierbot_ws/install/my_robot_bringup/share/my_robot_bringup/package.bash'
[0.712s] INFO:colcon.colcon_core.shell:Creating package script '/home/duybuntu/carrierbot_ws/install/my_robot_bringup/share/my_robot_bringup/package.zsh'
[0.712s] Level 1:colcon.colcon_core.environment:create_file_with_runtime_dependencies(/home/duybuntu/carrierbot_ws/install/my_robot_bringup/share/colcon-core/packages/my_robot_bringup)
[0.713s] Level 1:colcon.colcon_core.environment:create_environment_scripts_only(my_robot_bringup)
[0.713s] Level 1:colcon.colcon_core.environment:checking '/home/duybuntu/carrierbot_ws/install/my_robot_bringup' for CMake module files
[0.714s] Level 1:colcon.colcon_core.environment:checking '/home/duybuntu/carrierbot_ws/install/my_robot_bringup' for CMake config files
[0.714s] Level 1:colcon.colcon_core.shell:create_environment_hook('my_robot_bringup', 'cmake_prefix_path')
[0.714s] INFO:colcon.colcon_core.shell:Creating environment hook '/home/duybuntu/carrierbot_ws/install/my_robot_bringup/share/my_robot_bringup/hook/cmake_prefix_path.ps1'
[0.715s] INFO:colcon.colcon_core.shell:Creating environment descriptor '/home/duybuntu/carrierbot_ws/install/my_robot_bringup/share/my_robot_bringup/hook/cmake_prefix_path.dsv'
[0.715s] INFO:colcon.colcon_core.shell:Creating environment hook '/home/duybuntu/carrierbot_ws/install/my_robot_bringup/share/my_robot_bringup/hook/cmake_prefix_path.sh'
[0.716s] Level 1:colcon.colcon_core.environment:checking '/home/duybuntu/carrierbot_ws/install/my_robot_bringup/bin'
[0.716s] Level 1:colcon.colcon_core.environment:checking '/home/duybuntu/carrierbot_ws/install/my_robot_bringup/lib/pkgconfig/my_robot_bringup.pc'
[0.716s] Level 1:colcon.colcon_core.environment:checking '/home/duybuntu/carrierbot_ws/install/my_robot_bringup/lib/python3.10/site-packages'
[0.716s] Level 1:colcon.colcon_core.environment:checking '/home/duybuntu/carrierbot_ws/install/my_robot_bringup/bin'
[0.716s] INFO:colcon.colcon_core.shell:Creating package script '/home/duybuntu/carrierbot_ws/install/my_robot_bringup/share/my_robot_bringup/package.ps1'
[0.717s] INFO:colcon.colcon_core.shell:Creating package descriptor '/home/duybuntu/carrierbot_ws/install/my_robot_bringup/share/my_robot_bringup/package.dsv'
[0.717s] INFO:colcon.colcon_core.shell:Creating package script '/home/duybuntu/carrierbot_ws/install/my_robot_bringup/share/my_robot_bringup/package.sh'
[0.718s] INFO:colcon.colcon_core.shell:Creating package script '/home/duybuntu/carrierbot_ws/install/my_robot_bringup/share/my_robot_bringup/package.bash'
[0.718s] INFO:colcon.colcon_core.shell:Creating package script '/home/duybuntu/carrierbot_ws/install/my_robot_bringup/share/my_robot_bringup/package.zsh'
[0.719s] Level 1:colcon.colcon_core.environment:create_file_with_runtime_dependencies(/home/duybuntu/carrierbot_ws/install/my_robot_bringup/share/colcon-core/packages/my_robot_bringup)
[0.721s] DEBUG:colcon.colcon_core.event_handler.log_command:Invoked command in '/home/duybuntu/carrierbot_ws/build/my_robot_navigation' returned '0': CMAKE_PREFIX_PATH=${CMAKE_PREFIX_PATH}:/home/duybuntu/carrierbot_ws/install/my_robot_communicate:/home/duybuntu/ros2_ws_basic/install/my_py_pkg:/home/duybuntu/deli_ws/install/deli_logger:/home/duybuntu/deli_ws/install/mqtt:/home/duybuntu/deli_ws/install/localization:/home/duybuntu/turtlebot3_ws/install/turtlebot3_teleop:/home/duybuntu/turtlebot3_ws/install/turtlebot3_example:/opt/ros/humble /usr/bin/cmake --build /home/duybuntu/carrierbot_ws/build/my_robot_navigation -- -j12 -l12
[0.722s] DEBUG:colcon.colcon_core.event_handler.log_command:Invoking command in '/home/duybuntu/carrierbot_ws/build/my_robot_navigation': CMAKE_PREFIX_PATH=${CMAKE_PREFIX_PATH}:/home/duybuntu/carrierbot_ws/install/my_robot_communicate:/home/duybuntu/ros2_ws_basic/install/my_py_pkg:/home/duybuntu/deli_ws/install/deli_logger:/home/duybuntu/deli_ws/install/mqtt:/home/duybuntu/deli_ws/install/localization:/home/duybuntu/turtlebot3_ws/install/turtlebot3_teleop:/home/duybuntu/turtlebot3_ws/install/turtlebot3_example:/opt/ros/humble /usr/bin/cmake --install /home/duybuntu/carrierbot_ws/build/my_robot_navigation
[0.724s] DEBUG:colcon.colcon_core.event_handler.log_command:Invoked command in '/home/duybuntu/carrierbot_ws/build/my_robot_description' returned '0': CMAKE_PREFIX_PATH=${CMAKE_PREFIX_PATH}:/home/duybuntu/carrierbot_ws/install/my_robot_communicate:/home/duybuntu/ros2_ws_basic/install/my_py_pkg:/home/duybuntu/deli_ws/install/deli_logger:/home/duybuntu/deli_ws/install/mqtt:/home/duybuntu/deli_ws/install/localization:/home/duybuntu/turtlebot3_ws/install/turtlebot3_teleop:/home/duybuntu/turtlebot3_ws/install/turtlebot3_example:/opt/ros/humble /usr/bin/cmake --build /home/duybuntu/carrierbot_ws/build/my_robot_description -- -j12 -l12
[0.725s] DEBUG:colcon.colcon_core.event_handler.log_command:Invoking command in '/home/duybuntu/carrierbot_ws/build/my_robot_description': CMAKE_PREFIX_PATH=${CMAKE_PREFIX_PATH}:/home/duybuntu/carrierbot_ws/install/my_robot_communicate:/home/duybuntu/ros2_ws_basic/install/my_py_pkg:/home/duybuntu/deli_ws/install/deli_logger:/home/duybuntu/deli_ws/install/mqtt:/home/duybuntu/deli_ws/install/localization:/home/duybuntu/turtlebot3_ws/install/turtlebot3_teleop:/home/duybuntu/turtlebot3_ws/install/turtlebot3_example:/opt/ros/humble /usr/bin/cmake --install /home/duybuntu/carrierbot_ws/build/my_robot_description
[0.725s] DEBUG:colcon.colcon_core.event_handler.log_command:Invoked command in '/home/duybuntu/carrierbot_ws/build/my_robot_localization' returned '0': CMAKE_PREFIX_PATH=${CMAKE_PREFIX_PATH}:/home/duybuntu/carrierbot_ws/install/my_robot_communicate:/home/duybuntu/ros2_ws_basic/install/my_py_pkg:/home/duybuntu/deli_ws/install/deli_logger:/home/duybuntu/deli_ws/install/mqtt:/home/duybuntu/deli_ws/install/localization:/home/duybuntu/turtlebot3_ws/install/turtlebot3_teleop:/home/duybuntu/turtlebot3_ws/install/turtlebot3_example:/opt/ros/humble /usr/bin/cmake --build /home/duybuntu/carrierbot_ws/build/my_robot_localization -- -j12 -l12
[0.728s] DEBUG:colcon.colcon_core.event_handler.log_command:Invoking command in '/home/duybuntu/carrierbot_ws/build/my_robot_localization': CMAKE_PREFIX_PATH=${CMAKE_PREFIX_PATH}:/home/duybuntu/carrierbot_ws/install/my_robot_communicate:/home/duybuntu/ros2_ws_basic/install/my_py_pkg:/home/duybuntu/deli_ws/install/deli_logger:/home/duybuntu/deli_ws/install/mqtt:/home/duybuntu/deli_ws/install/localization:/home/duybuntu/turtlebot3_ws/install/turtlebot3_teleop:/home/duybuntu/turtlebot3_ws/install/turtlebot3_example:/opt/ros/humble /usr/bin/cmake --install /home/duybuntu/carrierbot_ws/build/my_robot_localization
[0.728s] DEBUG:colcon.colcon_core.event_handler.log_command:Invoked command in '/home/duybuntu/carrierbot_ws/build/robot_controller' returned '0': CMAKE_PREFIX_PATH=${CMAKE_PREFIX_PATH}:/home/duybuntu/carrierbot_ws/install/my_robot_communicate:/home/duybuntu/ros2_ws_basic/install/my_py_pkg:/home/duybuntu/deli_ws/install/deli_logger:/home/duybuntu/deli_ws/install/mqtt:/home/duybuntu/deli_ws/install/localization:/home/duybuntu/turtlebot3_ws/install/turtlebot3_teleop:/home/duybuntu/turtlebot3_ws/install/turtlebot3_example:/opt/ros/humble /usr/bin/cmake --build /home/duybuntu/carrierbot_ws/build/robot_controller -- -j12 -l12
[0.731s] DEBUG:colcon.colcon_core.event_handler.log_command:Invoking command in '/home/duybuntu/carrierbot_ws/build/robot_controller': CMAKE_PREFIX_PATH=${CMAKE_PREFIX_PATH}:/home/duybuntu/carrierbot_ws/install/my_robot_communicate:/home/duybuntu/ros2_ws_basic/install/my_py_pkg:/home/duybuntu/deli_ws/install/deli_logger:/home/duybuntu/deli_ws/install/mqtt:/home/duybuntu/deli_ws/install/localization:/home/duybuntu/turtlebot3_ws/install/turtlebot3_teleop:/home/duybuntu/turtlebot3_ws/install/turtlebot3_example:/opt/ros/humble /usr/bin/cmake --install /home/duybuntu/carrierbot_ws/build/robot_controller
[0.735s] Level 1:colcon.colcon_core.environment:create_environment_scripts_only(my_robot_navigation)
[0.736s] Level 1:colcon.colcon_core.environment:checking '/home/duybuntu/carrierbot_ws/install/my_robot_navigation' for CMake module files
[0.737s] Level 1:colcon.colcon_core.environment:checking '/home/duybuntu/carrierbot_ws/install/my_robot_navigation' for CMake config files
[0.739s] Level 1:colcon.colcon_core.shell:create_environment_hook('my_robot_navigation', 'cmake_prefix_path')
[0.740s] INFO:colcon.colcon_core.shell:Creating environment hook '/home/duybuntu/carrierbot_ws/install/my_robot_navigation/share/my_robot_navigation/hook/cmake_prefix_path.ps1'
[0.741s] INFO:colcon.colcon_core.shell:Creating environment descriptor '/home/duybuntu/carrierbot_ws/install/my_robot_navigation/share/my_robot_navigation/hook/cmake_prefix_path.dsv'
[0.743s] INFO:colcon.colcon_core.shell:Creating environment hook '/home/duybuntu/carrierbot_ws/install/my_robot_navigation/share/my_robot_navigation/hook/cmake_prefix_path.sh'
[0.743s] DEBUG:colcon.colcon_core.event_handler.log_command:Invoked command in '/home/duybuntu/carrierbot_ws/build/my_robot_navigation' returned '0': CMAKE_PREFIX_PATH=${CMAKE_PREFIX_PATH}:/home/duybuntu/carrierbot_ws/install/my_robot_communicate:/home/duybuntu/ros2_ws_basic/install/my_py_pkg:/home/duybuntu/deli_ws/install/deli_logger:/home/duybuntu/deli_ws/install/mqtt:/home/duybuntu/deli_ws/install/localization:/home/duybuntu/turtlebot3_ws/install/turtlebot3_teleop:/home/duybuntu/turtlebot3_ws/install/turtlebot3_example:/opt/ros/humble /usr/bin/cmake --install /home/duybuntu/carrierbot_ws/build/my_robot_navigation
[0.747s] Level 1:colcon.colcon_core.environment:checking '/home/duybuntu/carrierbot_ws/install/my_robot_navigation/bin'
[0.747s] Level 1:colcon.colcon_core.environment:checking '/home/duybuntu/carrierbot_ws/install/my_robot_navigation/lib/pkgconfig/my_robot_navigation.pc'
[0.747s] Level 1:colcon.colcon_core.environment:checking '/home/duybuntu/carrierbot_ws/install/my_robot_navigation/lib/python3.10/site-packages'
[0.747s] Level 1:colcon.colcon_core.environment:checking '/home/duybuntu/carrierbot_ws/install/my_robot_navigation/bin'
[0.748s] INFO:colcon.colcon_core.shell:Creating package script '/home/duybuntu/carrierbot_ws/install/my_robot_navigation/share/my_robot_navigation/package.ps1'
[0.748s] INFO:colcon.colcon_core.shell:Creating package descriptor '/home/duybuntu/carrierbot_ws/install/my_robot_navigation/share/my_robot_navigation/package.dsv'
[0.749s] INFO:colcon.colcon_core.shell:Creating package script '/home/duybuntu/carrierbot_ws/install/my_robot_navigation/share/my_robot_navigation/package.sh'
[0.750s] INFO:colcon.colcon_core.shell:Creating package script '/home/duybuntu/carrierbot_ws/install/my_robot_navigation/share/my_robot_navigation/package.bash'
[0.750s] INFO:colcon.colcon_core.shell:Creating package script '/home/duybuntu/carrierbot_ws/install/my_robot_navigation/share/my_robot_navigation/package.zsh'
[0.750s] Level 1:colcon.colcon_core.environment:create_file_with_runtime_dependencies(/home/duybuntu/carrierbot_ws/install/my_robot_navigation/share/colcon-core/packages/my_robot_navigation)
[0.751s] Level 1:colcon.colcon_core.environment:create_environment_scripts_only(my_robot_navigation)
[0.751s] Level 1:colcon.colcon_core.environment:checking '/home/duybuntu/carrierbot_ws/install/my_robot_navigation' for CMake module files
[0.751s] Level 1:colcon.colcon_core.environment:checking '/home/duybuntu/carrierbot_ws/install/my_robot_navigation' for CMake config files
[0.752s] Level 1:colcon.colcon_core.shell:create_environment_hook('my_robot_navigation', 'cmake_prefix_path')
[0.752s] INFO:colcon.colcon_core.shell:Creating environment hook '/home/duybuntu/carrierbot_ws/install/my_robot_navigation/share/my_robot_navigation/hook/cmake_prefix_path.ps1'
[0.752s] INFO:colcon.colcon_core.shell:Creating environment descriptor '/home/duybuntu/carrierbot_ws/install/my_robot_navigation/share/my_robot_navigation/hook/cmake_prefix_path.dsv'
[0.753s] INFO:colcon.colcon_core.shell:Creating environment hook '/home/duybuntu/carrierbot_ws/install/my_robot_navigation/share/my_robot_navigation/hook/cmake_prefix_path.sh'
[0.754s] Level 1:colcon.colcon_core.environment:checking '/home/duybuntu/carrierbot_ws/install/my_robot_navigation/bin'
[0.754s] Level 1:colcon.colcon_core.environment:checking '/home/duybuntu/carrierbot_ws/install/my_robot_navigation/lib/pkgconfig/my_robot_navigation.pc'
[0.754s] Level 1:colcon.colcon_core.environment:checking '/home/duybuntu/carrierbot_ws/install/my_robot_navigation/lib/python3.10/site-packages'
[0.754s] Level 1:colcon.colcon_core.environment:checking '/home/duybuntu/carrierbot_ws/install/my_robot_navigation/bin'
[0.755s] INFO:colcon.colcon_core.shell:Creating package script '/home/duybuntu/carrierbot_ws/install/my_robot_navigation/share/my_robot_navigation/package.ps1'
[0.756s] INFO:colcon.colcon_core.shell:Creating package descriptor '/home/duybuntu/carrierbot_ws/install/my_robot_navigation/share/my_robot_navigation/package.dsv'
[0.756s] INFO:colcon.colcon_core.shell:Creating package script '/home/duybuntu/carrierbot_ws/install/my_robot_navigation/share/my_robot_navigation/package.sh'
[0.757s] INFO:colcon.colcon_core.shell:Creating package script '/home/duybuntu/carrierbot_ws/install/my_robot_navigation/share/my_robot_navigation/package.bash'
[0.757s] INFO:colcon.colcon_core.shell:Creating package script '/home/duybuntu/carrierbot_ws/install/my_robot_navigation/share/my_robot_navigation/package.zsh'
[0.757s] Level 1:colcon.colcon_core.environment:create_file_with_runtime_dependencies(/home/duybuntu/carrierbot_ws/install/my_robot_navigation/share/colcon-core/packages/my_robot_navigation)
[0.759s] Level 1:colcon.colcon_core.environment:create_environment_scripts_only(my_robot_description)
[0.759s] Level 1:colcon.colcon_core.environment:checking '/home/duybuntu/carrierbot_ws/install/my_robot_description' for CMake module files
[0.760s] DEBUG:colcon.colcon_core.event_handler.log_command:Invoked command in '/home/duybuntu/carrierbot_ws/build/my_robot_description' returned '0': CMAKE_PREFIX_PATH=${CMAKE_PREFIX_PATH}:/home/duybuntu/carrierbot_ws/install/my_robot_communicate:/home/duybuntu/ros2_ws_basic/install/my_py_pkg:/home/duybuntu/deli_ws/install/deli_logger:/home/duybuntu/deli_ws/install/mqtt:/home/duybuntu/deli_ws/install/localization:/home/duybuntu/turtlebot3_ws/install/turtlebot3_teleop:/home/duybuntu/turtlebot3_ws/install/turtlebot3_example:/opt/ros/humble /usr/bin/cmake --install /home/duybuntu/carrierbot_ws/build/my_robot_description
[0.760s] Level 1:colcon.colcon_core.environment:checking '/home/duybuntu/carrierbot_ws/install/my_robot_description' for CMake config files
[0.761s] Level 1:colcon.colcon_core.shell:create_environment_hook('my_robot_description', 'cmake_prefix_path')
[0.761s] INFO:colcon.colcon_core.shell:Creating environment hook '/home/duybuntu/carrierbot_ws/install/my_robot_description/share/my_robot_description/hook/cmake_prefix_path.ps1'
[0.761s] INFO:colcon.colcon_core.shell:Creating environment descriptor '/home/duybuntu/carrierbot_ws/install/my_robot_description/share/my_robot_description/hook/cmake_prefix_path.dsv'
[0.762s] INFO:colcon.colcon_core.shell:Creating environment hook '/home/duybuntu/carrierbot_ws/install/my_robot_description/share/my_robot_description/hook/cmake_prefix_path.sh'
[0.762s] Level 1:colcon.colcon_core.environment:checking '/home/duybuntu/carrierbot_ws/install/my_robot_description/bin'
[0.762s] Level 1:colcon.colcon_core.environment:checking '/home/duybuntu/carrierbot_ws/install/my_robot_description/lib/pkgconfig/my_robot_description.pc'
[0.762s] Level 1:colcon.colcon_core.environment:checking '/home/duybuntu/carrierbot_ws/install/my_robot_description/lib/python3.10/site-packages'
[0.763s] Level 1:colcon.colcon_core.environment:checking '/home/duybuntu/carrierbot_ws/install/my_robot_description/bin'
[0.763s] INFO:colcon.colcon_core.shell:Creating package script '/home/duybuntu/carrierbot_ws/install/my_robot_description/share/my_robot_description/package.ps1'
[0.763s] INFO:colcon.colcon_core.shell:Creating package descriptor '/home/duybuntu/carrierbot_ws/install/my_robot_description/share/my_robot_description/package.dsv'
[0.764s] INFO:colcon.colcon_core.shell:Creating package script '/home/duybuntu/carrierbot_ws/install/my_robot_description/share/my_robot_description/package.sh'
[0.764s] INFO:colcon.colcon_core.shell:Creating package script '/home/duybuntu/carrierbot_ws/install/my_robot_description/share/my_robot_description/package.bash'
[0.764s] INFO:colcon.colcon_core.shell:Creating package script '/home/duybuntu/carrierbot_ws/install/my_robot_description/share/my_robot_description/package.zsh'
[0.765s] Level 1:colcon.colcon_core.environment:create_file_with_runtime_dependencies(/home/duybuntu/carrierbot_ws/install/my_robot_description/share/colcon-core/packages/my_robot_description)
[0.765s] Level 1:colcon.colcon_core.environment:create_environment_scripts_only(my_robot_description)
[0.765s] Level 1:colcon.colcon_core.environment:checking '/home/duybuntu/carrierbot_ws/install/my_robot_description' for CMake module files
[0.766s] Level 1:colcon.colcon_core.environment:checking '/home/duybuntu/carrierbot_ws/install/my_robot_description' for CMake config files
[0.766s] Level 1:colcon.colcon_core.shell:create_environment_hook('my_robot_description', 'cmake_prefix_path')
[0.766s] INFO:colcon.colcon_core.shell:Creating environment hook '/home/duybuntu/carrierbot_ws/install/my_robot_description/share/my_robot_description/hook/cmake_prefix_path.ps1'
[0.767s] INFO:colcon.colcon_core.shell:Creating environment descriptor '/home/duybuntu/carrierbot_ws/install/my_robot_description/share/my_robot_description/hook/cmake_prefix_path.dsv'
[0.767s] INFO:colcon.colcon_core.shell:Creating environment hook '/home/duybuntu/carrierbot_ws/install/my_robot_description/share/my_robot_description/hook/cmake_prefix_path.sh'
[0.767s] Level 1:colcon.colcon_core.environment:checking '/home/duybuntu/carrierbot_ws/install/my_robot_description/bin'
[0.767s] Level 1:colcon.colcon_core.environment:checking '/home/duybuntu/carrierbot_ws/install/my_robot_description/lib/pkgconfig/my_robot_description.pc'
[0.768s] Level 1:colcon.colcon_core.environment:checking '/home/duybuntu/carrierbot_ws/install/my_robot_description/lib/python3.10/site-packages'
[0.768s] Level 1:colcon.colcon_core.environment:checking '/home/duybuntu/carrierbot_ws/install/my_robot_description/bin'
[0.768s] INFO:colcon.colcon_core.shell:Creating package script '/home/duybuntu/carrierbot_ws/install/my_robot_description/share/my_robot_description/package.ps1'
[0.769s] INFO:colcon.colcon_core.shell:Creating package descriptor '/home/duybuntu/carrierbot_ws/install/my_robot_description/share/my_robot_description/package.dsv'
[0.769s] INFO:colcon.colcon_core.shell:Creating package script '/home/duybuntu/carrierbot_ws/install/my_robot_description/share/my_robot_description/package.sh'
[0.770s] INFO:colcon.colcon_core.shell:Creating package script '/home/duybuntu/carrierbot_ws/install/my_robot_description/share/my_robot_description/package.bash'
[0.770s] INFO:colcon.colcon_core.shell:Creating package script '/home/duybuntu/carrierbot_ws/install/my_robot_description/share/my_robot_description/package.zsh'
[0.770s] Level 1:colcon.colcon_core.environment:create_file_with_runtime_dependencies(/home/duybuntu/carrierbot_ws/install/my_robot_description/share/colcon-core/packages/my_robot_description)
[0.771s] Level 1:colcon.colcon_core.environment:create_environment_scripts_only(robot_controller)
[0.771s] Level 1:colcon.colcon_core.environment:checking '/home/duybuntu/carrierbot_ws/install/robot_controller' for CMake module files
[0.772s] DEBUG:colcon.colcon_core.event_handler.log_command:Invoked command in '/home/duybuntu/carrierbot_ws/build/robot_controller' returned '0': CMAKE_PREFIX_PATH=${CMAKE_PREFIX_PATH}:/home/duybuntu/carrierbot_ws/install/my_robot_communicate:/home/duybuntu/ros2_ws_basic/install/my_py_pkg:/home/duybuntu/deli_ws/install/deli_logger:/home/duybuntu/deli_ws/install/mqtt:/home/duybuntu/deli_ws/install/localization:/home/duybuntu/turtlebot3_ws/install/turtlebot3_teleop:/home/duybuntu/turtlebot3_ws/install/turtlebot3_example:/opt/ros/humble /usr/bin/cmake --install /home/duybuntu/carrierbot_ws/build/robot_controller
[0.773s] Level 1:colcon.colcon_core.environment:checking '/home/duybuntu/carrierbot_ws/install/robot_controller' for CMake config files
[0.773s] Level 1:colcon.colcon_core.shell:create_environment_hook('robot_controller', 'cmake_prefix_path')
[0.773s] INFO:colcon.colcon_core.shell:Creating environment hook '/home/duybuntu/carrierbot_ws/install/robot_controller/share/robot_controller/hook/cmake_prefix_path.ps1'
[0.774s] INFO:colcon.colcon_core.shell:Creating environment descriptor '/home/duybuntu/carrierbot_ws/install/robot_controller/share/robot_controller/hook/cmake_prefix_path.dsv'
[0.775s] INFO:colcon.colcon_core.shell:Creating environment hook '/home/duybuntu/carrierbot_ws/install/robot_controller/share/robot_controller/hook/cmake_prefix_path.sh'
[0.775s] Level 1:colcon.colcon_core.environment:checking '/home/duybuntu/carrierbot_ws/install/robot_controller/bin'
[0.775s] Level 1:colcon.colcon_core.environment:checking '/home/duybuntu/carrierbot_ws/install/robot_controller/lib/pkgconfig/robot_controller.pc'
[0.775s] Level 1:colcon.colcon_core.environment:checking '/home/duybuntu/carrierbot_ws/install/robot_controller/lib/python3.10/site-packages'
[0.776s] Level 1:colcon.colcon_core.environment:checking '/home/duybuntu/carrierbot_ws/install/robot_controller/bin'
[0.776s] INFO:colcon.colcon_core.shell:Creating package script '/home/duybuntu/carrierbot_ws/install/robot_controller/share/robot_controller/package.ps1'
[0.776s] INFO:colcon.colcon_core.shell:Creating package descriptor '/home/duybuntu/carrierbot_ws/install/robot_controller/share/robot_controller/package.dsv'
[0.777s] INFO:colcon.colcon_core.shell:Creating package script '/home/duybuntu/carrierbot_ws/install/robot_controller/share/robot_controller/package.sh'
[0.777s] INFO:colcon.colcon_core.shell:Creating package script '/home/duybuntu/carrierbot_ws/install/robot_controller/share/robot_controller/package.bash'
[0.778s] INFO:colcon.colcon_core.shell:Creating package script '/home/duybuntu/carrierbot_ws/install/robot_controller/share/robot_controller/package.zsh'
[0.778s] Level 1:colcon.colcon_core.environment:create_file_with_runtime_dependencies(/home/duybuntu/carrierbot_ws/install/robot_controller/share/colcon-core/packages/robot_controller)
[0.779s] Level 1:colcon.colcon_core.environment:create_environment_scripts_only(robot_controller)
[0.779s] Level 1:colcon.colcon_core.environment:checking '/home/duybuntu/carrierbot_ws/install/robot_controller' for CMake module files
[0.779s] Level 1:colcon.colcon_core.environment:checking '/home/duybuntu/carrierbot_ws/install/robot_controller' for CMake config files
[0.780s] Level 1:colcon.colcon_core.shell:create_environment_hook('robot_controller', 'cmake_prefix_path')
[0.780s] INFO:colcon.colcon_core.shell:Creating environment hook '/home/duybuntu/carrierbot_ws/install/robot_controller/share/robot_controller/hook/cmake_prefix_path.ps1'
[0.780s] INFO:colcon.colcon_core.shell:Creating environment descriptor '/home/duybuntu/carrierbot_ws/install/robot_controller/share/robot_controller/hook/cmake_prefix_path.dsv'
[0.780s] INFO:colcon.colcon_core.shell:Creating environment hook '/home/duybuntu/carrierbot_ws/install/robot_controller/share/robot_controller/hook/cmake_prefix_path.sh'
[0.781s] Level 1:colcon.colcon_core.environment:checking '/home/duybuntu/carrierbot_ws/install/robot_controller/bin'
[0.781s] Level 1:colcon.colcon_core.environment:checking '/home/duybuntu/carrierbot_ws/install/robot_controller/lib/pkgconfig/robot_controller.pc'
[0.781s] Level 1:colcon.colcon_core.environment:checking '/home/duybuntu/carrierbot_ws/install/robot_controller/lib/python3.10/site-packages'
[0.781s] Level 1:colcon.colcon_core.environment:checking '/home/duybuntu/carrierbot_ws/install/robot_controller/bin'
[0.782s] INFO:colcon.colcon_core.shell:Creating package script '/home/duybuntu/carrierbot_ws/install/robot_controller/share/robot_controller/package.ps1'
[0.782s] INFO:colcon.colcon_core.shell:Creating package descriptor '/home/duybuntu/carrierbot_ws/install/robot_controller/share/robot_controller/package.dsv'
[0.782s] INFO:colcon.colcon_core.shell:Creating package script '/home/duybuntu/carrierbot_ws/install/robot_controller/share/robot_controller/package.sh'
[0.783s] INFO:colcon.colcon_core.shell:Creating package script '/home/duybuntu/carrierbot_ws/install/robot_controller/share/robot_controller/package.bash'
[0.784s] INFO:colcon.colcon_core.shell:Creating package script '/home/duybuntu/carrierbot_ws/install/robot_controller/share/robot_controller/package.zsh'
[0.784s] Level 1:colcon.colcon_core.environment:create_file_with_runtime_dependencies(/home/duybuntu/carrierbot_ws/install/robot_controller/share/colcon-core/packages/robot_controller)
[0.785s] Level 1:colcon.colcon_core.environment:create_environment_scripts_only(my_robot_localization)
[0.785s] Level 1:colcon.colcon_core.environment:checking '/home/duybuntu/carrierbot_ws/install/my_robot_localization' for CMake module files
[0.786s] DEBUG:colcon.colcon_core.event_handler.log_command:Invoked command in '/home/duybuntu/carrierbot_ws/build/my_robot_localization' returned '0': CMAKE_PREFIX_PATH=${CMAKE_PREFIX_PATH}:/home/duybuntu/carrierbot_ws/install/my_robot_communicate:/home/duybuntu/ros2_ws_basic/install/my_py_pkg:/home/duybuntu/deli_ws/install/deli_logger:/home/duybuntu/deli_ws/install/mqtt:/home/duybuntu/deli_ws/install/localization:/home/duybuntu/turtlebot3_ws/install/turtlebot3_teleop:/home/duybuntu/turtlebot3_ws/install/turtlebot3_example:/opt/ros/humble /usr/bin/cmake --install /home/duybuntu/carrierbot_ws/build/my_robot_localization
[0.786s] Level 1:colcon.colcon_core.environment:checking '/home/duybuntu/carrierbot_ws/install/my_robot_localization' for CMake config files
[0.786s] Level 1:colcon.colcon_core.shell:create_environment_hook('my_robot_localization', 'cmake_prefix_path')
[0.787s] INFO:colcon.colcon_core.shell:Creating environment hook '/home/duybuntu/carrierbot_ws/install/my_robot_localization/share/my_robot_localization/hook/cmake_prefix_path.ps1'
[0.787s] INFO:colcon.colcon_core.shell:Creating environment descriptor '/home/duybuntu/carrierbot_ws/install/my_robot_localization/share/my_robot_localization/hook/cmake_prefix_path.dsv'
[0.787s] INFO:colcon.colcon_core.shell:Creating environment hook '/home/duybuntu/carrierbot_ws/install/my_robot_localization/share/my_robot_localization/hook/cmake_prefix_path.sh'
[0.788s] Level 1:colcon.colcon_core.environment:checking '/home/duybuntu/carrierbot_ws/install/my_robot_localization/bin'
[0.788s] Level 1:colcon.colcon_core.environment:checking '/home/duybuntu/carrierbot_ws/install/my_robot_localization/lib/pkgconfig/my_robot_localization.pc'
[0.788s] Level 1:colcon.colcon_core.environment:checking '/home/duybuntu/carrierbot_ws/install/my_robot_localization/lib/python3.10/site-packages'
[0.788s] Level 1:colcon.colcon_core.environment:checking '/home/duybuntu/carrierbot_ws/install/my_robot_localization/bin'
[0.788s] INFO:colcon.colcon_core.shell:Creating package script '/home/duybuntu/carrierbot_ws/install/my_robot_localization/share/my_robot_localization/package.ps1'
[0.789s] INFO:colcon.colcon_core.shell:Creating package descriptor '/home/duybuntu/carrierbot_ws/install/my_robot_localization/share/my_robot_localization/package.dsv'
[0.790s] INFO:colcon.colcon_core.shell:Creating package script '/home/duybuntu/carrierbot_ws/install/my_robot_localization/share/my_robot_localization/package.sh'
[0.790s] INFO:colcon.colcon_core.shell:Creating package script '/home/duybuntu/carrierbot_ws/install/my_robot_localization/share/my_robot_localization/package.bash'
[0.791s] INFO:colcon.colcon_core.shell:Creating package script '/home/duybuntu/carrierbot_ws/install/my_robot_localization/share/my_robot_localization/package.zsh'
[0.792s] Level 1:colcon.colcon_core.environment:create_file_with_runtime_dependencies(/home/duybuntu/carrierbot_ws/install/my_robot_localization/share/colcon-core/packages/my_robot_localization)
[0.793s] Level 1:colcon.colcon_core.environment:create_environment_scripts_only(my_robot_localization)
[0.793s] Level 1:colcon.colcon_core.environment:checking '/home/duybuntu/carrierbot_ws/install/my_robot_localization' for CMake module files
[0.794s] Level 1:colcon.colcon_core.environment:checking '/home/duybuntu/carrierbot_ws/install/my_robot_localization' for CMake config files
[0.794s] Level 1:colcon.colcon_core.shell:create_environment_hook('my_robot_localization', 'cmake_prefix_path')
[0.794s] INFO:colcon.colcon_core.shell:Creating environment hook '/home/duybuntu/carrierbot_ws/install/my_robot_localization/share/my_robot_localization/hook/cmake_prefix_path.ps1'
[0.795s] INFO:colcon.colcon_core.shell:Creating environment descriptor '/home/duybuntu/carrierbot_ws/install/my_robot_localization/share/my_robot_localization/hook/cmake_prefix_path.dsv'
[0.795s] INFO:colcon.colcon_core.shell:Creating environment hook '/home/duybuntu/carrierbot_ws/install/my_robot_localization/share/my_robot_localization/hook/cmake_prefix_path.sh'
[0.795s] Level 1:colcon.colcon_core.environment:checking '/home/duybuntu/carrierbot_ws/install/my_robot_localization/bin'
[0.795s] Level 1:colcon.colcon_core.environment:checking '/home/duybuntu/carrierbot_ws/install/my_robot_localization/lib/pkgconfig/my_robot_localization.pc'
[0.796s] Level 1:colcon.colcon_core.environment:checking '/home/duybuntu/carrierbot_ws/install/my_robot_localization/lib/python3.10/site-packages'
[0.796s] Level 1:colcon.colcon_core.environment:checking '/home/duybuntu/carrierbot_ws/install/my_robot_localization/bin'
[0.796s] INFO:colcon.colcon_core.shell:Creating package script '/home/duybuntu/carrierbot_ws/install/my_robot_localization/share/my_robot_localization/package.ps1'
[0.797s] INFO:colcon.colcon_core.shell:Creating package descriptor '/home/duybuntu/carrierbot_ws/install/my_robot_localization/share/my_robot_localization/package.dsv'
[0.797s] INFO:colcon.colcon_core.shell:Creating package script '/home/duybuntu/carrierbot_ws/install/my_robot_localization/share/my_robot_localization/package.sh'
[0.797s] INFO:colcon.colcon_core.shell:Creating package script '/home/duybuntu/carrierbot_ws/install/my_robot_localization/share/my_robot_localization/package.bash'
[0.798s] INFO:colcon.colcon_core.shell:Creating package script '/home/duybuntu/carrierbot_ws/install/my_robot_localization/share/my_robot_localization/package.zsh'
[0.798s] Level 1:colcon.colcon_core.environment:create_file_with_runtime_dependencies(/home/duybuntu/carrierbot_ws/install/my_robot_localization/share/colcon-core/packages/my_robot_localization)
[1.009s] DEBUG:colcon.colcon_core.event_handler.log_command:Invoking command in '/home/duybuntu/carrierbot_ws/src/my_robot_communicate': PYTHONPATH=/home/duybuntu/carrierbot_ws/build/my_robot_communicate/prefix_override:/usr/lib/python3/dist-packages/colcon_core/task/python/colcon_distutils_commands:/home/duybuntu/carrierbot_ws/install/my_robot_communicate/lib/python3.10/site-packages:${PYTHONPATH} /usr/bin/python3 -W ignore:setup.py install is deprecated -W ignore:easy_install command is deprecated setup.py egg_info --egg-base ../../build/my_robot_communicate build --build-base /home/duybuntu/carrierbot_ws/build/my_robot_communicate/build install --record /home/duybuntu/carrierbot_ws/build/my_robot_communicate/install.log --single-version-externally-managed install_data
[1.282s] Level 1:colcon.colcon_core.environment:checking '/home/duybuntu/carrierbot_ws/install/my_robot_communicate' for CMake module files
[1.283s] DEBUG:colcon.colcon_core.event_handler.log_command:Invoked command in '/home/duybuntu/carrierbot_ws/src/my_robot_communicate' returned '0': PYTHONPATH=/home/duybuntu/carrierbot_ws/build/my_robot_communicate/prefix_override:/usr/lib/python3/dist-packages/colcon_core/task/python/colcon_distutils_commands:/home/duybuntu/carrierbot_ws/install/my_robot_communicate/lib/python3.10/site-packages:${PYTHONPATH} /usr/bin/python3 -W ignore:setup.py install is deprecated -W ignore:easy_install command is deprecated setup.py egg_info --egg-base ../../build/my_robot_communicate build --build-base /home/duybuntu/carrierbot_ws/build/my_robot_communicate/build install --record /home/duybuntu/carrierbot_ws/build/my_robot_communicate/install.log --single-version-externally-managed install_data
[1.283s] Level 1:colcon.colcon_core.environment:checking '/home/duybuntu/carrierbot_ws/install/my_robot_communicate' for CMake config files
[1.284s] Level 1:colcon.colcon_core.environment:checking '/home/duybuntu/carrierbot_ws/install/my_robot_communicate/lib'
[1.284s] Level 1:colcon.colcon_core.environment:checking '/home/duybuntu/carrierbot_ws/install/my_robot_communicate/bin'
[1.284s] Level 1:colcon.colcon_core.environment:checking '/home/duybuntu/carrierbot_ws/install/my_robot_communicate/lib/pkgconfig/my_robot_communicate.pc'
[1.284s] Level 1:colcon.colcon_core.environment:checking '/home/duybuntu/carrierbot_ws/install/my_robot_communicate/lib/python3.10/site-packages'
[1.285s] Level 1:colcon.colcon_core.shell:create_environment_hook('my_robot_communicate', 'pythonpath')
[1.285s] INFO:colcon.colcon_core.shell:Creating environment hook '/home/duybuntu/carrierbot_ws/install/my_robot_communicate/share/my_robot_communicate/hook/pythonpath.ps1'
[1.285s] INFO:colcon.colcon_core.shell:Creating environment descriptor '/home/duybuntu/carrierbot_ws/install/my_robot_communicate/share/my_robot_communicate/hook/pythonpath.dsv'
[1.285s] INFO:colcon.colcon_core.shell:Creating environment hook '/home/duybuntu/carrierbot_ws/install/my_robot_communicate/share/my_robot_communicate/hook/pythonpath.sh'
[1.286s] Level 1:colcon.colcon_core.environment:checking '/home/duybuntu/carrierbot_ws/install/my_robot_communicate/bin'
[1.286s] Level 1:colcon.colcon_core.environment:create_environment_scripts_only(my_robot_communicate)
[1.286s] INFO:colcon.colcon_core.shell:Creating package script '/home/duybuntu/carrierbot_ws/install/my_robot_communicate/share/my_robot_communicate/package.ps1'
[1.287s] INFO:colcon.colcon_core.shell:Creating package descriptor '/home/duybuntu/carrierbot_ws/install/my_robot_communicate/share/my_robot_communicate/package.dsv'
[1.287s] INFO:colcon.colcon_core.shell:Creating package script '/home/duybuntu/carrierbot_ws/install/my_robot_communicate/share/my_robot_communicate/package.sh'
[1.287s] INFO:colcon.colcon_core.shell:Creating package script '/home/duybuntu/carrierbot_ws/install/my_robot_communicate/share/my_robot_communicate/package.bash'
[1.288s] INFO:colcon.colcon_core.shell:Creating package script '/home/duybuntu/carrierbot_ws/install/my_robot_communicate/share/my_robot_communicate/package.zsh'
[1.288s] Level 1:colcon.colcon_core.environment:create_file_with_runtime_dependencies(/home/duybuntu/carrierbot_ws/install/my_robot_communicate/share/colcon-core/packages/my_robot_communicate)
[1.288s] DEBUG:colcon.colcon_parallel_executor.executor.parallel:closing loop
[1.288s] DEBUG:colcon.colcon_parallel_executor.executor.parallel:loop closed
[1.288s] DEBUG:colcon.colcon_parallel_executor.executor.parallel:run_until_complete finished with '0'
[1.288s] DEBUG:colcon.colcon_core.event_reactor:joining thread
[1.294s] INFO:colcon.colcon_core.plugin_system:Skipping extension 'colcon_notification.desktop_notification.terminal_notifier': Not used on non-Darwin systems
[1.294s] INFO:colcon.colcon_core.plugin_system:Skipping extension 'colcon_notification.desktop_notification.win32': Not used on non-Windows systems
[1.295s] INFO:colcon.colcon_notification.desktop_notification:Sending desktop notification using 'notify2'
[1.304s] DEBUG:colcon.colcon_core.event_reactor:joined thread
[1.305s] INFO:colcon.colcon_core.shell:Creating prefix script '/home/duybuntu/carrierbot_ws/install/local_setup.ps1'
[1.306s] INFO:colcon.colcon_core.shell:Creating prefix util module '/home/duybuntu/carrierbot_ws/install/_local_setup_util_ps1.py'
[1.308s] INFO:colcon.colcon_core.shell:Creating prefix chain script '/home/duybuntu/carrierbot_ws/install/setup.ps1'
[1.310s] INFO:colcon.colcon_core.shell:Creating prefix script '/home/duybuntu/carrierbot_ws/install/local_setup.sh'
[1.310s] INFO:colcon.colcon_core.shell:Creating prefix util module '/home/duybuntu/carrierbot_ws/install/_local_setup_util_sh.py'
[1.311s] INFO:colcon.colcon_core.shell:Creating prefix chain script '/home/duybuntu/carrierbot_ws/install/setup.sh'
[1.313s] INFO:colcon.colcon_core.shell:Creating prefix script '/home/duybuntu/carrierbot_ws/install/local_setup.bash'
[1.313s] INFO:colcon.colcon_core.shell:Creating prefix chain script '/home/duybuntu/carrierbot_ws/install/setup.bash'
[1.315s] INFO:colcon.colcon_core.shell:Creating prefix script '/home/duybuntu/carrierbot_ws/install/local_setup.zsh'
[1.315s] INFO:colcon.colcon_core.shell:Creating prefix chain script '/home/duybuntu/carrierbot_ws/install/setup.zsh'
