-- Found ament_cmake: 1.3.12 (/opt/ros/humble/share/ament_cmake/cmake)
-- Found rclcpp: 16.0.17 (/opt/ros/humble/share/rclcpp/cmake)
-- Found rosidl_generator_c: 3.1.8 (/opt/ros/humble/share/rosidl_generator_c/cmake)
-- Found rosidl_adapter: 3.1.8 (/opt/ros/humble/share/rosidl_adapter/cmake)
-- Found rosidl_generator_cpp: 3.1.8 (/opt/ros/humble/share/rosidl_generator_cpp/cmake)
-- Using all available rosidl_typesupport_c: rosidl_typesupport_fastrtps_c;rosidl_typesupport_introspection_c
-- Using all available rosidl_typesupport_cpp: rosidl_typesupport_fastrtps_cpp;rosidl_typesupport_introspection_cpp
-- Found rmw_implementation_cmake: 6.1.2 (/opt/ros/humble/share/rmw_implementation_cmake/cmake)
-- Found rmw_fastrtps_cpp: 6.2.9 (/opt/ros/humble/share/rmw_fastrtps_cpp/cmake)
-- Using RMW implementation 'rmw_fastrtps_cpp' as default
-- Found example_interfaces: 0.9.3 (/opt/ros/humble/share/example_interfaces/cmake)
CMake Error at CMakeLists.txt:13 (find_package):
  By not providing "Findmy_robot_msgs.cmake" in CMAKE_MODULE_PATH this
  project has asked CMake to find a package configuration file provided by
  "my_robot_msgs", but CMake did not find one.

  Could not find a package configuration file provided by "my_robot_msgs"
  with any of the following names:

    my_robot_msgsConfig.cmake
    my_robot_msgs-config.cmake

  Add the installation prefix of "my_robot_msgs" to CMAKE_PREFIX_PATH or set
  "my_robot_msgs_DIR" to a directory containing one of the above files.  If
  "my_robot_msgs" provides a separate development package or SDK, be sure it
  has been installed.


-- Configuring incomplete, errors occurred!
See also "/home/duybuntu/carrierbot_ws/build/my_robot_base/CMakeFiles/CMakeOutput.log".
gmake: *** [Makefile:390: cmake_check_build_system] Error 1
